[2025-06-15T16:12:02.095+0000] {taskinstance.py:1042} DEBUG - previous_execution_date was called
[2025-06-15T16:12:02.171+0000] {__init__.py:54} DEBUG - Loading core task runner: StandardTaskRunner
[2025-06-15T16:12:02.231+0000] {taskinstance.py:1042} DEBUG - previous_execution_date was called
[2025-06-15T16:12:02.253+0000] {base_task_runner.py:73} DEBUG - Planning to run as the  user
[2025-06-15T16:12:02.299+0000] {local_task_job_runner.py:120} INFO - ::group::Pre task execution logs
[2025-06-15T16:12:02.445+0000] {taskinstance.py:2088} DEBUG - <TaskInstance: globalsuperstore.transform.transform_dim_date manual__2025-06-15T16:11:18.168062+00:00 [queued]> dependency 'Task Instance Not Running' PASSED: True, Task is not in running state.
[2025-06-15T16:12:02.446+0000] {taskinstance.py:2088} DEBUG - <TaskInstance: globalsuperstore.transform.transform_dim_date manual__2025-06-15T16:11:18.168062+00:00 [queued]> dependency 'Task Instance State' PASSED: True, Task state queued was valid.
[2025-06-15T16:12:02.467+0000] {taskinstance.py:2088} DEBUG - <TaskInstance: globalsuperstore.transform.transform_dim_date manual__2025-06-15T16:11:18.168062+00:00 [queued]> dependency 'Previous Dagrun State' PASSED: True, The task did not have depends_on_past set.
[2025-06-15T16:12:02.468+0000] {taskinstance.py:2088} DEBUG - <TaskInstance: globalsuperstore.transform.transform_dim_date manual__2025-06-15T16:11:18.168062+00:00 [queued]> dependency 'Not In Retry Period' PASSED: True, The task instance was not marked for retrying.
[2025-06-15T16:12:02.470+0000] {taskinstance.py:2076} INFO - Dependencies all met for dep_context=non-requeueable deps ti=<TaskInstance: globalsuperstore.transform.transform_dim_date manual__2025-06-15T16:11:18.168062+00:00 [queued]>
[2025-06-15T16:12:02.483+0000] {taskinstance.py:2088} DEBUG - <TaskInstance: globalsuperstore.transform.transform_dim_date manual__2025-06-15T16:11:18.168062+00:00 [queued]> dependency 'Pool Slots Available' PASSED: True, There are enough open slots in default_pool to execute the task
[2025-06-15T16:12:02.484+0000] {taskinstance.py:2088} DEBUG - <TaskInstance: globalsuperstore.transform.transform_dim_date manual__2025-06-15T16:11:18.168062+00:00 [queued]> dependency 'Task Concurrency' PASSED: True, Task concurrency is not set.
[2025-06-15T16:12:02.491+0000] {taskinstance.py:2088} DEBUG - <TaskInstance: globalsuperstore.transform.transform_dim_date manual__2025-06-15T16:11:18.168062+00:00 [queued]> dependency 'Previous Dagrun State' PASSED: True, The task did not have depends_on_past set.
[2025-06-15T16:12:02.492+0000] {taskinstance.py:2088} DEBUG - <TaskInstance: globalsuperstore.transform.transform_dim_date manual__2025-06-15T16:11:18.168062+00:00 [queued]> dependency 'Not In Retry Period' PASSED: True, The task instance was not marked for retrying.
[2025-06-15T16:12:02.495+0000] {taskinstance.py:2076} INFO - Dependencies all met for dep_context=requeueable deps ti=<TaskInstance: globalsuperstore.transform.transform_dim_date manual__2025-06-15T16:11:18.168062+00:00 [queued]>
[2025-06-15T16:12:02.496+0000] {taskinstance.py:2306} INFO - Starting attempt 1 of 1
[2025-06-15T16:12:02.566+0000] {taskinstance.py:2330} INFO - Executing <Task(PythonOperator): transform.transform_dim_date> on 2025-06-15 16:11:18.168062+00:00
[2025-06-15T16:12:02.607+0000] {standard_task_runner.py:63} INFO - Started process 416 to run task
[2025-06-15T16:12:02.619+0000] {standard_task_runner.py:90} INFO - Running: ['***', 'tasks', 'run', 'globalsuperstore', 'transform.transform_dim_date', 'manual__2025-06-15T16:11:18.168062+00:00', '--job-id', '22', '--raw', '--subdir', 'DAGS_FOLDER/global_superstore_dw_etl.py', '--cfg-path', '/tmp/tmph7nh47ra']
[2025-06-15T16:12:02.626+0000] {standard_task_runner.py:91} INFO - Job 22: Subtask transform.transform_dim_date
[2025-06-15T16:12:02.629+0000] {cli_action_loggers.py:70} DEBUG - Calling callbacks: [<function default_action_log at 0x7f1a51c99750>]
[2025-06-15T16:12:02.826+0000] {taskinstance.py:1042} DEBUG - previous_execution_date was called
[2025-06-15T16:12:02.852+0000] {task_command.py:426} INFO - Running <TaskInstance: globalsuperstore.transform.transform_dim_date manual__2025-06-15T16:11:18.168062+00:00 [running]> on host a40e01b9e58f
[2025-06-15T16:12:02.859+0000] {settings.py:363} DEBUG - Disposing DB connection pool (PID 416)
[2025-06-15T16:12:02.867+0000] {settings.py:250} DEBUG - Setting up DB connection pool (PID 416)
[2025-06-15T16:12:02.869+0000] {settings.py:298} DEBUG - settings.prepare_engine_args(): Using NullPool
[2025-06-15T16:12:03.028+0000] {taskinstance.py:1042} DEBUG - previous_execution_date was called
[2025-06-15T16:12:03.040+0000] {taskinstance.py:1845} DEBUG - Clearing XCom data
[2025-06-15T16:12:03.108+0000] {retries.py:91} DEBUG - Running RenderedTaskInstanceFields.write with retries. Try 1 of 3
[2025-06-15T16:12:03.243+0000] {retries.py:91} DEBUG - Running RenderedTaskInstanceFields._do_delete_old_records with retries. Try 1 of 3
[2025-06-15T16:12:03.327+0000] {taskinstance.py:2648} INFO - Exporting env vars: AIRFLOW_CTX_DAG_OWNER='***' AIRFLOW_CTX_DAG_ID='globalsuperstore' AIRFLOW_CTX_TASK_ID='transform.transform_dim_date' AIRFLOW_CTX_EXECUTION_DATE='2025-06-15T16:11:18.168062+00:00' AIRFLOW_CTX_TRY_NUMBER='1' AIRFLOW_CTX_DAG_RUN_ID='manual__2025-06-15T16:11:18.168062+00:00'
[2025-06-15T16:12:03.344+0000] {__init__.py:115} DEBUG - Preparing lineage inlets and outlets
[2025-06-15T16:12:03.350+0000] {__init__.py:154} DEBUG - inlets: [], outlets: []
[2025-06-15T16:12:03.356+0000] {taskinstance.py:430} INFO - ::endgroup::
[2025-06-15T16:12:03.700+0000] {base.py:84} INFO - Using connection ID 'postgres' for task execution.
[2025-06-15T16:12:03.725+0000] {base.py:84} INFO - Using connection ID 'postgres' for task execution.
[2025-06-15T16:12:03.780+0000] {base.py:84} INFO - Using connection ID 'postgres' for task execution.
[2025-06-15T16:12:04.016+0000] {logging_mixin.py:188} WARNING - /home/***/.local/lib/python3.10/site-packages/***/providers/common/sql/hooks/sql.py:263 UserWarning: pandas only supports SQLAlchemy connectable (engine/connection) or database string URI or sqlite3 DBAPI2 connection. Other DBAPI2 objects are not tested. Please consider using SQLAlchemy.
[2025-06-15T16:12:05.002+0000] {taskinstance.py:441} INFO - ::group::Post task execution logs
[2025-06-15T16:12:05.008+0000] {taskinstance.py:2905} ERROR - Task failed with exception
Traceback (most recent call last):
  File "/home/airflow/.local/lib/python3.10/site-packages/sqlalchemy/engine/base.py", line 1910, in _execute_context
    self.dialect.do_execute(
  File "/home/airflow/.local/lib/python3.10/site-packages/sqlalchemy/engine/default.py", line 736, in do_execute
    cursor.execute(statement, parameters)
psycopg2.errors.UniqueViolation: duplicate key value violates unique constraint "pg_type_typname_nsp_index"
DETAIL:  Key (typname, typnamespace)=(dim_date, 16446) already exists.


The above exception was the direct cause of the following exception:

Traceback (most recent call last):
  File "/home/airflow/.local/lib/python3.10/site-packages/airflow/models/taskinstance.py", line 465, in _execute_task
    result = _execute_callable(context=context, **execute_callable_kwargs)
  File "/home/airflow/.local/lib/python3.10/site-packages/airflow/models/taskinstance.py", line 432, in _execute_callable
    return execute_callable(context=context, **execute_callable_kwargs)
  File "/home/airflow/.local/lib/python3.10/site-packages/airflow/models/baseoperator.py", line 401, in wrapper
    return func(self, *args, **kwargs)
  File "/home/airflow/.local/lib/python3.10/site-packages/airflow/operators/python.py", line 235, in execute
    return_value = self.execute_callable()
  File "/home/airflow/.local/lib/python3.10/site-packages/airflow/operators/python.py", line 252, in execute_callable
    return self.python_callable(*self.op_args, **self.op_kwargs)
  File "/opt/airflow/dags/transform_dim_date.py", line 31, in transform_dim_date
    warehouse_operator.save_data_to_postgres(
  File "/opt/airflow/plugins/postgresql_operator.py", line 24, in save_data_to_postgres
    df.to_sql(
  File "/home/airflow/.local/lib/python3.10/site-packages/pandas/core/generic.py", line 2987, in to_sql
    return sql.to_sql(
  File "/home/airflow/.local/lib/python3.10/site-packages/pandas/io/sql.py", line 695, in to_sql
    return pandas_sql.to_sql(
  File "/home/airflow/.local/lib/python3.10/site-packages/pandas/io/sql.py", line 1728, in to_sql
    table = self.prep_table(
  File "/home/airflow/.local/lib/python3.10/site-packages/pandas/io/sql.py", line 1631, in prep_table
    table.create()
  File "/home/airflow/.local/lib/python3.10/site-packages/pandas/io/sql.py", line 838, in create
    self._execute_create()
  File "/home/airflow/.local/lib/python3.10/site-packages/pandas/io/sql.py", line 824, in _execute_create
    self.table.create(bind=self.pd_sql.connectable)
  File "/home/airflow/.local/lib/python3.10/site-packages/sqlalchemy/sql/schema.py", line 962, in create
    bind._run_ddl_visitor(ddl.SchemaGenerator, self, checkfirst=checkfirst)
  File "/home/airflow/.local/lib/python3.10/site-packages/sqlalchemy/engine/base.py", line 3238, in _run_ddl_visitor
    conn._run_ddl_visitor(visitorcallable, element, **kwargs)
  File "/home/airflow/.local/lib/python3.10/site-packages/sqlalchemy/engine/base.py", line 2221, in _run_ddl_visitor
    visitorcallable(self.dialect, self, **kwargs).traverse_single(element)
  File "/home/airflow/.local/lib/python3.10/site-packages/sqlalchemy/sql/visitors.py", line 524, in traverse_single
    return meth(obj, **kw)
  File "/home/airflow/.local/lib/python3.10/site-packages/sqlalchemy/sql/ddl.py", line 899, in visit_table
    self.connection.execute(
  File "/home/airflow/.local/lib/python3.10/site-packages/sqlalchemy/engine/base.py", line 1385, in execute
    return meth(self, multiparams, params, _EMPTY_EXECUTION_OPTS)
  File "/home/airflow/.local/lib/python3.10/site-packages/sqlalchemy/sql/ddl.py", line 80, in _execute_on_connection
    return connection._execute_ddl(
  File "/home/airflow/.local/lib/python3.10/site-packages/sqlalchemy/engine/base.py", line 1477, in _execute_ddl
    ret = self._execute_context(
  File "/home/airflow/.local/lib/python3.10/site-packages/sqlalchemy/engine/base.py", line 1953, in _execute_context
    self._handle_dbapi_exception(
  File "/home/airflow/.local/lib/python3.10/site-packages/sqlalchemy/engine/base.py", line 2134, in _handle_dbapi_exception
    util.raise_(
  File "/home/airflow/.local/lib/python3.10/site-packages/sqlalchemy/util/compat.py", line 211, in raise_
    raise exception
  File "/home/airflow/.local/lib/python3.10/site-packages/sqlalchemy/engine/base.py", line 1910, in _execute_context
    self.dialect.do_execute(
  File "/home/airflow/.local/lib/python3.10/site-packages/sqlalchemy/engine/default.py", line 736, in do_execute
    cursor.execute(statement, parameters)
sqlalchemy.exc.IntegrityError: (psycopg2.errors.UniqueViolation) duplicate key value violates unique constraint "pg_type_typname_nsp_index"
DETAIL:  Key (typname, typnamespace)=(dim_date, 16446) already exists.

[SQL: 
CREATE TABLE warehouse.dim_date (
	"Order_Date" TIMESTAMP WITHOUT TIME ZONE, 
	"Day" BIGINT, 
	"Month" BIGINT, 
	"Year" BIGINT, 
	"Weekday" BIGINT, 
	"Quarter" BIGINT
)

]
(Background on this error at: https://sqlalche.me/e/14/gkpj)
[2025-06-15T16:12:05.166+0000] {taskinstance.py:562} DEBUG - Task Duration set to 2.694838
[2025-06-15T16:12:05.177+0000] {taskinstance.py:584} DEBUG - Clearing next_method and next_kwargs.
[2025-06-15T16:12:05.179+0000] {taskinstance.py:1206} INFO - Marking task as FAILED. dag_id=globalsuperstore, task_id=transform.transform_dim_date, run_id=manual__2025-06-15T16:11:18.168062+00:00, execution_date=20250615T161118, start_date=20250615T161202, end_date=20250615T161205
[2025-06-15T16:12:05.229+0000] {cli_action_loggers.py:88} DEBUG - Calling callbacks: []
[2025-06-15T16:12:05.232+0000] {standard_task_runner.py:110} ERROR - Failed to execute job 22 for task transform.transform_dim_date ((psycopg2.errors.UniqueViolation) duplicate key value violates unique constraint "pg_type_typname_nsp_index"
DETAIL:  Key (typname, typnamespace)=(dim_date, 16446) already exists.

[SQL: 
CREATE TABLE warehouse.dim_date (
	"Order_Date" TIMESTAMP WITHOUT TIME ZONE, 
	"Day" BIGINT, 
	"Month" BIGINT, 
	"Year" BIGINT, 
	"Weekday" BIGINT, 
	"Quarter" BIGINT
)

]
(Background on this error at: https://sqlalche.me/e/14/gkpj); 416)
[2025-06-15T16:12:05.322+0000] {local_task_job_runner.py:240} INFO - Task exited with return code 1
[2025-06-15T16:12:05.397+0000] {dagrun.py:931} DEBUG - number of tis tasks for <DagRun globalsuperstore @ 2025-06-15 16:11:18.168062+00:00: manual__2025-06-15T16:11:18.168062+00:00, state:running, queued_at: 2025-06-15 16:11:18.248361+00:00. externally triggered: True>: 6 task(s)
[2025-06-15T16:12:05.399+0000] {dagrun.py:952} DEBUG - number of scheduleable tasks for <DagRun globalsuperstore @ 2025-06-15 16:11:18.168062+00:00: manual__2025-06-15T16:11:18.168062+00:00, state:running, queued_at: 2025-06-15 16:11:18.248361+00:00. externally triggered: True>: 0 task(s)
[2025-06-15T16:12:05.401+0000] {taskinstance.py:3503} INFO - 0 downstream tasks scheduled from follow-on schedule check
[2025-06-15T16:12:05.406+0000] {local_task_job_runner.py:222} INFO - ::endgroup::
