[2025-06-15T16:12:02.087+0000] {taskinstance.py:1042} DEBUG - previous_execution_date was called
[2025-06-15T16:12:02.158+0000] {__init__.py:54} DEBUG - Loading core task runner: StandardTaskRunner
[2025-06-15T16:12:02.213+0000] {taskinstance.py:1042} DEBUG - previous_execution_date was called
[2025-06-15T16:12:02.230+0000] {base_task_runner.py:73} DEBUG - Planning to run as the  user
[2025-06-15T16:12:02.289+0000] {local_task_job_runner.py:120} INFO - ::group::Pre task execution logs
[2025-06-15T16:12:02.440+0000] {taskinstance.py:2088} DEBUG - <TaskInstance: globalsuperstore.transform.transform_dim_customers manual__2025-06-15T16:11:18.168062+00:00 [queued]> dependency 'Task Instance Not Running' PASSED: True, Task is not in running state.
[2025-06-15T16:12:02.442+0000] {taskinstance.py:2088} DEBUG - <TaskInstance: globalsuperstore.transform.transform_dim_customers manual__2025-06-15T16:11:18.168062+00:00 [queued]> dependency 'Task Instance State' PASSED: True, Task state queued was valid.
[2025-06-15T16:12:02.456+0000] {taskinstance.py:2088} DEBUG - <TaskInstance: globalsuperstore.transform.transform_dim_customers manual__2025-06-15T16:11:18.168062+00:00 [queued]> dependency 'Previous Dagrun State' PASSED: True, The task did not have depends_on_past set.
[2025-06-15T16:12:02.458+0000] {taskinstance.py:2088} DEBUG - <TaskInstance: globalsuperstore.transform.transform_dim_customers manual__2025-06-15T16:11:18.168062+00:00 [queued]> dependency 'Not In Retry Period' PASSED: True, The task instance was not marked for retrying.
[2025-06-15T16:12:02.459+0000] {taskinstance.py:2076} INFO - Dependencies all met for dep_context=non-requeueable deps ti=<TaskInstance: globalsuperstore.transform.transform_dim_customers manual__2025-06-15T16:11:18.168062+00:00 [queued]>
[2025-06-15T16:12:02.472+0000] {taskinstance.py:2088} DEBUG - <TaskInstance: globalsuperstore.transform.transform_dim_customers manual__2025-06-15T16:11:18.168062+00:00 [queued]> dependency 'Pool Slots Available' PASSED: True, There are enough open slots in default_pool to execute the task
[2025-06-15T16:12:02.473+0000] {taskinstance.py:2088} DEBUG - <TaskInstance: globalsuperstore.transform.transform_dim_customers manual__2025-06-15T16:11:18.168062+00:00 [queued]> dependency 'Task Concurrency' PASSED: True, Task concurrency is not set.
[2025-06-15T16:12:02.485+0000] {taskinstance.py:2088} DEBUG - <TaskInstance: globalsuperstore.transform.transform_dim_customers manual__2025-06-15T16:11:18.168062+00:00 [queued]> dependency 'Previous Dagrun State' PASSED: True, The task did not have depends_on_past set.
[2025-06-15T16:12:02.486+0000] {taskinstance.py:2088} DEBUG - <TaskInstance: globalsuperstore.transform.transform_dim_customers manual__2025-06-15T16:11:18.168062+00:00 [queued]> dependency 'Not In Retry Period' PASSED: True, The task instance was not marked for retrying.
[2025-06-15T16:12:02.488+0000] {taskinstance.py:2076} INFO - Dependencies all met for dep_context=requeueable deps ti=<TaskInstance: globalsuperstore.transform.transform_dim_customers manual__2025-06-15T16:11:18.168062+00:00 [queued]>
[2025-06-15T16:12:02.489+0000] {taskinstance.py:2306} INFO - Starting attempt 1 of 1
[2025-06-15T16:12:02.514+0000] {taskinstance.py:2330} INFO - Executing <Task(PythonOperator): transform.transform_dim_customers> on 2025-06-15 16:11:18.168062+00:00
[2025-06-15T16:12:02.530+0000] {standard_task_runner.py:63} INFO - Started process 409 to run task
[2025-06-15T16:12:02.540+0000] {standard_task_runner.py:90} INFO - Running: ['***', 'tasks', 'run', 'globalsuperstore', 'transform.transform_dim_customers', 'manual__2025-06-15T16:11:18.168062+00:00', '--job-id', '19', '--raw', '--subdir', 'DAGS_FOLDER/global_superstore_dw_etl.py', '--cfg-path', '/tmp/tmp4y2mq6lj']
[2025-06-15T16:12:02.542+0000] {standard_task_runner.py:91} INFO - Job 19: Subtask transform.transform_dim_customers
[2025-06-15T16:12:02.544+0000] {cli_action_loggers.py:70} DEBUG - Calling callbacks: [<function default_action_log at 0x7f1a51c99750>]
[2025-06-15T16:12:02.689+0000] {taskinstance.py:1042} DEBUG - previous_execution_date was called
[2025-06-15T16:12:02.718+0000] {task_command.py:426} INFO - Running <TaskInstance: globalsuperstore.transform.transform_dim_customers manual__2025-06-15T16:11:18.168062+00:00 [running]> on host a40e01b9e58f
[2025-06-15T16:12:02.721+0000] {settings.py:363} DEBUG - Disposing DB connection pool (PID 409)
[2025-06-15T16:12:02.725+0000] {settings.py:250} DEBUG - Setting up DB connection pool (PID 409)
[2025-06-15T16:12:02.742+0000] {settings.py:298} DEBUG - settings.prepare_engine_args(): Using NullPool
[2025-06-15T16:12:02.911+0000] {taskinstance.py:1042} DEBUG - previous_execution_date was called
[2025-06-15T16:12:02.916+0000] {taskinstance.py:1845} DEBUG - Clearing XCom data
[2025-06-15T16:12:03.115+0000] {retries.py:91} DEBUG - Running RenderedTaskInstanceFields.write with retries. Try 1 of 3
[2025-06-15T16:12:03.243+0000] {retries.py:91} DEBUG - Running RenderedTaskInstanceFields._do_delete_old_records with retries. Try 1 of 3
[2025-06-15T16:12:03.340+0000] {taskinstance.py:2648} INFO - Exporting env vars: AIRFLOW_CTX_DAG_OWNER='***' AIRFLOW_CTX_DAG_ID='globalsuperstore' AIRFLOW_CTX_TASK_ID='transform.transform_dim_customers' AIRFLOW_CTX_EXECUTION_DATE='2025-06-15T16:11:18.168062+00:00' AIRFLOW_CTX_TRY_NUMBER='1' AIRFLOW_CTX_DAG_RUN_ID='manual__2025-06-15T16:11:18.168062+00:00'
[2025-06-15T16:12:03.356+0000] {__init__.py:115} DEBUG - Preparing lineage inlets and outlets
[2025-06-15T16:12:03.360+0000] {__init__.py:154} DEBUG - inlets: [], outlets: []
[2025-06-15T16:12:03.368+0000] {taskinstance.py:430} INFO - ::endgroup::
[2025-06-15T16:12:03.717+0000] {base.py:84} INFO - Using connection ID 'postgres' for task execution.
[2025-06-15T16:12:03.738+0000] {base.py:84} INFO - Using connection ID 'postgres' for task execution.
[2025-06-15T16:12:03.766+0000] {base.py:84} INFO - Using connection ID 'postgres' for task execution.
[2025-06-15T16:12:04.011+0000] {logging_mixin.py:188} WARNING - /home/***/.local/lib/python3.10/site-packages/***/providers/common/sql/hooks/sql.py:263 UserWarning: pandas only supports SQLAlchemy connectable (engine/connection) or database string URI or sqlite3 DBAPI2 connection. Other DBAPI2 objects are not tested. Please consider using SQLAlchemy.
[2025-06-15T16:12:04.685+0000] {taskinstance.py:441} INFO - ::group::Post task execution logs
[2025-06-15T16:12:04.706+0000] {taskinstance.py:2905} ERROR - Task failed with exception
Traceback (most recent call last):
  File "/home/airflow/.local/lib/python3.10/site-packages/sqlalchemy/engine/base.py", line 1910, in _execute_context
    self.dialect.do_execute(
  File "/home/airflow/.local/lib/python3.10/site-packages/sqlalchemy/engine/default.py", line 736, in do_execute
    cursor.execute(statement, parameters)
psycopg2.errors.UniqueViolation: duplicate key value violates unique constraint "pg_namespace_nspname_index"
DETAIL:  Key (nspname)=(warehouse) already exists.


The above exception was the direct cause of the following exception:

Traceback (most recent call last):
  File "/home/airflow/.local/lib/python3.10/site-packages/airflow/models/taskinstance.py", line 465, in _execute_task
    result = _execute_callable(context=context, **execute_callable_kwargs)
  File "/home/airflow/.local/lib/python3.10/site-packages/airflow/models/taskinstance.py", line 432, in _execute_callable
    return execute_callable(context=context, **execute_callable_kwargs)
  File "/home/airflow/.local/lib/python3.10/site-packages/airflow/models/baseoperator.py", line 401, in wrapper
    return func(self, *args, **kwargs)
  File "/home/airflow/.local/lib/python3.10/site-packages/airflow/operators/python.py", line 235, in execute
    return_value = self.execute_callable()
  File "/home/airflow/.local/lib/python3.10/site-packages/airflow/operators/python.py", line 252, in execute_callable
    return self.python_callable(*self.op_args, **self.op_kwargs)
  File "/opt/airflow/dags/transform_dim_customers.py", line 29, in transform_dim_customers
    warehouse_operator.save_data_to_postgres(
  File "/opt/airflow/plugins/postgresql_operator.py", line 21, in save_data_to_postgres
    conn.execute(text(f'CREATE SCHEMA IF NOT EXISTS "{schema}"'))
  File "/home/airflow/.local/lib/python3.10/site-packages/sqlalchemy/engine/base.py", line 1385, in execute
    return meth(self, multiparams, params, _EMPTY_EXECUTION_OPTS)
  File "/home/airflow/.local/lib/python3.10/site-packages/sqlalchemy/sql/elements.py", line 334, in _execute_on_connection
    return connection._execute_clauseelement(
  File "/home/airflow/.local/lib/python3.10/site-packages/sqlalchemy/engine/base.py", line 1577, in _execute_clauseelement
    ret = self._execute_context(
  File "/home/airflow/.local/lib/python3.10/site-packages/sqlalchemy/engine/base.py", line 1953, in _execute_context
    self._handle_dbapi_exception(
  File "/home/airflow/.local/lib/python3.10/site-packages/sqlalchemy/engine/base.py", line 2134, in _handle_dbapi_exception
    util.raise_(
  File "/home/airflow/.local/lib/python3.10/site-packages/sqlalchemy/util/compat.py", line 211, in raise_
    raise exception
  File "/home/airflow/.local/lib/python3.10/site-packages/sqlalchemy/engine/base.py", line 1910, in _execute_context
    self.dialect.do_execute(
  File "/home/airflow/.local/lib/python3.10/site-packages/sqlalchemy/engine/default.py", line 736, in do_execute
    cursor.execute(statement, parameters)
sqlalchemy.exc.IntegrityError: (psycopg2.errors.UniqueViolation) duplicate key value violates unique constraint "pg_namespace_nspname_index"
DETAIL:  Key (nspname)=(warehouse) already exists.

[SQL: CREATE SCHEMA IF NOT EXISTS "warehouse"]
(Background on this error at: https://sqlalche.me/e/14/gkpj)
[2025-06-15T16:12:04.921+0000] {taskinstance.py:562} DEBUG - Task Duration set to 2.461007
[2025-06-15T16:12:04.961+0000] {taskinstance.py:584} DEBUG - Clearing next_method and next_kwargs.
[2025-06-15T16:12:04.964+0000] {taskinstance.py:1206} INFO - Marking task as FAILED. dag_id=globalsuperstore, task_id=transform.transform_dim_customers, run_id=manual__2025-06-15T16:11:18.168062+00:00, execution_date=20250615T161118, start_date=20250615T161202, end_date=20250615T161204
[2025-06-15T16:12:05.056+0000] {cli_action_loggers.py:88} DEBUG - Calling callbacks: []
[2025-06-15T16:12:05.064+0000] {standard_task_runner.py:110} ERROR - Failed to execute job 19 for task transform.transform_dim_customers ((psycopg2.errors.UniqueViolation) duplicate key value violates unique constraint "pg_namespace_nspname_index"
DETAIL:  Key (nspname)=(warehouse) already exists.

[SQL: CREATE SCHEMA IF NOT EXISTS "warehouse"]
(Background on this error at: https://sqlalche.me/e/14/gkpj); 409)
[2025-06-15T16:12:05.112+0000] {local_task_job_runner.py:240} INFO - Task exited with return code 1
[2025-06-15T16:12:05.195+0000] {dagrun.py:931} DEBUG - number of tis tasks for <DagRun globalsuperstore @ 2025-06-15 16:11:18.168062+00:00: manual__2025-06-15T16:11:18.168062+00:00, state:running, queued_at: 2025-06-15 16:11:18.248361+00:00. externally triggered: True>: 6 task(s)
[2025-06-15T16:12:05.197+0000] {dagrun.py:952} DEBUG - number of scheduleable tasks for <DagRun globalsuperstore @ 2025-06-15 16:11:18.168062+00:00: manual__2025-06-15T16:11:18.168062+00:00, state:running, queued_at: 2025-06-15 16:11:18.248361+00:00. externally triggered: True>: 1 task(s)
[2025-06-15T16:12:05.199+0000] {taskinstance.py:2088} DEBUG - <TaskInstance: globalsuperstore.load.transform_fact_sales manual__2025-06-15T16:11:18.168062+00:00 [None]> dependency 'Previous Dagrun State' PASSED: True, The task did not have depends_on_past set.
[2025-06-15T16:12:05.201+0000] {taskinstance.py:2088} DEBUG - <TaskInstance: globalsuperstore.load.transform_fact_sales manual__2025-06-15T16:11:18.168062+00:00 [None]> dependency 'Not In Retry Period' PASSED: True, The task instance was not marked for retrying.
[2025-06-15T16:12:05.205+0000] {taskinstance.py:1884} DEBUG - Setting task state for <TaskInstance: globalsuperstore.load.transform_fact_sales manual__2025-06-15T16:11:18.168062+00:00 [None]> to upstream_failed
[2025-06-15T16:12:05.207+0000] {taskinstance.py:2088} DEBUG - <TaskInstance: globalsuperstore.load.transform_fact_sales manual__2025-06-15T16:11:18.168062+00:00 [upstream_failed]> dependency 'Trigger Rule' PASSED: False, Task's trigger rule 'all_success' requires all upstream tasks to have succeeded, but found 4 non-success(es). upstream_states=_UpstreamTIStates(success=1, skipped=0, failed=1, upstream_failed=0, removed=0, done=2, success_setup=0, skipped_setup=0), upstream_task_ids={'transform.transform_dim_date', 'transform.transform_dim_shipmode', 'transform.transform_dim_customers', 'transform.transform_dim_locations', 'transform.transform_dim_products'}
[2025-06-15T16:12:05.209+0000] {taskinstance.py:2066} DEBUG - Dependencies not met for <TaskInstance: globalsuperstore.load.transform_fact_sales manual__2025-06-15T16:11:18.168062+00:00 [upstream_failed]>, dependency 'Trigger Rule' FAILED: Task's trigger rule 'all_success' requires all upstream tasks to have succeeded, but found 4 non-success(es). upstream_states=_UpstreamTIStates(success=1, skipped=0, failed=1, upstream_failed=0, removed=0, done=2, success_setup=0, skipped_setup=0), upstream_task_ids={'transform.transform_dim_date', 'transform.transform_dim_shipmode', 'transform.transform_dim_customers', 'transform.transform_dim_locations', 'transform.transform_dim_products'}
[2025-06-15T16:12:05.220+0000] {taskinstance.py:3503} INFO - 0 downstream tasks scheduled from follow-on schedule check
[2025-06-15T16:12:05.260+0000] {local_task_job_runner.py:222} INFO - ::endgroup::
