[2025-06-17T02:25:26.486+0000] {taskinstance.py:1042} DEBUG - previous_execution_date was called
[2025-06-17T02:25:26.579+0000] {__init__.py:54} DEBUG - Loading core task runner: StandardTaskRunner
[2025-06-17T02:25:26.643+0000] {taskinstance.py:1042} DEBUG - previous_execution_date was called
[2025-06-17T02:25:26.660+0000] {base_task_runner.py:73} DEBUG - Planning to run as the  user
[2025-06-17T02:25:26.702+0000] {local_task_job_runner.py:120} INFO - ::group::Pre task execution logs
[2025-06-17T02:25:26.873+0000] {taskinstance.py:2088} DEBUG - <TaskInstance: globalsuperstore.transform.transform_dim_customers manual__2025-06-17T02:25:05.174234+00:00 [queued]> dependency 'Task Instance State' PASSED: True, Task state queued was valid.
[2025-06-17T02:25:26.874+0000] {taskinstance.py:2088} DEBUG - <TaskInstance: globalsuperstore.transform.transform_dim_customers manual__2025-06-17T02:25:05.174234+00:00 [queued]> dependency 'Previous Dagrun State' PASSED: True, The task did not have depends_on_past set.
[2025-06-17T02:25:26.901+0000] {taskinstance.py:2088} DEBUG - <TaskInstance: globalsuperstore.transform.transform_dim_customers manual__2025-06-17T02:25:05.174234+00:00 [queued]> dependency 'Not In Retry Period' PASSED: True, The task instance was not marked for retrying.
[2025-06-17T02:25:26.906+0000] {taskinstance.py:2088} DEBUG - <TaskInstance: globalsuperstore.transform.transform_dim_customers manual__2025-06-17T02:25:05.174234+00:00 [queued]> dependency 'Task Instance Not Running' PASSED: True, Task is not in running state.
[2025-06-17T02:25:26.910+0000] {taskinstance.py:2076} INFO - Dependencies all met for dep_context=non-requeueable deps ti=<TaskInstance: globalsuperstore.transform.transform_dim_customers manual__2025-06-17T02:25:05.174234+00:00 [queued]>
[2025-06-17T02:25:26.920+0000] {taskinstance.py:2088} DEBUG - <TaskInstance: globalsuperstore.transform.transform_dim_customers manual__2025-06-17T02:25:05.174234+00:00 [queued]> dependency 'Previous Dagrun State' PASSED: True, The task did not have depends_on_past set.
[2025-06-17T02:25:26.928+0000] {taskinstance.py:2088} DEBUG - <TaskInstance: globalsuperstore.transform.transform_dim_customers manual__2025-06-17T02:25:05.174234+00:00 [queued]> dependency 'Not In Retry Period' PASSED: True, The task instance was not marked for retrying.
[2025-06-17T02:25:26.946+0000] {taskinstance.py:2088} DEBUG - <TaskInstance: globalsuperstore.transform.transform_dim_customers manual__2025-06-17T02:25:05.174234+00:00 [queued]> dependency 'Pool Slots Available' PASSED: True, There are enough open slots in default_pool to execute the task
[2025-06-17T02:25:26.948+0000] {taskinstance.py:2088} DEBUG - <TaskInstance: globalsuperstore.transform.transform_dim_customers manual__2025-06-17T02:25:05.174234+00:00 [queued]> dependency 'Task Concurrency' PASSED: True, Task concurrency is not set.
[2025-06-17T02:25:26.956+0000] {taskinstance.py:2076} INFO - Dependencies all met for dep_context=requeueable deps ti=<TaskInstance: globalsuperstore.transform.transform_dim_customers manual__2025-06-17T02:25:05.174234+00:00 [queued]>
[2025-06-17T02:25:26.958+0000] {taskinstance.py:2306} INFO - Starting attempt 1 of 1
[2025-06-17T02:25:27.019+0000] {taskinstance.py:2330} INFO - Executing <Task(PythonOperator): transform.transform_dim_customers> on 2025-06-17 02:25:05.174234+00:00
[2025-06-17T02:25:27.066+0000] {standard_task_runner.py:63} INFO - Started process 233 to run task
[2025-06-17T02:25:27.085+0000] {standard_task_runner.py:90} INFO - Running: ['***', 'tasks', 'run', 'globalsuperstore', 'transform.transform_dim_customers', 'manual__2025-06-17T02:25:05.174234+00:00', '--job-id', '369', '--raw', '--subdir', 'DAGS_FOLDER/global_superstore_dw_etl.py', '--cfg-path', '/tmp/tmpnoyrjiwa']
[2025-06-17T02:25:27.095+0000] {standard_task_runner.py:91} INFO - Job 369: Subtask transform.transform_dim_customers
[2025-06-17T02:25:27.109+0000] {cli_action_loggers.py:70} DEBUG - Calling callbacks: [<function default_action_log at 0x7fdcec52d750>]
[2025-06-17T02:25:27.236+0000] {taskinstance.py:1042} DEBUG - previous_execution_date was called
[2025-06-17T02:25:27.246+0000] {task_command.py:426} INFO - Running <TaskInstance: globalsuperstore.transform.transform_dim_customers manual__2025-06-17T02:25:05.174234+00:00 [running]> on host 9b7c60adfed6
[2025-06-17T02:25:27.247+0000] {settings.py:363} DEBUG - Disposing DB connection pool (PID 233)
[2025-06-17T02:25:27.248+0000] {settings.py:250} DEBUG - Setting up DB connection pool (PID 233)
[2025-06-17T02:25:27.250+0000] {settings.py:298} DEBUG - settings.prepare_engine_args(): Using NullPool
[2025-06-17T02:25:27.364+0000] {taskinstance.py:1042} DEBUG - previous_execution_date was called
[2025-06-17T02:25:27.374+0000] {taskinstance.py:1845} DEBUG - Clearing XCom data
[2025-06-17T02:25:27.406+0000] {retries.py:91} DEBUG - Running RenderedTaskInstanceFields.write with retries. Try 1 of 3
[2025-06-17T02:25:27.471+0000] {retries.py:91} DEBUG - Running RenderedTaskInstanceFields._do_delete_old_records with retries. Try 1 of 3
[2025-06-17T02:25:27.496+0000] {taskinstance.py:2648} INFO - Exporting env vars: AIRFLOW_CTX_DAG_OWNER='***' AIRFLOW_CTX_DAG_ID='globalsuperstore' AIRFLOW_CTX_TASK_ID='transform.transform_dim_customers' AIRFLOW_CTX_EXECUTION_DATE='2025-06-17T02:25:05.174234+00:00' AIRFLOW_CTX_TRY_NUMBER='1' AIRFLOW_CTX_DAG_RUN_ID='manual__2025-06-17T02:25:05.174234+00:00'
[2025-06-17T02:25:27.502+0000] {__init__.py:115} DEBUG - Preparing lineage inlets and outlets
[2025-06-17T02:25:27.504+0000] {__init__.py:154} DEBUG - inlets: [], outlets: []
[2025-06-17T02:25:27.506+0000] {taskinstance.py:430} INFO - ::endgroup::
[2025-06-17T02:25:27.582+0000] {base.py:84} INFO - Using connection ID 'postgres' for task execution.
[2025-06-17T02:25:27.611+0000] {base.py:84} INFO - Using connection ID 'postgres' for task execution.
[2025-06-17T02:25:27.642+0000] {logging_mixin.py:188} INFO - ⚠ Không thể xóa warehouse.dim_customer: (psycopg2.errors.InvalidSchemaName) schema "warehouse" does not exist

[SQL: TRUNCATE TABLE "warehouse"."dim_customer" CASCADE;]
(Background on this error at: https://sqlalche.me/e/14/f405)
[2025-06-17T02:25:27.656+0000] {logging_mixin.py:188} INFO - ⚠ Không thể xóa warehouse.dim_product: (psycopg2.errors.InFailedSqlTransaction) current transaction is aborted, commands ignored until end of transaction block

[SQL: TRUNCATE TABLE "warehouse"."dim_product" CASCADE;]
(Background on this error at: https://sqlalche.me/e/14/2j85)
[2025-06-17T02:25:27.660+0000] {logging_mixin.py:188} INFO - ⚠ Không thể xóa warehouse.dim_date: (psycopg2.errors.InFailedSqlTransaction) current transaction is aborted, commands ignored until end of transaction block

[SQL: TRUNCATE TABLE "warehouse"."dim_date" CASCADE;]
(Background on this error at: https://sqlalche.me/e/14/2j85)
[2025-06-17T02:25:27.677+0000] {logging_mixin.py:188} INFO - ⚠ Không thể xóa warehouse.dim_shipmode: (psycopg2.errors.InFailedSqlTransaction) current transaction is aborted, commands ignored until end of transaction block

[SQL: TRUNCATE TABLE "warehouse"."dim_shipmode" CASCADE;]
(Background on this error at: https://sqlalche.me/e/14/2j85)
[2025-06-17T02:25:27.679+0000] {logging_mixin.py:188} INFO - ⚠ Không thể xóa warehouse.dim_location: (psycopg2.errors.InFailedSqlTransaction) current transaction is aborted, commands ignored until end of transaction block

[SQL: TRUNCATE TABLE "warehouse"."dim_location" CASCADE;]
(Background on this error at: https://sqlalche.me/e/14/2j85)
[2025-06-17T02:25:27.681+0000] {logging_mixin.py:188} INFO - ⚠ Không thể xóa warehouse.fact_sales: (psycopg2.errors.InFailedSqlTransaction) current transaction is aborted, commands ignored until end of transaction block

[SQL: TRUNCATE TABLE "warehouse"."fact_sales" CASCADE;]
(Background on this error at: https://sqlalche.me/e/14/2j85)
[2025-06-17T02:25:27.718+0000] {base.py:84} INFO - Using connection ID 'postgres' for task execution.
[2025-06-17T02:25:27.812+0000] {logging_mixin.py:188} WARNING - /home/***/.local/lib/python3.10/site-packages/***/providers/common/sql/hooks/sql.py:263 UserWarning: pandas only supports SQLAlchemy connectable (engine/connection) or database string URI or sqlite3 DBAPI2 connection. Other DBAPI2 objects are not tested. Please consider using SQLAlchemy.
[2025-06-17T02:25:28.820+0000] {logging_mixin.py:188} INFO - ✔ Đã lưu dữ liệu vào warehouse.dim_customer (1590 dòng)
[2025-06-17T02:25:28.821+0000] {logging_mixin.py:188} INFO - ✔ Đã transform và lưu dữ liệu vào warehouse.dim_customer
[2025-06-17T02:25:28.822+0000] {python.py:237} INFO - Done. Returned value was: None
[2025-06-17T02:25:28.823+0000] {taskinstance.py:441} INFO - ::group::Post task execution logs
[2025-06-17T02:25:28.823+0000] {__init__.py:77} DEBUG - Lineage called with inlets: [], outlets: []
[2025-06-17T02:25:28.833+0000] {taskinstance.py:584} DEBUG - Clearing next_method and next_kwargs.
[2025-06-17T02:25:28.834+0000] {taskinstance.py:1206} INFO - Marking task as SUCCESS. dag_id=globalsuperstore, task_id=transform.transform_dim_customers, run_id=manual__2025-06-17T02:25:05.174234+00:00, execution_date=20250617T022505, start_date=20250617T022526, end_date=20250617T022528
[2025-06-17T02:25:28.835+0000] {taskinstance.py:562} DEBUG - Task Duration set to 1.922971
[2025-06-17T02:25:28.846+0000] {cli_action_loggers.py:88} DEBUG - Calling callbacks: []
[2025-06-17T02:25:28.873+0000] {local_task_job_runner.py:240} INFO - Task exited with return code 0
[2025-06-17T02:25:28.915+0000] {dagrun.py:931} DEBUG - number of tis tasks for <DagRun globalsuperstore @ 2025-06-17 02:25:05.174234+00:00: manual__2025-06-17T02:25:05.174234+00:00, state:running, queued_at: 2025-06-17 02:25:05.186516+00:00. externally triggered: True>: 6 task(s)
[2025-06-17T02:25:28.917+0000] {dagrun.py:952} DEBUG - number of scheduleable tasks for <DagRun globalsuperstore @ 2025-06-17 02:25:05.174234+00:00: manual__2025-06-17T02:25:05.174234+00:00, state:running, queued_at: 2025-06-17 02:25:05.186516+00:00. externally triggered: True>: 0 task(s)
[2025-06-17T02:25:28.919+0000] {taskinstance.py:3503} INFO - 0 downstream tasks scheduled from follow-on schedule check
[2025-06-17T02:25:28.924+0000] {local_task_job_runner.py:222} INFO - ::endgroup::
