[2025-06-16T16:34:41.968+0000] {taskinstance.py:1042} DEBUG - previous_execution_date was called
[2025-06-16T16:34:42.006+0000] {__init__.py:54} DEBUG - Loading core task runner: StandardTaskRunner
[2025-06-16T16:34:42.048+0000] {taskinstance.py:1042} DEBUG - previous_execution_date was called
[2025-06-16T16:34:42.064+0000] {base_task_runner.py:73} DEBUG - Planning to run as the  user
[2025-06-16T16:34:42.076+0000] {local_task_job_runner.py:120} INFO - ::group::Pre task execution logs
[2025-06-16T16:34:42.152+0000] {taskinstance.py:2088} DEBUG - <TaskInstance: globalsuperstore.transform.transform_dim_products manual__2025-06-16T16:34:20.428821+00:00 [queued]> dependency 'Task Instance State' PASSED: True, Task state queued was valid.
[2025-06-16T16:34:42.153+0000] {taskinstance.py:2088} DEBUG - <TaskInstance: globalsuperstore.transform.transform_dim_products manual__2025-06-16T16:34:20.428821+00:00 [queued]> dependency 'Task Instance Not Running' PASSED: True, Task is not in running state.
[2025-06-16T16:34:42.154+0000] {taskinstance.py:2088} DEBUG - <TaskInstance: globalsuperstore.transform.transform_dim_products manual__2025-06-16T16:34:20.428821+00:00 [queued]> dependency 'Not In Retry Period' PASSED: True, The task instance was not marked for retrying.
[2025-06-16T16:34:42.156+0000] {taskinstance.py:2088} DEBUG - <TaskInstance: globalsuperstore.transform.transform_dim_products manual__2025-06-16T16:34:20.428821+00:00 [queued]> dependency 'Previous Dagrun State' PASSED: True, The task did not have depends_on_past set.
[2025-06-16T16:34:42.170+0000] {taskinstance.py:2076} INFO - Dependencies all met for dep_context=non-requeueable deps ti=<TaskInstance: globalsuperstore.transform.transform_dim_products manual__2025-06-16T16:34:20.428821+00:00 [queued]>
[2025-06-16T16:34:42.174+0000] {taskinstance.py:2088} DEBUG - <TaskInstance: globalsuperstore.transform.transform_dim_products manual__2025-06-16T16:34:20.428821+00:00 [queued]> dependency 'Pool Slots Available' PASSED: True, There are enough open slots in default_pool to execute the task
[2025-06-16T16:34:42.175+0000] {taskinstance.py:2088} DEBUG - <TaskInstance: globalsuperstore.transform.transform_dim_products manual__2025-06-16T16:34:20.428821+00:00 [queued]> dependency 'Task Concurrency' PASSED: True, Task concurrency is not set.
[2025-06-16T16:34:42.175+0000] {taskinstance.py:2088} DEBUG - <TaskInstance: globalsuperstore.transform.transform_dim_products manual__2025-06-16T16:34:20.428821+00:00 [queued]> dependency 'Not In Retry Period' PASSED: True, The task instance was not marked for retrying.
[2025-06-16T16:34:42.176+0000] {taskinstance.py:2088} DEBUG - <TaskInstance: globalsuperstore.transform.transform_dim_products manual__2025-06-16T16:34:20.428821+00:00 [queued]> dependency 'Previous Dagrun State' PASSED: True, The task did not have depends_on_past set.
[2025-06-16T16:34:42.183+0000] {taskinstance.py:2076} INFO - Dependencies all met for dep_context=requeueable deps ti=<TaskInstance: globalsuperstore.transform.transform_dim_products manual__2025-06-16T16:34:20.428821+00:00 [queued]>
[2025-06-16T16:34:42.185+0000] {taskinstance.py:2306} INFO - Starting attempt 1 of 1
[2025-06-16T16:34:42.219+0000] {taskinstance.py:2330} INFO - Executing <Task(PythonOperator): transform.transform_dim_products> on 2025-06-16 16:34:20.428821+00:00
[2025-06-16T16:34:42.228+0000] {standard_task_runner.py:63} INFO - Started process 2048 to run task
[2025-06-16T16:34:42.233+0000] {standard_task_runner.py:90} INFO - Running: ['***', 'tasks', 'run', 'globalsuperstore', 'transform.transform_dim_products', 'manual__2025-06-16T16:34:20.428821+00:00', '--job-id', '190', '--raw', '--subdir', 'DAGS_FOLDER/global_superstore_dw_etl.py', '--cfg-path', '/tmp/tmp6o0fla68']
[2025-06-16T16:34:42.235+0000] {standard_task_runner.py:91} INFO - Job 190: Subtask transform.transform_dim_products
[2025-06-16T16:34:42.236+0000] {cli_action_loggers.py:70} DEBUG - Calling callbacks: [<function default_action_log at 0x7fa267925750>]
[2025-06-16T16:34:42.331+0000] {taskinstance.py:1042} DEBUG - previous_execution_date was called
[2025-06-16T16:34:42.344+0000] {task_command.py:426} INFO - Running <TaskInstance: globalsuperstore.transform.transform_dim_products manual__2025-06-16T16:34:20.428821+00:00 [running]> on host 9b7c60adfed6
[2025-06-16T16:34:42.347+0000] {settings.py:363} DEBUG - Disposing DB connection pool (PID 2048)
[2025-06-16T16:34:42.349+0000] {settings.py:250} DEBUG - Setting up DB connection pool (PID 2048)
[2025-06-16T16:34:42.350+0000] {settings.py:298} DEBUG - settings.prepare_engine_args(): Using NullPool
[2025-06-16T16:34:42.433+0000] {taskinstance.py:1042} DEBUG - previous_execution_date was called
[2025-06-16T16:34:42.437+0000] {taskinstance.py:1845} DEBUG - Clearing XCom data
[2025-06-16T16:34:42.469+0000] {retries.py:91} DEBUG - Running RenderedTaskInstanceFields.write with retries. Try 1 of 3
[2025-06-16T16:34:42.525+0000] {retries.py:91} DEBUG - Running RenderedTaskInstanceFields._do_delete_old_records with retries. Try 1 of 3
[2025-06-16T16:34:42.552+0000] {taskinstance.py:2648} INFO - Exporting env vars: AIRFLOW_CTX_DAG_OWNER='***' AIRFLOW_CTX_DAG_ID='globalsuperstore' AIRFLOW_CTX_TASK_ID='transform.transform_dim_products' AIRFLOW_CTX_EXECUTION_DATE='2025-06-16T16:34:20.428821+00:00' AIRFLOW_CTX_TRY_NUMBER='1' AIRFLOW_CTX_DAG_RUN_ID='manual__2025-06-16T16:34:20.428821+00:00'
[2025-06-16T16:34:42.553+0000] {__init__.py:115} DEBUG - Preparing lineage inlets and outlets
[2025-06-16T16:34:42.553+0000] {__init__.py:154} DEBUG - inlets: [], outlets: []
[2025-06-16T16:34:42.554+0000] {taskinstance.py:430} INFO - ::endgroup::
[2025-06-16T16:34:42.936+0000] {base.py:84} INFO - Using connection ID 'postgres' for task execution.
[2025-06-16T16:34:42.952+0000] {base.py:84} INFO - Using connection ID 'postgres' for task execution.
[2025-06-16T16:34:42.966+0000] {base.py:84} INFO - Using connection ID 'postgres' for task execution.
[2025-06-16T16:34:42.979+0000] {logging_mixin.py:188} WARNING - /home/***/.local/lib/python3.10/site-packages/***/providers/common/sql/hooks/sql.py:263 UserWarning: pandas only supports SQLAlchemy connectable (engine/connection) or database string URI or sqlite3 DBAPI2 connection. Other DBAPI2 objects are not tested. Please consider using SQLAlchemy.
[2025-06-16T16:34:43.031+0000] {base.py:84} INFO - Using connection ID 'postgres' for task execution.
[2025-06-16T16:34:43.042+0000] {logging_mixin.py:188} WARNING - /home/***/.local/lib/python3.10/site-packages/***/providers/common/sql/hooks/sql.py:263 UserWarning: pandas only supports SQLAlchemy connectable (engine/connection) or database string URI or sqlite3 DBAPI2 connection. Other DBAPI2 objects are not tested. Please consider using SQLAlchemy.
[2025-06-16T16:34:43.060+0000] {base.py:84} INFO - Using connection ID 'postgres' for task execution.
[2025-06-16T16:34:43.070+0000] {logging_mixin.py:188} WARNING - /home/***/.local/lib/python3.10/site-packages/***/providers/common/sql/hooks/sql.py:263 UserWarning: pandas only supports SQLAlchemy connectable (engine/connection) or database string URI or sqlite3 DBAPI2 connection. Other DBAPI2 objects are not tested. Please consider using SQLAlchemy.
[2025-06-16T16:34:44.653+0000] {logging_mixin.py:188} INFO - ✔ Đã transform và lưu dữ liệu vào warehouse.dim_product
[2025-06-16T16:34:44.657+0000] {python.py:237} INFO - Done. Returned value was: None
[2025-06-16T16:34:44.659+0000] {taskinstance.py:441} INFO - ::group::Post task execution logs
[2025-06-16T16:34:44.661+0000] {__init__.py:77} DEBUG - Lineage called with inlets: [], outlets: []
[2025-06-16T16:34:44.691+0000] {taskinstance.py:584} DEBUG - Clearing next_method and next_kwargs.
[2025-06-16T16:34:44.692+0000] {taskinstance.py:1206} INFO - Marking task as SUCCESS. dag_id=globalsuperstore, task_id=transform.transform_dim_products, run_id=manual__2025-06-16T16:34:20.428821+00:00, execution_date=20250616T163420, start_date=20250616T163442, end_date=20250616T163444
[2025-06-16T16:34:44.693+0000] {taskinstance.py:562} DEBUG - Task Duration set to 2.520898
[2025-06-16T16:34:44.722+0000] {cli_action_loggers.py:88} DEBUG - Calling callbacks: []
[2025-06-16T16:34:44.782+0000] {local_task_job_runner.py:240} INFO - Task exited with return code 0
[2025-06-16T16:34:44.828+0000] {dagrun.py:931} DEBUG - number of tis tasks for <DagRun globalsuperstore @ 2025-06-16 16:34:20.428821+00:00: manual__2025-06-16T16:34:20.428821+00:00, state:running, queued_at: 2025-06-16 16:34:20.511209+00:00. externally triggered: True>: 6 task(s)
[2025-06-16T16:34:44.830+0000] {dagrun.py:952} DEBUG - number of scheduleable tasks for <DagRun globalsuperstore @ 2025-06-16 16:34:20.428821+00:00: manual__2025-06-16T16:34:20.428821+00:00, state:running, queued_at: 2025-06-16 16:34:20.511209+00:00. externally triggered: True>: 0 task(s)
[2025-06-16T16:34:44.831+0000] {taskinstance.py:3503} INFO - 0 downstream tasks scheduled from follow-on schedule check
[2025-06-16T16:34:44.836+0000] {local_task_job_runner.py:222} INFO - ::endgroup::
