[2025-06-14T01:13:57.600+0000] {local_task_job_runner.py:120} INFO - ::group::Pre task execution logs
[2025-06-14T01:13:57.633+0000] {taskinstance.py:2076} INFO - Dependencies all met for dep_context=non-requeueable deps ti=<TaskInstance: GlobalSuperStore_dw_etl.extract.extract_and_load_to_staging manual__2025-06-14T01:13:36.450954+00:00 [queued]>
[2025-06-14T01:13:57.640+0000] {taskinstance.py:2076} INFO - Dependencies all met for dep_context=requeueable deps ti=<TaskInstance: GlobalSuperStore_dw_etl.extract.extract_and_load_to_staging manual__2025-06-14T01:13:36.450954+00:00 [queued]>
[2025-06-14T01:13:57.640+0000] {taskinstance.py:2306} INFO - Starting attempt 1 of 1
[2025-06-14T01:13:57.653+0000] {taskinstance.py:2330} INFO - Executing <Task(PythonOperator): extract.extract_and_load_to_staging> on 2025-06-14 01:13:36.450954+00:00
[2025-06-14T01:13:57.659+0000] {standard_task_runner.py:63} INFO - Started process 209 to run task
[2025-06-14T01:13:57.663+0000] {standard_task_runner.py:90} INFO - Running: ['***', 'tasks', 'run', 'GlobalSuperStore_dw_etl', 'extract.extract_and_load_to_staging', 'manual__2025-06-14T01:13:36.450954+00:00', '--job-id', '83', '--raw', '--subdir', 'DAGS_FOLDER/globalSuperstore.py', '--cfg-path', '/tmp/tmp2ipddx15']
[2025-06-14T01:13:57.665+0000] {standard_task_runner.py:91} INFO - Job 83: Subtask extract.extract_and_load_to_staging
[2025-06-14T01:13:57.708+0000] {task_command.py:426} INFO - Running <TaskInstance: GlobalSuperStore_dw_etl.extract.extract_and_load_to_staging manual__2025-06-14T01:13:36.450954+00:00 [running]> on host ce8c7e7a2a87
[2025-06-14T01:13:57.782+0000] {taskinstance.py:2648} INFO - Exporting env vars: AIRFLOW_CTX_DAG_OWNER='***' AIRFLOW_CTX_DAG_ID='GlobalSuperStore_dw_etl' AIRFLOW_CTX_TASK_ID='extract.extract_and_load_to_staging' AIRFLOW_CTX_EXECUTION_DATE='2025-06-14T01:13:36.450954+00:00' AIRFLOW_CTX_TRY_NUMBER='1' AIRFLOW_CTX_DAG_RUN_ID='manual__2025-06-14T01:13:36.450954+00:00'
[2025-06-14T01:13:57.783+0000] {taskinstance.py:430} INFO - ::endgroup::
[2025-06-14T01:13:57.796+0000] {taskinstance.py:441} INFO - ::group::Post task execution logs
[2025-06-14T01:13:57.797+0000] {taskinstance.py:2905} ERROR - Task failed with exception
Traceback (most recent call last):
  File "/home/airflow/.local/lib/python3.10/site-packages/airflow/models/taskinstance.py", line 465, in _execute_task
    result = _execute_callable(context=context, **execute_callable_kwargs)
  File "/home/airflow/.local/lib/python3.10/site-packages/airflow/models/taskinstance.py", line 432, in _execute_callable
    return execute_callable(context=context, **execute_callable_kwargs)
  File "/home/airflow/.local/lib/python3.10/site-packages/airflow/models/baseoperator.py", line 401, in wrapper
    return func(self, *args, **kwargs)
  File "/home/airflow/.local/lib/python3.10/site-packages/airflow/operators/python.py", line 235, in execute
    return_value = self.execute_callable()
  File "/home/airflow/.local/lib/python3.10/site-packages/airflow/operators/python.py", line 252, in execute_callable
    return self.python_callable(*self.op_args, **self.op_kwargs)
  File "/opt/airflow/dags/extract_data.py", line 16, in extract_and_load_to_staging
    engine = staging_operator.engine  # giả định bạn có expose `engine` trong PostgresOperators
AttributeError: 'PostgresOperators' object has no attribute 'engine'
[2025-06-14T01:13:57.821+0000] {taskinstance.py:1206} INFO - Marking task as FAILED. dag_id=GlobalSuperStore_dw_etl, task_id=extract.extract_and_load_to_staging, run_id=manual__2025-06-14T01:13:36.450954+00:00, execution_date=20250614T011336, start_date=20250614T011357, end_date=20250614T011357
[2025-06-14T01:13:57.839+0000] {standard_task_runner.py:110} ERROR - Failed to execute job 83 for task extract.extract_and_load_to_staging ('PostgresOperators' object has no attribute 'engine'; 209)
[2025-06-14T01:13:57.875+0000] {local_task_job_runner.py:240} INFO - Task exited with return code 1
[2025-06-14T01:13:57.896+0000] {taskinstance.py:3503} INFO - 0 downstream tasks scheduled from follow-on schedule check
[2025-06-14T01:13:57.899+0000] {local_task_job_runner.py:222} INFO - ::endgroup::
