[2025-06-17T02:59:17.787+0000] {taskinstance.py:1042} DEBUG - previous_execution_date was called
[2025-06-17T02:59:17.804+0000] {__init__.py:54} DEBUG - Loading core task runner: StandardTaskRunner
[2025-06-17T02:59:17.815+0000] {taskinstance.py:1042} DEBUG - previous_execution_date was called
[2025-06-17T02:59:17.821+0000] {base_task_runner.py:73} DEBUG - Planning to run as the  user
[2025-06-17T02:59:17.826+0000] {local_task_job_runner.py:120} INFO - ::group::Pre task execution logs
[2025-06-17T02:59:17.850+0000] {taskinstance.py:2088} DEBUG - <TaskInstance: globalsuperstore.load.transform_fact_sales manual__2025-06-17T02:58:55.035470+00:00 [queued]> dependency 'Task Instance State' PASSED: True, Task state queued was valid.
[2025-06-17T02:59:17.850+0000] {taskinstance.py:2088} DEBUG - <TaskInstance: globalsuperstore.load.transform_fact_sales manual__2025-06-17T02:58:55.035470+00:00 [queued]> dependency 'Previous Dagrun State' PASSED: True, The task did not have depends_on_past set.
[2025-06-17T02:59:17.851+0000] {taskinstance.py:2088} DEBUG - <TaskInstance: globalsuperstore.load.transform_fact_sales manual__2025-06-17T02:58:55.035470+00:00 [queued]> dependency 'Not In Retry Period' PASSED: True, The task instance was not marked for retrying.
[2025-06-17T02:59:17.851+0000] {taskinstance.py:2088} DEBUG - <TaskInstance: globalsuperstore.load.transform_fact_sales manual__2025-06-17T02:58:55.035470+00:00 [queued]> dependency 'Task Instance Not Running' PASSED: True, Task is not in running state.
[2025-06-17T02:59:17.857+0000] {taskinstance.py:2076} INFO - Dependencies all met for dep_context=non-requeueable deps ti=<TaskInstance: globalsuperstore.load.transform_fact_sales manual__2025-06-17T02:58:55.035470+00:00 [queued]>
[2025-06-17T02:59:17.858+0000] {taskinstance.py:2088} DEBUG - <TaskInstance: globalsuperstore.load.transform_fact_sales manual__2025-06-17T02:58:55.035470+00:00 [queued]> dependency 'Not In Retry Period' PASSED: True, The task instance was not marked for retrying.
[2025-06-17T02:59:17.861+0000] {taskinstance.py:2088} DEBUG - <TaskInstance: globalsuperstore.load.transform_fact_sales manual__2025-06-17T02:58:55.035470+00:00 [queued]> dependency 'Pool Slots Available' PASSED: True, There are enough open slots in default_pool to execute the task
[2025-06-17T02:59:17.862+0000] {taskinstance.py:2088} DEBUG - <TaskInstance: globalsuperstore.load.transform_fact_sales manual__2025-06-17T02:58:55.035470+00:00 [queued]> dependency 'Task Concurrency' PASSED: True, Task concurrency is not set.
[2025-06-17T02:59:17.862+0000] {taskinstance.py:2088} DEBUG - <TaskInstance: globalsuperstore.load.transform_fact_sales manual__2025-06-17T02:58:55.035470+00:00 [queued]> dependency 'Previous Dagrun State' PASSED: True, The task did not have depends_on_past set.
[2025-06-17T02:59:17.865+0000] {taskinstance.py:2076} INFO - Dependencies all met for dep_context=requeueable deps ti=<TaskInstance: globalsuperstore.load.transform_fact_sales manual__2025-06-17T02:58:55.035470+00:00 [queued]>
[2025-06-17T02:59:17.866+0000] {taskinstance.py:2306} INFO - Starting attempt 1 of 1
[2025-06-17T02:59:17.878+0000] {taskinstance.py:2330} INFO - Executing <Task(PythonOperator): load.transform_fact_sales> on 2025-06-17 02:58:55.035470+00:00
[2025-06-17T02:59:17.884+0000] {standard_task_runner.py:63} INFO - Started process 367 to run task
[2025-06-17T02:59:17.887+0000] {standard_task_runner.py:90} INFO - Running: ['***', 'tasks', 'run', 'globalsuperstore', 'load.transform_fact_sales', 'manual__2025-06-17T02:58:55.035470+00:00', '--job-id', '481', '--raw', '--subdir', 'DAGS_FOLDER/global_superstore_dw_etl.py', '--cfg-path', '/tmp/tmpr_lu4i0b']
[2025-06-17T02:59:17.888+0000] {standard_task_runner.py:91} INFO - Job 481: Subtask load.transform_fact_sales
[2025-06-17T02:59:17.889+0000] {cli_action_loggers.py:70} DEBUG - Calling callbacks: [<function default_action_log at 0x7f4b9ba99750>]
[2025-06-17T02:59:17.926+0000] {taskinstance.py:1042} DEBUG - previous_execution_date was called
[2025-06-17T02:59:17.932+0000] {task_command.py:426} INFO - Running <TaskInstance: globalsuperstore.load.transform_fact_sales manual__2025-06-17T02:58:55.035470+00:00 [running]> on host 9b7c60adfed6
[2025-06-17T02:59:17.932+0000] {settings.py:363} DEBUG - Disposing DB connection pool (PID 367)
[2025-06-17T02:59:17.933+0000] {settings.py:250} DEBUG - Setting up DB connection pool (PID 367)
[2025-06-17T02:59:17.933+0000] {settings.py:298} DEBUG - settings.prepare_engine_args(): Using NullPool
[2025-06-17T02:59:17.961+0000] {taskinstance.py:1042} DEBUG - previous_execution_date was called
[2025-06-17T02:59:17.966+0000] {taskinstance.py:1845} DEBUG - Clearing XCom data
[2025-06-17T02:59:17.976+0000] {retries.py:91} DEBUG - Running RenderedTaskInstanceFields.write with retries. Try 1 of 3
[2025-06-17T02:59:17.994+0000] {retries.py:91} DEBUG - Running RenderedTaskInstanceFields._do_delete_old_records with retries. Try 1 of 3
[2025-06-17T02:59:18.003+0000] {taskinstance.py:2648} INFO - Exporting env vars: AIRFLOW_CTX_DAG_OWNER='***' AIRFLOW_CTX_DAG_ID='globalsuperstore' AIRFLOW_CTX_TASK_ID='load.transform_fact_sales' AIRFLOW_CTX_EXECUTION_DATE='2025-06-17T02:58:55.035470+00:00' AIRFLOW_CTX_TRY_NUMBER='1' AIRFLOW_CTX_DAG_RUN_ID='manual__2025-06-17T02:58:55.035470+00:00'
[2025-06-17T02:59:18.003+0000] {__init__.py:115} DEBUG - Preparing lineage inlets and outlets
[2025-06-17T02:59:18.004+0000] {__init__.py:154} DEBUG - inlets: [], outlets: []
[2025-06-17T02:59:18.004+0000] {taskinstance.py:430} INFO - ::endgroup::
[2025-06-17T02:59:18.020+0000] {base.py:84} INFO - Using connection ID 'postgres' for task execution.
[2025-06-17T02:59:18.027+0000] {base.py:84} INFO - Using connection ID 'postgres' for task execution.
[2025-06-17T02:59:18.028+0000] {sql.py:427} DEBUG - Executing following statements against DB: ['TRUNCATE TABLE warehouse.fact_sales CASCADE']
[2025-06-17T02:59:18.033+0000] {base.py:84} INFO - Using connection ID 'postgres' for task execution.
[2025-06-17T02:59:18.036+0000] {sql.py:487} INFO - Running statement: TRUNCATE TABLE warehouse.fact_sales CASCADE, parameters: None
[2025-06-17T02:59:18.053+0000] {base.py:84} INFO - Using connection ID 'postgres' for task execution.
[2025-06-17T02:59:18.061+0000] {logging_mixin.py:188} WARNING - /home/***/.local/lib/python3.10/site-packages/***/providers/common/sql/hooks/sql.py:263 UserWarning: pandas only supports SQLAlchemy connectable (engine/connection) or database string URI or sqlite3 DBAPI2 connection. Other DBAPI2 objects are not tested. Please consider using SQLAlchemy.
[2025-06-17T02:59:18.134+0000] {base.py:84} INFO - Using connection ID 'postgres' for task execution.
[2025-06-17T02:59:18.140+0000] {logging_mixin.py:188} WARNING - /home/***/.local/lib/python3.10/site-packages/***/providers/common/sql/hooks/sql.py:263 UserWarning: pandas only supports SQLAlchemy connectable (engine/connection) or database string URI or sqlite3 DBAPI2 connection. Other DBAPI2 objects are not tested. Please consider using SQLAlchemy.
[2025-06-17T02:59:18.334+0000] {base.py:84} INFO - Using connection ID 'postgres' for task execution.
[2025-06-17T02:59:18.339+0000] {logging_mixin.py:188} WARNING - /home/***/.local/lib/python3.10/site-packages/***/providers/common/sql/hooks/sql.py:263 UserWarning: pandas only supports SQLAlchemy connectable (engine/connection) or database string URI or sqlite3 DBAPI2 connection. Other DBAPI2 objects are not tested. Please consider using SQLAlchemy.
[2025-06-17T02:59:18.351+0000] {base.py:84} INFO - Using connection ID 'postgres' for task execution.
[2025-06-17T02:59:18.356+0000] {logging_mixin.py:188} WARNING - /home/***/.local/lib/python3.10/site-packages/***/providers/common/sql/hooks/sql.py:263 UserWarning: pandas only supports SQLAlchemy connectable (engine/connection) or database string URI or sqlite3 DBAPI2 connection. Other DBAPI2 objects are not tested. Please consider using SQLAlchemy.
[2025-06-17T02:59:18.362+0000] {base.py:84} INFO - Using connection ID 'postgres' for task execution.
[2025-06-17T02:59:18.366+0000] {logging_mixin.py:188} WARNING - /home/***/.local/lib/python3.10/site-packages/***/providers/common/sql/hooks/sql.py:263 UserWarning: pandas only supports SQLAlchemy connectable (engine/connection) or database string URI or sqlite3 DBAPI2 connection. Other DBAPI2 objects are not tested. Please consider using SQLAlchemy.
[2025-06-17T02:59:18.379+0000] {base.py:84} INFO - Using connection ID 'postgres' for task execution.
[2025-06-17T02:59:18.383+0000] {logging_mixin.py:188} WARNING - /home/***/.local/lib/python3.10/site-packages/***/providers/common/sql/hooks/sql.py:263 UserWarning: pandas only supports SQLAlchemy connectable (engine/connection) or database string URI or sqlite3 DBAPI2 connection. Other DBAPI2 objects are not tested. Please consider using SQLAlchemy.
[2025-06-17T02:59:22.916+0000] {retries.py:91} DEBUG - Running Job._fetch_from_db with retries. Try 1 of 3
[2025-06-17T02:59:22.929+0000] {retries.py:91} DEBUG - Running Job._update_heartbeat with retries. Try 1 of 3
[2025-06-17T02:59:22.950+0000] {job.py:214} DEBUG - [heartbeat]
[2025-06-17T02:59:26.073+0000] {logging_mixin.py:188} INFO - ✔ Đã lưu dữ liệu vào warehouse.fact_sales (25035 dòng)
[2025-06-17T02:59:26.074+0000] {logging_mixin.py:188} INFO - ✔ Đã transform và lưu dữ liệu vào warehouse.fact_sales
[2025-06-17T02:59:26.087+0000] {python.py:237} INFO - Done. Returned value was: None
[2025-06-17T02:59:26.089+0000] {taskinstance.py:441} INFO - ::group::Post task execution logs
[2025-06-17T02:59:26.089+0000] {__init__.py:77} DEBUG - Lineage called with inlets: [], outlets: []
[2025-06-17T02:59:26.097+0000] {taskinstance.py:584} DEBUG - Clearing next_method and next_kwargs.
[2025-06-17T02:59:26.098+0000] {taskinstance.py:1206} INFO - Marking task as SUCCESS. dag_id=globalsuperstore, task_id=load.transform_fact_sales, run_id=manual__2025-06-17T02:58:55.035470+00:00, execution_date=20250617T025855, start_date=20250617T025917, end_date=20250617T025926
[2025-06-17T02:59:26.098+0000] {taskinstance.py:562} DEBUG - Task Duration set to 8.240096
[2025-06-17T02:59:26.108+0000] {cli_action_loggers.py:88} DEBUG - Calling callbacks: []
[2025-06-17T02:59:26.144+0000] {local_task_job_runner.py:240} INFO - Task exited with return code 0
[2025-06-17T02:59:26.165+0000] {dagrun.py:931} DEBUG - number of tis tasks for <DagRun globalsuperstore @ 2025-06-17 02:58:55.035470+00:00: manual__2025-06-17T02:58:55.035470+00:00, state:running, queued_at: 2025-06-17 02:58:55.085342+00:00. externally triggered: True>: 0 task(s)
[2025-06-17T02:59:26.166+0000] {taskinstance.py:3503} INFO - 0 downstream tasks scheduled from follow-on schedule check
[2025-06-17T02:59:26.170+0000] {local_task_job_runner.py:222} INFO - ::endgroup::
