[2025-06-14T10:19:29.892+0000] {local_task_job_runner.py:120} INFO - ::group::Pre task execution logs
[2025-06-14T10:19:29.976+0000] {taskinstance.py:2076} INFO - Dependencies all met for dep_context=non-requeueable deps ti=<TaskInstance: globalsuperstore.transform.transform_dim_customers scheduled__2025-06-13T00:00:00+00:00 [queued]>
[2025-06-14T10:19:29.988+0000] {taskinstance.py:2076} INFO - Dependencies all met for dep_context=requeueable deps ti=<TaskInstance: globalsuperstore.transform.transform_dim_customers scheduled__2025-06-13T00:00:00+00:00 [queued]>
[2025-06-14T10:19:29.989+0000] {taskinstance.py:2306} INFO - Starting attempt 1 of 1
[2025-06-14T10:19:30.009+0000] {taskinstance.py:2330} INFO - Executing <Task(PythonOperator): transform.transform_dim_customers> on 2025-06-13 00:00:00+00:00
[2025-06-14T10:19:30.014+0000] {standard_task_runner.py:63} INFO - Started process 273 to run task
[2025-06-14T10:19:30.019+0000] {standard_task_runner.py:90} INFO - Running: ['***', 'tasks', 'run', 'globalsuperstore', 'transform.transform_dim_customers', 'scheduled__2025-06-13T00:00:00+00:00', '--job-id', '31', '--raw', '--subdir', 'DAGS_FOLDER/global_superstore_dw_etl.py', '--cfg-path', '/tmp/tmpn_w405ak']
[2025-06-14T10:19:30.022+0000] {standard_task_runner.py:91} INFO - Job 31: Subtask transform.transform_dim_customers
[2025-06-14T10:19:30.087+0000] {task_command.py:426} INFO - Running <TaskInstance: globalsuperstore.transform.transform_dim_customers scheduled__2025-06-13T00:00:00+00:00 [running]> on host f3cca4675eb8
[2025-06-14T10:19:30.174+0000] {taskinstance.py:2648} INFO - Exporting env vars: AIRFLOW_CTX_DAG_OWNER='***' AIRFLOW_CTX_DAG_ID='globalsuperstore' AIRFLOW_CTX_TASK_ID='transform.transform_dim_customers' AIRFLOW_CTX_EXECUTION_DATE='2025-06-13T00:00:00+00:00' AIRFLOW_CTX_TRY_NUMBER='1' AIRFLOW_CTX_DAG_RUN_ID='scheduled__2025-06-13T00:00:00+00:00'
[2025-06-14T10:19:30.175+0000] {taskinstance.py:430} INFO - ::endgroup::
[2025-06-14T10:19:30.199+0000] {base.py:84} INFO - Using connection ID 'postgres' for task execution.
[2025-06-14T10:19:30.206+0000] {base.py:84} INFO - Using connection ID 'postgres' for task execution.
[2025-06-14T10:19:30.212+0000] {base.py:84} INFO - Using connection ID 'postgres' for task execution.
[2025-06-14T10:19:30.242+0000] {logging_mixin.py:188} WARNING - /home/***/.local/lib/python3.10/site-packages/***/providers/common/sql/hooks/sql.py:263 UserWarning: pandas only supports SQLAlchemy connectable (engine/connection) or database string URI or sqlite3 DBAPI2 connection. Other DBAPI2 objects are not tested. Please consider using SQLAlchemy.
[2025-06-14T10:19:30.669+0000] {logging_mixin.py:188} INFO - ✔ Đã transform và lưu dữ liệu vào warehouse.dim_customer
[2025-06-14T10:19:30.670+0000] {python.py:237} INFO - Done. Returned value was: None
[2025-06-14T10:19:30.670+0000] {taskinstance.py:441} INFO - ::group::Post task execution logs
[2025-06-14T10:19:30.678+0000] {taskinstance.py:1206} INFO - Marking task as SUCCESS. dag_id=globalsuperstore, task_id=transform.transform_dim_customers, run_id=scheduled__2025-06-13T00:00:00+00:00, execution_date=20250613T000000, start_date=20250614T101929, end_date=20250614T101930
[2025-06-14T10:19:30.712+0000] {local_task_job_runner.py:240} INFO - Task exited with return code 0
[2025-06-14T10:19:30.725+0000] {taskinstance.py:3503} INFO - 0 downstream tasks scheduled from follow-on schedule check
[2025-06-14T10:19:30.727+0000] {local_task_job_runner.py:222} INFO - ::endgroup::
