[2025-06-15T16:36:59.928+0000] {taskinstance.py:1042} DEBUG - previous_execution_date was called
[2025-06-15T16:36:59.987+0000] {__init__.py:54} DEBUG - Loading core task runner: StandardTaskRunner
[2025-06-15T16:37:00.035+0000] {taskinstance.py:1042} DEBUG - previous_execution_date was called
[2025-06-15T16:37:00.040+0000] {base_task_runner.py:73} DEBUG - Planning to run as the  user
[2025-06-15T16:37:00.066+0000] {local_task_job_runner.py:120} INFO - ::group::Pre task execution logs
[2025-06-15T16:37:00.172+0000] {taskinstance.py:2088} DEBUG - <TaskInstance: globalsuperstore.load.transform_fact_sales manual__2025-06-15T16:36:24.292974+00:00 [queued]> dependency 'Task Instance Not Running' PASSED: True, Task is not in running state.
[2025-06-15T16:37:00.176+0000] {taskinstance.py:2088} DEBUG - <TaskInstance: globalsuperstore.load.transform_fact_sales manual__2025-06-15T16:36:24.292974+00:00 [queued]> dependency 'Task Instance State' PASSED: True, Task state queued was valid.
[2025-06-15T16:37:00.195+0000] {taskinstance.py:2088} DEBUG - <TaskInstance: globalsuperstore.load.transform_fact_sales manual__2025-06-15T16:36:24.292974+00:00 [queued]> dependency 'Previous Dagrun State' PASSED: True, The task did not have depends_on_past set.
[2025-06-15T16:37:00.198+0000] {taskinstance.py:2088} DEBUG - <TaskInstance: globalsuperstore.load.transform_fact_sales manual__2025-06-15T16:36:24.292974+00:00 [queued]> dependency 'Not In Retry Period' PASSED: True, The task instance was not marked for retrying.
[2025-06-15T16:37:00.200+0000] {taskinstance.py:2076} INFO - Dependencies all met for dep_context=non-requeueable deps ti=<TaskInstance: globalsuperstore.load.transform_fact_sales manual__2025-06-15T16:36:24.292974+00:00 [queued]>
[2025-06-15T16:37:00.211+0000] {taskinstance.py:2088} DEBUG - <TaskInstance: globalsuperstore.load.transform_fact_sales manual__2025-06-15T16:36:24.292974+00:00 [queued]> dependency 'Pool Slots Available' PASSED: True, There are enough open slots in default_pool to execute the task
[2025-06-15T16:37:00.212+0000] {taskinstance.py:2088} DEBUG - <TaskInstance: globalsuperstore.load.transform_fact_sales manual__2025-06-15T16:36:24.292974+00:00 [queued]> dependency 'Task Concurrency' PASSED: True, Task concurrency is not set.
[2025-06-15T16:37:00.222+0000] {taskinstance.py:2088} DEBUG - <TaskInstance: globalsuperstore.load.transform_fact_sales manual__2025-06-15T16:36:24.292974+00:00 [queued]> dependency 'Previous Dagrun State' PASSED: True, The task did not have depends_on_past set.
[2025-06-15T16:37:00.223+0000] {taskinstance.py:2088} DEBUG - <TaskInstance: globalsuperstore.load.transform_fact_sales manual__2025-06-15T16:36:24.292974+00:00 [queued]> dependency 'Not In Retry Period' PASSED: True, The task instance was not marked for retrying.
[2025-06-15T16:37:00.224+0000] {taskinstance.py:2076} INFO - Dependencies all met for dep_context=requeueable deps ti=<TaskInstance: globalsuperstore.load.transform_fact_sales manual__2025-06-15T16:36:24.292974+00:00 [queued]>
[2025-06-15T16:37:00.225+0000] {taskinstance.py:2306} INFO - Starting attempt 1 of 1
[2025-06-15T16:37:00.259+0000] {taskinstance.py:2330} INFO - Executing <Task(PythonOperator): load.transform_fact_sales> on 2025-06-15 16:36:24.292974+00:00
[2025-06-15T16:37:00.273+0000] {standard_task_runner.py:63} INFO - Started process 1297 to run task
[2025-06-15T16:37:00.286+0000] {standard_task_runner.py:90} INFO - Running: ['***', 'tasks', 'run', 'globalsuperstore', 'load.transform_fact_sales', 'manual__2025-06-15T16:36:24.292974+00:00', '--job-id', '68', '--raw', '--subdir', 'DAGS_FOLDER/global_superstore_dw_etl.py', '--cfg-path', '/tmp/tmpv4p47858']
[2025-06-15T16:37:00.289+0000] {standard_task_runner.py:91} INFO - Job 68: Subtask load.transform_fact_sales
[2025-06-15T16:37:00.293+0000] {cli_action_loggers.py:70} DEBUG - Calling callbacks: [<function default_action_log at 0x7f1a51c99750>]
[2025-06-15T16:37:00.387+0000] {taskinstance.py:1042} DEBUG - previous_execution_date was called
[2025-06-15T16:37:00.403+0000] {task_command.py:426} INFO - Running <TaskInstance: globalsuperstore.load.transform_fact_sales manual__2025-06-15T16:36:24.292974+00:00 [running]> on host a40e01b9e58f
[2025-06-15T16:37:00.404+0000] {settings.py:363} DEBUG - Disposing DB connection pool (PID 1297)
[2025-06-15T16:37:00.405+0000] {settings.py:250} DEBUG - Setting up DB connection pool (PID 1297)
[2025-06-15T16:37:00.406+0000] {settings.py:298} DEBUG - settings.prepare_engine_args(): Using NullPool
[2025-06-15T16:37:00.498+0000] {taskinstance.py:1042} DEBUG - previous_execution_date was called
[2025-06-15T16:37:00.518+0000] {taskinstance.py:1845} DEBUG - Clearing XCom data
[2025-06-15T16:37:00.573+0000] {retries.py:91} DEBUG - Running RenderedTaskInstanceFields.write with retries. Try 1 of 3
[2025-06-15T16:37:00.630+0000] {retries.py:91} DEBUG - Running RenderedTaskInstanceFields._do_delete_old_records with retries. Try 1 of 3
[2025-06-15T16:37:00.665+0000] {taskinstance.py:2648} INFO - Exporting env vars: AIRFLOW_CTX_DAG_OWNER='***' AIRFLOW_CTX_DAG_ID='globalsuperstore' AIRFLOW_CTX_TASK_ID='load.transform_fact_sales' AIRFLOW_CTX_EXECUTION_DATE='2025-06-15T16:36:24.292974+00:00' AIRFLOW_CTX_TRY_NUMBER='1' AIRFLOW_CTX_DAG_RUN_ID='manual__2025-06-15T16:36:24.292974+00:00'
[2025-06-15T16:37:00.667+0000] {__init__.py:115} DEBUG - Preparing lineage inlets and outlets
[2025-06-15T16:37:00.669+0000] {__init__.py:154} DEBUG - inlets: [], outlets: []
[2025-06-15T16:37:00.672+0000] {taskinstance.py:430} INFO - ::endgroup::
[2025-06-15T16:37:00.757+0000] {base.py:84} INFO - Using connection ID 'postgres' for task execution.
[2025-06-15T16:37:00.788+0000] {base.py:84} INFO - Using connection ID 'postgres' for task execution.
[2025-06-15T16:37:00.791+0000] {taskinstance.py:441} INFO - ::group::Post task execution logs
[2025-06-15T16:37:00.792+0000] {taskinstance.py:2905} ERROR - Task failed with exception
Traceback (most recent call last):
  File "/home/airflow/.local/lib/python3.10/site-packages/airflow/models/taskinstance.py", line 465, in _execute_task
    result = _execute_callable(context=context, **execute_callable_kwargs)
  File "/home/airflow/.local/lib/python3.10/site-packages/airflow/models/taskinstance.py", line 432, in _execute_callable
    return execute_callable(context=context, **execute_callable_kwargs)
  File "/home/airflow/.local/lib/python3.10/site-packages/airflow/models/baseoperator.py", line 401, in wrapper
    return func(self, *args, **kwargs)
  File "/home/airflow/.local/lib/python3.10/site-packages/airflow/operators/python.py", line 235, in execute
    return_value = self.execute_callable()
  File "/home/airflow/.local/lib/python3.10/site-packages/airflow/operators/python.py", line 252, in execute_callable
    return self.python_callable(*self.op_args, **self.op_kwargs)
  File "/opt/airflow/dags/transform_fact_sales.py", line 9, in transform_fact_sales
    warehouse_operator.create_fact_sales_table(schema='warehouse')  # ⬅️ Dòng này rất quan trọng
AttributeError: 'PostgresOperators' object has no attribute 'create_fact_sales_table'
[2025-06-15T16:37:00.827+0000] {taskinstance.py:562} DEBUG - Task Duration set to 0.625567
[2025-06-15T16:37:00.831+0000] {taskinstance.py:584} DEBUG - Clearing next_method and next_kwargs.
[2025-06-15T16:37:00.833+0000] {taskinstance.py:1206} INFO - Marking task as FAILED. dag_id=globalsuperstore, task_id=load.transform_fact_sales, run_id=manual__2025-06-15T16:36:24.292974+00:00, execution_date=20250615T163624, start_date=20250615T163700, end_date=20250615T163700
[2025-06-15T16:37:00.865+0000] {cli_action_loggers.py:88} DEBUG - Calling callbacks: []
[2025-06-15T16:37:00.867+0000] {standard_task_runner.py:110} ERROR - Failed to execute job 68 for task load.transform_fact_sales ('PostgresOperators' object has no attribute 'create_fact_sales_table'; 1297)
[2025-06-15T16:37:00.895+0000] {local_task_job_runner.py:240} INFO - Task exited with return code 1
[2025-06-15T16:37:00.925+0000] {dagrun.py:931} DEBUG - number of tis tasks for <DagRun globalsuperstore @ 2025-06-15 16:36:24.292974+00:00: manual__2025-06-15T16:36:24.292974+00:00, state:running, queued_at: 2025-06-15 16:36:24.522912+00:00. externally triggered: True>: 0 task(s)
[2025-06-15T16:37:00.927+0000] {taskinstance.py:3503} INFO - 0 downstream tasks scheduled from follow-on schedule check
[2025-06-15T16:37:00.931+0000] {local_task_job_runner.py:222} INFO - ::endgroup::
