[2025-06-17T02:41:07.640+0000] {taskinstance.py:1042} DEBUG - previous_execution_date was called
[2025-06-17T02:41:07.663+0000] {__init__.py:54} DEBUG - Loading core task runner: StandardTaskRunner
[2025-06-17T02:41:07.674+0000] {taskinstance.py:1042} DEBUG - previous_execution_date was called
[2025-06-17T02:41:07.680+0000] {base_task_runner.py:73} DEBUG - Planning to run as the  user
[2025-06-17T02:41:07.686+0000] {local_task_job_runner.py:120} INFO - ::group::Pre task execution logs
[2025-06-17T02:41:07.717+0000] {taskinstance.py:2088} DEBUG - <TaskInstance: globalsuperstore.load.transform_fact_sales manual__2025-06-17T02:39:49.849781+00:00 [queued]> dependency 'Task Instance Not Running' PASSED: True, Task is not in running state.
[2025-06-17T02:41:07.724+0000] {taskinstance.py:2088} DEBUG - <TaskInstance: globalsuperstore.load.transform_fact_sales manual__2025-06-17T02:39:49.849781+00:00 [queued]> dependency 'Task Instance State' PASSED: True, Task state queued was valid.
[2025-06-17T02:41:07.724+0000] {taskinstance.py:2088} DEBUG - <TaskInstance: globalsuperstore.load.transform_fact_sales manual__2025-06-17T02:39:49.849781+00:00 [queued]> dependency 'Not In Retry Period' PASSED: True, The task instance was not marked for retrying.
[2025-06-17T02:41:07.725+0000] {taskinstance.py:2088} DEBUG - <TaskInstance: globalsuperstore.load.transform_fact_sales manual__2025-06-17T02:39:49.849781+00:00 [queued]> dependency 'Previous Dagrun State' PASSED: True, The task did not have depends_on_past set.
[2025-06-17T02:41:07.726+0000] {taskinstance.py:2076} INFO - Dependencies all met for dep_context=non-requeueable deps ti=<TaskInstance: globalsuperstore.load.transform_fact_sales manual__2025-06-17T02:39:49.849781+00:00 [queued]>
[2025-06-17T02:41:07.736+0000] {taskinstance.py:2088} DEBUG - <TaskInstance: globalsuperstore.load.transform_fact_sales manual__2025-06-17T02:39:49.849781+00:00 [queued]> dependency 'Pool Slots Available' PASSED: True, There are enough open slots in default_pool to execute the task
[2025-06-17T02:41:07.737+0000] {taskinstance.py:2088} DEBUG - <TaskInstance: globalsuperstore.load.transform_fact_sales manual__2025-06-17T02:39:49.849781+00:00 [queued]> dependency 'Task Concurrency' PASSED: True, Task concurrency is not set.
[2025-06-17T02:41:07.741+0000] {taskinstance.py:2088} DEBUG - <TaskInstance: globalsuperstore.load.transform_fact_sales manual__2025-06-17T02:39:49.849781+00:00 [queued]> dependency 'Not In Retry Period' PASSED: True, The task instance was not marked for retrying.
[2025-06-17T02:41:07.742+0000] {taskinstance.py:2088} DEBUG - <TaskInstance: globalsuperstore.load.transform_fact_sales manual__2025-06-17T02:39:49.849781+00:00 [queued]> dependency 'Previous Dagrun State' PASSED: True, The task did not have depends_on_past set.
[2025-06-17T02:41:07.743+0000] {taskinstance.py:2076} INFO - Dependencies all met for dep_context=requeueable deps ti=<TaskInstance: globalsuperstore.load.transform_fact_sales manual__2025-06-17T02:39:49.849781+00:00 [queued]>
[2025-06-17T02:41:07.744+0000] {taskinstance.py:2306} INFO - Starting attempt 1 of 1
[2025-06-17T02:41:07.763+0000] {taskinstance.py:2330} INFO - Executing <Task(PythonOperator): load.transform_fact_sales> on 2025-06-17 02:39:49.849781+00:00
[2025-06-17T02:41:07.770+0000] {standard_task_runner.py:63} INFO - Started process 727 to run task
[2025-06-17T02:41:07.775+0000] {standard_task_runner.py:90} INFO - Running: ['***', 'tasks', 'run', 'globalsuperstore', 'load.transform_fact_sales', 'manual__2025-06-17T02:39:49.849781+00:00', '--job-id', '432', '--raw', '--subdir', 'DAGS_FOLDER/global_superstore_dw_etl.py', '--cfg-path', '/tmp/tmpw9euvp6a']
[2025-06-17T02:41:07.779+0000] {standard_task_runner.py:91} INFO - Job 432: Subtask load.transform_fact_sales
[2025-06-17T02:41:07.781+0000] {cli_action_loggers.py:70} DEBUG - Calling callbacks: [<function default_action_log at 0x7f821ad2d750>]
[2025-06-17T02:41:07.824+0000] {taskinstance.py:1042} DEBUG - previous_execution_date was called
[2025-06-17T02:41:07.830+0000] {task_command.py:426} INFO - Running <TaskInstance: globalsuperstore.load.transform_fact_sales manual__2025-06-17T02:39:49.849781+00:00 [running]> on host 9b7c60adfed6
[2025-06-17T02:41:07.831+0000] {settings.py:363} DEBUG - Disposing DB connection pool (PID 727)
[2025-06-17T02:41:07.831+0000] {settings.py:250} DEBUG - Setting up DB connection pool (PID 727)
[2025-06-17T02:41:07.832+0000] {settings.py:298} DEBUG - settings.prepare_engine_args(): Using NullPool
[2025-06-17T02:41:07.873+0000] {taskinstance.py:1042} DEBUG - previous_execution_date was called
[2025-06-17T02:41:07.881+0000] {taskinstance.py:1845} DEBUG - Clearing XCom data
[2025-06-17T02:41:07.905+0000] {retries.py:91} DEBUG - Running RenderedTaskInstanceFields.write with retries. Try 1 of 3
[2025-06-17T02:41:07.941+0000] {retries.py:91} DEBUG - Running RenderedTaskInstanceFields._do_delete_old_records with retries. Try 1 of 3
[2025-06-17T02:41:07.962+0000] {taskinstance.py:2648} INFO - Exporting env vars: AIRFLOW_CTX_DAG_OWNER='***' AIRFLOW_CTX_DAG_ID='globalsuperstore' AIRFLOW_CTX_TASK_ID='load.transform_fact_sales' AIRFLOW_CTX_EXECUTION_DATE='2025-06-17T02:39:49.849781+00:00' AIRFLOW_CTX_TRY_NUMBER='1' AIRFLOW_CTX_DAG_RUN_ID='manual__2025-06-17T02:39:49.849781+00:00'
[2025-06-17T02:41:07.964+0000] {__init__.py:115} DEBUG - Preparing lineage inlets and outlets
[2025-06-17T02:41:07.966+0000] {__init__.py:154} DEBUG - inlets: [], outlets: []
[2025-06-17T02:41:07.967+0000] {taskinstance.py:430} INFO - ::endgroup::
[2025-06-17T02:41:07.991+0000] {base.py:84} INFO - Using connection ID 'postgres' for task execution.
[2025-06-17T02:41:07.998+0000] {base.py:84} INFO - Using connection ID 'postgres' for task execution.
[2025-06-17T02:41:08.004+0000] {base.py:84} INFO - Using connection ID 'postgres' for task execution.
[2025-06-17T02:41:08.016+0000] {logging_mixin.py:188} WARNING - /home/***/.local/lib/python3.10/site-packages/***/providers/common/sql/hooks/sql.py:263 UserWarning: pandas only supports SQLAlchemy connectable (engine/connection) or database string URI or sqlite3 DBAPI2 connection. Other DBAPI2 objects are not tested. Please consider using SQLAlchemy.
[2025-06-17T02:41:08.239+0000] {base.py:84} INFO - Using connection ID 'postgres' for task execution.
[2025-06-17T02:41:08.248+0000] {logging_mixin.py:188} WARNING - /home/***/.local/lib/python3.10/site-packages/***/providers/common/sql/hooks/sql.py:263 UserWarning: pandas only supports SQLAlchemy connectable (engine/connection) or database string URI or sqlite3 DBAPI2 connection. Other DBAPI2 objects are not tested. Please consider using SQLAlchemy.
[2025-06-17T02:41:08.719+0000] {base.py:84} INFO - Using connection ID 'postgres' for task execution.
[2025-06-17T02:41:08.726+0000] {logging_mixin.py:188} WARNING - /home/***/.local/lib/python3.10/site-packages/***/providers/common/sql/hooks/sql.py:263 UserWarning: pandas only supports SQLAlchemy connectable (engine/connection) or database string URI or sqlite3 DBAPI2 connection. Other DBAPI2 objects are not tested. Please consider using SQLAlchemy.
[2025-06-17T02:41:08.746+0000] {base.py:84} INFO - Using connection ID 'postgres' for task execution.
[2025-06-17T02:41:08.754+0000] {logging_mixin.py:188} WARNING - /home/***/.local/lib/python3.10/site-packages/***/providers/common/sql/hooks/sql.py:263 UserWarning: pandas only supports SQLAlchemy connectable (engine/connection) or database string URI or sqlite3 DBAPI2 connection. Other DBAPI2 objects are not tested. Please consider using SQLAlchemy.
[2025-06-17T02:41:08.766+0000] {base.py:84} INFO - Using connection ID 'postgres' for task execution.
[2025-06-17T02:41:08.771+0000] {logging_mixin.py:188} WARNING - /home/***/.local/lib/python3.10/site-packages/***/providers/common/sql/hooks/sql.py:263 UserWarning: pandas only supports SQLAlchemy connectable (engine/connection) or database string URI or sqlite3 DBAPI2 connection. Other DBAPI2 objects are not tested. Please consider using SQLAlchemy.
[2025-06-17T02:41:08.785+0000] {base.py:84} INFO - Using connection ID 'postgres' for task execution.
[2025-06-17T02:41:08.791+0000] {logging_mixin.py:188} WARNING - /home/***/.local/lib/python3.10/site-packages/***/providers/common/sql/hooks/sql.py:263 UserWarning: pandas only supports SQLAlchemy connectable (engine/connection) or database string URI or sqlite3 DBAPI2 connection. Other DBAPI2 objects are not tested. Please consider using SQLAlchemy.
[2025-06-17T02:41:12.813+0000] {retries.py:91} DEBUG - Running Job._fetch_from_db with retries. Try 1 of 3
[2025-06-17T02:41:12.826+0000] {retries.py:91} DEBUG - Running Job._update_heartbeat with retries. Try 1 of 3
[2025-06-17T02:41:12.855+0000] {job.py:214} DEBUG - [heartbeat]
[2025-06-17T02:41:17.920+0000] {retries.py:91} DEBUG - Running Job._fetch_from_db with retries. Try 1 of 3
[2025-06-17T02:41:17.926+0000] {retries.py:91} DEBUG - Running Job._update_heartbeat with retries. Try 1 of 3
[2025-06-17T02:41:17.940+0000] {job.py:214} DEBUG - [heartbeat]
[2025-06-17T02:41:18.861+0000] {logging_mixin.py:188} INFO - ✔ Đã lưu dữ liệu vào warehouse.fact_sales (25035 dòng)
[2025-06-17T02:41:18.861+0000] {logging_mixin.py:188} INFO - ✔ Đã transform và lưu dữ liệu vào warehouse.fact_sales
[2025-06-17T02:41:18.884+0000] {python.py:237} INFO - Done. Returned value was: None
[2025-06-17T02:41:18.885+0000] {taskinstance.py:441} INFO - ::group::Post task execution logs
[2025-06-17T02:41:18.885+0000] {__init__.py:77} DEBUG - Lineage called with inlets: [], outlets: []
[2025-06-17T02:41:18.892+0000] {taskinstance.py:584} DEBUG - Clearing next_method and next_kwargs.
[2025-06-17T02:41:18.892+0000] {taskinstance.py:1206} INFO - Marking task as SUCCESS. dag_id=globalsuperstore, task_id=load.transform_fact_sales, run_id=manual__2025-06-17T02:39:49.849781+00:00, execution_date=20250617T023949, start_date=20250617T024107, end_date=20250617T024118
[2025-06-17T02:41:18.893+0000] {taskinstance.py:562} DEBUG - Task Duration set to 11.166331
[2025-06-17T02:41:18.904+0000] {cli_action_loggers.py:88} DEBUG - Calling callbacks: []
[2025-06-17T02:41:18.957+0000] {local_task_job_runner.py:240} INFO - Task exited with return code 0
[2025-06-17T02:41:18.971+0000] {dagrun.py:931} DEBUG - number of tis tasks for <DagRun globalsuperstore @ 2025-06-17 02:39:49.849781+00:00: manual__2025-06-17T02:39:49.849781+00:00, state:running, queued_at: 2025-06-17 02:39:49.864993+00:00. externally triggered: True>: 0 task(s)
[2025-06-17T02:41:18.971+0000] {taskinstance.py:3503} INFO - 0 downstream tasks scheduled from follow-on schedule check
[2025-06-17T02:41:18.978+0000] {local_task_job_runner.py:222} INFO - ::endgroup::
