[2025-06-15T16:45:52.639+0000] {taskinstance.py:1042} DEBUG - previous_execution_date was called
[2025-06-15T16:45:52.688+0000] {__init__.py:54} DEBUG - Loading core task runner: StandardTaskRunner
[2025-06-15T16:45:52.718+0000] {taskinstance.py:1042} DEBUG - previous_execution_date was called
[2025-06-15T16:45:52.731+0000] {base_task_runner.py:73} DEBUG - Planning to run as the  user
[2025-06-15T16:45:52.767+0000] {local_task_job_runner.py:120} INFO - ::group::Pre task execution logs
[2025-06-15T16:45:52.867+0000] {taskinstance.py:2088} DEBUG - <TaskInstance: globalsuperstore.transform.transform_dim_customers manual__2025-06-15T16:45:18.685319+00:00 [queued]> dependency 'Task Instance Not Running' PASSED: True, Task is not in running state.
[2025-06-15T16:45:52.868+0000] {taskinstance.py:2088} DEBUG - <TaskInstance: globalsuperstore.transform.transform_dim_customers manual__2025-06-15T16:45:18.685319+00:00 [queued]> dependency 'Previous Dagrun State' PASSED: True, The task did not have depends_on_past set.
[2025-06-15T16:45:52.868+0000] {taskinstance.py:2088} DEBUG - <TaskInstance: globalsuperstore.transform.transform_dim_customers manual__2025-06-15T16:45:18.685319+00:00 [queued]> dependency 'Task Instance State' PASSED: True, Task state queued was valid.
[2025-06-15T16:45:52.869+0000] {taskinstance.py:2088} DEBUG - <TaskInstance: globalsuperstore.transform.transform_dim_customers manual__2025-06-15T16:45:18.685319+00:00 [queued]> dependency 'Not In Retry Period' PASSED: True, The task instance was not marked for retrying.
[2025-06-15T16:45:52.869+0000] {taskinstance.py:2076} INFO - Dependencies all met for dep_context=non-requeueable deps ti=<TaskInstance: globalsuperstore.transform.transform_dim_customers manual__2025-06-15T16:45:18.685319+00:00 [queued]>
[2025-06-15T16:45:52.900+0000] {taskinstance.py:2088} DEBUG - <TaskInstance: globalsuperstore.transform.transform_dim_customers manual__2025-06-15T16:45:18.685319+00:00 [queued]> dependency 'Task Concurrency' PASSED: True, Task concurrency is not set.
[2025-06-15T16:45:52.905+0000] {taskinstance.py:2088} DEBUG - <TaskInstance: globalsuperstore.transform.transform_dim_customers manual__2025-06-15T16:45:18.685319+00:00 [queued]> dependency 'Pool Slots Available' PASSED: True, There are enough open slots in default_pool to execute the task
[2025-06-15T16:45:52.907+0000] {taskinstance.py:2088} DEBUG - <TaskInstance: globalsuperstore.transform.transform_dim_customers manual__2025-06-15T16:45:18.685319+00:00 [queued]> dependency 'Previous Dagrun State' PASSED: True, The task did not have depends_on_past set.
[2025-06-15T16:45:52.908+0000] {taskinstance.py:2088} DEBUG - <TaskInstance: globalsuperstore.transform.transform_dim_customers manual__2025-06-15T16:45:18.685319+00:00 [queued]> dependency 'Not In Retry Period' PASSED: True, The task instance was not marked for retrying.
[2025-06-15T16:45:52.912+0000] {taskinstance.py:2076} INFO - Dependencies all met for dep_context=requeueable deps ti=<TaskInstance: globalsuperstore.transform.transform_dim_customers manual__2025-06-15T16:45:18.685319+00:00 [queued]>
[2025-06-15T16:45:52.913+0000] {taskinstance.py:2306} INFO - Starting attempt 1 of 1
[2025-06-15T16:45:52.936+0000] {taskinstance.py:2330} INFO - Executing <Task(PythonOperator): transform.transform_dim_customers> on 2025-06-15 16:45:18.685319+00:00
[2025-06-15T16:45:52.967+0000] {standard_task_runner.py:63} INFO - Started process 402 to run task
[2025-06-15T16:45:52.975+0000] {standard_task_runner.py:90} INFO - Running: ['***', 'tasks', 'run', 'globalsuperstore', 'transform.transform_dim_customers', 'manual__2025-06-15T16:45:18.685319+00:00', '--job-id', '82', '--raw', '--subdir', 'DAGS_FOLDER/global_superstore_dw_etl.py', '--cfg-path', '/tmp/tmpbvx3bmqy']
[2025-06-15T16:45:52.976+0000] {standard_task_runner.py:91} INFO - Job 82: Subtask transform.transform_dim_customers
[2025-06-15T16:45:52.977+0000] {cli_action_loggers.py:70} DEBUG - Calling callbacks: [<function default_action_log at 0x7fd327729750>]
[2025-06-15T16:45:53.048+0000] {taskinstance.py:1042} DEBUG - previous_execution_date was called
[2025-06-15T16:45:53.057+0000] {task_command.py:426} INFO - Running <TaskInstance: globalsuperstore.transform.transform_dim_customers manual__2025-06-15T16:45:18.685319+00:00 [running]> on host a40e01b9e58f
[2025-06-15T16:45:53.058+0000] {settings.py:363} DEBUG - Disposing DB connection pool (PID 402)
[2025-06-15T16:45:53.059+0000] {settings.py:250} DEBUG - Setting up DB connection pool (PID 402)
[2025-06-15T16:45:53.060+0000] {settings.py:298} DEBUG - settings.prepare_engine_args(): Using NullPool
[2025-06-15T16:45:53.124+0000] {taskinstance.py:1042} DEBUG - previous_execution_date was called
[2025-06-15T16:45:53.135+0000] {taskinstance.py:1845} DEBUG - Clearing XCom data
[2025-06-15T16:45:53.165+0000] {retries.py:91} DEBUG - Running RenderedTaskInstanceFields.write with retries. Try 1 of 3
[2025-06-15T16:45:53.199+0000] {retries.py:91} DEBUG - Running RenderedTaskInstanceFields._do_delete_old_records with retries. Try 1 of 3
[2025-06-15T16:45:53.214+0000] {taskinstance.py:2648} INFO - Exporting env vars: AIRFLOW_CTX_DAG_OWNER='***' AIRFLOW_CTX_DAG_ID='globalsuperstore' AIRFLOW_CTX_TASK_ID='transform.transform_dim_customers' AIRFLOW_CTX_EXECUTION_DATE='2025-06-15T16:45:18.685319+00:00' AIRFLOW_CTX_TRY_NUMBER='1' AIRFLOW_CTX_DAG_RUN_ID='manual__2025-06-15T16:45:18.685319+00:00'
[2025-06-15T16:45:53.214+0000] {__init__.py:115} DEBUG - Preparing lineage inlets and outlets
[2025-06-15T16:45:53.215+0000] {__init__.py:154} DEBUG - inlets: [], outlets: []
[2025-06-15T16:45:53.216+0000] {taskinstance.py:430} INFO - ::endgroup::
[2025-06-15T16:45:53.283+0000] {base.py:84} INFO - Using connection ID 'postgres' for task execution.
[2025-06-15T16:45:53.307+0000] {base.py:84} INFO - Using connection ID 'postgres' for task execution.
[2025-06-15T16:45:53.318+0000] {base.py:84} INFO - Using connection ID 'postgres' for task execution.
[2025-06-15T16:45:53.342+0000] {logging_mixin.py:188} WARNING - /home/***/.local/lib/python3.10/site-packages/***/providers/common/sql/hooks/sql.py:263 UserWarning: pandas only supports SQLAlchemy connectable (engine/connection) or database string URI or sqlite3 DBAPI2 connection. Other DBAPI2 objects are not tested. Please consider using SQLAlchemy.
[2025-06-15T16:45:55.080+0000] {logging_mixin.py:188} INFO - ✔ Đã transform và lưu dữ liệu vào warehouse.dim_customer
[2025-06-15T16:45:55.082+0000] {python.py:237} INFO - Done. Returned value was: None
[2025-06-15T16:45:55.083+0000] {taskinstance.py:441} INFO - ::group::Post task execution logs
[2025-06-15T16:45:55.084+0000] {__init__.py:77} DEBUG - Lineage called with inlets: [], outlets: []
[2025-06-15T16:45:55.097+0000] {taskinstance.py:584} DEBUG - Clearing next_method and next_kwargs.
[2025-06-15T16:45:55.098+0000] {taskinstance.py:1206} INFO - Marking task as SUCCESS. dag_id=globalsuperstore, task_id=transform.transform_dim_customers, run_id=manual__2025-06-15T16:45:18.685319+00:00, execution_date=20250615T164518, start_date=20250615T164552, end_date=20250615T164555
[2025-06-15T16:45:55.098+0000] {taskinstance.py:562} DEBUG - Task Duration set to 2.228266
[2025-06-15T16:45:55.114+0000] {cli_action_loggers.py:88} DEBUG - Calling callbacks: []
[2025-06-15T16:45:55.153+0000] {local_task_job_runner.py:240} INFO - Task exited with return code 0
[2025-06-15T16:45:55.177+0000] {dagrun.py:931} DEBUG - number of tis tasks for <DagRun globalsuperstore @ 2025-06-15 16:45:18.685319+00:00: manual__2025-06-15T16:45:18.685319+00:00, state:running, queued_at: 2025-06-15 16:45:18.902644+00:00. externally triggered: True>: 6 task(s)
[2025-06-15T16:45:55.178+0000] {dagrun.py:952} DEBUG - number of scheduleable tasks for <DagRun globalsuperstore @ 2025-06-15 16:45:18.685319+00:00: manual__2025-06-15T16:45:18.685319+00:00, state:running, queued_at: 2025-06-15 16:45:18.902644+00:00. externally triggered: True>: 1 task(s)
[2025-06-15T16:45:55.179+0000] {taskinstance.py:2088} DEBUG - <TaskInstance: globalsuperstore.load.transform_fact_sales manual__2025-06-15T16:45:18.685319+00:00 [None]> dependency 'Previous Dagrun State' PASSED: True, The task did not have depends_on_past set.
[2025-06-15T16:45:55.180+0000] {taskinstance.py:2088} DEBUG - <TaskInstance: globalsuperstore.load.transform_fact_sales manual__2025-06-15T16:45:18.685319+00:00 [None]> dependency 'Trigger Rule' PASSED: False, Task's trigger rule 'all_success' requires all upstream tasks to have succeeded, but found 2 non-success(es). upstream_states=_UpstreamTIStates(success=3, skipped=0, failed=0, upstream_failed=0, removed=0, done=3, success_setup=0, skipped_setup=0), upstream_task_ids={'transform.transform_dim_customers', 'transform.transform_dim_shipmode', 'transform.transform_dim_date', 'transform.transform_dim_locations', 'transform.transform_dim_products'}
[2025-06-15T16:45:55.180+0000] {taskinstance.py:2066} DEBUG - Dependencies not met for <TaskInstance: globalsuperstore.load.transform_fact_sales manual__2025-06-15T16:45:18.685319+00:00 [None]>, dependency 'Trigger Rule' FAILED: Task's trigger rule 'all_success' requires all upstream tasks to have succeeded, but found 2 non-success(es). upstream_states=_UpstreamTIStates(success=3, skipped=0, failed=0, upstream_failed=0, removed=0, done=3, success_setup=0, skipped_setup=0), upstream_task_ids={'transform.transform_dim_customers', 'transform.transform_dim_shipmode', 'transform.transform_dim_date', 'transform.transform_dim_locations', 'transform.transform_dim_products'}
[2025-06-15T16:45:55.180+0000] {taskinstance.py:2088} DEBUG - <TaskInstance: globalsuperstore.load.transform_fact_sales manual__2025-06-15T16:45:18.685319+00:00 [None]> dependency 'Not In Retry Period' PASSED: True, The task instance was not marked for retrying.
[2025-06-15T16:45:55.185+0000] {taskinstance.py:3503} INFO - 0 downstream tasks scheduled from follow-on schedule check
[2025-06-15T16:45:55.190+0000] {local_task_job_runner.py:222} INFO - ::endgroup::
