[2025-06-15T08:50:22.686+0000] {local_task_job_runner.py:120} INFO - ::group::Pre task execution logs
[2025-06-15T08:50:22.725+0000] {taskinstance.py:2076} INFO - Dependencies all met for dep_context=non-requeueable deps ti=<TaskInstance: globalsuperstore.extract.extract_and_load_to_staging scheduled__2025-02-27T00:00:00+00:00 [queued]>
[2025-06-15T08:50:22.740+0000] {taskinstance.py:2076} INFO - Dependencies all met for dep_context=requeueable deps ti=<TaskInstance: globalsuperstore.extract.extract_and_load_to_staging scheduled__2025-02-27T00:00:00+00:00 [queued]>
[2025-06-15T08:50:22.741+0000] {taskinstance.py:2306} INFO - Starting attempt 1 of 1
[2025-06-15T08:50:22.860+0000] {taskinstance.py:2330} INFO - Executing <Task(PythonOperator): extract.extract_and_load_to_staging> on 2025-02-27 00:00:00+00:00
[2025-06-15T08:50:22.870+0000] {standard_task_runner.py:63} INFO - Started process 1805 to run task
[2025-06-15T08:50:22.875+0000] {standard_task_runner.py:90} INFO - Running: ['***', 'tasks', 'run', 'globalsuperstore', 'extract.extract_and_load_to_staging', 'scheduled__2025-02-27T00:00:00+00:00', '--job-id', '269', '--raw', '--subdir', 'DAGS_FOLDER/global_superstore_dw_etl.py', '--cfg-path', '/tmp/tmpupjc6r7h']
[2025-06-15T08:50:22.880+0000] {standard_task_runner.py:91} INFO - Job 269: Subtask extract.extract_and_load_to_staging
[2025-06-15T08:50:23.001+0000] {task_command.py:426} INFO - Running <TaskInstance: globalsuperstore.extract.extract_and_load_to_staging scheduled__2025-02-27T00:00:00+00:00 [running]> on host f3cca4675eb8
[2025-06-15T08:50:23.195+0000] {taskinstance.py:2648} INFO - Exporting env vars: AIRFLOW_CTX_DAG_OWNER='***' AIRFLOW_CTX_DAG_ID='globalsuperstore' AIRFLOW_CTX_TASK_ID='extract.extract_and_load_to_staging' AIRFLOW_CTX_EXECUTION_DATE='2025-02-27T00:00:00+00:00' AIRFLOW_CTX_TRY_NUMBER='1' AIRFLOW_CTX_DAG_RUN_ID='scheduled__2025-02-27T00:00:00+00:00'
[2025-06-15T08:50:23.198+0000] {taskinstance.py:430} INFO - ::endgroup::
[2025-06-15T08:50:23.240+0000] {base.py:84} INFO - Using connection ID 'postgres' for task execution.
[2025-06-15T08:50:23.263+0000] {base.py:84} INFO - Using connection ID 'mysql' for task execution.
[2025-06-15T08:50:29.572+0000] {taskinstance.py:441} INFO - ::group::Post task execution logs
[2025-06-15T08:50:29.584+0000] {taskinstance.py:2905} ERROR - Task failed with exception
Traceback (most recent call last):
  File "/home/airflow/.local/lib/python3.10/site-packages/airflow/models/taskinstance.py", line 465, in _execute_task
    result = _execute_callable(context=context, **execute_callable_kwargs)
  File "/home/airflow/.local/lib/python3.10/site-packages/airflow/models/taskinstance.py", line 432, in _execute_callable
    return execute_callable(context=context, **execute_callable_kwargs)
  File "/home/airflow/.local/lib/python3.10/site-packages/airflow/models/baseoperator.py", line 401, in wrapper
    return func(self, *args, **kwargs)
  File "/home/airflow/.local/lib/python3.10/site-packages/airflow/operators/python.py", line 235, in execute
    return_value = self.execute_callable()
  File "/home/airflow/.local/lib/python3.10/site-packages/airflow/operators/python.py", line 252, in execute_callable
    return self.python_callable(*self.op_args, **self.op_kwargs)
  File "/opt/airflow/dags/extract_data.py", line 25, in extract_and_load_to_staging
    df = source_operator.get_data_to_pd(f"SELECT * FROM {table}")
  File "/opt/airflow/plugins/mysql_operator.py", line 15, in get_data_to_pd
    return self.mysqlhook.get_pandas_df(query)
  File "/home/airflow/.local/lib/python3.10/site-packages/airflow/providers/common/sql/hooks/sql.py", line 262, in get_pandas_df
    with closing(self.get_conn()) as conn:
  File "/home/airflow/.local/lib/python3.10/site-packages/airflow/providers/mysql/hooks/mysql.py", line 196, in get_conn
    return MySQLdb.connect(**conn_config)
  File "/home/airflow/.local/lib/python3.10/site-packages/MySQLdb/__init__.py", line 121, in Connect
    return Connection(*args, **kwargs)
  File "/home/airflow/.local/lib/python3.10/site-packages/MySQLdb/connections.py", line 195, in __init__
    super().__init__(*args, **kwargs2)
MySQLdb.OperationalError: (2005, "Unknown server host 'mysql' (-2)")
[2025-06-15T08:50:29.624+0000] {taskinstance.py:1206} INFO - Marking task as FAILED. dag_id=globalsuperstore, task_id=extract.extract_and_load_to_staging, run_id=scheduled__2025-02-27T00:00:00+00:00, execution_date=20250227T000000, start_date=20250615T085022, end_date=20250615T085029
[2025-06-15T08:50:29.659+0000] {standard_task_runner.py:110} ERROR - Failed to execute job 269 for task extract.extract_and_load_to_staging ((2005, "Unknown server host 'mysql' (-2)"); 1805)
[2025-06-15T08:50:29.682+0000] {local_task_job_runner.py:240} INFO - Task exited with return code 1
[2025-06-15T08:50:29.731+0000] {taskinstance.py:3503} INFO - 0 downstream tasks scheduled from follow-on schedule check
[2025-06-15T08:50:29.744+0000] {local_task_job_runner.py:222} INFO - ::endgroup::
