[2025-06-17T02:59:13.410+0000] {taskinstance.py:1042} DEBUG - previous_execution_date was called
[2025-06-17T02:59:13.527+0000] {__init__.py:54} DEBUG - Loading core task runner: StandardTaskRunner
[2025-06-17T02:59:13.555+0000] {taskinstance.py:1042} DEBUG - previous_execution_date was called
[2025-06-17T02:59:13.567+0000] {base_task_runner.py:73} DEBUG - Planning to run as the  user
[2025-06-17T02:59:13.587+0000] {local_task_job_runner.py:120} INFO - ::group::Pre task execution logs
[2025-06-17T02:59:13.623+0000] {taskinstance.py:2088} DEBUG - <TaskInstance: globalsuperstore.transform.transform_dim_products manual__2025-06-17T02:58:55.035470+00:00 [queued]> dependency 'Task Instance State' PASSED: True, Task state queued was valid.
[2025-06-17T02:59:13.624+0000] {taskinstance.py:2088} DEBUG - <TaskInstance: globalsuperstore.transform.transform_dim_products manual__2025-06-17T02:58:55.035470+00:00 [queued]> dependency 'Previous Dagrun State' PASSED: True, The task did not have depends_on_past set.
[2025-06-17T02:59:13.625+0000] {taskinstance.py:2088} DEBUG - <TaskInstance: globalsuperstore.transform.transform_dim_products manual__2025-06-17T02:58:55.035470+00:00 [queued]> dependency 'Not In Retry Period' PASSED: True, The task instance was not marked for retrying.
[2025-06-17T02:59:13.626+0000] {taskinstance.py:2088} DEBUG - <TaskInstance: globalsuperstore.transform.transform_dim_products manual__2025-06-17T02:58:55.035470+00:00 [queued]> dependency 'Task Instance Not Running' PASSED: True, Task is not in running state.
[2025-06-17T02:59:13.637+0000] {taskinstance.py:2076} INFO - Dependencies all met for dep_context=non-requeueable deps ti=<TaskInstance: globalsuperstore.transform.transform_dim_products manual__2025-06-17T02:58:55.035470+00:00 [queued]>
[2025-06-17T02:59:13.638+0000] {taskinstance.py:2088} DEBUG - <TaskInstance: globalsuperstore.transform.transform_dim_products manual__2025-06-17T02:58:55.035470+00:00 [queued]> dependency 'Not In Retry Period' PASSED: True, The task instance was not marked for retrying.
[2025-06-17T02:59:13.647+0000] {taskinstance.py:2088} DEBUG - <TaskInstance: globalsuperstore.transform.transform_dim_products manual__2025-06-17T02:58:55.035470+00:00 [queued]> dependency 'Pool Slots Available' PASSED: True, There are enough open slots in default_pool to execute the task
[2025-06-17T02:59:13.648+0000] {taskinstance.py:2088} DEBUG - <TaskInstance: globalsuperstore.transform.transform_dim_products manual__2025-06-17T02:58:55.035470+00:00 [queued]> dependency 'Task Concurrency' PASSED: True, Task concurrency is not set.
[2025-06-17T02:59:13.648+0000] {taskinstance.py:2088} DEBUG - <TaskInstance: globalsuperstore.transform.transform_dim_products manual__2025-06-17T02:58:55.035470+00:00 [queued]> dependency 'Previous Dagrun State' PASSED: True, The task did not have depends_on_past set.
[2025-06-17T02:59:13.658+0000] {taskinstance.py:2076} INFO - Dependencies all met for dep_context=requeueable deps ti=<TaskInstance: globalsuperstore.transform.transform_dim_products manual__2025-06-17T02:58:55.035470+00:00 [queued]>
[2025-06-17T02:59:13.659+0000] {taskinstance.py:2306} INFO - Starting attempt 1 of 1
[2025-06-17T02:59:13.685+0000] {taskinstance.py:2330} INFO - Executing <Task(PythonOperator): transform.transform_dim_products> on 2025-06-17 02:58:55.035470+00:00
[2025-06-17T02:59:13.694+0000] {standard_task_runner.py:63} INFO - Started process 361 to run task
[2025-06-17T02:59:13.701+0000] {standard_task_runner.py:90} INFO - Running: ['***', 'tasks', 'run', 'globalsuperstore', 'transform.transform_dim_products', 'manual__2025-06-17T02:58:55.035470+00:00', '--job-id', '476', '--raw', '--subdir', 'DAGS_FOLDER/global_superstore_dw_etl.py', '--cfg-path', '/tmp/tmpaqa1uwbf']
[2025-06-17T02:59:13.702+0000] {standard_task_runner.py:91} INFO - Job 476: Subtask transform.transform_dim_products
[2025-06-17T02:59:13.704+0000] {cli_action_loggers.py:70} DEBUG - Calling callbacks: [<function default_action_log at 0x7f4b9ba99750>]
[2025-06-17T02:59:13.769+0000] {taskinstance.py:1042} DEBUG - previous_execution_date was called
[2025-06-17T02:59:13.778+0000] {task_command.py:426} INFO - Running <TaskInstance: globalsuperstore.transform.transform_dim_products manual__2025-06-17T02:58:55.035470+00:00 [running]> on host 9b7c60adfed6
[2025-06-17T02:59:13.779+0000] {settings.py:363} DEBUG - Disposing DB connection pool (PID 361)
[2025-06-17T02:59:13.780+0000] {settings.py:250} DEBUG - Setting up DB connection pool (PID 361)
[2025-06-17T02:59:13.781+0000] {settings.py:298} DEBUG - settings.prepare_engine_args(): Using NullPool
[2025-06-17T02:59:13.824+0000] {taskinstance.py:1042} DEBUG - previous_execution_date was called
[2025-06-17T02:59:13.836+0000] {taskinstance.py:1845} DEBUG - Clearing XCom data
[2025-06-17T02:59:13.853+0000] {retries.py:91} DEBUG - Running RenderedTaskInstanceFields.write with retries. Try 1 of 3
[2025-06-17T02:59:13.898+0000] {retries.py:91} DEBUG - Running RenderedTaskInstanceFields._do_delete_old_records with retries. Try 1 of 3
[2025-06-17T02:59:13.922+0000] {taskinstance.py:2648} INFO - Exporting env vars: AIRFLOW_CTX_DAG_OWNER='***' AIRFLOW_CTX_DAG_ID='globalsuperstore' AIRFLOW_CTX_TASK_ID='transform.transform_dim_products' AIRFLOW_CTX_EXECUTION_DATE='2025-06-17T02:58:55.035470+00:00' AIRFLOW_CTX_TRY_NUMBER='1' AIRFLOW_CTX_DAG_RUN_ID='manual__2025-06-17T02:58:55.035470+00:00'
[2025-06-17T02:59:13.924+0000] {__init__.py:115} DEBUG - Preparing lineage inlets and outlets
[2025-06-17T02:59:13.927+0000] {__init__.py:154} DEBUG - inlets: [], outlets: []
[2025-06-17T02:59:13.928+0000] {taskinstance.py:430} INFO - ::endgroup::
[2025-06-17T02:59:13.972+0000] {base.py:84} INFO - Using connection ID 'postgres' for task execution.
[2025-06-17T02:59:14.008+0000] {base.py:84} INFO - Using connection ID 'postgres' for task execution.
[2025-06-17T02:59:14.011+0000] {sql.py:427} DEBUG - Executing following statements against DB: ['TRUNCATE TABLE "warehouse"."fact_sales" RESTART IDENTITY CASCADE']
[2025-06-17T02:59:14.041+0000] {base.py:84} INFO - Using connection ID 'postgres' for task execution.
[2025-06-17T02:59:14.047+0000] {sql.py:487} INFO - Running statement: TRUNCATE TABLE "warehouse"."fact_sales" RESTART IDENTITY CASCADE, parameters: None
[2025-06-17T02:59:14.165+0000] {sql.py:427} DEBUG - Executing following statements against DB: ['TRUNCATE TABLE "warehouse"."dim_product" RESTART IDENTITY CASCADE']
[2025-06-17T02:59:14.178+0000] {base.py:84} INFO - Using connection ID 'postgres' for task execution.
[2025-06-17T02:59:14.184+0000] {sql.py:487} INFO - Running statement: TRUNCATE TABLE "warehouse"."dim_product" RESTART IDENTITY CASCADE, parameters: None
[2025-06-17T02:59:14.370+0000] {base.py:84} INFO - Using connection ID 'postgres' for task execution.
[2025-06-17T02:59:14.380+0000] {logging_mixin.py:188} WARNING - /home/***/.local/lib/python3.10/site-packages/***/providers/common/sql/hooks/sql.py:263 UserWarning: pandas only supports SQLAlchemy connectable (engine/connection) or database string URI or sqlite3 DBAPI2 connection. Other DBAPI2 objects are not tested. Please consider using SQLAlchemy.
[2025-06-17T02:59:14.428+0000] {base.py:84} INFO - Using connection ID 'postgres' for task execution.
[2025-06-17T02:59:14.438+0000] {logging_mixin.py:188} WARNING - /home/***/.local/lib/python3.10/site-packages/***/providers/common/sql/hooks/sql.py:263 UserWarning: pandas only supports SQLAlchemy connectable (engine/connection) or database string URI or sqlite3 DBAPI2 connection. Other DBAPI2 objects are not tested. Please consider using SQLAlchemy.
[2025-06-17T02:59:14.455+0000] {base.py:84} INFO - Using connection ID 'postgres' for task execution.
[2025-06-17T02:59:14.465+0000] {logging_mixin.py:188} WARNING - /home/***/.local/lib/python3.10/site-packages/***/providers/common/sql/hooks/sql.py:263 UserWarning: pandas only supports SQLAlchemy connectable (engine/connection) or database string URI or sqlite3 DBAPI2 connection. Other DBAPI2 objects are not tested. Please consider using SQLAlchemy.
[2025-06-17T02:59:15.734+0000] {logging_mixin.py:188} INFO - ✔ Đã lưu dữ liệu vào warehouse.dim_product (10292 dòng)
[2025-06-17T02:59:15.734+0000] {logging_mixin.py:188} INFO - ✔ Đã transform và lưu dữ liệu vào warehouse.dim_product
[2025-06-17T02:59:15.736+0000] {python.py:237} INFO - Done. Returned value was: None
[2025-06-17T02:59:15.736+0000] {taskinstance.py:441} INFO - ::group::Post task execution logs
[2025-06-17T02:59:15.737+0000] {__init__.py:77} DEBUG - Lineage called with inlets: [], outlets: []
[2025-06-17T02:59:15.744+0000] {taskinstance.py:584} DEBUG - Clearing next_method and next_kwargs.
[2025-06-17T02:59:15.745+0000] {taskinstance.py:1206} INFO - Marking task as SUCCESS. dag_id=globalsuperstore, task_id=transform.transform_dim_products, run_id=manual__2025-06-17T02:58:55.035470+00:00, execution_date=20250617T025855, start_date=20250617T025913, end_date=20250617T025915
[2025-06-17T02:59:15.745+0000] {taskinstance.py:562} DEBUG - Task Duration set to 2.106606
[2025-06-17T02:59:15.756+0000] {cli_action_loggers.py:88} DEBUG - Calling callbacks: []
[2025-06-17T02:59:15.804+0000] {local_task_job_runner.py:240} INFO - Task exited with return code 0
[2025-06-17T02:59:15.820+0000] {dagrun.py:931} DEBUG - number of tis tasks for <DagRun globalsuperstore @ 2025-06-17 02:58:55.035470+00:00: manual__2025-06-17T02:58:55.035470+00:00, state:running, queued_at: 2025-06-17 02:58:55.085342+00:00. externally triggered: True>: 6 task(s)
[2025-06-17T02:59:15.821+0000] {dagrun.py:952} DEBUG - number of scheduleable tasks for <DagRun globalsuperstore @ 2025-06-17 02:58:55.035470+00:00: manual__2025-06-17T02:58:55.035470+00:00, state:running, queued_at: 2025-06-17 02:58:55.085342+00:00. externally triggered: True>: 1 task(s)
[2025-06-17T02:59:15.822+0000] {taskinstance.py:2088} DEBUG - <TaskInstance: globalsuperstore.load.transform_fact_sales manual__2025-06-17T02:58:55.035470+00:00 [None]> dependency 'Previous Dagrun State' PASSED: True, The task did not have depends_on_past set.
[2025-06-17T02:59:15.822+0000] {taskinstance.py:2088} DEBUG - <TaskInstance: globalsuperstore.load.transform_fact_sales manual__2025-06-17T02:58:55.035470+00:00 [None]> dependency 'Not In Retry Period' PASSED: True, The task instance was not marked for retrying.
[2025-06-17T02:59:15.823+0000] {taskinstance.py:2076} DEBUG - Dependencies all met for dep_context=None ti=<TaskInstance: globalsuperstore.load.transform_fact_sales manual__2025-06-17T02:58:55.035470+00:00 [None]>
[2025-06-17T02:59:15.826+0000] {taskinstance.py:3503} INFO - 1 downstream tasks scheduled from follow-on schedule check
[2025-06-17T02:59:15.832+0000] {local_task_job_runner.py:222} INFO - ::endgroup::
