[2025-06-16T16:37:28.870+0000] {taskinstance.py:1042} DEBUG - previous_execution_date was called
[2025-06-16T16:37:28.907+0000] {__init__.py:54} DEBUG - Loading core task runner: StandardTaskRunner
[2025-06-16T16:37:28.933+0000] {taskinstance.py:1042} DEBUG - previous_execution_date was called
[2025-06-16T16:37:28.948+0000] {base_task_runner.py:73} DEBUG - Planning to run as the  user
[2025-06-16T16:37:28.955+0000] {local_task_job_runner.py:120} INFO - ::group::Pre task execution logs
[2025-06-16T16:37:29.026+0000] {taskinstance.py:2088} DEBUG - <TaskInstance: globalsuperstore.transform.transform_dim_customers manual__2025-06-16T16:36:58.795703+00:00 [queued]> dependency 'Task Instance State' PASSED: True, Task state queued was valid.
[2025-06-16T16:37:29.029+0000] {taskinstance.py:2088} DEBUG - <TaskInstance: globalsuperstore.transform.transform_dim_customers manual__2025-06-16T16:36:58.795703+00:00 [queued]> dependency 'Previous Dagrun State' PASSED: True, The task did not have depends_on_past set.
[2025-06-16T16:37:29.042+0000] {taskinstance.py:2088} DEBUG - <TaskInstance: globalsuperstore.transform.transform_dim_customers manual__2025-06-16T16:36:58.795703+00:00 [queued]> dependency 'Not In Retry Period' PASSED: True, The task instance was not marked for retrying.
[2025-06-16T16:37:29.044+0000] {taskinstance.py:2088} DEBUG - <TaskInstance: globalsuperstore.transform.transform_dim_customers manual__2025-06-16T16:36:58.795703+00:00 [queued]> dependency 'Task Instance Not Running' PASSED: True, Task is not in running state.
[2025-06-16T16:37:29.047+0000] {taskinstance.py:2076} INFO - Dependencies all met for dep_context=non-requeueable deps ti=<TaskInstance: globalsuperstore.transform.transform_dim_customers manual__2025-06-16T16:36:58.795703+00:00 [queued]>
[2025-06-16T16:37:29.049+0000] {taskinstance.py:2088} DEBUG - <TaskInstance: globalsuperstore.transform.transform_dim_customers manual__2025-06-16T16:36:58.795703+00:00 [queued]> dependency 'Previous Dagrun State' PASSED: True, The task did not have depends_on_past set.
[2025-06-16T16:37:29.060+0000] {taskinstance.py:2088} DEBUG - <TaskInstance: globalsuperstore.transform.transform_dim_customers manual__2025-06-16T16:36:58.795703+00:00 [queued]> dependency 'Not In Retry Period' PASSED: True, The task instance was not marked for retrying.
[2025-06-16T16:37:29.071+0000] {taskinstance.py:2088} DEBUG - <TaskInstance: globalsuperstore.transform.transform_dim_customers manual__2025-06-16T16:36:58.795703+00:00 [queued]> dependency 'Pool Slots Available' PASSED: True, There are enough open slots in default_pool to execute the task
[2025-06-16T16:37:29.072+0000] {taskinstance.py:2088} DEBUG - <TaskInstance: globalsuperstore.transform.transform_dim_customers manual__2025-06-16T16:36:58.795703+00:00 [queued]> dependency 'Task Concurrency' PASSED: True, Task concurrency is not set.
[2025-06-16T16:37:29.073+0000] {taskinstance.py:2076} INFO - Dependencies all met for dep_context=requeueable deps ti=<TaskInstance: globalsuperstore.transform.transform_dim_customers manual__2025-06-16T16:36:58.795703+00:00 [queued]>
[2025-06-16T16:37:29.074+0000] {taskinstance.py:2306} INFO - Starting attempt 1 of 1
[2025-06-16T16:37:29.108+0000] {taskinstance.py:2330} INFO - Executing <Task(PythonOperator): transform.transform_dim_customers> on 2025-06-16 16:36:58.795703+00:00
[2025-06-16T16:37:29.127+0000] {standard_task_runner.py:63} INFO - Started process 239 to run task
[2025-06-16T16:37:29.131+0000] {standard_task_runner.py:90} INFO - Running: ['***', 'tasks', 'run', 'globalsuperstore', 'transform.transform_dim_customers', 'manual__2025-06-16T16:36:58.795703+00:00', '--job-id', '207', '--raw', '--subdir', 'DAGS_FOLDER/global_superstore_dw_etl.py', '--cfg-path', '/tmp/tmpzs90es3f']
[2025-06-16T16:37:29.134+0000] {standard_task_runner.py:91} INFO - Job 207: Subtask transform.transform_dim_customers
[2025-06-16T16:37:29.136+0000] {cli_action_loggers.py:70} DEBUG - Calling callbacks: [<function default_action_log at 0x7fc637a79750>]
[2025-06-16T16:37:29.227+0000] {taskinstance.py:1042} DEBUG - previous_execution_date was called
[2025-06-16T16:37:29.239+0000] {task_command.py:426} INFO - Running <TaskInstance: globalsuperstore.transform.transform_dim_customers manual__2025-06-16T16:36:58.795703+00:00 [running]> on host 9b7c60adfed6
[2025-06-16T16:37:29.240+0000] {settings.py:363} DEBUG - Disposing DB connection pool (PID 239)
[2025-06-16T16:37:29.242+0000] {settings.py:250} DEBUG - Setting up DB connection pool (PID 239)
[2025-06-16T16:37:29.244+0000] {settings.py:298} DEBUG - settings.prepare_engine_args(): Using NullPool
[2025-06-16T16:37:29.301+0000] {taskinstance.py:1042} DEBUG - previous_execution_date was called
[2025-06-16T16:37:29.304+0000] {taskinstance.py:1845} DEBUG - Clearing XCom data
[2025-06-16T16:37:29.321+0000] {retries.py:91} DEBUG - Running RenderedTaskInstanceFields.write with retries. Try 1 of 3
[2025-06-16T16:37:29.355+0000] {retries.py:91} DEBUG - Running RenderedTaskInstanceFields._do_delete_old_records with retries. Try 1 of 3
[2025-06-16T16:37:29.372+0000] {taskinstance.py:2648} INFO - Exporting env vars: AIRFLOW_CTX_DAG_OWNER='***' AIRFLOW_CTX_DAG_ID='globalsuperstore' AIRFLOW_CTX_TASK_ID='transform.transform_dim_customers' AIRFLOW_CTX_EXECUTION_DATE='2025-06-16T16:36:58.795703+00:00' AIRFLOW_CTX_TRY_NUMBER='1' AIRFLOW_CTX_DAG_RUN_ID='manual__2025-06-16T16:36:58.795703+00:00'
[2025-06-16T16:37:29.374+0000] {__init__.py:115} DEBUG - Preparing lineage inlets and outlets
[2025-06-16T16:37:29.375+0000] {__init__.py:154} DEBUG - inlets: [], outlets: []
[2025-06-16T16:37:29.376+0000] {taskinstance.py:430} INFO - ::endgroup::
[2025-06-16T16:37:29.403+0000] {base.py:84} INFO - Using connection ID 'postgres' for task execution.
[2025-06-16T16:37:29.415+0000] {base.py:84} INFO - Using connection ID 'postgres' for task execution.
[2025-06-16T16:37:29.436+0000] {logging_mixin.py:188} INFO - ✔ Đã xóa dữ liệu trong warehouse.fact_sales
[2025-06-16T16:37:29.461+0000] {logging_mixin.py:188} INFO - ✔ Đã xóa dữ liệu trong warehouse.dim_customer
[2025-06-16T16:37:29.489+0000] {logging_mixin.py:188} INFO - ✔ Đã xóa dữ liệu trong warehouse.dim_product
[2025-06-16T16:37:29.521+0000] {logging_mixin.py:188} INFO - ✔ Đã xóa dữ liệu trong warehouse.dim_date
[2025-06-16T16:37:29.554+0000] {logging_mixin.py:188} INFO - ✔ Đã xóa dữ liệu trong warehouse.dim_location
[2025-06-16T16:37:29.588+0000] {logging_mixin.py:188} INFO - ✔ Đã xóa dữ liệu trong warehouse.dim_shipmode
[2025-06-16T16:37:29.618+0000] {base.py:84} INFO - Using connection ID 'postgres' for task execution.
[2025-06-16T16:37:29.649+0000] {logging_mixin.py:188} WARNING - /home/***/.local/lib/python3.10/site-packages/***/providers/common/sql/hooks/sql.py:263 UserWarning: pandas only supports SQLAlchemy connectable (engine/connection) or database string URI or sqlite3 DBAPI2 connection. Other DBAPI2 objects are not tested. Please consider using SQLAlchemy.
[2025-06-16T16:37:30.289+0000] {logging_mixin.py:188} INFO - ✔ Đã transform và lưu dữ liệu vào warehouse.dim_customer
[2025-06-16T16:37:30.291+0000] {python.py:237} INFO - Done. Returned value was: None
[2025-06-16T16:37:30.292+0000] {taskinstance.py:441} INFO - ::group::Post task execution logs
[2025-06-16T16:37:30.293+0000] {__init__.py:77} DEBUG - Lineage called with inlets: [], outlets: []
[2025-06-16T16:37:30.309+0000] {taskinstance.py:584} DEBUG - Clearing next_method and next_kwargs.
[2025-06-16T16:37:30.310+0000] {taskinstance.py:1206} INFO - Marking task as SUCCESS. dag_id=globalsuperstore, task_id=transform.transform_dim_customers, run_id=manual__2025-06-16T16:36:58.795703+00:00, execution_date=20250616T163658, start_date=20250616T163729, end_date=20250616T163730
[2025-06-16T16:37:30.311+0000] {taskinstance.py:562} DEBUG - Task Duration set to 1.260982
[2025-06-16T16:37:30.335+0000] {cli_action_loggers.py:88} DEBUG - Calling callbacks: []
[2025-06-16T16:37:30.394+0000] {local_task_job_runner.py:240} INFO - Task exited with return code 0
[2025-06-16T16:37:30.404+0000] {taskinstance.py:3461} DEBUG - Skip locked rows, rollback
[2025-06-16T16:37:30.406+0000] {local_task_job_runner.py:222} INFO - ::endgroup::
