[2025-06-16T15:33:58.351+0000] {taskinstance.py:1042} DEBUG - previous_execution_date was called
[2025-06-16T15:33:58.389+0000] {__init__.py:54} DEBUG - Loading core task runner: StandardTaskRunner
[2025-06-16T15:33:58.415+0000] {taskinstance.py:1042} DEBUG - previous_execution_date was called
[2025-06-16T15:33:58.420+0000] {base_task_runner.py:73} DEBUG - Planning to run as the  user
[2025-06-16T15:33:58.475+0000] {local_task_job_runner.py:120} INFO - ::group::Pre task execution logs
[2025-06-16T15:33:58.888+0000] {taskinstance.py:2088} DEBUG - <TaskInstance: globalsuperstore.extract.extract_and_load_to_staging manual__2025-06-16T15:33:53.359753+00:00 [queued]> dependency 'Previous Dagrun State' PASSED: True, The task did not have depends_on_past set.
[2025-06-16T15:33:58.890+0000] {taskinstance.py:2088} DEBUG - <TaskInstance: globalsuperstore.extract.extract_and_load_to_staging manual__2025-06-16T15:33:53.359753+00:00 [queued]> dependency 'Trigger Rule' PASSED: True, The task instance did not have any upstream tasks.
[2025-06-16T15:33:58.910+0000] {taskinstance.py:2088} DEBUG - <TaskInstance: globalsuperstore.extract.extract_and_load_to_staging manual__2025-06-16T15:33:53.359753+00:00 [queued]> dependency 'Not In Retry Period' PASSED: True, The task instance was not marked for retrying.
[2025-06-16T15:33:58.916+0000] {taskinstance.py:2088} DEBUG - <TaskInstance: globalsuperstore.extract.extract_and_load_to_staging manual__2025-06-16T15:33:53.359753+00:00 [queued]> dependency 'Task Instance Not Running' PASSED: True, Task is not in running state.
[2025-06-16T15:33:58.919+0000] {taskinstance.py:2088} DEBUG - <TaskInstance: globalsuperstore.extract.extract_and_load_to_staging manual__2025-06-16T15:33:53.359753+00:00 [queued]> dependency 'Task Instance State' PASSED: True, Task state queued was valid.
[2025-06-16T15:33:58.920+0000] {taskinstance.py:2076} INFO - Dependencies all met for dep_context=non-requeueable deps ti=<TaskInstance: globalsuperstore.extract.extract_and_load_to_staging manual__2025-06-16T15:33:53.359753+00:00 [queued]>
[2025-06-16T15:33:58.921+0000] {taskinstance.py:2088} DEBUG - <TaskInstance: globalsuperstore.extract.extract_and_load_to_staging manual__2025-06-16T15:33:53.359753+00:00 [queued]> dependency 'Previous Dagrun State' PASSED: True, The task did not have depends_on_past set.
[2025-06-16T15:33:58.921+0000] {taskinstance.py:2088} DEBUG - <TaskInstance: globalsuperstore.extract.extract_and_load_to_staging manual__2025-06-16T15:33:53.359753+00:00 [queued]> dependency 'Trigger Rule' PASSED: True, The task instance did not have any upstream tasks.
[2025-06-16T15:33:58.932+0000] {taskinstance.py:2088} DEBUG - <TaskInstance: globalsuperstore.extract.extract_and_load_to_staging manual__2025-06-16T15:33:53.359753+00:00 [queued]> dependency 'Not In Retry Period' PASSED: True, The task instance was not marked for retrying.
[2025-06-16T15:33:58.946+0000] {taskinstance.py:2088} DEBUG - <TaskInstance: globalsuperstore.extract.extract_and_load_to_staging manual__2025-06-16T15:33:53.359753+00:00 [queued]> dependency 'Pool Slots Available' PASSED: True, There are enough open slots in default_pool to execute the task
[2025-06-16T15:33:58.947+0000] {taskinstance.py:2088} DEBUG - <TaskInstance: globalsuperstore.extract.extract_and_load_to_staging manual__2025-06-16T15:33:53.359753+00:00 [queued]> dependency 'Task Concurrency' PASSED: True, Task concurrency is not set.
[2025-06-16T15:33:58.949+0000] {taskinstance.py:2076} INFO - Dependencies all met for dep_context=requeueable deps ti=<TaskInstance: globalsuperstore.extract.extract_and_load_to_staging manual__2025-06-16T15:33:53.359753+00:00 [queued]>
[2025-06-16T15:33:58.951+0000] {taskinstance.py:2306} INFO - Starting attempt 1 of 1
[2025-06-16T15:33:59.031+0000] {taskinstance.py:2330} INFO - Executing <Task(PythonOperator): extract.extract_and_load_to_staging> on 2025-06-16 15:33:53.359753+00:00
[2025-06-16T15:33:59.094+0000] {standard_task_runner.py:63} INFO - Started process 1508 to run task
[2025-06-16T15:33:59.105+0000] {standard_task_runner.py:90} INFO - Running: ['***', 'tasks', 'run', 'globalsuperstore', 'extract.extract_and_load_to_staging', 'manual__2025-06-16T15:33:53.359753+00:00', '--job-id', '71', '--raw', '--subdir', 'DAGS_FOLDER/global_superstore_dw_etl.py', '--cfg-path', '/tmp/tmp0n3g50ar']
[2025-06-16T15:33:59.108+0000] {standard_task_runner.py:91} INFO - Job 71: Subtask extract.extract_and_load_to_staging
[2025-06-16T15:33:59.110+0000] {cli_action_loggers.py:70} DEBUG - Calling callbacks: [<function default_action_log at 0x7fbe3032d750>]
[2025-06-16T15:33:59.267+0000] {taskinstance.py:1042} DEBUG - previous_execution_date was called
[2025-06-16T15:33:59.277+0000] {task_command.py:426} INFO - Running <TaskInstance: globalsuperstore.extract.extract_and_load_to_staging manual__2025-06-16T15:33:53.359753+00:00 [running]> on host cdd5f2df74dd
[2025-06-16T15:33:59.278+0000] {settings.py:363} DEBUG - Disposing DB connection pool (PID 1508)
[2025-06-16T15:33:59.279+0000] {settings.py:250} DEBUG - Setting up DB connection pool (PID 1508)
[2025-06-16T15:33:59.281+0000] {settings.py:298} DEBUG - settings.prepare_engine_args(): Using NullPool
[2025-06-16T15:33:59.351+0000] {taskinstance.py:1042} DEBUG - previous_execution_date was called
[2025-06-16T15:33:59.357+0000] {taskinstance.py:1845} DEBUG - Clearing XCom data
[2025-06-16T15:33:59.461+0000] {retries.py:91} DEBUG - Running RenderedTaskInstanceFields.write with retries. Try 1 of 3
[2025-06-16T15:33:59.536+0000] {retries.py:91} DEBUG - Running RenderedTaskInstanceFields._do_delete_old_records with retries. Try 1 of 3
[2025-06-16T15:33:59.576+0000] {taskinstance.py:2648} INFO - Exporting env vars: AIRFLOW_CTX_DAG_OWNER='***' AIRFLOW_CTX_DAG_ID='globalsuperstore' AIRFLOW_CTX_TASK_ID='extract.extract_and_load_to_staging' AIRFLOW_CTX_EXECUTION_DATE='2025-06-16T15:33:53.359753+00:00' AIRFLOW_CTX_TRY_NUMBER='1' AIRFLOW_CTX_DAG_RUN_ID='manual__2025-06-16T15:33:53.359753+00:00'
[2025-06-16T15:33:59.578+0000] {__init__.py:115} DEBUG - Preparing lineage inlets and outlets
[2025-06-16T15:33:59.579+0000] {__init__.py:154} DEBUG - inlets: [], outlets: []
[2025-06-16T15:33:59.581+0000] {taskinstance.py:430} INFO - ::endgroup::
[2025-06-16T15:33:59.772+0000] {base.py:84} INFO - Using connection ID 'postgres' for task execution.
[2025-06-16T15:33:59.775+0000] {logging_mixin.py:188} INFO - ⏳ Đang tải dữ liệu từ bảng Category...
[2025-06-16T15:33:59.786+0000] {base.py:84} INFO - Using connection ID 'mysql' for task execution.
[2025-06-16T15:34:00.192+0000] {logging_mixin.py:188} WARNING - /home/***/.local/lib/python3.10/site-packages/***/providers/common/sql/hooks/sql.py:263 UserWarning: pandas only supports SQLAlchemy connectable (engine/connection) or database string URI or sqlite3 DBAPI2 connection. Other DBAPI2 objects are not tested. Please consider using SQLAlchemy.
[2025-06-16T15:34:01.003+0000] {logging_mixin.py:188} INFO - ✔ Đã load Category → staging.stg_Category
[2025-06-16T15:34:01.005+0000] {logging_mixin.py:188} INFO - ⏳ Đang tải dữ liệu từ bảng Customer...
[2025-06-16T15:34:01.022+0000] {base.py:84} INFO - Using connection ID 'mysql' for task execution.
[2025-06-16T15:34:01.045+0000] {logging_mixin.py:188} WARNING - /home/***/.local/lib/python3.10/site-packages/***/providers/common/sql/hooks/sql.py:263 UserWarning: pandas only supports SQLAlchemy connectable (engine/connection) or database string URI or sqlite3 DBAPI2 connection. Other DBAPI2 objects are not tested. Please consider using SQLAlchemy.
[2025-06-16T15:34:04.171+0000] {retries.py:91} DEBUG - Running Job._fetch_from_db with retries. Try 1 of 3
[2025-06-16T15:34:04.190+0000] {retries.py:91} DEBUG - Running Job._update_heartbeat with retries. Try 1 of 3
[2025-06-16T15:34:04.212+0000] {job.py:214} DEBUG - [heartbeat]
[2025-06-16T15:34:06.620+0000] {logging_mixin.py:188} INFO - ✔ Đã load Customer → staging.stg_Customer
[2025-06-16T15:34:06.620+0000] {logging_mixin.py:188} INFO - ⏳ Đang tải dữ liệu từ bảng Order_Details...
[2025-06-16T15:34:06.626+0000] {base.py:84} INFO - Using connection ID 'mysql' for task execution.
[2025-06-16T15:34:06.639+0000] {logging_mixin.py:188} WARNING - /home/***/.local/lib/python3.10/site-packages/***/providers/common/sql/hooks/sql.py:263 UserWarning: pandas only supports SQLAlchemy connectable (engine/connection) or database string URI or sqlite3 DBAPI2 connection. Other DBAPI2 objects are not tested. Please consider using SQLAlchemy.
[2025-06-16T15:34:09.244+0000] {retries.py:91} DEBUG - Running Job._fetch_from_db with retries. Try 1 of 3
[2025-06-16T15:34:09.251+0000] {retries.py:91} DEBUG - Running Job._update_heartbeat with retries. Try 1 of 3
[2025-06-16T15:34:09.296+0000] {job.py:214} DEBUG - [heartbeat]
[2025-06-16T15:34:14.325+0000] {retries.py:91} DEBUG - Running Job._fetch_from_db with retries. Try 1 of 3
[2025-06-16T15:34:14.414+0000] {retries.py:91} DEBUG - Running Job._update_heartbeat with retries. Try 1 of 3
[2025-06-16T15:34:15.362+0000] {job.py:214} DEBUG - [heartbeat]
[2025-06-16T15:34:19.075+0000] {logging_mixin.py:188} INFO - ✔ Đã load Order_Details → staging.stg_Order_Details
[2025-06-16T15:34:19.075+0000] {logging_mixin.py:188} INFO - ⏳ Đang tải dữ liệu từ bảng Orders...
[2025-06-16T15:34:19.084+0000] {base.py:84} INFO - Using connection ID 'mysql' for task execution.
[2025-06-16T15:34:19.125+0000] {logging_mixin.py:188} WARNING - /home/***/.local/lib/python3.10/site-packages/***/providers/common/sql/hooks/sql.py:263 UserWarning: pandas only supports SQLAlchemy connectable (engine/connection) or database string URI or sqlite3 DBAPI2 connection. Other DBAPI2 objects are not tested. Please consider using SQLAlchemy.
[2025-06-16T15:34:20.392+0000] {retries.py:91} DEBUG - Running Job._fetch_from_db with retries. Try 1 of 3
[2025-06-16T15:34:20.400+0000] {retries.py:91} DEBUG - Running Job._update_heartbeat with retries. Try 1 of 3
[2025-06-16T15:34:20.412+0000] {job.py:214} DEBUG - [heartbeat]
[2025-06-16T15:34:23.677+0000] {logging_mixin.py:188} INFO - ✔ Đã load Orders → staging.stg_Orders
[2025-06-16T15:34:23.677+0000] {logging_mixin.py:188} INFO - ⏳ Đang tải dữ liệu từ bảng Product...
[2025-06-16T15:34:23.686+0000] {base.py:84} INFO - Using connection ID 'mysql' for task execution.
[2025-06-16T15:34:23.697+0000] {logging_mixin.py:188} WARNING - /home/***/.local/lib/python3.10/site-packages/***/providers/common/sql/hooks/sql.py:263 UserWarning: pandas only supports SQLAlchemy connectable (engine/connection) or database string URI or sqlite3 DBAPI2 connection. Other DBAPI2 objects are not tested. Please consider using SQLAlchemy.
[2025-06-16T15:34:24.584+0000] {logging_mixin.py:188} INFO - ✔ Đã load Product → staging.stg_Product
[2025-06-16T15:34:24.585+0000] {logging_mixin.py:188} INFO - ⏳ Đang tải dữ liệu từ bảng Sub_Category...
[2025-06-16T15:34:24.591+0000] {base.py:84} INFO - Using connection ID 'mysql' for task execution.
[2025-06-16T15:34:24.596+0000] {logging_mixin.py:188} WARNING - /home/***/.local/lib/python3.10/site-packages/***/providers/common/sql/hooks/sql.py:263 UserWarning: pandas only supports SQLAlchemy connectable (engine/connection) or database string URI or sqlite3 DBAPI2 connection. Other DBAPI2 objects are not tested. Please consider using SQLAlchemy.
[2025-06-16T15:34:24.626+0000] {logging_mixin.py:188} INFO - ✔ Đã load Sub_Category → staging.stg_Sub_Category
[2025-06-16T15:34:24.626+0000] {python.py:237} INFO - Done. Returned value was: None
[2025-06-16T15:34:24.627+0000] {taskinstance.py:441} INFO - ::group::Post task execution logs
[2025-06-16T15:34:24.627+0000] {__init__.py:77} DEBUG - Lineage called with inlets: [], outlets: []
[2025-06-16T15:34:24.635+0000] {taskinstance.py:584} DEBUG - Clearing next_method and next_kwargs.
[2025-06-16T15:34:24.636+0000] {taskinstance.py:1206} INFO - Marking task as SUCCESS. dag_id=globalsuperstore, task_id=extract.extract_and_load_to_staging, run_id=manual__2025-06-16T15:33:53.359753+00:00, execution_date=20250616T153353, start_date=20250616T153358, end_date=20250616T153424
[2025-06-16T15:34:24.636+0000] {taskinstance.py:562} DEBUG - Task Duration set to 25.714992
[2025-06-16T15:34:24.650+0000] {cli_action_loggers.py:88} DEBUG - Calling callbacks: []
[2025-06-16T15:34:24.681+0000] {local_task_job_runner.py:240} INFO - Task exited with return code 0
[2025-06-16T15:34:24.712+0000] {dagrun.py:931} DEBUG - number of tis tasks for <DagRun globalsuperstore @ 2025-06-16 15:33:53.359753+00:00: manual__2025-06-16T15:33:53.359753+00:00, state:running, queued_at: 2025-06-16 15:33:53.621359+00:00. externally triggered: True>: 7 task(s)
[2025-06-16T15:34:24.714+0000] {dagrun.py:952} DEBUG - number of scheduleable tasks for <DagRun globalsuperstore @ 2025-06-16 15:33:53.359753+00:00: manual__2025-06-16T15:33:53.359753+00:00, state:running, queued_at: 2025-06-16 15:33:53.621359+00:00. externally triggered: True>: 1 task(s)
[2025-06-16T15:34:24.715+0000] {taskinstance.py:2088} DEBUG - <TaskInstance: globalsuperstore.load.transform_fact_sales manual__2025-06-16T15:33:53.359753+00:00 [None]> dependency 'Not In Retry Period' PASSED: True, The task instance was not marked for retrying.
[2025-06-16T15:34:24.716+0000] {taskinstance.py:2088} DEBUG - <TaskInstance: globalsuperstore.load.transform_fact_sales manual__2025-06-16T15:33:53.359753+00:00 [None]> dependency 'Previous Dagrun State' PASSED: True, The task did not have depends_on_past set.
[2025-06-16T15:34:24.718+0000] {taskinstance.py:2088} DEBUG - <TaskInstance: globalsuperstore.load.transform_fact_sales manual__2025-06-16T15:33:53.359753+00:00 [None]> dependency 'Trigger Rule' PASSED: False, Task's trigger rule 'all_success' requires all upstream tasks to have succeeded, but found 5 non-success(es). upstream_states=_UpstreamTIStates(success=0, skipped=0, failed=0, upstream_failed=0, removed=0, done=0, success_setup=0, skipped_setup=0), upstream_task_ids={'transform.transform_dim_customers', 'transform.transform_dim_shipmode', 'transform.transform_dim_locations', 'transform.transform_dim_date', 'transform.transform_dim_products'}
[2025-06-16T15:34:24.719+0000] {taskinstance.py:2066} DEBUG - Dependencies not met for <TaskInstance: globalsuperstore.load.transform_fact_sales manual__2025-06-16T15:33:53.359753+00:00 [None]>, dependency 'Trigger Rule' FAILED: Task's trigger rule 'all_success' requires all upstream tasks to have succeeded, but found 5 non-success(es). upstream_states=_UpstreamTIStates(success=0, skipped=0, failed=0, upstream_failed=0, removed=0, done=0, success_setup=0, skipped_setup=0), upstream_task_ids={'transform.transform_dim_customers', 'transform.transform_dim_shipmode', 'transform.transform_dim_locations', 'transform.transform_dim_date', 'transform.transform_dim_products'}
[2025-06-16T15:34:24.726+0000] {taskinstance.py:3503} INFO - 0 downstream tasks scheduled from follow-on schedule check
[2025-06-16T15:34:24.729+0000] {local_task_job_runner.py:222} INFO - ::endgroup::
