[2025-06-15T15:07:03.315+0000] {local_task_job_runner.py:120} INFO - ::group::Pre task execution logs
[2025-06-15T15:07:03.384+0000] {taskinstance.py:2076} INFO - Dependencies all met for dep_context=non-requeueable deps ti=<TaskInstance: globalsuperstore.transform.transform_dim_products manual__2025-06-15T15:06:35.263889+00:00 [queued]>
[2025-06-15T15:07:03.394+0000] {taskinstance.py:2076} INFO - Dependencies all met for dep_context=requeueable deps ti=<TaskInstance: globalsuperstore.transform.transform_dim_products manual__2025-06-15T15:06:35.263889+00:00 [queued]>
[2025-06-15T15:07:03.395+0000] {taskinstance.py:2306} INFO - Starting attempt 1 of 1
[2025-06-15T15:07:03.415+0000] {taskinstance.py:2330} INFO - Executing <Task(PythonOperator): transform.transform_dim_products> on 2025-06-15 15:06:35.263889+00:00
[2025-06-15T15:07:03.423+0000] {standard_task_runner.py:63} INFO - Started process 346 to run task
[2025-06-15T15:07:03.428+0000] {standard_task_runner.py:90} INFO - Running: ['***', 'tasks', 'run', 'globalsuperstore', 'transform.transform_dim_products', 'manual__2025-06-15T15:06:35.263889+00:00', '--job-id', '327', '--raw', '--subdir', 'DAGS_FOLDER/global_superstore_dw_etl.py', '--cfg-path', '/tmp/tmpgecpwtzy']
[2025-06-15T15:07:03.433+0000] {standard_task_runner.py:91} INFO - Job 327: Subtask transform.transform_dim_products
[2025-06-15T15:07:03.495+0000] {task_command.py:426} INFO - Running <TaskInstance: globalsuperstore.transform.transform_dim_products manual__2025-06-15T15:06:35.263889+00:00 [running]> on host 83c3fd7b29de
[2025-06-15T15:07:03.631+0000] {taskinstance.py:2648} INFO - Exporting env vars: AIRFLOW_CTX_DAG_OWNER='***' AIRFLOW_CTX_DAG_ID='globalsuperstore' AIRFLOW_CTX_TASK_ID='transform.transform_dim_products' AIRFLOW_CTX_EXECUTION_DATE='2025-06-15T15:06:35.263889+00:00' AIRFLOW_CTX_TRY_NUMBER='1' AIRFLOW_CTX_DAG_RUN_ID='manual__2025-06-15T15:06:35.263889+00:00'
[2025-06-15T15:07:03.632+0000] {taskinstance.py:430} INFO - ::endgroup::
[2025-06-15T15:07:04.798+0000] {base.py:84} INFO - Using connection ID 'postgres' for task execution.
[2025-06-15T15:07:04.821+0000] {base.py:84} INFO - Using connection ID 'postgres' for task execution.
[2025-06-15T15:07:04.837+0000] {base.py:84} INFO - Using connection ID 'postgres' for task execution.
[2025-06-15T15:07:04.860+0000] {logging_mixin.py:188} WARNING - /home/***/.local/lib/python3.10/site-packages/***/providers/common/sql/hooks/sql.py:263 UserWarning: pandas only supports SQLAlchemy connectable (engine/connection) or database string URI or sqlite3 DBAPI2 connection. Other DBAPI2 objects are not tested. Please consider using SQLAlchemy.
[2025-06-15T15:07:04.971+0000] {base.py:84} INFO - Using connection ID 'postgres' for task execution.
[2025-06-15T15:07:04.996+0000] {logging_mixin.py:188} WARNING - /home/***/.local/lib/python3.10/site-packages/***/providers/common/sql/hooks/sql.py:263 UserWarning: pandas only supports SQLAlchemy connectable (engine/connection) or database string URI or sqlite3 DBAPI2 connection. Other DBAPI2 objects are not tested. Please consider using SQLAlchemy.
[2025-06-15T15:07:05.022+0000] {base.py:84} INFO - Using connection ID 'postgres' for task execution.
[2025-06-15T15:07:05.030+0000] {logging_mixin.py:188} WARNING - /home/***/.local/lib/python3.10/site-packages/***/providers/common/sql/hooks/sql.py:263 UserWarning: pandas only supports SQLAlchemy connectable (engine/connection) or database string URI or sqlite3 DBAPI2 connection. Other DBAPI2 objects are not tested. Please consider using SQLAlchemy.
[2025-06-15T15:07:06.748+0000] {logging_mixin.py:188} INFO - ✔ Đã transform và lưu dữ liệu vào warehouse.dim_product
[2025-06-15T15:07:06.750+0000] {python.py:237} INFO - Done. Returned value was: None
[2025-06-15T15:07:06.752+0000] {taskinstance.py:441} INFO - ::group::Post task execution logs
[2025-06-15T15:07:06.770+0000] {taskinstance.py:1206} INFO - Marking task as SUCCESS. dag_id=globalsuperstore, task_id=transform.transform_dim_products, run_id=manual__2025-06-15T15:06:35.263889+00:00, execution_date=20250615T150635, start_date=20250615T150703, end_date=20250615T150706
[2025-06-15T15:07:06.826+0000] {local_task_job_runner.py:240} INFO - Task exited with return code 0
[2025-06-15T15:07:06.892+0000] {taskinstance.py:3503} INFO - 1 downstream tasks scheduled from follow-on schedule check
[2025-06-15T15:07:06.899+0000] {local_task_job_runner.py:222} INFO - ::endgroup::
