[2025-06-15T15:30:03.766+0000] {local_task_job_runner.py:120} INFO - ::group::Pre task execution logs
[2025-06-15T15:30:03.866+0000] {taskinstance.py:2076} INFO - Dependencies all met for dep_context=non-requeueable deps ti=<TaskInstance: globalsuperstore.extract.extract_and_load_to_staging manual__2025-06-15T15:30:02.601284+00:00 [queued]>
[2025-06-15T15:30:03.886+0000] {taskinstance.py:2076} INFO - Dependencies all met for dep_context=requeueable deps ti=<TaskInstance: globalsuperstore.extract.extract_and_load_to_staging manual__2025-06-15T15:30:02.601284+00:00 [queued]>
[2025-06-15T15:30:03.887+0000] {taskinstance.py:2306} INFO - Starting attempt 1 of 1
[2025-06-15T15:30:03.912+0000] {taskinstance.py:2330} INFO - Executing <Task(PythonOperator): extract.extract_and_load_to_staging> on 2025-06-15 15:30:02.601284+00:00
[2025-06-15T15:30:03.926+0000] {standard_task_runner.py:63} INFO - Started process 207 to run task
[2025-06-15T15:30:03.947+0000] {standard_task_runner.py:90} INFO - Running: ['***', 'tasks', 'run', 'globalsuperstore', 'extract.extract_and_load_to_staging', 'manual__2025-06-15T15:30:02.601284+00:00', '--job-id', '63', '--raw', '--subdir', 'DAGS_FOLDER/global_superstore_dw_etl.py', '--cfg-path', '/tmp/tmp_xovb9gf']
[2025-06-15T15:30:03.950+0000] {standard_task_runner.py:91} INFO - Job 63: Subtask extract.extract_and_load_to_staging
[2025-06-15T15:30:04.004+0000] {task_command.py:426} INFO - Running <TaskInstance: globalsuperstore.extract.extract_and_load_to_staging manual__2025-06-15T15:30:02.601284+00:00 [running]> on host d026f70df2f6
[2025-06-15T15:30:04.134+0000] {taskinstance.py:2648} INFO - Exporting env vars: AIRFLOW_CTX_DAG_OWNER='***' AIRFLOW_CTX_DAG_ID='globalsuperstore' AIRFLOW_CTX_TASK_ID='extract.extract_and_load_to_staging' AIRFLOW_CTX_EXECUTION_DATE='2025-06-15T15:30:02.601284+00:00' AIRFLOW_CTX_TRY_NUMBER='1' AIRFLOW_CTX_DAG_RUN_ID='manual__2025-06-15T15:30:02.601284+00:00'
[2025-06-15T15:30:04.136+0000] {taskinstance.py:430} INFO - ::endgroup::
[2025-06-15T15:30:04.170+0000] {base.py:84} INFO - Using connection ID 'postgres' for task execution.
[2025-06-15T15:30:04.181+0000] {base.py:84} INFO - Using connection ID 'mysql' for task execution.
[2025-06-15T15:30:04.210+0000] {logging_mixin.py:188} WARNING - /home/***/.local/lib/python3.10/site-packages/***/providers/common/sql/hooks/sql.py:263 UserWarning: pandas only supports SQLAlchemy connectable (engine/connection) or database string URI or sqlite3 DBAPI2 connection. Other DBAPI2 objects are not tested. Please consider using SQLAlchemy.
[2025-06-15T15:30:04.420+0000] {logging_mixin.py:188} INFO - ✔ Đã load Category → staging.stg_Category
[2025-06-15T15:30:04.442+0000] {base.py:84} INFO - Using connection ID 'mysql' for task execution.
[2025-06-15T15:30:04.458+0000] {logging_mixin.py:188} WARNING - /home/***/.local/lib/python3.10/site-packages/***/providers/common/sql/hooks/sql.py:263 UserWarning: pandas only supports SQLAlchemy connectable (engine/connection) or database string URI or sqlite3 DBAPI2 connection. Other DBAPI2 objects are not tested. Please consider using SQLAlchemy.
[2025-06-15T15:30:05.327+0000] {logging_mixin.py:188} INFO - ✔ Đã load Customer → staging.stg_Customer
[2025-06-15T15:30:05.337+0000] {base.py:84} INFO - Using connection ID 'mysql' for task execution.
[2025-06-15T15:30:05.341+0000] {logging_mixin.py:188} WARNING - /home/***/.local/lib/python3.10/site-packages/***/providers/common/sql/hooks/sql.py:263 UserWarning: pandas only supports SQLAlchemy connectable (engine/connection) or database string URI or sqlite3 DBAPI2 connection. Other DBAPI2 objects are not tested. Please consider using SQLAlchemy.
[2025-06-15T15:30:18.299+0000] {logging_mixin.py:188} INFO - ✔ Đã load Order_Details → staging.stg_Order_Details
[2025-06-15T15:30:18.305+0000] {base.py:84} INFO - Using connection ID 'mysql' for task execution.
[2025-06-15T15:30:18.346+0000] {logging_mixin.py:188} WARNING - /home/***/.local/lib/python3.10/site-packages/***/providers/common/sql/hooks/sql.py:263 UserWarning: pandas only supports SQLAlchemy connectable (engine/connection) or database string URI or sqlite3 DBAPI2 connection. Other DBAPI2 objects are not tested. Please consider using SQLAlchemy.
[2025-06-15T15:30:23.371+0000] {logging_mixin.py:188} INFO - ✔ Đã load Orders → staging.stg_Orders
[2025-06-15T15:30:23.378+0000] {base.py:84} INFO - Using connection ID 'mysql' for task execution.
[2025-06-15T15:30:23.383+0000] {logging_mixin.py:188} WARNING - /home/***/.local/lib/python3.10/site-packages/***/providers/common/sql/hooks/sql.py:263 UserWarning: pandas only supports SQLAlchemy connectable (engine/connection) or database string URI or sqlite3 DBAPI2 connection. Other DBAPI2 objects are not tested. Please consider using SQLAlchemy.
[2025-06-15T15:30:24.036+0000] {logging_mixin.py:188} INFO - ✔ Đã load Product → staging.stg_Product
[2025-06-15T15:30:24.041+0000] {base.py:84} INFO - Using connection ID 'mysql' for task execution.
[2025-06-15T15:30:24.047+0000] {logging_mixin.py:188} WARNING - /home/***/.local/lib/python3.10/site-packages/***/providers/common/sql/hooks/sql.py:263 UserWarning: pandas only supports SQLAlchemy connectable (engine/connection) or database string URI or sqlite3 DBAPI2 connection. Other DBAPI2 objects are not tested. Please consider using SQLAlchemy.
[2025-06-15T15:30:24.072+0000] {logging_mixin.py:188} INFO - ✔ Đã load Sub_Category → staging.stg_Sub_Category
[2025-06-15T15:30:24.073+0000] {python.py:237} INFO - Done. Returned value was: None
[2025-06-15T15:30:24.073+0000] {taskinstance.py:441} INFO - ::group::Post task execution logs
[2025-06-15T15:30:24.081+0000] {taskinstance.py:1206} INFO - Marking task as SUCCESS. dag_id=globalsuperstore, task_id=extract.extract_and_load_to_staging, run_id=manual__2025-06-15T15:30:02.601284+00:00, execution_date=20250615T153002, start_date=20250615T153003, end_date=20250615T153024
[2025-06-15T15:30:24.145+0000] {local_task_job_runner.py:240} INFO - Task exited with return code 0
[2025-06-15T15:30:24.166+0000] {taskinstance.py:3503} INFO - 5 downstream tasks scheduled from follow-on schedule check
[2025-06-15T15:30:24.169+0000] {local_task_job_runner.py:222} INFO - ::endgroup::
