[2025-06-16T15:44:21.087+0000] {taskinstance.py:1042} DEBUG - previous_execution_date was called
[2025-06-16T15:44:21.121+0000] {__init__.py:54} DEBUG - Loading core task runner: StandardTaskRunner
[2025-06-16T15:44:21.145+0000] {taskinstance.py:1042} DEBUG - previous_execution_date was called
[2025-06-16T15:44:21.159+0000] {base_task_runner.py:73} DEBUG - Planning to run as the  user
[2025-06-16T15:44:21.171+0000] {local_task_job_runner.py:120} INFO - ::group::Pre task execution logs
[2025-06-16T15:44:21.315+0000] {taskinstance.py:2088} DEBUG - <TaskInstance: globalsuperstore.transform.transform_dim_customers manual__2025-06-16T15:43:53.432657+00:00 [queued]> dependency 'Task Instance State' PASSED: True, Task state queued was valid.
[2025-06-16T15:44:21.316+0000] {taskinstance.py:2088} DEBUG - <TaskInstance: globalsuperstore.transform.transform_dim_customers manual__2025-06-16T15:43:53.432657+00:00 [queued]> dependency 'Task Instance Not Running' PASSED: True, Task is not in running state.
[2025-06-16T15:44:21.317+0000] {taskinstance.py:2088} DEBUG - <TaskInstance: globalsuperstore.transform.transform_dim_customers manual__2025-06-16T15:43:53.432657+00:00 [queued]> dependency 'Not In Retry Period' PASSED: True, The task instance was not marked for retrying.
[2025-06-16T15:44:21.317+0000] {taskinstance.py:2088} DEBUG - <TaskInstance: globalsuperstore.transform.transform_dim_customers manual__2025-06-16T15:43:53.432657+00:00 [queued]> dependency 'Previous Dagrun State' PASSED: True, The task did not have depends_on_past set.
[2025-06-16T15:44:21.326+0000] {taskinstance.py:2076} INFO - Dependencies all met for dep_context=non-requeueable deps ti=<TaskInstance: globalsuperstore.transform.transform_dim_customers manual__2025-06-16T15:43:53.432657+00:00 [queued]>
[2025-06-16T15:44:21.336+0000] {taskinstance.py:2088} DEBUG - <TaskInstance: globalsuperstore.transform.transform_dim_customers manual__2025-06-16T15:43:53.432657+00:00 [queued]> dependency 'Pool Slots Available' PASSED: True, There are enough open slots in default_pool to execute the task
[2025-06-16T15:44:21.337+0000] {taskinstance.py:2088} DEBUG - <TaskInstance: globalsuperstore.transform.transform_dim_customers manual__2025-06-16T15:43:53.432657+00:00 [queued]> dependency 'Task Concurrency' PASSED: True, Task concurrency is not set.
[2025-06-16T15:44:21.338+0000] {taskinstance.py:2088} DEBUG - <TaskInstance: globalsuperstore.transform.transform_dim_customers manual__2025-06-16T15:43:53.432657+00:00 [queued]> dependency 'Not In Retry Period' PASSED: True, The task instance was not marked for retrying.
[2025-06-16T15:44:21.339+0000] {taskinstance.py:2088} DEBUG - <TaskInstance: globalsuperstore.transform.transform_dim_customers manual__2025-06-16T15:43:53.432657+00:00 [queued]> dependency 'Previous Dagrun State' PASSED: True, The task did not have depends_on_past set.
[2025-06-16T15:44:21.346+0000] {taskinstance.py:2076} INFO - Dependencies all met for dep_context=requeueable deps ti=<TaskInstance: globalsuperstore.transform.transform_dim_customers manual__2025-06-16T15:43:53.432657+00:00 [queued]>
[2025-06-16T15:44:21.347+0000] {taskinstance.py:2306} INFO - Starting attempt 1 of 1
[2025-06-16T15:44:21.404+0000] {taskinstance.py:2330} INFO - Executing <Task(PythonOperator): transform.transform_dim_customers> on 2025-06-16 15:43:53.432657+00:00
[2025-06-16T15:44:21.418+0000] {standard_task_runner.py:63} INFO - Started process 258 to run task
[2025-06-16T15:44:21.423+0000] {standard_task_runner.py:90} INFO - Running: ['***', 'tasks', 'run', 'globalsuperstore', 'transform.transform_dim_customers', 'manual__2025-06-16T15:43:53.432657+00:00', '--job-id', '87', '--raw', '--subdir', 'DAGS_FOLDER/global_superstore_dw_etl.py', '--cfg-path', '/tmp/tmpgl1dl1xi']
[2025-06-16T15:44:21.424+0000] {standard_task_runner.py:91} INFO - Job 87: Subtask transform.transform_dim_customers
[2025-06-16T15:44:21.425+0000] {cli_action_loggers.py:70} DEBUG - Calling callbacks: [<function default_action_log at 0x7fa267925750>]
[2025-06-16T15:44:21.516+0000] {taskinstance.py:1042} DEBUG - previous_execution_date was called
[2025-06-16T15:44:21.524+0000] {task_command.py:426} INFO - Running <TaskInstance: globalsuperstore.transform.transform_dim_customers manual__2025-06-16T15:43:53.432657+00:00 [running]> on host 9b7c60adfed6
[2025-06-16T15:44:21.525+0000] {settings.py:363} DEBUG - Disposing DB connection pool (PID 258)
[2025-06-16T15:44:21.525+0000] {settings.py:250} DEBUG - Setting up DB connection pool (PID 258)
[2025-06-16T15:44:21.526+0000] {settings.py:298} DEBUG - settings.prepare_engine_args(): Using NullPool
[2025-06-16T15:44:21.608+0000] {taskinstance.py:1042} DEBUG - previous_execution_date was called
[2025-06-16T15:44:21.613+0000] {taskinstance.py:1845} DEBUG - Clearing XCom data
[2025-06-16T15:44:21.636+0000] {retries.py:91} DEBUG - Running RenderedTaskInstanceFields.write with retries. Try 1 of 3
[2025-06-16T15:44:21.677+0000] {retries.py:91} DEBUG - Running RenderedTaskInstanceFields._do_delete_old_records with retries. Try 1 of 3
[2025-06-16T15:44:21.724+0000] {taskinstance.py:2648} INFO - Exporting env vars: AIRFLOW_CTX_DAG_OWNER='***' AIRFLOW_CTX_DAG_ID='globalsuperstore' AIRFLOW_CTX_TASK_ID='transform.transform_dim_customers' AIRFLOW_CTX_EXECUTION_DATE='2025-06-16T15:43:53.432657+00:00' AIRFLOW_CTX_TRY_NUMBER='1' AIRFLOW_CTX_DAG_RUN_ID='manual__2025-06-16T15:43:53.432657+00:00'
[2025-06-16T15:44:21.725+0000] {__init__.py:115} DEBUG - Preparing lineage inlets and outlets
[2025-06-16T15:44:21.727+0000] {__init__.py:154} DEBUG - inlets: [], outlets: []
[2025-06-16T15:44:21.728+0000] {taskinstance.py:430} INFO - ::endgroup::
[2025-06-16T15:44:22.575+0000] {base.py:84} INFO - Using connection ID 'postgres' for task execution.
[2025-06-16T15:44:22.615+0000] {base.py:84} INFO - Using connection ID 'postgres' for task execution.
[2025-06-16T15:44:23.261+0000] {logging_mixin.py:188} INFO - ✔ Đã xóa dữ liệu trong warehouse.fact_sales
[2025-06-16T15:44:23.332+0000] {logging_mixin.py:188} INFO - ✔ Đã xóa dữ liệu trong warehouse.dim_customer
[2025-06-16T15:44:23.651+0000] {logging_mixin.py:188} INFO - ✔ Đã xóa dữ liệu trong warehouse.dim_product
[2025-06-16T15:44:23.702+0000] {logging_mixin.py:188} INFO - ✔ Đã xóa dữ liệu trong warehouse.dim_date
[2025-06-16T15:44:23.797+0000] {logging_mixin.py:188} INFO - ✔ Đã xóa dữ liệu trong warehouse.dim_location
[2025-06-16T15:44:23.803+0000] {logging_mixin.py:188} INFO - ✔ Đã xóa dữ liệu trong warehouse.dim_shipmode
[2025-06-16T15:44:23.824+0000] {base.py:84} INFO - Using connection ID 'postgres' for task execution.
[2025-06-16T15:44:23.840+0000] {logging_mixin.py:188} WARNING - /home/***/.local/lib/python3.10/site-packages/***/providers/common/sql/hooks/sql.py:263 UserWarning: pandas only supports SQLAlchemy connectable (engine/connection) or database string URI or sqlite3 DBAPI2 connection. Other DBAPI2 objects are not tested. Please consider using SQLAlchemy.
[2025-06-16T15:44:24.058+0000] {logging_mixin.py:188} INFO - ✔ Đã transform và lưu dữ liệu vào warehouse.dim_customer
[2025-06-16T15:44:24.060+0000] {python.py:237} INFO - Done. Returned value was: None
[2025-06-16T15:44:24.062+0000] {taskinstance.py:441} INFO - ::group::Post task execution logs
[2025-06-16T15:44:24.063+0000] {__init__.py:77} DEBUG - Lineage called with inlets: [], outlets: []
[2025-06-16T15:44:24.074+0000] {taskinstance.py:584} DEBUG - Clearing next_method and next_kwargs.
[2025-06-16T15:44:24.074+0000] {taskinstance.py:1206} INFO - Marking task as SUCCESS. dag_id=globalsuperstore, task_id=transform.transform_dim_customers, run_id=manual__2025-06-16T15:43:53.432657+00:00, execution_date=20250616T154353, start_date=20250616T154421, end_date=20250616T154424
[2025-06-16T15:44:24.075+0000] {taskinstance.py:562} DEBUG - Task Duration set to 2.747792
[2025-06-16T15:44:24.091+0000] {cli_action_loggers.py:88} DEBUG - Calling callbacks: []
[2025-06-16T15:44:24.148+0000] {local_task_job_runner.py:240} INFO - Task exited with return code 0
[2025-06-16T15:44:24.199+0000] {dagrun.py:931} DEBUG - number of tis tasks for <DagRun globalsuperstore @ 2025-06-16 15:43:53.432657+00:00: manual__2025-06-16T15:43:53.432657+00:00, state:running, queued_at: 2025-06-16 15:43:53.454343+00:00. externally triggered: True>: 6 task(s)
[2025-06-16T15:44:24.201+0000] {dagrun.py:952} DEBUG - number of scheduleable tasks for <DagRun globalsuperstore @ 2025-06-16 15:43:53.432657+00:00: manual__2025-06-16T15:43:53.432657+00:00, state:running, queued_at: 2025-06-16 15:43:53.454343+00:00. externally triggered: True>: 0 task(s)
[2025-06-16T15:44:24.202+0000] {taskinstance.py:3503} INFO - 0 downstream tasks scheduled from follow-on schedule check
[2025-06-16T15:44:24.208+0000] {local_task_job_runner.py:222} INFO - ::endgroup::
