[2025-06-15T15:11:44.387+0000] {processor.py:161} INFO - Started process (PID=197) to work on /opt/airflow/dags/example.py
[2025-06-15T15:11:44.391+0000] {processor.py:830} INFO - Processing file /opt/airflow/dags/example.py for tasks to queue
[2025-06-15T15:11:44.393+0000] {logging_mixin.py:188} INFO - [2025-06-15T15:11:44.393+0000] {dagbag.py:545} INFO - Filling up the DagBag from /opt/airflow/dags/example.py
[2025-06-15T15:11:44.422+0000] {processor.py:840} INFO - DAG(s) 'hello_airflow' retrieved from /opt/airflow/dags/example.py
[2025-06-15T15:11:45.167+0000] {logging_mixin.py:188} INFO - [2025-06-15T15:11:45.165+0000] {override.py:1829} INFO - Created Permission View: can delete on DAG:hello_airflow
[2025-06-15T15:11:45.190+0000] {logging_mixin.py:188} INFO - [2025-06-15T15:11:45.189+0000] {override.py:1829} INFO - Created Permission View: can edit on DAG:hello_airflow
[2025-06-15T15:11:45.200+0000] {logging_mixin.py:188} INFO - [2025-06-15T15:11:45.199+0000] {override.py:1829} INFO - Created Permission View: can read on DAG:hello_airflow
[2025-06-15T15:11:45.201+0000] {logging_mixin.py:188} INFO - [2025-06-15T15:11:45.201+0000] {dag.py:3096} INFO - Sync 1 DAGs
[2025-06-15T15:11:45.227+0000] {logging_mixin.py:188} INFO - [2025-06-15T15:11:45.227+0000] {dag.py:3118} INFO - Creating ORM DAG for hello_airflow
[2025-06-15T15:11:45.290+0000] {logging_mixin.py:188} INFO - [2025-06-15T15:11:45.289+0000] {dag.py:3954} INFO - Setting next_dagrun for hello_airflow to 2024-03-23 00:00:00+00:00, run_after=2024-03-24 00:00:00+00:00
[2025-06-15T15:11:45.330+0000] {processor.py:183} INFO - Processing /opt/airflow/dags/example.py took 0.954 seconds
[2025-06-15T15:12:15.576+0000] {processor.py:161} INFO - Started process (PID=218) to work on /opt/airflow/dags/example.py
[2025-06-15T15:12:15.578+0000] {processor.py:830} INFO - Processing file /opt/airflow/dags/example.py for tasks to queue
[2025-06-15T15:12:15.580+0000] {logging_mixin.py:188} INFO - [2025-06-15T15:12:15.580+0000] {dagbag.py:545} INFO - Filling up the DagBag from /opt/airflow/dags/example.py
[2025-06-15T15:12:15.598+0000] {processor.py:840} INFO - DAG(s) 'hello_airflow' retrieved from /opt/airflow/dags/example.py
[2025-06-15T15:12:15.693+0000] {logging_mixin.py:188} INFO - [2025-06-15T15:12:15.692+0000] {dag.py:3096} INFO - Sync 1 DAGs
[2025-06-15T15:12:15.709+0000] {logging_mixin.py:188} INFO - [2025-06-15T15:12:15.709+0000] {dag.py:3954} INFO - Setting next_dagrun for hello_airflow to 2024-03-23 00:00:00+00:00, run_after=2024-03-24 00:00:00+00:00
[2025-06-15T15:12:15.733+0000] {processor.py:183} INFO - Processing /opt/airflow/dags/example.py took 0.162 seconds
[2025-06-15T15:12:46.046+0000] {processor.py:161} INFO - Started process (PID=239) to work on /opt/airflow/dags/example.py
[2025-06-15T15:12:46.063+0000] {processor.py:830} INFO - Processing file /opt/airflow/dags/example.py for tasks to queue
[2025-06-15T15:12:46.072+0000] {logging_mixin.py:188} INFO - [2025-06-15T15:12:46.072+0000] {dagbag.py:545} INFO - Filling up the DagBag from /opt/airflow/dags/example.py
[2025-06-15T15:12:46.205+0000] {processor.py:840} INFO - DAG(s) 'hello_airflow' retrieved from /opt/airflow/dags/example.py
[2025-06-15T15:12:46.663+0000] {logging_mixin.py:188} INFO - [2025-06-15T15:12:46.662+0000] {dag.py:3096} INFO - Sync 1 DAGs
[2025-06-15T15:12:46.700+0000] {logging_mixin.py:188} INFO - [2025-06-15T15:12:46.699+0000] {dag.py:3954} INFO - Setting next_dagrun for hello_airflow to 2024-03-23 00:00:00+00:00, run_after=2024-03-24 00:00:00+00:00
[2025-06-15T15:12:46.725+0000] {processor.py:183} INFO - Processing /opt/airflow/dags/example.py took 0.704 seconds
[2025-06-15T15:13:16.993+0000] {processor.py:161} INFO - Started process (PID=260) to work on /opt/airflow/dags/example.py
[2025-06-15T15:13:16.995+0000] {processor.py:830} INFO - Processing file /opt/airflow/dags/example.py for tasks to queue
[2025-06-15T15:13:17.000+0000] {logging_mixin.py:188} INFO - [2025-06-15T15:13:16.999+0000] {dagbag.py:545} INFO - Filling up the DagBag from /opt/airflow/dags/example.py
[2025-06-15T15:13:17.025+0000] {processor.py:840} INFO - DAG(s) 'hello_airflow' retrieved from /opt/airflow/dags/example.py
[2025-06-15T15:13:17.164+0000] {logging_mixin.py:188} INFO - [2025-06-15T15:13:17.163+0000] {dag.py:3096} INFO - Sync 1 DAGs
[2025-06-15T15:13:17.202+0000] {logging_mixin.py:188} INFO - [2025-06-15T15:13:17.202+0000] {dag.py:3954} INFO - Setting next_dagrun for hello_airflow to 2024-03-23 00:00:00+00:00, run_after=2024-03-24 00:00:00+00:00
[2025-06-15T15:13:17.231+0000] {processor.py:183} INFO - Processing /opt/airflow/dags/example.py took 0.256 seconds
[2025-06-15T15:13:47.621+0000] {processor.py:161} INFO - Started process (PID=281) to work on /opt/airflow/dags/example.py
[2025-06-15T15:13:47.622+0000] {processor.py:830} INFO - Processing file /opt/airflow/dags/example.py for tasks to queue
[2025-06-15T15:13:47.627+0000] {logging_mixin.py:188} INFO - [2025-06-15T15:13:47.626+0000] {dagbag.py:545} INFO - Filling up the DagBag from /opt/airflow/dags/example.py
[2025-06-15T15:13:47.648+0000] {processor.py:840} INFO - DAG(s) 'hello_airflow' retrieved from /opt/airflow/dags/example.py
[2025-06-15T15:13:47.764+0000] {logging_mixin.py:188} INFO - [2025-06-15T15:13:47.763+0000] {dag.py:3096} INFO - Sync 1 DAGs
[2025-06-15T15:13:47.785+0000] {logging_mixin.py:188} INFO - [2025-06-15T15:13:47.784+0000] {dag.py:3954} INFO - Setting next_dagrun for hello_airflow to 2024-03-23 00:00:00+00:00, run_after=2024-03-24 00:00:00+00:00
[2025-06-15T15:13:47.814+0000] {processor.py:183} INFO - Processing /opt/airflow/dags/example.py took 0.204 seconds
[2025-06-15T15:14:22.055+0000] {processor.py:161} INFO - Started process (PID=326) to work on /opt/airflow/dags/example.py
[2025-06-15T15:14:22.081+0000] {processor.py:830} INFO - Processing file /opt/airflow/dags/example.py for tasks to queue
[2025-06-15T15:14:22.129+0000] {logging_mixin.py:188} INFO - [2025-06-15T15:14:22.119+0000] {dagbag.py:545} INFO - Filling up the DagBag from /opt/airflow/dags/example.py
[2025-06-15T15:14:22.450+0000] {processor.py:840} INFO - DAG(s) 'hello_airflow' retrieved from /opt/airflow/dags/example.py
[2025-06-15T15:14:53.694+0000] {processor.py:186} ERROR - Got an exception! Propagating...
Traceback (most recent call last):
  File "/home/airflow/.local/lib/python3.10/site-packages/sqlalchemy/engine/base.py", line 3371, in _wrap_pool_connect
    return fn()
  File "/home/airflow/.local/lib/python3.10/site-packages/sqlalchemy/pool/base.py", line 327, in connect
    return _ConnectionFairy._checkout(self)
  File "/home/airflow/.local/lib/python3.10/site-packages/sqlalchemy/pool/base.py", line 894, in _checkout
    fairy = _ConnectionRecord.checkout(pool)
  File "/home/airflow/.local/lib/python3.10/site-packages/sqlalchemy/pool/base.py", line 493, in checkout
    rec = pool._do_get()
  File "/home/airflow/.local/lib/python3.10/site-packages/sqlalchemy/pool/impl.py", line 145, in _do_get
    with util.safe_reraise():
  File "/home/airflow/.local/lib/python3.10/site-packages/sqlalchemy/util/langhelpers.py", line 70, in __exit__
    compat.raise_(
  File "/home/airflow/.local/lib/python3.10/site-packages/sqlalchemy/util/compat.py", line 211, in raise_
    raise exception
  File "/home/airflow/.local/lib/python3.10/site-packages/sqlalchemy/pool/impl.py", line 143, in _do_get
    return self._create_connection()
  File "/home/airflow/.local/lib/python3.10/site-packages/sqlalchemy/pool/base.py", line 273, in _create_connection
    return _ConnectionRecord(self)
  File "/home/airflow/.local/lib/python3.10/site-packages/sqlalchemy/pool/base.py", line 388, in __init__
    self.__connect()
  File "/home/airflow/.local/lib/python3.10/site-packages/sqlalchemy/pool/base.py", line 690, in __connect
    with util.safe_reraise():
  File "/home/airflow/.local/lib/python3.10/site-packages/sqlalchemy/util/langhelpers.py", line 70, in __exit__
    compat.raise_(
  File "/home/airflow/.local/lib/python3.10/site-packages/sqlalchemy/util/compat.py", line 211, in raise_
    raise exception
  File "/home/airflow/.local/lib/python3.10/site-packages/sqlalchemy/pool/base.py", line 686, in __connect
    self.dbapi_connection = connection = pool._invoke_creator(self)
  File "/home/airflow/.local/lib/python3.10/site-packages/sqlalchemy/engine/create.py", line 574, in connect
    return dialect.connect(*cargs, **cparams)
  File "/home/airflow/.local/lib/python3.10/site-packages/sqlalchemy/engine/default.py", line 598, in connect
    return self.dbapi.connect(*cargs, **cparams)
  File "/home/airflow/.local/lib/python3.10/site-packages/psycopg2/__init__.py", line 122, in connect
    conn = _connect(dsn, connection_factory=connection_factory, **kwasync)
psycopg2.OperationalError: could not translate host name "postgres" to address: Temporary failure in name resolution


The above exception was the direct cause of the following exception:

Traceback (most recent call last):
  File "/home/airflow/.local/lib/python3.10/site-packages/airflow/dag_processing/processor.py", line 182, in _run_file_processor
    _handle_dag_file_processing()
  File "/home/airflow/.local/lib/python3.10/site-packages/airflow/dag_processing/processor.py", line 163, in _handle_dag_file_processing
    result: tuple[int, int] = dag_file_processor.process_file(
  File "/home/airflow/.local/lib/python3.10/site-packages/airflow/utils/session.py", line 79, in wrapper
    return func(*args, session=session, **kwargs)
  File "/home/airflow/.local/lib/python3.10/site-packages/airflow/dag_processing/processor.py", line 859, in process_file
    serialize_errors = DagFileProcessor.save_dag_to_db(
  File "/home/airflow/.local/lib/python3.10/site-packages/airflow/api_internal/internal_api_call.py", line 115, in wrapper
    return func(*args, **kwargs)
  File "/home/airflow/.local/lib/python3.10/site-packages/airflow/utils/session.py", line 79, in wrapper
    return func(*args, session=session, **kwargs)
  File "/home/airflow/.local/lib/python3.10/site-packages/airflow/dag_processing/processor.py", line 895, in save_dag_to_db
    import_errors = DagBag._sync_to_db(dags=dags, processor_subdir=dag_directory, session=session)
  File "/home/airflow/.local/lib/python3.10/site-packages/airflow/utils/session.py", line 76, in wrapper
    return func(*args, **kwargs)
  File "/home/airflow/.local/lib/python3.10/site-packages/airflow/models/dagbag.py", line 664, in _sync_to_db
    for attempt in run_with_db_retries(logger=log):
  File "/home/airflow/.local/lib/python3.10/site-packages/tenacity/__init__.py", line 435, in __iter__
    do = self.iter(retry_state=retry_state)
  File "/home/airflow/.local/lib/python3.10/site-packages/tenacity/__init__.py", line 368, in iter
    result = action(retry_state)
  File "/home/airflow/.local/lib/python3.10/site-packages/tenacity/__init__.py", line 410, in exc_check
    raise retry_exc.reraise()
  File "/home/airflow/.local/lib/python3.10/site-packages/tenacity/__init__.py", line 183, in reraise
    raise self.last_attempt.result()
  File "/usr/local/lib/python3.10/concurrent/futures/_base.py", line 451, in result
    return self.__get_result()
  File "/usr/local/lib/python3.10/concurrent/futures/_base.py", line 403, in __get_result
    raise self._exception
  File "/home/airflow/.local/lib/python3.10/site-packages/airflow/models/dagbag.py", line 677, in _sync_to_db
    _serialize_dag_capturing_errors(dag, session, processor_subdir)
  File "/home/airflow/.local/lib/python3.10/site-packages/airflow/models/dagbag.py", line 642, in _serialize_dag_capturing_errors
    dag_was_updated = SerializedDagModel.write_dag(
  File "/home/airflow/.local/lib/python3.10/site-packages/airflow/utils/session.py", line 76, in wrapper
    return func(*args, **kwargs)
  File "/home/airflow/.local/lib/python3.10/site-packages/airflow/models/serialized_dag.py", line 158, in write_dag
    if session.scalar(
  File "/home/airflow/.local/lib/python3.10/site-packages/sqlalchemy/orm/session.py", line 1747, in scalar
    return self.execute(
  File "/home/airflow/.local/lib/python3.10/site-packages/sqlalchemy/orm/session.py", line 1716, in execute
    conn = self._connection_for_bind(bind)
  File "/home/airflow/.local/lib/python3.10/site-packages/sqlalchemy/orm/session.py", line 1555, in _connection_for_bind
    return self._transaction._connection_for_bind(
  File "/home/airflow/.local/lib/python3.10/site-packages/sqlalchemy/orm/session.py", line 750, in _connection_for_bind
    conn = bind.connect()
  File "/home/airflow/.local/lib/python3.10/site-packages/sqlalchemy/future/engine.py", line 412, in connect
    return super(Engine, self).connect()
  File "/home/airflow/.local/lib/python3.10/site-packages/sqlalchemy/engine/base.py", line 3325, in connect
    return self._connection_cls(self, close_with_result=close_with_result)
  File "/home/airflow/.local/lib/python3.10/site-packages/sqlalchemy/engine/base.py", line 96, in __init__
    else engine.raw_connection()
  File "/home/airflow/.local/lib/python3.10/site-packages/sqlalchemy/engine/base.py", line 3404, in raw_connection
    return self._wrap_pool_connect(self.pool.connect, _connection)
  File "/home/airflow/.local/lib/python3.10/site-packages/sqlalchemy/engine/base.py", line 3374, in _wrap_pool_connect
    Connection._handle_dbapi_exception_noconnection(
  File "/home/airflow/.local/lib/python3.10/site-packages/sqlalchemy/engine/base.py", line 2208, in _handle_dbapi_exception_noconnection
    util.raise_(
  File "/home/airflow/.local/lib/python3.10/site-packages/sqlalchemy/util/compat.py", line 211, in raise_
    raise exception
  File "/home/airflow/.local/lib/python3.10/site-packages/sqlalchemy/engine/base.py", line 3371, in _wrap_pool_connect
    return fn()
  File "/home/airflow/.local/lib/python3.10/site-packages/sqlalchemy/pool/base.py", line 327, in connect
    return _ConnectionFairy._checkout(self)
  File "/home/airflow/.local/lib/python3.10/site-packages/sqlalchemy/pool/base.py", line 894, in _checkout
    fairy = _ConnectionRecord.checkout(pool)
  File "/home/airflow/.local/lib/python3.10/site-packages/sqlalchemy/pool/base.py", line 493, in checkout
    rec = pool._do_get()
  File "/home/airflow/.local/lib/python3.10/site-packages/sqlalchemy/pool/impl.py", line 145, in _do_get
    with util.safe_reraise():
  File "/home/airflow/.local/lib/python3.10/site-packages/sqlalchemy/util/langhelpers.py", line 70, in __exit__
    compat.raise_(
  File "/home/airflow/.local/lib/python3.10/site-packages/sqlalchemy/util/compat.py", line 211, in raise_
    raise exception
  File "/home/airflow/.local/lib/python3.10/site-packages/sqlalchemy/pool/impl.py", line 143, in _do_get
    return self._create_connection()
  File "/home/airflow/.local/lib/python3.10/site-packages/sqlalchemy/pool/base.py", line 273, in _create_connection
    return _ConnectionRecord(self)
  File "/home/airflow/.local/lib/python3.10/site-packages/sqlalchemy/pool/base.py", line 388, in __init__
    self.__connect()
  File "/home/airflow/.local/lib/python3.10/site-packages/sqlalchemy/pool/base.py", line 690, in __connect
    with util.safe_reraise():
  File "/home/airflow/.local/lib/python3.10/site-packages/sqlalchemy/util/langhelpers.py", line 70, in __exit__
    compat.raise_(
  File "/home/airflow/.local/lib/python3.10/site-packages/sqlalchemy/util/compat.py", line 211, in raise_
    raise exception
  File "/home/airflow/.local/lib/python3.10/site-packages/sqlalchemy/pool/base.py", line 686, in __connect
    self.dbapi_connection = connection = pool._invoke_creator(self)
  File "/home/airflow/.local/lib/python3.10/site-packages/sqlalchemy/engine/create.py", line 574, in connect
    return dialect.connect(*cargs, **cparams)
  File "/home/airflow/.local/lib/python3.10/site-packages/sqlalchemy/engine/default.py", line 598, in connect
    return self.dbapi.connect(*cargs, **cparams)
  File "/home/airflow/.local/lib/python3.10/site-packages/psycopg2/__init__.py", line 122, in connect
    conn = _connect(dsn, connection_factory=connection_factory, **kwasync)
sqlalchemy.exc.OperationalError: (psycopg2.OperationalError) could not translate host name "postgres" to address: Temporary failure in name resolution

(Background on this error at: https://sqlalche.me/e/14/e3q8)
[2025-06-15T15:15:23.931+0000] {processor.py:161} INFO - Started process (PID=349) to work on /opt/airflow/dags/example.py
[2025-06-15T15:15:23.934+0000] {processor.py:830} INFO - Processing file /opt/airflow/dags/example.py for tasks to queue
[2025-06-15T15:15:23.940+0000] {logging_mixin.py:188} INFO - [2025-06-15T15:15:23.939+0000] {dagbag.py:545} INFO - Filling up the DagBag from /opt/airflow/dags/example.py
[2025-06-15T15:15:24.001+0000] {processor.py:840} INFO - DAG(s) 'hello_airflow' retrieved from /opt/airflow/dags/example.py
[2025-06-15T15:15:24.475+0000] {logging_mixin.py:188} INFO - [2025-06-15T15:15:24.475+0000] {dag.py:3096} INFO - Sync 1 DAGs
[2025-06-15T15:15:24.512+0000] {logging_mixin.py:188} INFO - [2025-06-15T15:15:24.512+0000] {dag.py:3954} INFO - Setting next_dagrun for hello_airflow to 2024-04-07 00:00:00+00:00, run_after=2024-04-08 00:00:00+00:00
[2025-06-15T15:15:24.547+0000] {processor.py:183} INFO - Processing /opt/airflow/dags/example.py took 0.639 seconds
[2025-06-15T15:15:54.779+0000] {processor.py:161} INFO - Started process (PID=387) to work on /opt/airflow/dags/example.py
[2025-06-15T15:15:54.780+0000] {processor.py:830} INFO - Processing file /opt/airflow/dags/example.py for tasks to queue
[2025-06-15T15:15:54.782+0000] {logging_mixin.py:188} INFO - [2025-06-15T15:15:54.782+0000] {dagbag.py:545} INFO - Filling up the DagBag from /opt/airflow/dags/example.py
[2025-06-15T15:15:54.796+0000] {processor.py:840} INFO - DAG(s) 'hello_airflow' retrieved from /opt/airflow/dags/example.py
[2025-06-15T15:15:54.889+0000] {logging_mixin.py:188} INFO - [2025-06-15T15:15:54.889+0000] {dag.py:3096} INFO - Sync 1 DAGs
[2025-06-15T15:15:54.921+0000] {processor.py:183} INFO - Processing /opt/airflow/dags/example.py took 0.149 seconds
[2025-06-15T15:16:25.436+0000] {processor.py:161} INFO - Started process (PID=428) to work on /opt/airflow/dags/example.py
[2025-06-15T15:16:25.438+0000] {processor.py:830} INFO - Processing file /opt/airflow/dags/example.py for tasks to queue
[2025-06-15T15:16:25.440+0000] {logging_mixin.py:188} INFO - [2025-06-15T15:16:25.440+0000] {dagbag.py:545} INFO - Filling up the DagBag from /opt/airflow/dags/example.py
[2025-06-15T15:16:25.460+0000] {processor.py:840} INFO - DAG(s) 'hello_airflow' retrieved from /opt/airflow/dags/example.py
[2025-06-15T15:16:25.561+0000] {logging_mixin.py:188} INFO - [2025-06-15T15:16:25.560+0000] {dag.py:3096} INFO - Sync 1 DAGs
[2025-06-15T15:16:25.605+0000] {processor.py:183} INFO - Processing /opt/airflow/dags/example.py took 0.176 seconds
[2025-06-15T15:16:55.986+0000] {processor.py:161} INFO - Started process (PID=461) to work on /opt/airflow/dags/example.py
[2025-06-15T15:16:55.987+0000] {processor.py:830} INFO - Processing file /opt/airflow/dags/example.py for tasks to queue
[2025-06-15T15:16:55.989+0000] {logging_mixin.py:188} INFO - [2025-06-15T15:16:55.988+0000] {dagbag.py:545} INFO - Filling up the DagBag from /opt/airflow/dags/example.py
[2025-06-15T15:16:56.001+0000] {processor.py:840} INFO - DAG(s) 'hello_airflow' retrieved from /opt/airflow/dags/example.py
[2025-06-15T15:16:56.096+0000] {logging_mixin.py:188} INFO - [2025-06-15T15:16:56.096+0000] {dag.py:3096} INFO - Sync 1 DAGs
[2025-06-15T15:16:56.111+0000] {logging_mixin.py:188} INFO - [2025-06-15T15:16:56.111+0000] {dag.py:3954} INFO - Setting next_dagrun for hello_airflow to 2024-05-01 00:00:00+00:00, run_after=2024-05-02 00:00:00+00:00
[2025-06-15T15:16:56.129+0000] {processor.py:183} INFO - Processing /opt/airflow/dags/example.py took 0.150 seconds
[2025-06-15T15:17:26.275+0000] {processor.py:161} INFO - Started process (PID=498) to work on /opt/airflow/dags/example.py
[2025-06-15T15:17:26.276+0000] {processor.py:830} INFO - Processing file /opt/airflow/dags/example.py for tasks to queue
[2025-06-15T15:17:26.279+0000] {logging_mixin.py:188} INFO - [2025-06-15T15:17:26.278+0000] {dagbag.py:545} INFO - Filling up the DagBag from /opt/airflow/dags/example.py
[2025-06-15T15:17:26.298+0000] {processor.py:840} INFO - DAG(s) 'hello_airflow' retrieved from /opt/airflow/dags/example.py
[2025-06-15T15:17:26.400+0000] {logging_mixin.py:188} INFO - [2025-06-15T15:17:26.400+0000] {dag.py:3096} INFO - Sync 1 DAGs
[2025-06-15T15:17:26.452+0000] {processor.py:183} INFO - Processing /opt/airflow/dags/example.py took 0.184 seconds
[2025-06-15T15:17:56.696+0000] {processor.py:161} INFO - Started process (PID=537) to work on /opt/airflow/dags/example.py
[2025-06-15T15:17:56.697+0000] {processor.py:830} INFO - Processing file /opt/airflow/dags/example.py for tasks to queue
[2025-06-15T15:17:56.699+0000] {logging_mixin.py:188} INFO - [2025-06-15T15:17:56.699+0000] {dagbag.py:545} INFO - Filling up the DagBag from /opt/airflow/dags/example.py
[2025-06-15T15:17:56.713+0000] {processor.py:840} INFO - DAG(s) 'hello_airflow' retrieved from /opt/airflow/dags/example.py
[2025-06-15T15:17:56.799+0000] {logging_mixin.py:188} INFO - [2025-06-15T15:17:56.799+0000] {dag.py:3096} INFO - Sync 1 DAGs
[2025-06-15T15:17:56.810+0000] {logging_mixin.py:188} INFO - [2025-06-15T15:17:56.809+0000] {dag.py:3118} INFO - Creating ORM DAG for hello_airflow
[2025-06-15T15:17:56.819+0000] {logging_mixin.py:188} INFO - [2025-06-15T15:17:56.819+0000] {dag.py:3954} INFO - Setting next_dagrun for hello_airflow to 2024-03-23 00:00:00+00:00, run_after=2024-03-24 00:00:00+00:00
[2025-06-15T15:17:56.838+0000] {processor.py:183} INFO - Processing /opt/airflow/dags/example.py took 0.149 seconds
