[2025-06-17T02:46:06.239+0000] {taskinstance.py:1042} DEBUG - previous_execution_date was called
[2025-06-17T02:46:06.282+0000] {__init__.py:54} DEBUG - Loading core task runner: StandardTaskRunner
[2025-06-17T02:46:06.311+0000] {taskinstance.py:1042} DEBUG - previous_execution_date was called
[2025-06-17T02:46:06.324+0000] {base_task_runner.py:73} DEBUG - Planning to run as the  user
[2025-06-17T02:46:06.336+0000] {local_task_job_runner.py:120} INFO - ::group::Pre task execution logs
[2025-06-17T02:46:06.376+0000] {taskinstance.py:2088} DEBUG - <TaskInstance: globalsuperstore.transform.transform_dim_locations manual__2025-06-17T02:45:46.351752+00:00 [queued]> dependency 'Previous Dagrun State' PASSED: True, The task did not have depends_on_past set.
[2025-06-17T02:46:06.377+0000] {taskinstance.py:2088} DEBUG - <TaskInstance: globalsuperstore.transform.transform_dim_locations manual__2025-06-17T02:45:46.351752+00:00 [queued]> dependency 'Task Instance State' PASSED: True, Task state queued was valid.
[2025-06-17T02:46:06.390+0000] {taskinstance.py:2088} DEBUG - <TaskInstance: globalsuperstore.transform.transform_dim_locations manual__2025-06-17T02:45:46.351752+00:00 [queued]> dependency 'Task Instance Not Running' PASSED: True, Task is not in running state.
[2025-06-17T02:46:06.391+0000] {taskinstance.py:2088} DEBUG - <TaskInstance: globalsuperstore.transform.transform_dim_locations manual__2025-06-17T02:45:46.351752+00:00 [queued]> dependency 'Not In Retry Period' PASSED: True, The task instance was not marked for retrying.
[2025-06-17T02:46:06.392+0000] {taskinstance.py:2076} INFO - Dependencies all met for dep_context=non-requeueable deps ti=<TaskInstance: globalsuperstore.transform.transform_dim_locations manual__2025-06-17T02:45:46.351752+00:00 [queued]>
[2025-06-17T02:46:06.392+0000] {taskinstance.py:2088} DEBUG - <TaskInstance: globalsuperstore.transform.transform_dim_locations manual__2025-06-17T02:45:46.351752+00:00 [queued]> dependency 'Previous Dagrun State' PASSED: True, The task did not have depends_on_past set.
[2025-06-17T02:46:06.404+0000] {taskinstance.py:2088} DEBUG - <TaskInstance: globalsuperstore.transform.transform_dim_locations manual__2025-06-17T02:45:46.351752+00:00 [queued]> dependency 'Pool Slots Available' PASSED: True, There are enough open slots in default_pool to execute the task
[2025-06-17T02:46:06.405+0000] {taskinstance.py:2088} DEBUG - <TaskInstance: globalsuperstore.transform.transform_dim_locations manual__2025-06-17T02:45:46.351752+00:00 [queued]> dependency 'Task Concurrency' PASSED: True, Task concurrency is not set.
[2025-06-17T02:46:06.408+0000] {taskinstance.py:2088} DEBUG - <TaskInstance: globalsuperstore.transform.transform_dim_locations manual__2025-06-17T02:45:46.351752+00:00 [queued]> dependency 'Not In Retry Period' PASSED: True, The task instance was not marked for retrying.
[2025-06-17T02:46:06.408+0000] {taskinstance.py:2076} INFO - Dependencies all met for dep_context=requeueable deps ti=<TaskInstance: globalsuperstore.transform.transform_dim_locations manual__2025-06-17T02:45:46.351752+00:00 [queued]>
[2025-06-17T02:46:06.409+0000] {taskinstance.py:2306} INFO - Starting attempt 1 of 1
[2025-06-17T02:46:06.429+0000] {taskinstance.py:2330} INFO - Executing <Task(PythonOperator): transform.transform_dim_locations> on 2025-06-17 02:45:46.351752+00:00
[2025-06-17T02:46:06.439+0000] {standard_task_runner.py:63} INFO - Started process 227 to run task
[2025-06-17T02:46:06.445+0000] {standard_task_runner.py:90} INFO - Running: ['***', 'tasks', 'run', 'globalsuperstore', 'transform.transform_dim_locations', 'manual__2025-06-17T02:45:46.351752+00:00', '--job-id', '438', '--raw', '--subdir', 'DAGS_FOLDER/global_superstore_dw_etl.py', '--cfg-path', '/tmp/tmpplkhwntc']
[2025-06-17T02:46:06.447+0000] {standard_task_runner.py:91} INFO - Job 438: Subtask transform.transform_dim_locations
[2025-06-17T02:46:06.449+0000] {cli_action_loggers.py:70} DEBUG - Calling callbacks: [<function default_action_log at 0x7f2096325750>]
[2025-06-17T02:46:06.503+0000] {taskinstance.py:1042} DEBUG - previous_execution_date was called
[2025-06-17T02:46:06.512+0000] {task_command.py:426} INFO - Running <TaskInstance: globalsuperstore.transform.transform_dim_locations manual__2025-06-17T02:45:46.351752+00:00 [running]> on host 9b7c60adfed6
[2025-06-17T02:46:06.513+0000] {settings.py:363} DEBUG - Disposing DB connection pool (PID 227)
[2025-06-17T02:46:06.514+0000] {settings.py:250} DEBUG - Setting up DB connection pool (PID 227)
[2025-06-17T02:46:06.514+0000] {settings.py:298} DEBUG - settings.prepare_engine_args(): Using NullPool
[2025-06-17T02:46:06.567+0000] {taskinstance.py:1042} DEBUG - previous_execution_date was called
[2025-06-17T02:46:06.578+0000] {taskinstance.py:1845} DEBUG - Clearing XCom data
[2025-06-17T02:46:06.603+0000] {retries.py:91} DEBUG - Running RenderedTaskInstanceFields.write with retries. Try 1 of 3
[2025-06-17T02:46:06.642+0000] {retries.py:91} DEBUG - Running RenderedTaskInstanceFields._do_delete_old_records with retries. Try 1 of 3
[2025-06-17T02:46:06.662+0000] {taskinstance.py:2648} INFO - Exporting env vars: AIRFLOW_CTX_DAG_OWNER='***' AIRFLOW_CTX_DAG_ID='globalsuperstore' AIRFLOW_CTX_TASK_ID='transform.transform_dim_locations' AIRFLOW_CTX_EXECUTION_DATE='2025-06-17T02:45:46.351752+00:00' AIRFLOW_CTX_TRY_NUMBER='1' AIRFLOW_CTX_DAG_RUN_ID='manual__2025-06-17T02:45:46.351752+00:00'
[2025-06-17T02:46:06.664+0000] {__init__.py:115} DEBUG - Preparing lineage inlets and outlets
[2025-06-17T02:46:06.665+0000] {__init__.py:154} DEBUG - inlets: [], outlets: []
[2025-06-17T02:46:06.666+0000] {taskinstance.py:430} INFO - ::endgroup::
[2025-06-17T02:46:06.699+0000] {base.py:84} INFO - Using connection ID 'postgres' for task execution.
[2025-06-17T02:46:06.707+0000] {base.py:84} INFO - Using connection ID 'postgres' for task execution.
[2025-06-17T02:46:06.709+0000] {taskinstance.py:441} INFO - ::group::Post task execution logs
[2025-06-17T02:46:06.710+0000] {taskinstance.py:2905} ERROR - Task failed with exception
Traceback (most recent call last):
  File "/home/airflow/.local/lib/python3.10/site-packages/airflow/models/taskinstance.py", line 465, in _execute_task
    result = _execute_callable(context=context, **execute_callable_kwargs)
  File "/home/airflow/.local/lib/python3.10/site-packages/airflow/models/taskinstance.py", line 432, in _execute_callable
    return execute_callable(context=context, **execute_callable_kwargs)
  File "/home/airflow/.local/lib/python3.10/site-packages/airflow/models/baseoperator.py", line 401, in wrapper
    return func(self, *args, **kwargs)
  File "/home/airflow/.local/lib/python3.10/site-packages/airflow/operators/python.py", line 235, in execute
    return_value = self.execute_callable()
  File "/home/airflow/.local/lib/python3.10/site-packages/airflow/operators/python.py", line 252, in execute_callable
    return self.python_callable(*self.op_args, **self.op_kwargs)
  File "/opt/airflow/dags/transform_dim_locations.py", line 15, in transform_dim_locations
    warehouse_operator.run_sql('TRUNCATE TABLE "warehouse"."fact_sales" RESTART IDENTITY CASCADE')
AttributeError: 'PostgresOperators' object has no attribute 'run_sql'
[2025-06-17T02:46:06.721+0000] {taskinstance.py:562} DEBUG - Task Duration set to 0.329025
[2025-06-17T02:46:06.723+0000] {taskinstance.py:584} DEBUG - Clearing next_method and next_kwargs.
[2025-06-17T02:46:06.724+0000] {taskinstance.py:1206} INFO - Marking task as FAILED. dag_id=globalsuperstore, task_id=transform.transform_dim_locations, run_id=manual__2025-06-17T02:45:46.351752+00:00, execution_date=20250617T024546, start_date=20250617T024606, end_date=20250617T024606
[2025-06-17T02:46:06.741+0000] {cli_action_loggers.py:88} DEBUG - Calling callbacks: []
[2025-06-17T02:46:06.742+0000] {standard_task_runner.py:110} ERROR - Failed to execute job 438 for task transform.transform_dim_locations ('PostgresOperators' object has no attribute 'run_sql'; 227)
[2025-06-17T02:46:06.778+0000] {local_task_job_runner.py:240} INFO - Task exited with return code 1
[2025-06-17T02:46:06.801+0000] {dagrun.py:931} DEBUG - number of tis tasks for <DagRun globalsuperstore @ 2025-06-17 02:45:46.351752+00:00: manual__2025-06-17T02:45:46.351752+00:00, state:running, queued_at: 2025-06-17 02:45:46.419947+00:00. externally triggered: True>: 6 task(s)
[2025-06-17T02:46:06.802+0000] {dagrun.py:952} DEBUG - number of scheduleable tasks for <DagRun globalsuperstore @ 2025-06-17 02:45:46.351752+00:00: manual__2025-06-17T02:45:46.351752+00:00, state:running, queued_at: 2025-06-17 02:45:46.419947+00:00. externally triggered: True>: 1 task(s)
[2025-06-17T02:46:06.802+0000] {taskinstance.py:2088} DEBUG - <TaskInstance: globalsuperstore.load.transform_fact_sales manual__2025-06-17T02:45:46.351752+00:00 [None]> dependency 'Previous Dagrun State' PASSED: True, The task did not have depends_on_past set.
[2025-06-17T02:46:06.803+0000] {taskinstance.py:1884} DEBUG - Setting task state for <TaskInstance: globalsuperstore.load.transform_fact_sales manual__2025-06-17T02:45:46.351752+00:00 [None]> to upstream_failed
[2025-06-17T02:46:06.804+0000] {taskinstance.py:2088} DEBUG - <TaskInstance: globalsuperstore.load.transform_fact_sales manual__2025-06-17T02:45:46.351752+00:00 [upstream_failed]> dependency 'Trigger Rule' PASSED: False, Task's trigger rule 'all_success' requires all upstream tasks to have succeeded, but found 5 non-success(es). upstream_states=_UpstreamTIStates(success=0, skipped=0, failed=5, upstream_failed=0, removed=0, done=5, success_setup=0, skipped_setup=0), upstream_task_ids={'transform.transform_dim_products', 'transform.transform_dim_locations', 'transform.transform_dim_date', 'transform.transform_dim_customers', 'transform.transform_dim_shipmode'}
[2025-06-17T02:46:06.804+0000] {taskinstance.py:2066} DEBUG - Dependencies not met for <TaskInstance: globalsuperstore.load.transform_fact_sales manual__2025-06-17T02:45:46.351752+00:00 [upstream_failed]>, dependency 'Trigger Rule' FAILED: Task's trigger rule 'all_success' requires all upstream tasks to have succeeded, but found 5 non-success(es). upstream_states=_UpstreamTIStates(success=0, skipped=0, failed=5, upstream_failed=0, removed=0, done=5, success_setup=0, skipped_setup=0), upstream_task_ids={'transform.transform_dim_products', 'transform.transform_dim_locations', 'transform.transform_dim_date', 'transform.transform_dim_customers', 'transform.transform_dim_shipmode'}
[2025-06-17T02:46:06.804+0000] {taskinstance.py:2088} DEBUG - <TaskInstance: globalsuperstore.load.transform_fact_sales manual__2025-06-17T02:45:46.351752+00:00 [upstream_failed]> dependency 'Not In Retry Period' PASSED: True, The task instance was not marked for retrying.
[2025-06-17T02:46:06.811+0000] {taskinstance.py:3503} INFO - 0 downstream tasks scheduled from follow-on schedule check
[2025-06-17T02:46:06.818+0000] {local_task_job_runner.py:222} INFO - ::endgroup::
