[2025-06-17T02:27:50.985+0000] {taskinstance.py:1042} DEBUG - previous_execution_date was called
[2025-06-17T02:27:51.048+0000] {__init__.py:54} DEBUG - Loading core task runner: StandardTaskRunner
[2025-06-17T02:27:51.084+0000] {taskinstance.py:1042} DEBUG - previous_execution_date was called
[2025-06-17T02:27:51.100+0000] {base_task_runner.py:73} DEBUG - Planning to run as the  user
[2025-06-17T02:27:51.117+0000] {local_task_job_runner.py:120} INFO - ::group::Pre task execution logs
[2025-06-17T02:27:51.239+0000] {taskinstance.py:2088} DEBUG - <TaskInstance: globalsuperstore.transform.transform_dim_date manual__2025-06-17T02:27:24.673378+00:00 [queued]> dependency 'Task Instance Not Running' PASSED: True, Task is not in running state.
[2025-06-17T02:27:51.257+0000] {taskinstance.py:2088} DEBUG - <TaskInstance: globalsuperstore.transform.transform_dim_date manual__2025-06-17T02:27:24.673378+00:00 [queued]> dependency 'Task Instance State' PASSED: True, Task state queued was valid.
[2025-06-17T02:27:51.262+0000] {taskinstance.py:2088} DEBUG - <TaskInstance: globalsuperstore.transform.transform_dim_date manual__2025-06-17T02:27:24.673378+00:00 [queued]> dependency 'Not In Retry Period' PASSED: True, The task instance was not marked for retrying.
[2025-06-17T02:27:51.265+0000] {taskinstance.py:2088} DEBUG - <TaskInstance: globalsuperstore.transform.transform_dim_date manual__2025-06-17T02:27:24.673378+00:00 [queued]> dependency 'Previous Dagrun State' PASSED: True, The task did not have depends_on_past set.
[2025-06-17T02:27:51.278+0000] {taskinstance.py:2076} INFO - Dependencies all met for dep_context=non-requeueable deps ti=<TaskInstance: globalsuperstore.transform.transform_dim_date manual__2025-06-17T02:27:24.673378+00:00 [queued]>
[2025-06-17T02:27:51.309+0000] {taskinstance.py:2088} DEBUG - <TaskInstance: globalsuperstore.transform.transform_dim_date manual__2025-06-17T02:27:24.673378+00:00 [queued]> dependency 'Pool Slots Available' PASSED: True, There are enough open slots in default_pool to execute the task
[2025-06-17T02:27:51.310+0000] {taskinstance.py:2088} DEBUG - <TaskInstance: globalsuperstore.transform.transform_dim_date manual__2025-06-17T02:27:24.673378+00:00 [queued]> dependency 'Task Concurrency' PASSED: True, Task concurrency is not set.
[2025-06-17T02:27:51.318+0000] {taskinstance.py:2088} DEBUG - <TaskInstance: globalsuperstore.transform.transform_dim_date manual__2025-06-17T02:27:24.673378+00:00 [queued]> dependency 'Not In Retry Period' PASSED: True, The task instance was not marked for retrying.
[2025-06-17T02:27:51.325+0000] {taskinstance.py:2088} DEBUG - <TaskInstance: globalsuperstore.transform.transform_dim_date manual__2025-06-17T02:27:24.673378+00:00 [queued]> dependency 'Previous Dagrun State' PASSED: True, The task did not have depends_on_past set.
[2025-06-17T02:27:51.326+0000] {taskinstance.py:2076} INFO - Dependencies all met for dep_context=requeueable deps ti=<TaskInstance: globalsuperstore.transform.transform_dim_date manual__2025-06-17T02:27:24.673378+00:00 [queued]>
[2025-06-17T02:27:51.327+0000] {taskinstance.py:2306} INFO - Starting attempt 1 of 1
[2025-06-17T02:27:51.390+0000] {taskinstance.py:2330} INFO - Executing <Task(PythonOperator): transform.transform_dim_date> on 2025-06-17 02:27:24.673378+00:00
[2025-06-17T02:27:51.433+0000] {standard_task_runner.py:63} INFO - Started process 238 to run task
[2025-06-17T02:27:51.441+0000] {standard_task_runner.py:90} INFO - Running: ['***', 'tasks', 'run', 'globalsuperstore', 'transform.transform_dim_date', 'manual__2025-06-17T02:27:24.673378+00:00', '--job-id', '390', '--raw', '--subdir', 'DAGS_FOLDER/global_superstore_dw_etl.py', '--cfg-path', '/tmp/tmp3qg7ey3o']
[2025-06-17T02:27:51.460+0000] {standard_task_runner.py:91} INFO - Job 390: Subtask transform.transform_dim_date
[2025-06-17T02:27:51.463+0000] {cli_action_loggers.py:70} DEBUG - Calling callbacks: [<function default_action_log at 0x7f821ad2d750>]
[2025-06-17T02:27:51.601+0000] {taskinstance.py:1042} DEBUG - previous_execution_date was called
[2025-06-17T02:27:51.630+0000] {task_command.py:426} INFO - Running <TaskInstance: globalsuperstore.transform.transform_dim_date manual__2025-06-17T02:27:24.673378+00:00 [running]> on host 9b7c60adfed6
[2025-06-17T02:27:51.631+0000] {settings.py:363} DEBUG - Disposing DB connection pool (PID 238)
[2025-06-17T02:27:51.633+0000] {settings.py:250} DEBUG - Setting up DB connection pool (PID 238)
[2025-06-17T02:27:51.634+0000] {settings.py:298} DEBUG - settings.prepare_engine_args(): Using NullPool
[2025-06-17T02:27:51.744+0000] {taskinstance.py:1042} DEBUG - previous_execution_date was called
[2025-06-17T02:27:51.749+0000] {taskinstance.py:1845} DEBUG - Clearing XCom data
[2025-06-17T02:27:51.797+0000] {retries.py:91} DEBUG - Running RenderedTaskInstanceFields.write with retries. Try 1 of 3
[2025-06-17T02:27:51.881+0000] {retries.py:91} DEBUG - Running RenderedTaskInstanceFields._do_delete_old_records with retries. Try 1 of 3
[2025-06-17T02:27:51.916+0000] {taskinstance.py:2648} INFO - Exporting env vars: AIRFLOW_CTX_DAG_OWNER='***' AIRFLOW_CTX_DAG_ID='globalsuperstore' AIRFLOW_CTX_TASK_ID='transform.transform_dim_date' AIRFLOW_CTX_EXECUTION_DATE='2025-06-17T02:27:24.673378+00:00' AIRFLOW_CTX_TRY_NUMBER='1' AIRFLOW_CTX_DAG_RUN_ID='manual__2025-06-17T02:27:24.673378+00:00'
[2025-06-17T02:27:51.918+0000] {__init__.py:115} DEBUG - Preparing lineage inlets and outlets
[2025-06-17T02:27:51.920+0000] {__init__.py:154} DEBUG - inlets: [], outlets: []
[2025-06-17T02:27:51.921+0000] {taskinstance.py:430} INFO - ::endgroup::
[2025-06-17T02:27:52.052+0000] {base.py:84} INFO - Using connection ID 'postgres' for task execution.
[2025-06-17T02:27:52.100+0000] {base.py:84} INFO - Using connection ID 'postgres' for task execution.
[2025-06-17T02:27:52.146+0000] {base.py:84} INFO - Using connection ID 'postgres' for task execution.
[2025-06-17T02:27:52.216+0000] {logging_mixin.py:188} WARNING - /home/***/.local/lib/python3.10/site-packages/***/providers/common/sql/hooks/sql.py:263 UserWarning: pandas only supports SQLAlchemy connectable (engine/connection) or database string URI or sqlite3 DBAPI2 connection. Other DBAPI2 objects are not tested. Please consider using SQLAlchemy.
[2025-06-17T02:27:54.313+0000] {logging_mixin.py:188} INFO - ✔ Đã lưu dữ liệu vào warehouse.dim_date (1428 dòng)
[2025-06-17T02:27:54.314+0000] {logging_mixin.py:188} INFO - ✔ Đã transform và lưu dữ liệu vào warehouse.dim_date
[2025-06-17T02:27:54.315+0000] {python.py:237} INFO - Done. Returned value was: None
[2025-06-17T02:27:54.316+0000] {taskinstance.py:441} INFO - ::group::Post task execution logs
[2025-06-17T02:27:54.319+0000] {__init__.py:77} DEBUG - Lineage called with inlets: [], outlets: []
[2025-06-17T02:27:54.348+0000] {taskinstance.py:584} DEBUG - Clearing next_method and next_kwargs.
[2025-06-17T02:27:54.349+0000] {taskinstance.py:1206} INFO - Marking task as SUCCESS. dag_id=globalsuperstore, task_id=transform.transform_dim_date, run_id=manual__2025-06-17T02:27:24.673378+00:00, execution_date=20250617T022724, start_date=20250617T022751, end_date=20250617T022754
[2025-06-17T02:27:54.350+0000] {taskinstance.py:562} DEBUG - Task Duration set to 3.066285
[2025-06-17T02:27:54.391+0000] {cli_action_loggers.py:88} DEBUG - Calling callbacks: []
[2025-06-17T02:27:54.466+0000] {local_task_job_runner.py:240} INFO - Task exited with return code 0
[2025-06-17T02:27:54.495+0000] {dagrun.py:931} DEBUG - number of tis tasks for <DagRun globalsuperstore @ 2025-06-17 02:27:24.673378+00:00: manual__2025-06-17T02:27:24.673378+00:00, state:running, queued_at: 2025-06-17 02:27:24.685769+00:00. externally triggered: True>: 6 task(s)
[2025-06-17T02:27:54.496+0000] {dagrun.py:952} DEBUG - number of scheduleable tasks for <DagRun globalsuperstore @ 2025-06-17 02:27:24.673378+00:00: manual__2025-06-17T02:27:24.673378+00:00, state:running, queued_at: 2025-06-17 02:27:24.685769+00:00. externally triggered: True>: 0 task(s)
[2025-06-17T02:27:54.497+0000] {taskinstance.py:3503} INFO - 0 downstream tasks scheduled from follow-on schedule check
[2025-06-17T02:27:54.501+0000] {local_task_job_runner.py:222} INFO - ::endgroup::
