[2025-06-16T14:43:17.158+0000] {taskinstance.py:1042} DEBUG - previous_execution_date was called
[2025-06-16T14:43:17.187+0000] {__init__.py:54} DEBUG - Loading core task runner: StandardTaskRunner
[2025-06-16T14:43:17.213+0000] {taskinstance.py:1042} DEBUG - previous_execution_date was called
[2025-06-16T14:43:17.223+0000] {base_task_runner.py:73} DEBUG - Planning to run as the  user
[2025-06-16T14:43:17.232+0000] {local_task_job_runner.py:120} INFO - ::group::Pre task execution logs
[2025-06-16T14:43:17.279+0000] {taskinstance.py:2088} DEBUG - <TaskInstance: globalsuperstore.transform.transform_dim_products manual__2025-06-16T14:42:57.295298+00:00 [queued]> dependency 'Task Instance State' PASSED: True, Task state queued was valid.
[2025-06-16T14:43:17.290+0000] {taskinstance.py:2088} DEBUG - <TaskInstance: globalsuperstore.transform.transform_dim_products manual__2025-06-16T14:42:57.295298+00:00 [queued]> dependency 'Previous Dagrun State' PASSED: True, The task did not have depends_on_past set.
[2025-06-16T14:43:17.290+0000] {taskinstance.py:2088} DEBUG - <TaskInstance: globalsuperstore.transform.transform_dim_products manual__2025-06-16T14:42:57.295298+00:00 [queued]> dependency 'Not In Retry Period' PASSED: True, The task instance was not marked for retrying.
[2025-06-16T14:43:17.291+0000] {taskinstance.py:2088} DEBUG - <TaskInstance: globalsuperstore.transform.transform_dim_products manual__2025-06-16T14:42:57.295298+00:00 [queued]> dependency 'Task Instance Not Running' PASSED: True, Task is not in running state.
[2025-06-16T14:43:17.292+0000] {taskinstance.py:2076} INFO - Dependencies all met for dep_context=non-requeueable deps ti=<TaskInstance: globalsuperstore.transform.transform_dim_products manual__2025-06-16T14:42:57.295298+00:00 [queued]>
[2025-06-16T14:43:17.295+0000] {taskinstance.py:2088} DEBUG - <TaskInstance: globalsuperstore.transform.transform_dim_products manual__2025-06-16T14:42:57.295298+00:00 [queued]> dependency 'Previous Dagrun State' PASSED: True, The task did not have depends_on_past set.
[2025-06-16T14:43:17.299+0000] {taskinstance.py:2088} DEBUG - <TaskInstance: globalsuperstore.transform.transform_dim_products manual__2025-06-16T14:42:57.295298+00:00 [queued]> dependency 'Not In Retry Period' PASSED: True, The task instance was not marked for retrying.
[2025-06-16T14:43:17.306+0000] {taskinstance.py:2088} DEBUG - <TaskInstance: globalsuperstore.transform.transform_dim_products manual__2025-06-16T14:42:57.295298+00:00 [queued]> dependency 'Pool Slots Available' PASSED: True, There are enough open slots in default_pool to execute the task
[2025-06-16T14:43:17.307+0000] {taskinstance.py:2088} DEBUG - <TaskInstance: globalsuperstore.transform.transform_dim_products manual__2025-06-16T14:42:57.295298+00:00 [queued]> dependency 'Task Concurrency' PASSED: True, Task concurrency is not set.
[2025-06-16T14:43:17.308+0000] {taskinstance.py:2076} INFO - Dependencies all met for dep_context=requeueable deps ti=<TaskInstance: globalsuperstore.transform.transform_dim_products manual__2025-06-16T14:42:57.295298+00:00 [queued]>
[2025-06-16T14:43:17.309+0000] {taskinstance.py:2306} INFO - Starting attempt 1 of 1
[2025-06-16T14:43:17.333+0000] {taskinstance.py:2330} INFO - Executing <Task(PythonOperator): transform.transform_dim_products> on 2025-06-16 14:42:57.295298+00:00
[2025-06-16T14:43:17.348+0000] {standard_task_runner.py:63} INFO - Started process 1194 to run task
[2025-06-16T14:43:17.354+0000] {standard_task_runner.py:90} INFO - Running: ['***', 'tasks', 'run', 'globalsuperstore', 'transform.transform_dim_products', 'manual__2025-06-16T14:42:57.295298+00:00', '--job-id', '33', '--raw', '--subdir', 'DAGS_FOLDER/global_superstore_dw_etl.py', '--cfg-path', '/tmp/tmpwwcz2upv']
[2025-06-16T14:43:17.356+0000] {standard_task_runner.py:91} INFO - Job 33: Subtask transform.transform_dim_products
[2025-06-16T14:43:17.357+0000] {cli_action_loggers.py:70} DEBUG - Calling callbacks: [<function default_action_log at 0x7fee6db2d750>]
[2025-06-16T14:43:17.427+0000] {taskinstance.py:1042} DEBUG - previous_execution_date was called
[2025-06-16T14:43:17.435+0000] {task_command.py:426} INFO - Running <TaskInstance: globalsuperstore.transform.transform_dim_products manual__2025-06-16T14:42:57.295298+00:00 [running]> on host cdd5f2df74dd
[2025-06-16T14:43:17.436+0000] {settings.py:363} DEBUG - Disposing DB connection pool (PID 1194)
[2025-06-16T14:43:17.437+0000] {settings.py:250} DEBUG - Setting up DB connection pool (PID 1194)
[2025-06-16T14:43:17.437+0000] {settings.py:298} DEBUG - settings.prepare_engine_args(): Using NullPool
[2025-06-16T14:43:17.489+0000] {taskinstance.py:1042} DEBUG - previous_execution_date was called
[2025-06-16T14:43:17.492+0000] {taskinstance.py:1845} DEBUG - Clearing XCom data
[2025-06-16T14:43:17.513+0000] {retries.py:91} DEBUG - Running RenderedTaskInstanceFields.write with retries. Try 1 of 3
[2025-06-16T14:43:17.547+0000] {retries.py:91} DEBUG - Running RenderedTaskInstanceFields._do_delete_old_records with retries. Try 1 of 3
[2025-06-16T14:43:17.565+0000] {taskinstance.py:2648} INFO - Exporting env vars: AIRFLOW_CTX_DAG_OWNER='***' AIRFLOW_CTX_DAG_ID='globalsuperstore' AIRFLOW_CTX_TASK_ID='transform.transform_dim_products' AIRFLOW_CTX_EXECUTION_DATE='2025-06-16T14:42:57.295298+00:00' AIRFLOW_CTX_TRY_NUMBER='1' AIRFLOW_CTX_DAG_RUN_ID='manual__2025-06-16T14:42:57.295298+00:00'
[2025-06-16T14:43:17.566+0000] {__init__.py:115} DEBUG - Preparing lineage inlets and outlets
[2025-06-16T14:43:17.567+0000] {__init__.py:154} DEBUG - inlets: [], outlets: []
[2025-06-16T14:43:17.568+0000] {taskinstance.py:430} INFO - ::endgroup::
[2025-06-16T14:43:17.601+0000] {base.py:84} INFO - Using connection ID 'postgres' for task execution.
[2025-06-16T14:43:17.610+0000] {base.py:84} INFO - Using connection ID 'postgres' for task execution.
[2025-06-16T14:43:17.621+0000] {base.py:84} INFO - Using connection ID 'postgres' for task execution.
[2025-06-16T14:43:17.638+0000] {logging_mixin.py:188} WARNING - /home/***/.local/lib/python3.10/site-packages/***/providers/common/sql/hooks/sql.py:263 UserWarning: pandas only supports SQLAlchemy connectable (engine/connection) or database string URI or sqlite3 DBAPI2 connection. Other DBAPI2 objects are not tested. Please consider using SQLAlchemy.
[2025-06-16T14:43:17.683+0000] {base.py:84} INFO - Using connection ID 'postgres' for task execution.
[2025-06-16T14:43:17.692+0000] {logging_mixin.py:188} WARNING - /home/***/.local/lib/python3.10/site-packages/***/providers/common/sql/hooks/sql.py:263 UserWarning: pandas only supports SQLAlchemy connectable (engine/connection) or database string URI or sqlite3 DBAPI2 connection. Other DBAPI2 objects are not tested. Please consider using SQLAlchemy.
[2025-06-16T14:43:17.702+0000] {base.py:84} INFO - Using connection ID 'postgres' for task execution.
[2025-06-16T14:43:17.708+0000] {logging_mixin.py:188} WARNING - /home/***/.local/lib/python3.10/site-packages/***/providers/common/sql/hooks/sql.py:263 UserWarning: pandas only supports SQLAlchemy connectable (engine/connection) or database string URI or sqlite3 DBAPI2 connection. Other DBAPI2 objects are not tested. Please consider using SQLAlchemy.
[2025-06-16T14:43:19.310+0000] {logging_mixin.py:188} INFO - ✔ Đã transform và lưu dữ liệu vào warehouse.dim_product
[2025-06-16T14:43:19.312+0000] {python.py:237} INFO - Done. Returned value was: None
[2025-06-16T14:43:19.313+0000] {taskinstance.py:441} INFO - ::group::Post task execution logs
[2025-06-16T14:43:19.313+0000] {__init__.py:77} DEBUG - Lineage called with inlets: [], outlets: []
[2025-06-16T14:43:19.323+0000] {taskinstance.py:584} DEBUG - Clearing next_method and next_kwargs.
[2025-06-16T14:43:19.324+0000] {taskinstance.py:1206} INFO - Marking task as SUCCESS. dag_id=globalsuperstore, task_id=transform.transform_dim_products, run_id=manual__2025-06-16T14:42:57.295298+00:00, execution_date=20250616T144257, start_date=20250616T144317, end_date=20250616T144319
[2025-06-16T14:43:19.324+0000] {taskinstance.py:562} DEBUG - Task Duration set to 2.03117
[2025-06-16T14:43:19.334+0000] {cli_action_loggers.py:88} DEBUG - Calling callbacks: []
[2025-06-16T14:43:19.374+0000] {local_task_job_runner.py:240} INFO - Task exited with return code 0
[2025-06-16T14:43:19.390+0000] {dagrun.py:931} DEBUG - number of tis tasks for <DagRun globalsuperstore @ 2025-06-16 14:42:57.295298+00:00: manual__2025-06-16T14:42:57.295298+00:00, state:running, queued_at: 2025-06-16 14:42:57.339692+00:00. externally triggered: True>: 6 task(s)
[2025-06-16T14:43:19.391+0000] {taskinstance.py:3503} INFO - 0 downstream tasks scheduled from follow-on schedule check
[2025-06-16T14:43:19.393+0000] {local_task_job_runner.py:222} INFO - ::endgroup::
