[2025-06-14T16:12:51.197+0000] {local_task_job_runner.py:120} INFO - ::group::Pre task execution logs
[2025-06-14T16:12:51.236+0000] {taskinstance.py:2076} INFO - Dependencies all met for dep_context=non-requeueable deps ti=<TaskInstance: globalsuperstore.transform.transform_dim_products manual__2025-06-14T16:11:57.124591+00:00 [queued]>
[2025-06-14T16:12:51.248+0000] {taskinstance.py:2076} INFO - Dependencies all met for dep_context=requeueable deps ti=<TaskInstance: globalsuperstore.transform.transform_dim_products manual__2025-06-14T16:11:57.124591+00:00 [queued]>
[2025-06-14T16:12:51.248+0000] {taskinstance.py:2306} INFO - Starting attempt 1 of 1
[2025-06-14T16:12:51.272+0000] {taskinstance.py:2330} INFO - Executing <Task(PythonOperator): transform.transform_dim_products> on 2025-06-14 16:11:57.124591+00:00
[2025-06-14T16:12:51.303+0000] {standard_task_runner.py:63} INFO - Started process 3493 to run task
[2025-06-14T16:12:51.324+0000] {standard_task_runner.py:90} INFO - Running: ['***', 'tasks', 'run', 'globalsuperstore', 'transform.transform_dim_products', 'manual__2025-06-14T16:11:57.124591+00:00', '--job-id', '70', '--raw', '--subdir', 'DAGS_FOLDER/global_superstore_dw_etl.py', '--cfg-path', '/tmp/tmpc0mnrwg4']
[2025-06-14T16:12:51.331+0000] {standard_task_runner.py:91} INFO - Job 70: Subtask transform.transform_dim_products
[2025-06-14T16:12:51.453+0000] {task_command.py:426} INFO - Running <TaskInstance: globalsuperstore.transform.transform_dim_products manual__2025-06-14T16:11:57.124591+00:00 [running]> on host f3cca4675eb8
[2025-06-14T16:12:51.594+0000] {taskinstance.py:2648} INFO - Exporting env vars: AIRFLOW_CTX_DAG_OWNER='***' AIRFLOW_CTX_DAG_ID='globalsuperstore' AIRFLOW_CTX_TASK_ID='transform.transform_dim_products' AIRFLOW_CTX_EXECUTION_DATE='2025-06-14T16:11:57.124591+00:00' AIRFLOW_CTX_TRY_NUMBER='1' AIRFLOW_CTX_DAG_RUN_ID='manual__2025-06-14T16:11:57.124591+00:00'
[2025-06-14T16:12:51.595+0000] {taskinstance.py:430} INFO - ::endgroup::
[2025-06-14T16:12:51.632+0000] {base.py:84} INFO - Using connection ID 'postgres' for task execution.
[2025-06-14T16:12:51.644+0000] {base.py:84} INFO - Using connection ID 'postgres' for task execution.
[2025-06-14T16:12:51.680+0000] {base.py:84} INFO - Using connection ID 'postgres' for task execution.
[2025-06-14T16:12:51.693+0000] {logging_mixin.py:188} WARNING - /home/***/.local/lib/python3.10/site-packages/***/providers/common/sql/hooks/sql.py:263 UserWarning: pandas only supports SQLAlchemy connectable (engine/connection) or database string URI or sqlite3 DBAPI2 connection. Other DBAPI2 objects are not tested. Please consider using SQLAlchemy.
[2025-06-14T16:12:51.731+0000] {base.py:84} INFO - Using connection ID 'postgres' for task execution.
[2025-06-14T16:12:51.739+0000] {logging_mixin.py:188} WARNING - /home/***/.local/lib/python3.10/site-packages/***/providers/common/sql/hooks/sql.py:263 UserWarning: pandas only supports SQLAlchemy connectable (engine/connection) or database string URI or sqlite3 DBAPI2 connection. Other DBAPI2 objects are not tested. Please consider using SQLAlchemy.
[2025-06-14T16:12:51.748+0000] {base.py:84} INFO - Using connection ID 'postgres' for task execution.
[2025-06-14T16:12:51.755+0000] {logging_mixin.py:188} WARNING - /home/***/.local/lib/python3.10/site-packages/***/providers/common/sql/hooks/sql.py:263 UserWarning: pandas only supports SQLAlchemy connectable (engine/connection) or database string URI or sqlite3 DBAPI2 connection. Other DBAPI2 objects are not tested. Please consider using SQLAlchemy.
[2025-06-14T16:12:53.185+0000] {logging_mixin.py:188} INFO - ✔ Đã transform và lưu dữ liệu vào warehouse.dim_product
[2025-06-14T16:12:53.187+0000] {python.py:237} INFO - Done. Returned value was: None
[2025-06-14T16:12:53.188+0000] {taskinstance.py:441} INFO - ::group::Post task execution logs
[2025-06-14T16:12:53.198+0000] {taskinstance.py:1206} INFO - Marking task as SUCCESS. dag_id=globalsuperstore, task_id=transform.transform_dim_products, run_id=manual__2025-06-14T16:11:57.124591+00:00, execution_date=20250614T161157, start_date=20250614T161251, end_date=20250614T161253
[2025-06-14T16:12:53.262+0000] {local_task_job_runner.py:240} INFO - Task exited with return code 0
[2025-06-14T16:12:53.282+0000] {taskinstance.py:3503} INFO - 0 downstream tasks scheduled from follow-on schedule check
[2025-06-14T16:12:53.285+0000] {local_task_job_runner.py:222} INFO - ::endgroup::
