[2025-06-17T02:50:55.564+0000] {taskinstance.py:1042} DEBUG - previous_execution_date was called
[2025-06-17T02:50:55.589+0000] {__init__.py:54} DEBUG - Loading core task runner: StandardTaskRunner
[2025-06-17T02:50:55.607+0000] {taskinstance.py:1042} DEBUG - previous_execution_date was called
[2025-06-17T02:50:55.613+0000] {base_task_runner.py:73} DEBUG - Planning to run as the  user
[2025-06-17T02:50:55.625+0000] {local_task_job_runner.py:120} INFO - ::group::Pre task execution logs
[2025-06-17T02:50:55.668+0000] {taskinstance.py:2088} DEBUG - <TaskInstance: globalsuperstore.transform.transform_dim_shipmode manual__2025-06-17T02:50:34.785731+00:00 [queued]> dependency 'Task Instance Not Running' PASSED: True, Task is not in running state.
[2025-06-17T02:50:55.669+0000] {taskinstance.py:2088} DEBUG - <TaskInstance: globalsuperstore.transform.transform_dim_shipmode manual__2025-06-17T02:50:34.785731+00:00 [queued]> dependency 'Previous Dagrun State' PASSED: True, The task did not have depends_on_past set.
[2025-06-17T02:50:55.670+0000] {taskinstance.py:2088} DEBUG - <TaskInstance: globalsuperstore.transform.transform_dim_shipmode manual__2025-06-17T02:50:34.785731+00:00 [queued]> dependency 'Task Instance State' PASSED: True, Task state queued was valid.
[2025-06-17T02:50:55.678+0000] {taskinstance.py:2088} DEBUG - <TaskInstance: globalsuperstore.transform.transform_dim_shipmode manual__2025-06-17T02:50:34.785731+00:00 [queued]> dependency 'Not In Retry Period' PASSED: True, The task instance was not marked for retrying.
[2025-06-17T02:50:55.679+0000] {taskinstance.py:2076} INFO - Dependencies all met for dep_context=non-requeueable deps ti=<TaskInstance: globalsuperstore.transform.transform_dim_shipmode manual__2025-06-17T02:50:34.785731+00:00 [queued]>
[2025-06-17T02:50:55.687+0000] {taskinstance.py:2088} DEBUG - <TaskInstance: globalsuperstore.transform.transform_dim_shipmode manual__2025-06-17T02:50:34.785731+00:00 [queued]> dependency 'Pool Slots Available' PASSED: True, There are enough open slots in default_pool to execute the task
[2025-06-17T02:50:55.688+0000] {taskinstance.py:2088} DEBUG - <TaskInstance: globalsuperstore.transform.transform_dim_shipmode manual__2025-06-17T02:50:34.785731+00:00 [queued]> dependency 'Task Concurrency' PASSED: True, Task concurrency is not set.
[2025-06-17T02:50:55.688+0000] {taskinstance.py:2088} DEBUG - <TaskInstance: globalsuperstore.transform.transform_dim_shipmode manual__2025-06-17T02:50:34.785731+00:00 [queued]> dependency 'Previous Dagrun State' PASSED: True, The task did not have depends_on_past set.
[2025-06-17T02:50:55.693+0000] {taskinstance.py:2088} DEBUG - <TaskInstance: globalsuperstore.transform.transform_dim_shipmode manual__2025-06-17T02:50:34.785731+00:00 [queued]> dependency 'Not In Retry Period' PASSED: True, The task instance was not marked for retrying.
[2025-06-17T02:50:55.694+0000] {taskinstance.py:2076} INFO - Dependencies all met for dep_context=requeueable deps ti=<TaskInstance: globalsuperstore.transform.transform_dim_shipmode manual__2025-06-17T02:50:34.785731+00:00 [queued]>
[2025-06-17T02:50:55.695+0000] {taskinstance.py:2306} INFO - Starting attempt 1 of 1
[2025-06-17T02:50:55.711+0000] {taskinstance.py:2330} INFO - Executing <Task(PythonOperator): transform.transform_dim_shipmode> on 2025-06-17 02:50:34.785731+00:00
[2025-06-17T02:50:55.723+0000] {standard_task_runner.py:63} INFO - Started process 252 to run task
[2025-06-17T02:50:55.728+0000] {standard_task_runner.py:90} INFO - Running: ['***', 'tasks', 'run', 'globalsuperstore', 'transform.transform_dim_shipmode', 'manual__2025-06-17T02:50:34.785731+00:00', '--job-id', '450', '--raw', '--subdir', 'DAGS_FOLDER/global_superstore_dw_etl.py', '--cfg-path', '/tmp/tmpv13io97h']
[2025-06-17T02:50:55.733+0000] {standard_task_runner.py:91} INFO - Job 450: Subtask transform.transform_dim_shipmode
[2025-06-17T02:50:55.736+0000] {cli_action_loggers.py:70} DEBUG - Calling callbacks: [<function default_action_log at 0x7f9296139750>]
[2025-06-17T02:50:55.785+0000] {taskinstance.py:1042} DEBUG - previous_execution_date was called
[2025-06-17T02:50:55.791+0000] {task_command.py:426} INFO - Running <TaskInstance: globalsuperstore.transform.transform_dim_shipmode manual__2025-06-17T02:50:34.785731+00:00 [running]> on host 9b7c60adfed6
[2025-06-17T02:50:55.792+0000] {settings.py:363} DEBUG - Disposing DB connection pool (PID 252)
[2025-06-17T02:50:55.793+0000] {settings.py:250} DEBUG - Setting up DB connection pool (PID 252)
[2025-06-17T02:50:55.793+0000] {settings.py:298} DEBUG - settings.prepare_engine_args(): Using NullPool
[2025-06-17T02:50:55.833+0000] {taskinstance.py:1042} DEBUG - previous_execution_date was called
[2025-06-17T02:50:55.835+0000] {taskinstance.py:1845} DEBUG - Clearing XCom data
[2025-06-17T02:50:55.851+0000] {retries.py:91} DEBUG - Running RenderedTaskInstanceFields.write with retries. Try 1 of 3
[2025-06-17T02:50:55.884+0000] {retries.py:91} DEBUG - Running RenderedTaskInstanceFields._do_delete_old_records with retries. Try 1 of 3
[2025-06-17T02:50:55.895+0000] {taskinstance.py:2648} INFO - Exporting env vars: AIRFLOW_CTX_DAG_OWNER='***' AIRFLOW_CTX_DAG_ID='globalsuperstore' AIRFLOW_CTX_TASK_ID='transform.transform_dim_shipmode' AIRFLOW_CTX_EXECUTION_DATE='2025-06-17T02:50:34.785731+00:00' AIRFLOW_CTX_TRY_NUMBER='1' AIRFLOW_CTX_DAG_RUN_ID='manual__2025-06-17T02:50:34.785731+00:00'
[2025-06-17T02:50:55.897+0000] {__init__.py:115} DEBUG - Preparing lineage inlets and outlets
[2025-06-17T02:50:55.898+0000] {__init__.py:154} DEBUG - inlets: [], outlets: []
[2025-06-17T02:50:55.898+0000] {taskinstance.py:430} INFO - ::endgroup::
[2025-06-17T02:50:55.926+0000] {base.py:84} INFO - Using connection ID 'postgres' for task execution.
[2025-06-17T02:50:55.936+0000] {base.py:84} INFO - Using connection ID 'postgres' for task execution.
[2025-06-17T02:50:55.938+0000] {taskinstance.py:441} INFO - ::group::Post task execution logs
[2025-06-17T02:50:55.940+0000] {taskinstance.py:2905} ERROR - Task failed with exception
Traceback (most recent call last):
  File "/home/airflow/.local/lib/python3.10/site-packages/airflow/models/taskinstance.py", line 465, in _execute_task
    result = _execute_callable(context=context, **execute_callable_kwargs)
  File "/home/airflow/.local/lib/python3.10/site-packages/airflow/models/taskinstance.py", line 432, in _execute_callable
    return execute_callable(context=context, **execute_callable_kwargs)
  File "/home/airflow/.local/lib/python3.10/site-packages/airflow/models/baseoperator.py", line 401, in wrapper
    return func(self, *args, **kwargs)
  File "/home/airflow/.local/lib/python3.10/site-packages/airflow/operators/python.py", line 235, in execute
    return_value = self.execute_callable()
  File "/home/airflow/.local/lib/python3.10/site-packages/airflow/operators/python.py", line 252, in execute_callable
    return self.python_callable(*self.op_args, **self.op_kwargs)
  File "/opt/airflow/dags/transform_dim_shipmode.py", line 9, in transform_dim_shipmode
    warehouse_operator.run_sql('TRUNCATE TABLE "warehouse"."dim_shipmode" RESTART IDENTITY CASCADE')
AttributeError: 'PostgresOperators' object has no attribute 'run_sql'
[2025-06-17T02:50:55.954+0000] {taskinstance.py:562} DEBUG - Task Duration set to 0.273301
[2025-06-17T02:50:55.956+0000] {taskinstance.py:584} DEBUG - Clearing next_method and next_kwargs.
[2025-06-17T02:50:55.956+0000] {taskinstance.py:1206} INFO - Marking task as FAILED. dag_id=globalsuperstore, task_id=transform.transform_dim_shipmode, run_id=manual__2025-06-17T02:50:34.785731+00:00, execution_date=20250617T025034, start_date=20250617T025055, end_date=20250617T025055
[2025-06-17T02:50:55.970+0000] {cli_action_loggers.py:88} DEBUG - Calling callbacks: []
[2025-06-17T02:50:55.971+0000] {standard_task_runner.py:110} ERROR - Failed to execute job 450 for task transform.transform_dim_shipmode ('PostgresOperators' object has no attribute 'run_sql'; 252)
[2025-06-17T02:50:56.022+0000] {local_task_job_runner.py:240} INFO - Task exited with return code 1
[2025-06-17T02:50:56.049+0000] {dagrun.py:931} DEBUG - number of tis tasks for <DagRun globalsuperstore @ 2025-06-17 02:50:34.785731+00:00: manual__2025-06-17T02:50:34.785731+00:00, state:running, queued_at: 2025-06-17 02:50:34.815908+00:00. externally triggered: True>: 6 task(s)
[2025-06-17T02:50:56.050+0000] {dagrun.py:952} DEBUG - number of scheduleable tasks for <DagRun globalsuperstore @ 2025-06-17 02:50:34.785731+00:00: manual__2025-06-17T02:50:34.785731+00:00, state:running, queued_at: 2025-06-17 02:50:34.815908+00:00. externally triggered: True>: 1 task(s)
[2025-06-17T02:50:56.051+0000] {taskinstance.py:2088} DEBUG - <TaskInstance: globalsuperstore.load.transform_fact_sales manual__2025-06-17T02:50:34.785731+00:00 [None]> dependency 'Previous Dagrun State' PASSED: True, The task did not have depends_on_past set.
[2025-06-17T02:50:56.052+0000] {taskinstance.py:2088} DEBUG - <TaskInstance: globalsuperstore.load.transform_fact_sales manual__2025-06-17T02:50:34.785731+00:00 [None]> dependency 'Not In Retry Period' PASSED: True, The task instance was not marked for retrying.
[2025-06-17T02:50:56.053+0000] {taskinstance.py:1884} DEBUG - Setting task state for <TaskInstance: globalsuperstore.load.transform_fact_sales manual__2025-06-17T02:50:34.785731+00:00 [None]> to upstream_failed
[2025-06-17T02:50:56.054+0000] {taskinstance.py:2088} DEBUG - <TaskInstance: globalsuperstore.load.transform_fact_sales manual__2025-06-17T02:50:34.785731+00:00 [upstream_failed]> dependency 'Trigger Rule' PASSED: False, Task's trigger rule 'all_success' requires all upstream tasks to have succeeded, but found 5 non-success(es). upstream_states=_UpstreamTIStates(success=0, skipped=0, failed=5, upstream_failed=0, removed=0, done=5, success_setup=0, skipped_setup=0), upstream_task_ids={'transform.transform_dim_customers', 'transform.transform_dim_locations', 'transform.transform_dim_products', 'transform.transform_dim_date', 'transform.transform_dim_shipmode'}
[2025-06-17T02:50:56.054+0000] {taskinstance.py:2066} DEBUG - Dependencies not met for <TaskInstance: globalsuperstore.load.transform_fact_sales manual__2025-06-17T02:50:34.785731+00:00 [upstream_failed]>, dependency 'Trigger Rule' FAILED: Task's trigger rule 'all_success' requires all upstream tasks to have succeeded, but found 5 non-success(es). upstream_states=_UpstreamTIStates(success=0, skipped=0, failed=5, upstream_failed=0, removed=0, done=5, success_setup=0, skipped_setup=0), upstream_task_ids={'transform.transform_dim_customers', 'transform.transform_dim_locations', 'transform.transform_dim_products', 'transform.transform_dim_date', 'transform.transform_dim_shipmode'}
[2025-06-17T02:50:56.064+0000] {taskinstance.py:3503} INFO - 0 downstream tasks scheduled from follow-on schedule check
[2025-06-17T02:50:56.072+0000] {local_task_job_runner.py:222} INFO - ::endgroup::
