[2025-06-14T16:16:06.655+0000] {local_task_job_runner.py:120} INFO - ::group::Pre task execution logs
[2025-06-14T16:16:06.703+0000] {taskinstance.py:2076} INFO - Dependencies all met for dep_context=non-requeueable deps ti=<TaskInstance: globalsuperstore.transform.transform_dim_products manual__2025-06-14T16:15:20.761112+00:00 [queued]>
[2025-06-14T16:16:06.714+0000] {taskinstance.py:2076} INFO - Dependencies all met for dep_context=requeueable deps ti=<TaskInstance: globalsuperstore.transform.transform_dim_products manual__2025-06-14T16:15:20.761112+00:00 [queued]>
[2025-06-14T16:16:06.715+0000] {taskinstance.py:2306} INFO - Starting attempt 1 of 1
[2025-06-14T16:16:06.733+0000] {taskinstance.py:2330} INFO - Executing <Task(PythonOperator): transform.transform_dim_products> on 2025-06-14 16:15:20.761112+00:00
[2025-06-14T16:16:06.748+0000] {standard_task_runner.py:63} INFO - Started process 3619 to run task
[2025-06-14T16:16:06.755+0000] {standard_task_runner.py:90} INFO - Running: ['***', 'tasks', 'run', 'globalsuperstore', 'transform.transform_dim_products', 'manual__2025-06-14T16:15:20.761112+00:00', '--job-id', '76', '--raw', '--subdir', 'DAGS_FOLDER/global_superstore_dw_etl.py', '--cfg-path', '/tmp/tmp2umpe751']
[2025-06-14T16:16:06.759+0000] {standard_task_runner.py:91} INFO - Job 76: Subtask transform.transform_dim_products
[2025-06-14T16:16:06.832+0000] {task_command.py:426} INFO - Running <TaskInstance: globalsuperstore.transform.transform_dim_products manual__2025-06-14T16:15:20.761112+00:00 [running]> on host f3cca4675eb8
[2025-06-14T16:16:07.025+0000] {taskinstance.py:2648} INFO - Exporting env vars: AIRFLOW_CTX_DAG_OWNER='***' AIRFLOW_CTX_DAG_ID='globalsuperstore' AIRFLOW_CTX_TASK_ID='transform.transform_dim_products' AIRFLOW_CTX_EXECUTION_DATE='2025-06-14T16:15:20.761112+00:00' AIRFLOW_CTX_TRY_NUMBER='1' AIRFLOW_CTX_DAG_RUN_ID='manual__2025-06-14T16:15:20.761112+00:00'
[2025-06-14T16:16:07.027+0000] {taskinstance.py:430} INFO - ::endgroup::
[2025-06-14T16:16:07.066+0000] {base.py:84} INFO - Using connection ID 'postgres' for task execution.
[2025-06-14T16:16:07.079+0000] {base.py:84} INFO - Using connection ID 'postgres' for task execution.
[2025-06-14T16:16:07.092+0000] {base.py:84} INFO - Using connection ID 'postgres' for task execution.
[2025-06-14T16:16:07.108+0000] {logging_mixin.py:188} WARNING - /home/***/.local/lib/python3.10/site-packages/***/providers/common/sql/hooks/sql.py:263 UserWarning: pandas only supports SQLAlchemy connectable (engine/connection) or database string URI or sqlite3 DBAPI2 connection. Other DBAPI2 objects are not tested. Please consider using SQLAlchemy.
[2025-06-14T16:16:07.172+0000] {base.py:84} INFO - Using connection ID 'postgres' for task execution.
[2025-06-14T16:16:07.181+0000] {logging_mixin.py:188} WARNING - /home/***/.local/lib/python3.10/site-packages/***/providers/common/sql/hooks/sql.py:263 UserWarning: pandas only supports SQLAlchemy connectable (engine/connection) or database string URI or sqlite3 DBAPI2 connection. Other DBAPI2 objects are not tested. Please consider using SQLAlchemy.
[2025-06-14T16:16:07.199+0000] {base.py:84} INFO - Using connection ID 'postgres' for task execution.
[2025-06-14T16:16:07.219+0000] {logging_mixin.py:188} WARNING - /home/***/.local/lib/python3.10/site-packages/***/providers/common/sql/hooks/sql.py:263 UserWarning: pandas only supports SQLAlchemy connectable (engine/connection) or database string URI or sqlite3 DBAPI2 connection. Other DBAPI2 objects are not tested. Please consider using SQLAlchemy.
[2025-06-14T16:16:09.253+0000] {logging_mixin.py:188} INFO - ✔ Đã transform và lưu dữ liệu vào warehouse.dim_product
[2025-06-14T16:16:09.256+0000] {python.py:237} INFO - Done. Returned value was: None
[2025-06-14T16:16:09.257+0000] {taskinstance.py:441} INFO - ::group::Post task execution logs
[2025-06-14T16:16:09.272+0000] {taskinstance.py:1206} INFO - Marking task as SUCCESS. dag_id=globalsuperstore, task_id=transform.transform_dim_products, run_id=manual__2025-06-14T16:15:20.761112+00:00, execution_date=20250614T161520, start_date=20250614T161606, end_date=20250614T161609
[2025-06-14T16:16:09.342+0000] {local_task_job_runner.py:240} INFO - Task exited with return code 0
[2025-06-14T16:16:09.367+0000] {taskinstance.py:3503} INFO - 1 downstream tasks scheduled from follow-on schedule check
[2025-06-14T16:16:09.372+0000] {local_task_job_runner.py:222} INFO - ::endgroup::
