[2025-06-16T17:02:06.529+0000] {taskinstance.py:1042} DEBUG - previous_execution_date was called
[2025-06-16T17:02:06.558+0000] {__init__.py:54} DEBUG - Loading core task runner: StandardTaskRunner
[2025-06-16T17:02:06.590+0000] {taskinstance.py:1042} DEBUG - previous_execution_date was called
[2025-06-16T17:02:06.599+0000] {base_task_runner.py:73} DEBUG - Planning to run as the  user
[2025-06-16T17:02:06.611+0000] {local_task_job_runner.py:120} INFO - ::group::Pre task execution logs
[2025-06-16T17:02:06.677+0000] {taskinstance.py:2088} DEBUG - <TaskInstance: globalsuperstore.transform.transform_dim_customers manual__2025-06-16T17:01:40.847678+00:00 [queued]> dependency 'Task Instance Not Running' PASSED: True, Task is not in running state.
[2025-06-16T17:02:06.679+0000] {taskinstance.py:2088} DEBUG - <TaskInstance: globalsuperstore.transform.transform_dim_customers manual__2025-06-16T17:01:40.847678+00:00 [queued]> dependency 'Task Instance State' PASSED: True, Task state queued was valid.
[2025-06-16T17:02:06.680+0000] {taskinstance.py:2088} DEBUG - <TaskInstance: globalsuperstore.transform.transform_dim_customers manual__2025-06-16T17:01:40.847678+00:00 [queued]> dependency 'Previous Dagrun State' PASSED: True, The task did not have depends_on_past set.
[2025-06-16T17:02:06.681+0000] {taskinstance.py:2088} DEBUG - <TaskInstance: globalsuperstore.transform.transform_dim_customers manual__2025-06-16T17:01:40.847678+00:00 [queued]> dependency 'Not In Retry Period' PASSED: True, The task instance was not marked for retrying.
[2025-06-16T17:02:06.681+0000] {taskinstance.py:2076} INFO - Dependencies all met for dep_context=non-requeueable deps ti=<TaskInstance: globalsuperstore.transform.transform_dim_customers manual__2025-06-16T17:01:40.847678+00:00 [queued]>
[2025-06-16T17:02:06.689+0000] {taskinstance.py:2088} DEBUG - <TaskInstance: globalsuperstore.transform.transform_dim_customers manual__2025-06-16T17:01:40.847678+00:00 [queued]> dependency 'Pool Slots Available' PASSED: True, There are enough open slots in default_pool to execute the task
[2025-06-16T17:02:06.690+0000] {taskinstance.py:2088} DEBUG - <TaskInstance: globalsuperstore.transform.transform_dim_customers manual__2025-06-16T17:01:40.847678+00:00 [queued]> dependency 'Task Concurrency' PASSED: True, Task concurrency is not set.
[2025-06-16T17:02:06.693+0000] {taskinstance.py:2088} DEBUG - <TaskInstance: globalsuperstore.transform.transform_dim_customers manual__2025-06-16T17:01:40.847678+00:00 [queued]> dependency 'Previous Dagrun State' PASSED: True, The task did not have depends_on_past set.
[2025-06-16T17:02:06.694+0000] {taskinstance.py:2088} DEBUG - <TaskInstance: globalsuperstore.transform.transform_dim_customers manual__2025-06-16T17:01:40.847678+00:00 [queued]> dependency 'Not In Retry Period' PASSED: True, The task instance was not marked for retrying.
[2025-06-16T17:02:06.698+0000] {taskinstance.py:2076} INFO - Dependencies all met for dep_context=requeueable deps ti=<TaskInstance: globalsuperstore.transform.transform_dim_customers manual__2025-06-16T17:01:40.847678+00:00 [queued]>
[2025-06-16T17:02:06.699+0000] {taskinstance.py:2306} INFO - Starting attempt 1 of 1
[2025-06-16T17:02:06.717+0000] {taskinstance.py:2330} INFO - Executing <Task(PythonOperator): transform.transform_dim_customers> on 2025-06-16 17:01:40.847678+00:00
[2025-06-16T17:02:06.727+0000] {standard_task_runner.py:63} INFO - Started process 430 to run task
[2025-06-16T17:02:06.732+0000] {standard_task_runner.py:90} INFO - Running: ['***', 'tasks', 'run', 'globalsuperstore', 'transform.transform_dim_customers', 'manual__2025-06-16T17:01:40.847678+00:00', '--job-id', '261', '--raw', '--subdir', 'DAGS_FOLDER/global_superstore_dw_etl.py', '--cfg-path', '/tmp/tmpsm0jlstj']
[2025-06-16T17:02:06.735+0000] {standard_task_runner.py:91} INFO - Job 261: Subtask transform.transform_dim_customers
[2025-06-16T17:02:06.737+0000] {cli_action_loggers.py:70} DEBUG - Calling callbacks: [<function default_action_log at 0x7fb4a9929750>]
[2025-06-16T17:02:06.810+0000] {taskinstance.py:1042} DEBUG - previous_execution_date was called
[2025-06-16T17:02:06.820+0000] {task_command.py:426} INFO - Running <TaskInstance: globalsuperstore.transform.transform_dim_customers manual__2025-06-16T17:01:40.847678+00:00 [running]> on host 9b7c60adfed6
[2025-06-16T17:02:06.821+0000] {settings.py:363} DEBUG - Disposing DB connection pool (PID 430)
[2025-06-16T17:02:06.822+0000] {settings.py:250} DEBUG - Setting up DB connection pool (PID 430)
[2025-06-16T17:02:06.823+0000] {settings.py:298} DEBUG - settings.prepare_engine_args(): Using NullPool
[2025-06-16T17:02:06.878+0000] {taskinstance.py:1042} DEBUG - previous_execution_date was called
[2025-06-16T17:02:06.884+0000] {taskinstance.py:1845} DEBUG - Clearing XCom data
[2025-06-16T17:02:06.904+0000] {retries.py:91} DEBUG - Running RenderedTaskInstanceFields.write with retries. Try 1 of 3
[2025-06-16T17:02:06.960+0000] {retries.py:91} DEBUG - Running RenderedTaskInstanceFields._do_delete_old_records with retries. Try 1 of 3
[2025-06-16T17:02:06.979+0000] {taskinstance.py:2648} INFO - Exporting env vars: AIRFLOW_CTX_DAG_OWNER='***' AIRFLOW_CTX_DAG_ID='globalsuperstore' AIRFLOW_CTX_TASK_ID='transform.transform_dim_customers' AIRFLOW_CTX_EXECUTION_DATE='2025-06-16T17:01:40.847678+00:00' AIRFLOW_CTX_TRY_NUMBER='1' AIRFLOW_CTX_DAG_RUN_ID='manual__2025-06-16T17:01:40.847678+00:00'
[2025-06-16T17:02:06.981+0000] {__init__.py:115} DEBUG - Preparing lineage inlets and outlets
[2025-06-16T17:02:06.981+0000] {__init__.py:154} DEBUG - inlets: [], outlets: []
[2025-06-16T17:02:06.982+0000] {taskinstance.py:430} INFO - ::endgroup::
[2025-06-16T17:02:07.019+0000] {base.py:84} INFO - Using connection ID 'postgres' for task execution.
[2025-06-16T17:02:07.032+0000] {base.py:84} INFO - Using connection ID 'postgres' for task execution.
[2025-06-16T17:02:07.076+0000] {logging_mixin.py:188} INFO - ✔ Đã xóa dữ liệu trong warehouse.dim_customer
[2025-06-16T17:02:07.113+0000] {logging_mixin.py:188} INFO - ✔ Đã xóa dữ liệu trong warehouse.dim_product
[2025-06-16T17:02:07.145+0000] {logging_mixin.py:188} INFO - ✔ Đã xóa dữ liệu trong warehouse.dim_date
[2025-06-16T17:02:07.186+0000] {logging_mixin.py:188} INFO - ✔ Đã xóa dữ liệu trong warehouse.dim_shipmode
[2025-06-16T17:02:07.229+0000] {logging_mixin.py:188} INFO - ✔ Đã xóa dữ liệu trong warehouse.dim_location
[2025-06-16T17:02:07.260+0000] {logging_mixin.py:188} INFO - ✔ Đã xóa dữ liệu trong warehouse.fact_sales
[2025-06-16T17:02:07.290+0000] {base.py:84} INFO - Using connection ID 'postgres' for task execution.
[2025-06-16T17:02:07.317+0000] {logging_mixin.py:188} WARNING - /home/***/.local/lib/python3.10/site-packages/***/providers/common/sql/hooks/sql.py:263 UserWarning: pandas only supports SQLAlchemy connectable (engine/connection) or database string URI or sqlite3 DBAPI2 connection. Other DBAPI2 objects are not tested. Please consider using SQLAlchemy.
[2025-06-16T17:02:07.815+0000] {logging_mixin.py:188} INFO - ✔ Đã lưu dữ liệu vào warehouse.dim_customer (1590 dòng)
[2025-06-16T17:02:07.821+0000] {logging_mixin.py:188} INFO - ✔ Đã transform và lưu dữ liệu vào warehouse.dim_customer
[2025-06-16T17:02:07.823+0000] {python.py:237} INFO - Done. Returned value was: None
[2025-06-16T17:02:07.825+0000] {taskinstance.py:441} INFO - ::group::Post task execution logs
[2025-06-16T17:02:07.827+0000] {__init__.py:77} DEBUG - Lineage called with inlets: [], outlets: []
[2025-06-16T17:02:07.849+0000] {taskinstance.py:584} DEBUG - Clearing next_method and next_kwargs.
[2025-06-16T17:02:07.873+0000] {taskinstance.py:1206} INFO - Marking task as SUCCESS. dag_id=globalsuperstore, task_id=transform.transform_dim_customers, run_id=manual__2025-06-16T17:01:40.847678+00:00, execution_date=20250616T170140, start_date=20250616T170206, end_date=20250616T170207
[2025-06-16T17:02:07.875+0000] {taskinstance.py:562} DEBUG - Task Duration set to 1.191079
[2025-06-16T17:02:07.912+0000] {cli_action_loggers.py:88} DEBUG - Calling callbacks: []
[2025-06-16T17:02:07.994+0000] {local_task_job_runner.py:240} INFO - Task exited with return code 0
[2025-06-16T17:02:08.022+0000] {taskinstance.py:3461} DEBUG - Skip locked rows, rollback
[2025-06-16T17:02:08.024+0000] {local_task_job_runner.py:222} INFO - ::endgroup::
