[2025-06-15T15:06:39.750+0000] {local_task_job_runner.py:120} INFO - ::group::Pre task execution logs
[2025-06-15T15:06:39.845+0000] {taskinstance.py:2076} INFO - Dependencies all met for dep_context=non-requeueable deps ti=<TaskInstance: globalsuperstore.extract.extract_and_load_to_staging manual__2025-06-15T15:06:35.263889+00:00 [queued]>
[2025-06-15T15:06:39.861+0000] {taskinstance.py:2076} INFO - Dependencies all met for dep_context=requeueable deps ti=<TaskInstance: globalsuperstore.extract.extract_and_load_to_staging manual__2025-06-15T15:06:35.263889+00:00 [queued]>
[2025-06-15T15:06:39.861+0000] {taskinstance.py:2306} INFO - Starting attempt 1 of 1
[2025-06-15T15:06:39.886+0000] {taskinstance.py:2330} INFO - Executing <Task(PythonOperator): extract.extract_and_load_to_staging> on 2025-06-15 15:06:35.263889+00:00
[2025-06-15T15:06:39.904+0000] {standard_task_runner.py:63} INFO - Started process 324 to run task
[2025-06-15T15:06:39.909+0000] {standard_task_runner.py:90} INFO - Running: ['***', 'tasks', 'run', 'globalsuperstore', 'extract.extract_and_load_to_staging', 'manual__2025-06-15T15:06:35.263889+00:00', '--job-id', '324', '--raw', '--subdir', 'DAGS_FOLDER/global_superstore_dw_etl.py', '--cfg-path', '/tmp/tmpn90y5lyi']
[2025-06-15T15:06:39.911+0000] {standard_task_runner.py:91} INFO - Job 324: Subtask extract.extract_and_load_to_staging
[2025-06-15T15:06:39.982+0000] {task_command.py:426} INFO - Running <TaskInstance: globalsuperstore.extract.extract_and_load_to_staging manual__2025-06-15T15:06:35.263889+00:00 [running]> on host 83c3fd7b29de
[2025-06-15T15:06:40.132+0000] {taskinstance.py:2648} INFO - Exporting env vars: AIRFLOW_CTX_DAG_OWNER='***' AIRFLOW_CTX_DAG_ID='globalsuperstore' AIRFLOW_CTX_TASK_ID='extract.extract_and_load_to_staging' AIRFLOW_CTX_EXECUTION_DATE='2025-06-15T15:06:35.263889+00:00' AIRFLOW_CTX_TRY_NUMBER='1' AIRFLOW_CTX_DAG_RUN_ID='manual__2025-06-15T15:06:35.263889+00:00'
[2025-06-15T15:06:40.133+0000] {taskinstance.py:430} INFO - ::endgroup::
[2025-06-15T15:06:41.169+0000] {base.py:84} INFO - Using connection ID 'postgres' for task execution.
[2025-06-15T15:06:41.185+0000] {base.py:84} INFO - Using connection ID 'mysql' for task execution.
[2025-06-15T15:06:41.509+0000] {logging_mixin.py:188} WARNING - /home/***/.local/lib/python3.10/site-packages/***/providers/common/sql/hooks/sql.py:263 UserWarning: pandas only supports SQLAlchemy connectable (engine/connection) or database string URI or sqlite3 DBAPI2 connection. Other DBAPI2 objects are not tested. Please consider using SQLAlchemy.
[2025-06-15T15:06:42.291+0000] {logging_mixin.py:188} INFO - ✔ Đã load Category → staging.stg_Category
[2025-06-15T15:06:42.315+0000] {base.py:84} INFO - Using connection ID 'mysql' for task execution.
[2025-06-15T15:06:42.321+0000] {logging_mixin.py:188} WARNING - /home/***/.local/lib/python3.10/site-packages/***/providers/common/sql/hooks/sql.py:263 UserWarning: pandas only supports SQLAlchemy connectable (engine/connection) or database string URI or sqlite3 DBAPI2 connection. Other DBAPI2 objects are not tested. Please consider using SQLAlchemy.
[2025-06-15T15:06:42.962+0000] {logging_mixin.py:188} INFO - ✔ Đã load Customer → staging.stg_Customer
[2025-06-15T15:06:42.968+0000] {base.py:84} INFO - Using connection ID 'mysql' for task execution.
[2025-06-15T15:06:42.973+0000] {logging_mixin.py:188} WARNING - /home/***/.local/lib/python3.10/site-packages/***/providers/common/sql/hooks/sql.py:263 UserWarning: pandas only supports SQLAlchemy connectable (engine/connection) or database string URI or sqlite3 DBAPI2 connection. Other DBAPI2 objects are not tested. Please consider using SQLAlchemy.
[2025-06-15T15:06:55.151+0000] {logging_mixin.py:188} INFO - ✔ Đã load Order_Details → staging.stg_Order_Details
[2025-06-15T15:06:55.161+0000] {base.py:84} INFO - Using connection ID 'mysql' for task execution.
[2025-06-15T15:06:55.169+0000] {logging_mixin.py:188} WARNING - /home/***/.local/lib/python3.10/site-packages/***/providers/common/sql/hooks/sql.py:263 UserWarning: pandas only supports SQLAlchemy connectable (engine/connection) or database string URI or sqlite3 DBAPI2 connection. Other DBAPI2 objects are not tested. Please consider using SQLAlchemy.
[2025-06-15T15:07:00.886+0000] {logging_mixin.py:188} INFO - ✔ Đã load Orders → staging.stg_Orders
[2025-06-15T15:07:00.894+0000] {base.py:84} INFO - Using connection ID 'mysql' for task execution.
[2025-06-15T15:07:00.907+0000] {logging_mixin.py:188} WARNING - /home/***/.local/lib/python3.10/site-packages/***/providers/common/sql/hooks/sql.py:263 UserWarning: pandas only supports SQLAlchemy connectable (engine/connection) or database string URI or sqlite3 DBAPI2 connection. Other DBAPI2 objects are not tested. Please consider using SQLAlchemy.
[2025-06-15T15:07:01.780+0000] {logging_mixin.py:188} INFO - ✔ Đã load Product → staging.stg_Product
[2025-06-15T15:07:01.787+0000] {base.py:84} INFO - Using connection ID 'mysql' for task execution.
[2025-06-15T15:07:01.792+0000] {logging_mixin.py:188} WARNING - /home/***/.local/lib/python3.10/site-packages/***/providers/common/sql/hooks/sql.py:263 UserWarning: pandas only supports SQLAlchemy connectable (engine/connection) or database string URI or sqlite3 DBAPI2 connection. Other DBAPI2 objects are not tested. Please consider using SQLAlchemy.
[2025-06-15T15:07:01.830+0000] {logging_mixin.py:188} INFO - ✔ Đã load Sub_Category → staging.stg_Sub_Category
[2025-06-15T15:07:01.831+0000] {python.py:237} INFO - Done. Returned value was: None
[2025-06-15T15:07:01.831+0000] {taskinstance.py:441} INFO - ::group::Post task execution logs
[2025-06-15T15:07:01.841+0000] {taskinstance.py:1206} INFO - Marking task as SUCCESS. dag_id=globalsuperstore, task_id=extract.extract_and_load_to_staging, run_id=manual__2025-06-15T15:06:35.263889+00:00, execution_date=20250615T150635, start_date=20250615T150639, end_date=20250615T150701
[2025-06-15T15:07:01.893+0000] {local_task_job_runner.py:240} INFO - Task exited with return code 0
[2025-06-15T15:07:01.935+0000] {taskinstance.py:3503} INFO - 5 downstream tasks scheduled from follow-on schedule check
[2025-06-15T15:07:01.939+0000] {local_task_job_runner.py:222} INFO - ::endgroup::
