[2025-06-14T02:54:46.693+0000] {local_task_job_runner.py:120} INFO - ::group::Pre task execution logs
[2025-06-14T02:54:47.013+0000] {taskinstance.py:2076} INFO - Dependencies all met for dep_context=non-requeueable deps ti=<TaskInstance: GlobalSuperStore_dw_etl.extract.extract_and_load_to_staging manual__2025-06-14T02:54:19.533647+00:00 [queued]>
[2025-06-14T02:54:47.026+0000] {taskinstance.py:2076} INFO - Dependencies all met for dep_context=requeueable deps ti=<TaskInstance: GlobalSuperStore_dw_etl.extract.extract_and_load_to_staging manual__2025-06-14T02:54:19.533647+00:00 [queued]>
[2025-06-14T02:54:47.027+0000] {taskinstance.py:2306} INFO - Starting attempt 1 of 1
[2025-06-14T02:54:47.050+0000] {taskinstance.py:2330} INFO - Executing <Task(PythonOperator): extract.extract_and_load_to_staging> on 2025-06-14 02:54:19.533647+00:00
[2025-06-14T02:54:47.071+0000] {standard_task_runner.py:63} INFO - Started process 405 to run task
[2025-06-14T02:54:47.088+0000] {standard_task_runner.py:90} INFO - Running: ['***', 'tasks', 'run', 'GlobalSuperStore_dw_etl', 'extract.extract_and_load_to_staging', 'manual__2025-06-14T02:54:19.533647+00:00', '--job-id', '91', '--raw', '--subdir', 'DAGS_FOLDER/globalSuperstore.py', '--cfg-path', '/tmp/tmpe4axnc8u']
[2025-06-14T02:54:47.091+0000] {standard_task_runner.py:91} INFO - Job 91: Subtask extract.extract_and_load_to_staging
[2025-06-14T02:54:47.149+0000] {task_command.py:426} INFO - Running <TaskInstance: GlobalSuperStore_dw_etl.extract.extract_and_load_to_staging manual__2025-06-14T02:54:19.533647+00:00 [running]> on host ce8c7e7a2a87
[2025-06-14T02:54:47.328+0000] {taskinstance.py:2648} INFO - Exporting env vars: AIRFLOW_CTX_DAG_OWNER='***' AIRFLOW_CTX_DAG_ID='GlobalSuperStore_dw_etl' AIRFLOW_CTX_TASK_ID='extract.extract_and_load_to_staging' AIRFLOW_CTX_EXECUTION_DATE='2025-06-14T02:54:19.533647+00:00' AIRFLOW_CTX_TRY_NUMBER='1' AIRFLOW_CTX_DAG_RUN_ID='manual__2025-06-14T02:54:19.533647+00:00'
[2025-06-14T02:54:47.330+0000] {taskinstance.py:430} INFO - ::endgroup::
[2025-06-14T02:54:47.453+0000] {base.py:84} INFO - Using connection ID 'postgres' for task execution.
[2025-06-14T02:54:47.493+0000] {base.py:84} INFO - Using connection ID 'mysql' for task execution.
[2025-06-14T02:54:48.073+0000] {logging_mixin.py:188} WARNING - /home/***/.local/lib/python3.10/site-packages/***/providers/common/sql/hooks/sql.py:263 UserWarning: pandas only supports SQLAlchemy connectable (engine/connection) or database string URI or sqlite3 DBAPI2 connection. Other DBAPI2 objects are not tested. Please consider using SQLAlchemy.
[2025-06-14T02:54:48.965+0000] {logging_mixin.py:188} INFO - ✔ Đã load Category → staging.stg_Category
[2025-06-14T02:54:48.980+0000] {base.py:84} INFO - Using connection ID 'mysql' for task execution.
[2025-06-14T02:54:48.988+0000] {logging_mixin.py:188} WARNING - /home/***/.local/lib/python3.10/site-packages/***/providers/common/sql/hooks/sql.py:263 UserWarning: pandas only supports SQLAlchemy connectable (engine/connection) or database string URI or sqlite3 DBAPI2 connection. Other DBAPI2 objects are not tested. Please consider using SQLAlchemy.
[2025-06-14T02:54:51.353+0000] {logging_mixin.py:188} INFO - ✔ Đã load Customer → staging.stg_Customer
[2025-06-14T02:54:51.360+0000] {base.py:84} INFO - Using connection ID 'mysql' for task execution.
[2025-06-14T02:54:51.365+0000] {logging_mixin.py:188} WARNING - /home/***/.local/lib/python3.10/site-packages/***/providers/common/sql/hooks/sql.py:263 UserWarning: pandas only supports SQLAlchemy connectable (engine/connection) or database string URI or sqlite3 DBAPI2 connection. Other DBAPI2 objects are not tested. Please consider using SQLAlchemy.
[2025-06-14T02:55:11.122+0000] {logging_mixin.py:188} INFO - ✔ Đã load Order_Details → staging.stg_Order_Details
[2025-06-14T02:55:11.136+0000] {base.py:84} INFO - Using connection ID 'mysql' for task execution.
[2025-06-14T02:55:11.199+0000] {logging_mixin.py:188} WARNING - /home/***/.local/lib/python3.10/site-packages/***/providers/common/sql/hooks/sql.py:263 UserWarning: pandas only supports SQLAlchemy connectable (engine/connection) or database string URI or sqlite3 DBAPI2 connection. Other DBAPI2 objects are not tested. Please consider using SQLAlchemy.
[2025-06-14T02:55:16.472+0000] {logging_mixin.py:188} INFO - ✔ Đã load Orders → staging.stg_Orders
[2025-06-14T02:55:16.484+0000] {base.py:84} INFO - Using connection ID 'mysql' for task execution.
[2025-06-14T02:55:16.498+0000] {logging_mixin.py:188} WARNING - /home/***/.local/lib/python3.10/site-packages/***/providers/common/sql/hooks/sql.py:263 UserWarning: pandas only supports SQLAlchemy connectable (engine/connection) or database string URI or sqlite3 DBAPI2 connection. Other DBAPI2 objects are not tested. Please consider using SQLAlchemy.
[2025-06-14T02:55:17.210+0000] {logging_mixin.py:188} INFO - ✔ Đã load Product → staging.stg_Product
[2025-06-14T02:55:17.218+0000] {base.py:84} INFO - Using connection ID 'mysql' for task execution.
[2025-06-14T02:55:17.224+0000] {logging_mixin.py:188} WARNING - /home/***/.local/lib/python3.10/site-packages/***/providers/common/sql/hooks/sql.py:263 UserWarning: pandas only supports SQLAlchemy connectable (engine/connection) or database string URI or sqlite3 DBAPI2 connection. Other DBAPI2 objects are not tested. Please consider using SQLAlchemy.
[2025-06-14T02:55:17.262+0000] {logging_mixin.py:188} INFO - ✔ Đã load Sub_Category → staging.stg_Sub_Category
[2025-06-14T02:55:17.263+0000] {python.py:237} INFO - Done. Returned value was: None
[2025-06-14T02:55:17.264+0000] {taskinstance.py:441} INFO - ::group::Post task execution logs
[2025-06-14T02:55:17.275+0000] {taskinstance.py:1206} INFO - Marking task as SUCCESS. dag_id=GlobalSuperStore_dw_etl, task_id=extract.extract_and_load_to_staging, run_id=manual__2025-06-14T02:54:19.533647+00:00, execution_date=20250614T025419, start_date=20250614T025447, end_date=20250614T025517
[2025-06-14T02:55:17.330+0000] {local_task_job_runner.py:240} INFO - Task exited with return code 0
[2025-06-14T02:55:17.357+0000] {taskinstance.py:3503} INFO - 1 downstream tasks scheduled from follow-on schedule check
[2025-06-14T02:55:17.360+0000] {local_task_job_runner.py:222} INFO - ::endgroup::
