[2025-06-15T15:21:10.478+0000] {local_task_job_runner.py:120} INFO - ::group::Pre task execution logs
[2025-06-15T15:21:10.608+0000] {taskinstance.py:2076} INFO - Dependencies all met for dep_context=non-requeueable deps ti=<TaskInstance: globalsuperstore.extract.extract_and_load_to_staging manual__2025-06-15T15:21:07.807060+00:00 [queued]>
[2025-06-15T15:21:10.621+0000] {taskinstance.py:2076} INFO - Dependencies all met for dep_context=requeueable deps ti=<TaskInstance: globalsuperstore.extract.extract_and_load_to_staging manual__2025-06-15T15:21:07.807060+00:00 [queued]>
[2025-06-15T15:21:10.622+0000] {taskinstance.py:2306} INFO - Starting attempt 1 of 1
[2025-06-15T15:21:10.646+0000] {taskinstance.py:2330} INFO - Executing <Task(PythonOperator): extract.extract_and_load_to_staging> on 2025-06-15 15:21:07.807060+00:00
[2025-06-15T15:21:10.668+0000] {standard_task_runner.py:63} INFO - Started process 221 to run task
[2025-06-15T15:21:10.692+0000] {standard_task_runner.py:90} INFO - Running: ['***', 'tasks', 'run', 'globalsuperstore', 'extract.extract_and_load_to_staging', 'manual__2025-06-15T15:21:07.807060+00:00', '--job-id', '58', '--raw', '--subdir', 'DAGS_FOLDER/global_superstore_dw_etl.py', '--cfg-path', '/tmp/tmphnc85teb']
[2025-06-15T15:21:10.717+0000] {standard_task_runner.py:91} INFO - Job 58: Subtask extract.extract_and_load_to_staging
[2025-06-15T15:21:10.953+0000] {task_command.py:426} INFO - Running <TaskInstance: globalsuperstore.extract.extract_and_load_to_staging manual__2025-06-15T15:21:07.807060+00:00 [running]> on host d026f70df2f6
[2025-06-15T15:21:11.189+0000] {taskinstance.py:2648} INFO - Exporting env vars: AIRFLOW_CTX_DAG_OWNER='***' AIRFLOW_CTX_DAG_ID='globalsuperstore' AIRFLOW_CTX_TASK_ID='extract.extract_and_load_to_staging' AIRFLOW_CTX_EXECUTION_DATE='2025-06-15T15:21:07.807060+00:00' AIRFLOW_CTX_TRY_NUMBER='1' AIRFLOW_CTX_DAG_RUN_ID='manual__2025-06-15T15:21:07.807060+00:00'
[2025-06-15T15:21:11.193+0000] {taskinstance.py:430} INFO - ::endgroup::
[2025-06-15T15:21:11.250+0000] {taskinstance.py:441} INFO - ::group::Post task execution logs
[2025-06-15T15:21:11.261+0000] {taskinstance.py:2905} ERROR - Task failed with exception
Traceback (most recent call last):
  File "/home/airflow/.local/lib/python3.10/site-packages/airflow/models/taskinstance.py", line 465, in _execute_task
    result = _execute_callable(context=context, **execute_callable_kwargs)
  File "/home/airflow/.local/lib/python3.10/site-packages/airflow/models/taskinstance.py", line 432, in _execute_callable
    return execute_callable(context=context, **execute_callable_kwargs)
  File "/home/airflow/.local/lib/python3.10/site-packages/airflow/models/baseoperator.py", line 401, in wrapper
    return func(self, *args, **kwargs)
  File "/home/airflow/.local/lib/python3.10/site-packages/airflow/operators/python.py", line 235, in execute
    return_value = self.execute_callable()
  File "/home/airflow/.local/lib/python3.10/site-packages/airflow/operators/python.py", line 252, in execute_callable
    return self.python_callable(*self.op_args, **self.op_kwargs)
  File "/opt/airflow/dags/extract_data.py", line 13, in extract_and_load_to_staging
    staging_operator = PostgresOperators('postgres')
  File "/opt/airflow/plugins/postgresql_operator.py", line 9, in __init__
    self.engine = create_engine(self.hook.get_uri())  # ✅ Thêm dòng này
  File "/home/airflow/.local/lib/python3.10/site-packages/airflow/providers/postgres/hooks/postgres.py", line 204, in get_uri
    return self.sqlalchemy_url.render_as_string(hide_password=False)
  File "/home/airflow/.local/lib/python3.10/site-packages/airflow/providers/postgres/hooks/postgres.py", line 119, in sqlalchemy_url
    conn = self.get_connection(getattr(self, self.conn_name_attr))
  File "/home/airflow/.local/lib/python3.10/site-packages/airflow/hooks/base.py", line 83, in get_connection
    conn = Connection.get_connection_from_secrets(conn_id)
  File "/home/airflow/.local/lib/python3.10/site-packages/airflow/models/connection.py", line 519, in get_connection_from_secrets
    raise AirflowNotFoundException(f"The conn_id `{conn_id}` isn't defined")
airflow.exceptions.AirflowNotFoundException: The conn_id `postgres` isn't defined
[2025-06-15T15:21:11.281+0000] {taskinstance.py:1206} INFO - Marking task as FAILED. dag_id=globalsuperstore, task_id=extract.extract_and_load_to_staging, run_id=manual__2025-06-15T15:21:07.807060+00:00, execution_date=20250615T152107, start_date=20250615T152110, end_date=20250615T152111
[2025-06-15T15:21:11.301+0000] {standard_task_runner.py:110} ERROR - Failed to execute job 58 for task extract.extract_and_load_to_staging (The conn_id `postgres` isn't defined; 221)
[2025-06-15T15:21:11.322+0000] {local_task_job_runner.py:240} INFO - Task exited with return code 1
[2025-06-15T15:21:11.348+0000] {taskinstance.py:3503} INFO - 0 downstream tasks scheduled from follow-on schedule check
[2025-06-15T15:21:11.353+0000] {local_task_job_runner.py:222} INFO - ::endgroup::
