[2025-06-15T08:31:58.650+0000] {local_task_job_runner.py:120} INFO - ::group::Pre task execution logs
[2025-06-15T08:31:58.732+0000] {taskinstance.py:2076} INFO - Dependencies all met for dep_context=non-requeueable deps ti=<TaskInstance: globalsuperstore.extract.extract_and_load_to_staging manual__2025-06-15T08:31:35.114045+00:00 [queued]>
[2025-06-15T08:31:58.740+0000] {taskinstance.py:2076} INFO - Dependencies all met for dep_context=requeueable deps ti=<TaskInstance: globalsuperstore.extract.extract_and_load_to_staging manual__2025-06-15T08:31:35.114045+00:00 [queued]>
[2025-06-15T08:31:58.740+0000] {taskinstance.py:2306} INFO - Starting attempt 1 of 1
[2025-06-15T08:31:58.764+0000] {taskinstance.py:2330} INFO - Executing <Task(PythonOperator): extract.extract_and_load_to_staging> on 2025-06-15 08:31:35.114045+00:00
[2025-06-15T08:31:58.769+0000] {standard_task_runner.py:63} INFO - Started process 829 to run task
[2025-06-15T08:31:58.771+0000] {standard_task_runner.py:90} INFO - Running: ['***', 'tasks', 'run', 'globalsuperstore', 'extract.extract_and_load_to_staging', 'manual__2025-06-15T08:31:35.114045+00:00', '--job-id', '88', '--raw', '--subdir', 'DAGS_FOLDER/global_superstore_dw_etl.py', '--cfg-path', '/tmp/tmpj1vtole7']
[2025-06-15T08:31:58.774+0000] {standard_task_runner.py:91} INFO - Job 88: Subtask extract.extract_and_load_to_staging
[2025-06-15T08:31:58.811+0000] {task_command.py:426} INFO - Running <TaskInstance: globalsuperstore.extract.extract_and_load_to_staging manual__2025-06-15T08:31:35.114045+00:00 [running]> on host f3cca4675eb8
[2025-06-15T08:31:58.930+0000] {taskinstance.py:2648} INFO - Exporting env vars: AIRFLOW_CTX_DAG_OWNER='***' AIRFLOW_CTX_DAG_ID='globalsuperstore' AIRFLOW_CTX_TASK_ID='extract.extract_and_load_to_staging' AIRFLOW_CTX_EXECUTION_DATE='2025-06-15T08:31:35.114045+00:00' AIRFLOW_CTX_TRY_NUMBER='1' AIRFLOW_CTX_DAG_RUN_ID='manual__2025-06-15T08:31:35.114045+00:00'
[2025-06-15T08:31:58.931+0000] {taskinstance.py:430} INFO - ::endgroup::
[2025-06-15T08:31:58.965+0000] {base.py:84} INFO - Using connection ID 'postgres' for task execution.
[2025-06-15T08:31:58.975+0000] {base.py:84} INFO - Using connection ID 'mysql' for task execution.
[2025-06-15T08:31:59.121+0000] {logging_mixin.py:188} WARNING - /home/***/.local/lib/python3.10/site-packages/***/providers/common/sql/hooks/sql.py:263 UserWarning: pandas only supports SQLAlchemy connectable (engine/connection) or database string URI or sqlite3 DBAPI2 connection. Other DBAPI2 objects are not tested. Please consider using SQLAlchemy.
[2025-06-15T08:31:59.417+0000] {logging_mixin.py:188} INFO - ✔ Đã load Category → staging.stg_Category
[2025-06-15T08:31:59.422+0000] {base.py:84} INFO - Using connection ID 'mysql' for task execution.
[2025-06-15T08:31:59.427+0000] {logging_mixin.py:188} WARNING - /home/***/.local/lib/python3.10/site-packages/***/providers/common/sql/hooks/sql.py:263 UserWarning: pandas only supports SQLAlchemy connectable (engine/connection) or database string URI or sqlite3 DBAPI2 connection. Other DBAPI2 objects are not tested. Please consider using SQLAlchemy.
[2025-06-15T08:32:01.887+0000] {logging_mixin.py:188} INFO - ✔ Đã load Customer → staging.stg_Customer
[2025-06-15T08:32:01.896+0000] {base.py:84} INFO - Using connection ID 'mysql' for task execution.
[2025-06-15T08:32:01.900+0000] {logging_mixin.py:188} WARNING - /home/***/.local/lib/python3.10/site-packages/***/providers/common/sql/hooks/sql.py:263 UserWarning: pandas only supports SQLAlchemy connectable (engine/connection) or database string URI or sqlite3 DBAPI2 connection. Other DBAPI2 objects are not tested. Please consider using SQLAlchemy.
[2025-06-15T08:32:11.639+0000] {logging_mixin.py:188} INFO - ✔ Đã load Order_Details → staging.stg_Order_Details
[2025-06-15T08:32:11.652+0000] {base.py:84} INFO - Using connection ID 'mysql' for task execution.
[2025-06-15T08:32:11.664+0000] {logging_mixin.py:188} WARNING - /home/***/.local/lib/python3.10/site-packages/***/providers/common/sql/hooks/sql.py:263 UserWarning: pandas only supports SQLAlchemy connectable (engine/connection) or database string URI or sqlite3 DBAPI2 connection. Other DBAPI2 objects are not tested. Please consider using SQLAlchemy.
[2025-06-15T08:32:16.360+0000] {logging_mixin.py:188} INFO - ✔ Đã load Orders → staging.stg_Orders
[2025-06-15T08:32:16.366+0000] {base.py:84} INFO - Using connection ID 'mysql' for task execution.
[2025-06-15T08:32:16.370+0000] {logging_mixin.py:188} WARNING - /home/***/.local/lib/python3.10/site-packages/***/providers/common/sql/hooks/sql.py:263 UserWarning: pandas only supports SQLAlchemy connectable (engine/connection) or database string URI or sqlite3 DBAPI2 connection. Other DBAPI2 objects are not tested. Please consider using SQLAlchemy.
[2025-06-15T08:32:17.060+0000] {logging_mixin.py:188} INFO - ✔ Đã load Product → staging.stg_Product
[2025-06-15T08:32:17.065+0000] {base.py:84} INFO - Using connection ID 'mysql' for task execution.
[2025-06-15T08:32:17.069+0000] {logging_mixin.py:188} WARNING - /home/***/.local/lib/python3.10/site-packages/***/providers/common/sql/hooks/sql.py:263 UserWarning: pandas only supports SQLAlchemy connectable (engine/connection) or database string URI or sqlite3 DBAPI2 connection. Other DBAPI2 objects are not tested. Please consider using SQLAlchemy.
[2025-06-15T08:32:17.097+0000] {logging_mixin.py:188} INFO - ✔ Đã load Sub_Category → staging.stg_Sub_Category
[2025-06-15T08:32:17.098+0000] {python.py:237} INFO - Done. Returned value was: None
[2025-06-15T08:32:17.098+0000] {taskinstance.py:441} INFO - ::group::Post task execution logs
[2025-06-15T08:32:17.105+0000] {taskinstance.py:1206} INFO - Marking task as SUCCESS. dag_id=globalsuperstore, task_id=extract.extract_and_load_to_staging, run_id=manual__2025-06-15T08:31:35.114045+00:00, execution_date=20250615T083135, start_date=20250615T083158, end_date=20250615T083217
[2025-06-15T08:32:17.163+0000] {local_task_job_runner.py:240} INFO - Task exited with return code 0
[2025-06-15T08:32:17.211+0000] {taskinstance.py:3503} INFO - 5 downstream tasks scheduled from follow-on schedule check
[2025-06-15T08:32:17.213+0000] {local_task_job_runner.py:222} INFO - ::endgroup::
