[2025-06-14T08:26:12.755+0000] {local_task_job_runner.py:120} INFO - ::group::Pre task execution logs
[2025-06-14T08:26:12.842+0000] {taskinstance.py:2076} INFO - Dependencies all met for dep_context=non-requeueable deps ti=<TaskInstance: GlobalSuperStore_dw_etl.transform.transform_dim_customers manual__2025-06-14T08:25:46.086675+00:00 [queued]>
[2025-06-14T08:26:12.852+0000] {taskinstance.py:2076} INFO - Dependencies all met for dep_context=requeueable deps ti=<TaskInstance: GlobalSuperStore_dw_etl.transform.transform_dim_customers manual__2025-06-14T08:25:46.086675+00:00 [queued]>
[2025-06-14T08:26:12.852+0000] {taskinstance.py:2306} INFO - Starting attempt 1 of 1
[2025-06-14T08:26:12.895+0000] {taskinstance.py:2330} INFO - Executing <Task(PythonOperator): transform.transform_dim_customers> on 2025-06-14 08:25:46.086675+00:00
[2025-06-14T08:26:12.901+0000] {standard_task_runner.py:63} INFO - Started process 516 to run task
[2025-06-14T08:26:12.904+0000] {standard_task_runner.py:90} INFO - Running: ['***', 'tasks', 'run', 'GlobalSuperStore_dw_etl', 'transform.transform_dim_customers', 'manual__2025-06-14T08:25:46.086675+00:00', '--job-id', '5', '--raw', '--subdir', 'DAGS_FOLDER/global_superstore_dw_etl.py', '--cfg-path', '/tmp/tmpl2urx7f8']
[2025-06-14T08:26:12.906+0000] {standard_task_runner.py:91} INFO - Job 5: Subtask transform.transform_dim_customers
[2025-06-14T08:26:12.959+0000] {task_command.py:426} INFO - Running <TaskInstance: GlobalSuperStore_dw_etl.transform.transform_dim_customers manual__2025-06-14T08:25:46.086675+00:00 [running]> on host 180404561e2e
[2025-06-14T08:26:13.107+0000] {taskinstance.py:2648} INFO - Exporting env vars: AIRFLOW_CTX_DAG_OWNER='***' AIRFLOW_CTX_DAG_ID='GlobalSuperStore_dw_etl' AIRFLOW_CTX_TASK_ID='transform.transform_dim_customers' AIRFLOW_CTX_EXECUTION_DATE='2025-06-14T08:25:46.086675+00:00' AIRFLOW_CTX_TRY_NUMBER='1' AIRFLOW_CTX_DAG_RUN_ID='manual__2025-06-14T08:25:46.086675+00:00'
[2025-06-14T08:26:13.108+0000] {taskinstance.py:430} INFO - ::endgroup::
[2025-06-14T08:26:16.071+0000] {base.py:84} INFO - Using connection ID 'postgres' for task execution.
[2025-06-14T08:26:16.077+0000] {base.py:84} INFO - Using connection ID 'postgres' for task execution.
[2025-06-14T08:26:16.084+0000] {base.py:84} INFO - Using connection ID 'postgres' for task execution.
[2025-06-14T08:26:16.099+0000] {logging_mixin.py:188} WARNING - /home/***/.local/lib/python3.10/site-packages/***/providers/common/sql/hooks/sql.py:263 UserWarning: pandas only supports SQLAlchemy connectable (engine/connection) or database string URI or sqlite3 DBAPI2 connection. Other DBAPI2 objects are not tested. Please consider using SQLAlchemy.
[2025-06-14T08:26:16.107+0000] {taskinstance.py:441} INFO - ::group::Post task execution logs
[2025-06-14T08:26:16.108+0000] {taskinstance.py:2905} ERROR - Task failed with exception
Traceback (most recent call last):
  File "/home/airflow/.local/lib/python3.10/site-packages/pandas/io/sql.py", line 2018, in execute
    cur.execute(*args, **kwargs)
psycopg2.errors.UndefinedTable: relation "customer" does not exist
LINE 1: SELECT * FROM Customer
                      ^


The above exception was the direct cause of the following exception:

Traceback (most recent call last):
  File "/home/airflow/.local/lib/python3.10/site-packages/airflow/models/taskinstance.py", line 465, in _execute_task
    result = _execute_callable(context=context, **execute_callable_kwargs)
  File "/home/airflow/.local/lib/python3.10/site-packages/airflow/models/taskinstance.py", line 432, in _execute_callable
    return execute_callable(context=context, **execute_callable_kwargs)
  File "/home/airflow/.local/lib/python3.10/site-packages/airflow/models/baseoperator.py", line 401, in wrapper
    return func(self, *args, **kwargs)
  File "/home/airflow/.local/lib/python3.10/site-packages/airflow/operators/python.py", line 235, in execute
    return_value = self.execute_callable()
  File "/home/airflow/.local/lib/python3.10/site-packages/airflow/operators/python.py", line 252, in execute_callable
    return self.python_callable(*self.op_args, **self.op_kwargs)
  File "/opt/airflow/dags/transform_dim_customers.py", line 14, in transform_dim_customers
    df = staging_operator.get_data_to_pd("SELECT * FROM Customer")
  File "/opt/airflow/plugins/postgresql_operator.py", line 15, in get_data_to_pd
    return self.hook.get_pandas_df(sql)
  File "/home/airflow/.local/lib/python3.10/site-packages/airflow/providers/common/sql/hooks/sql.py", line 263, in get_pandas_df
    return psql.read_sql(sql, con=conn, params=parameters, **kwargs)
  File "/home/airflow/.local/lib/python3.10/site-packages/pandas/io/sql.py", line 564, in read_sql
    return pandas_sql.read_query(
  File "/home/airflow/.local/lib/python3.10/site-packages/pandas/io/sql.py", line 2078, in read_query
    cursor = self.execute(*args)
  File "/home/airflow/.local/lib/python3.10/site-packages/pandas/io/sql.py", line 2030, in execute
    raise ex from exc
pandas.errors.DatabaseError: Execution failed on sql 'SELECT * FROM Customer': relation "customer" does not exist
LINE 1: SELECT * FROM Customer
                      ^

[2025-06-14T08:26:16.145+0000] {taskinstance.py:1206} INFO - Marking task as FAILED. dag_id=GlobalSuperStore_dw_etl, task_id=transform.transform_dim_customers, run_id=manual__2025-06-14T08:25:46.086675+00:00, execution_date=20250614T082546, start_date=20250614T082612, end_date=20250614T082616
[2025-06-14T08:26:16.157+0000] {standard_task_runner.py:110} ERROR - Failed to execute job 5 for task transform.transform_dim_customers (Execution failed on sql 'SELECT * FROM Customer': relation "customer" does not exist
LINE 1: SELECT * FROM Customer
                      ^
; 516)
[2025-06-14T08:26:16.178+0000] {local_task_job_runner.py:240} INFO - Task exited with return code 1
[2025-06-14T08:26:16.191+0000] {taskinstance.py:3503} INFO - 0 downstream tasks scheduled from follow-on schedule check
[2025-06-14T08:26:16.194+0000] {local_task_job_runner.py:222} INFO - ::endgroup::
