[2025-06-15T08:34:04.279+0000] {local_task_job_runner.py:120} INFO - ::group::Pre task execution logs
[2025-06-15T08:34:04.390+0000] {taskinstance.py:2076} INFO - Dependencies all met for dep_context=non-requeueable deps ti=<TaskInstance: globalsuperstore.extract.extract_and_load_to_staging manual__2025-06-15T08:34:02.833145+00:00 [queued]>
[2025-06-15T08:34:04.405+0000] {taskinstance.py:2076} INFO - Dependencies all met for dep_context=requeueable deps ti=<TaskInstance: globalsuperstore.extract.extract_and_load_to_staging manual__2025-06-15T08:34:02.833145+00:00 [queued]>
[2025-06-15T08:34:04.407+0000] {taskinstance.py:2306} INFO - Starting attempt 1 of 1
[2025-06-15T08:34:04.436+0000] {taskinstance.py:2330} INFO - Executing <Task(PythonOperator): extract.extract_and_load_to_staging> on 2025-06-15 08:34:02.833145+00:00
[2025-06-15T08:34:04.448+0000] {standard_task_runner.py:63} INFO - Started process 908 to run task
[2025-06-15T08:34:04.453+0000] {standard_task_runner.py:90} INFO - Running: ['***', 'tasks', 'run', 'globalsuperstore', 'extract.extract_and_load_to_staging', 'manual__2025-06-15T08:34:02.833145+00:00', '--job-id', '95', '--raw', '--subdir', 'DAGS_FOLDER/global_superstore_dw_etl.py', '--cfg-path', '/tmp/tmpwu5r1g2h']
[2025-06-15T08:34:04.457+0000] {standard_task_runner.py:91} INFO - Job 95: Subtask extract.extract_and_load_to_staging
[2025-06-15T08:34:04.520+0000] {task_command.py:426} INFO - Running <TaskInstance: globalsuperstore.extract.extract_and_load_to_staging manual__2025-06-15T08:34:02.833145+00:00 [running]> on host f3cca4675eb8
[2025-06-15T08:34:04.631+0000] {taskinstance.py:2648} INFO - Exporting env vars: AIRFLOW_CTX_DAG_OWNER='***' AIRFLOW_CTX_DAG_ID='globalsuperstore' AIRFLOW_CTX_TASK_ID='extract.extract_and_load_to_staging' AIRFLOW_CTX_EXECUTION_DATE='2025-06-15T08:34:02.833145+00:00' AIRFLOW_CTX_TRY_NUMBER='1' AIRFLOW_CTX_DAG_RUN_ID='manual__2025-06-15T08:34:02.833145+00:00'
[2025-06-15T08:34:04.633+0000] {taskinstance.py:430} INFO - ::endgroup::
[2025-06-15T08:34:04.671+0000] {base.py:84} INFO - Using connection ID 'postgres' for task execution.
[2025-06-15T08:34:04.679+0000] {base.py:84} INFO - Using connection ID 'mysql' for task execution.
[2025-06-15T08:34:04.756+0000] {logging_mixin.py:188} WARNING - /home/***/.local/lib/python3.10/site-packages/***/providers/common/sql/hooks/sql.py:263 UserWarning: pandas only supports SQLAlchemy connectable (engine/connection) or database string URI or sqlite3 DBAPI2 connection. Other DBAPI2 objects are not tested. Please consider using SQLAlchemy.
[2025-06-15T08:34:04.914+0000] {logging_mixin.py:188} INFO - ✔ Đã load Category → staging.stg_Category
[2025-06-15T08:34:04.922+0000] {base.py:84} INFO - Using connection ID 'mysql' for task execution.
[2025-06-15T08:34:04.928+0000] {logging_mixin.py:188} WARNING - /home/***/.local/lib/python3.10/site-packages/***/providers/common/sql/hooks/sql.py:263 UserWarning: pandas only supports SQLAlchemy connectable (engine/connection) or database string URI or sqlite3 DBAPI2 connection. Other DBAPI2 objects are not tested. Please consider using SQLAlchemy.
[2025-06-15T08:34:06.845+0000] {logging_mixin.py:188} INFO - ✔ Đã load Customer → staging.stg_Customer
[2025-06-15T08:34:06.852+0000] {base.py:84} INFO - Using connection ID 'mysql' for task execution.
[2025-06-15T08:34:06.858+0000] {logging_mixin.py:188} WARNING - /home/***/.local/lib/python3.10/site-packages/***/providers/common/sql/hooks/sql.py:263 UserWarning: pandas only supports SQLAlchemy connectable (engine/connection) or database string URI or sqlite3 DBAPI2 connection. Other DBAPI2 objects are not tested. Please consider using SQLAlchemy.
[2025-06-15T08:34:16.509+0000] {logging_mixin.py:188} INFO - ✔ Đã load Order_Details → staging.stg_Order_Details
[2025-06-15T08:34:16.515+0000] {base.py:84} INFO - Using connection ID 'mysql' for task execution.
[2025-06-15T08:34:16.522+0000] {logging_mixin.py:188} WARNING - /home/***/.local/lib/python3.10/site-packages/***/providers/common/sql/hooks/sql.py:263 UserWarning: pandas only supports SQLAlchemy connectable (engine/connection) or database string URI or sqlite3 DBAPI2 connection. Other DBAPI2 objects are not tested. Please consider using SQLAlchemy.
[2025-06-15T08:34:21.259+0000] {logging_mixin.py:188} INFO - ✔ Đã load Orders → staging.stg_Orders
[2025-06-15T08:34:21.266+0000] {base.py:84} INFO - Using connection ID 'mysql' for task execution.
[2025-06-15T08:34:21.272+0000] {logging_mixin.py:188} WARNING - /home/***/.local/lib/python3.10/site-packages/***/providers/common/sql/hooks/sql.py:263 UserWarning: pandas only supports SQLAlchemy connectable (engine/connection) or database string URI or sqlite3 DBAPI2 connection. Other DBAPI2 objects are not tested. Please consider using SQLAlchemy.
[2025-06-15T08:34:21.979+0000] {logging_mixin.py:188} INFO - ✔ Đã load Product → staging.stg_Product
[2025-06-15T08:34:21.985+0000] {base.py:84} INFO - Using connection ID 'mysql' for task execution.
[2025-06-15T08:34:21.988+0000] {logging_mixin.py:188} WARNING - /home/***/.local/lib/python3.10/site-packages/***/providers/common/sql/hooks/sql.py:263 UserWarning: pandas only supports SQLAlchemy connectable (engine/connection) or database string URI or sqlite3 DBAPI2 connection. Other DBAPI2 objects are not tested. Please consider using SQLAlchemy.
[2025-06-15T08:34:22.025+0000] {logging_mixin.py:188} INFO - ✔ Đã load Sub_Category → staging.stg_Sub_Category
[2025-06-15T08:34:22.025+0000] {python.py:237} INFO - Done. Returned value was: None
[2025-06-15T08:34:22.026+0000] {taskinstance.py:441} INFO - ::group::Post task execution logs
[2025-06-15T08:34:22.037+0000] {taskinstance.py:1206} INFO - Marking task as SUCCESS. dag_id=globalsuperstore, task_id=extract.extract_and_load_to_staging, run_id=manual__2025-06-15T08:34:02.833145+00:00, execution_date=20250615T083402, start_date=20250615T083404, end_date=20250615T083422
[2025-06-15T08:34:22.119+0000] {local_task_job_runner.py:240} INFO - Task exited with return code 0
[2025-06-15T08:34:22.183+0000] {taskinstance.py:3503} INFO - 5 downstream tasks scheduled from follow-on schedule check
[2025-06-15T08:34:22.186+0000] {local_task_job_runner.py:222} INFO - ::endgroup::
