[2025-06-17T01:27:07.128+0000] {taskinstance.py:1042} DEBUG - previous_execution_date was called
[2025-06-17T01:27:07.144+0000] {__init__.py:54} DEBUG - Loading core task runner: StandardTaskRunner
[2025-06-17T01:27:07.160+0000] {taskinstance.py:1042} DEBUG - previous_execution_date was called
[2025-06-17T01:27:07.164+0000] {base_task_runner.py:73} DEBUG - Planning to run as the  user
[2025-06-17T01:27:07.170+0000] {local_task_job_runner.py:120} INFO - ::group::Pre task execution logs
[2025-06-17T01:27:07.206+0000] {taskinstance.py:2088} DEBUG - <TaskInstance: globalsuperstore.load.transform_fact_sales manual__2025-06-17T01:26:27.017500+00:00 [queued]> dependency 'Task Instance State' PASSED: True, Task state queued was valid.
[2025-06-17T01:27:07.206+0000] {taskinstance.py:2088} DEBUG - <TaskInstance: globalsuperstore.load.transform_fact_sales manual__2025-06-17T01:26:27.017500+00:00 [queued]> dependency 'Task Instance Not Running' PASSED: True, Task is not in running state.
[2025-06-17T01:27:07.207+0000] {taskinstance.py:2088} DEBUG - <TaskInstance: globalsuperstore.load.transform_fact_sales manual__2025-06-17T01:26:27.017500+00:00 [queued]> dependency 'Not In Retry Period' PASSED: True, The task instance was not marked for retrying.
[2025-06-17T01:27:07.207+0000] {taskinstance.py:2088} DEBUG - <TaskInstance: globalsuperstore.load.transform_fact_sales manual__2025-06-17T01:26:27.017500+00:00 [queued]> dependency 'Previous Dagrun State' PASSED: True, The task did not have depends_on_past set.
[2025-06-17T01:27:07.208+0000] {taskinstance.py:2076} INFO - Dependencies all met for dep_context=non-requeueable deps ti=<TaskInstance: globalsuperstore.load.transform_fact_sales manual__2025-06-17T01:26:27.017500+00:00 [queued]>
[2025-06-17T01:27:07.214+0000] {taskinstance.py:2088} DEBUG - <TaskInstance: globalsuperstore.load.transform_fact_sales manual__2025-06-17T01:26:27.017500+00:00 [queued]> dependency 'Pool Slots Available' PASSED: True, There are enough open slots in default_pool to execute the task
[2025-06-17T01:27:07.217+0000] {taskinstance.py:2088} DEBUG - <TaskInstance: globalsuperstore.load.transform_fact_sales manual__2025-06-17T01:26:27.017500+00:00 [queued]> dependency 'Task Concurrency' PASSED: True, Task concurrency is not set.
[2025-06-17T01:27:07.218+0000] {taskinstance.py:2088} DEBUG - <TaskInstance: globalsuperstore.load.transform_fact_sales manual__2025-06-17T01:26:27.017500+00:00 [queued]> dependency 'Not In Retry Period' PASSED: True, The task instance was not marked for retrying.
[2025-06-17T01:27:07.218+0000] {taskinstance.py:2088} DEBUG - <TaskInstance: globalsuperstore.load.transform_fact_sales manual__2025-06-17T01:26:27.017500+00:00 [queued]> dependency 'Previous Dagrun State' PASSED: True, The task did not have depends_on_past set.
[2025-06-17T01:27:07.220+0000] {taskinstance.py:2076} INFO - Dependencies all met for dep_context=requeueable deps ti=<TaskInstance: globalsuperstore.load.transform_fact_sales manual__2025-06-17T01:26:27.017500+00:00 [queued]>
[2025-06-17T01:27:07.221+0000] {taskinstance.py:2306} INFO - Starting attempt 1 of 1
[2025-06-17T01:27:07.237+0000] {taskinstance.py:2330} INFO - Executing <Task(PythonOperator): load.transform_fact_sales> on 2025-06-17 01:26:27.017500+00:00
[2025-06-17T01:27:07.245+0000] {standard_task_runner.py:63} INFO - Started process 397 to run task
[2025-06-17T01:27:07.249+0000] {standard_task_runner.py:90} INFO - Running: ['***', 'tasks', 'run', 'globalsuperstore', 'load.transform_fact_sales', 'manual__2025-06-17T01:26:27.017500+00:00', '--job-id', '343', '--raw', '--subdir', 'DAGS_FOLDER/global_superstore_dw_etl.py', '--cfg-path', '/tmp/tmp59r00cuc']
[2025-06-17T01:27:07.250+0000] {standard_task_runner.py:91} INFO - Job 343: Subtask load.transform_fact_sales
[2025-06-17T01:27:07.251+0000] {cli_action_loggers.py:70} DEBUG - Calling callbacks: [<function default_action_log at 0x7fbba1929750>]
[2025-06-17T01:27:07.307+0000] {taskinstance.py:1042} DEBUG - previous_execution_date was called
[2025-06-17T01:27:07.314+0000] {task_command.py:426} INFO - Running <TaskInstance: globalsuperstore.load.transform_fact_sales manual__2025-06-17T01:26:27.017500+00:00 [running]> on host 9b7c60adfed6
[2025-06-17T01:27:07.315+0000] {settings.py:363} DEBUG - Disposing DB connection pool (PID 397)
[2025-06-17T01:27:07.315+0000] {settings.py:250} DEBUG - Setting up DB connection pool (PID 397)
[2025-06-17T01:27:07.316+0000] {settings.py:298} DEBUG - settings.prepare_engine_args(): Using NullPool
[2025-06-17T01:27:07.359+0000] {taskinstance.py:1042} DEBUG - previous_execution_date was called
[2025-06-17T01:27:07.362+0000] {taskinstance.py:1845} DEBUG - Clearing XCom data
[2025-06-17T01:27:07.377+0000] {retries.py:91} DEBUG - Running RenderedTaskInstanceFields.write with retries. Try 1 of 3
[2025-06-17T01:27:07.401+0000] {retries.py:91} DEBUG - Running RenderedTaskInstanceFields._do_delete_old_records with retries. Try 1 of 3
[2025-06-17T01:27:07.416+0000] {taskinstance.py:2648} INFO - Exporting env vars: AIRFLOW_CTX_DAG_OWNER='***' AIRFLOW_CTX_DAG_ID='globalsuperstore' AIRFLOW_CTX_TASK_ID='load.transform_fact_sales' AIRFLOW_CTX_EXECUTION_DATE='2025-06-17T01:26:27.017500+00:00' AIRFLOW_CTX_TRY_NUMBER='1' AIRFLOW_CTX_DAG_RUN_ID='manual__2025-06-17T01:26:27.017500+00:00'
[2025-06-17T01:27:07.417+0000] {__init__.py:115} DEBUG - Preparing lineage inlets and outlets
[2025-06-17T01:27:07.418+0000] {__init__.py:154} DEBUG - inlets: [], outlets: []
[2025-06-17T01:27:07.419+0000] {taskinstance.py:430} INFO - ::endgroup::
[2025-06-17T01:27:07.447+0000] {base.py:84} INFO - Using connection ID 'postgres' for task execution.
[2025-06-17T01:27:07.454+0000] {base.py:84} INFO - Using connection ID 'postgres' for task execution.
[2025-06-17T01:27:07.462+0000] {base.py:84} INFO - Using connection ID 'postgres' for task execution.
[2025-06-17T01:27:07.474+0000] {logging_mixin.py:188} WARNING - /home/***/.local/lib/python3.10/site-packages/***/providers/common/sql/hooks/sql.py:263 UserWarning: pandas only supports SQLAlchemy connectable (engine/connection) or database string URI or sqlite3 DBAPI2 connection. Other DBAPI2 objects are not tested. Please consider using SQLAlchemy.
[2025-06-17T01:27:07.567+0000] {base.py:84} INFO - Using connection ID 'postgres' for task execution.
[2025-06-17T01:27:07.576+0000] {logging_mixin.py:188} WARNING - /home/***/.local/lib/python3.10/site-packages/***/providers/common/sql/hooks/sql.py:263 UserWarning: pandas only supports SQLAlchemy connectable (engine/connection) or database string URI or sqlite3 DBAPI2 connection. Other DBAPI2 objects are not tested. Please consider using SQLAlchemy.
[2025-06-17T01:27:07.783+0000] {base.py:84} INFO - Using connection ID 'postgres' for task execution.
[2025-06-17T01:27:07.787+0000] {logging_mixin.py:188} WARNING - /home/***/.local/lib/python3.10/site-packages/***/providers/common/sql/hooks/sql.py:263 UserWarning: pandas only supports SQLAlchemy connectable (engine/connection) or database string URI or sqlite3 DBAPI2 connection. Other DBAPI2 objects are not tested. Please consider using SQLAlchemy.
[2025-06-17T01:27:07.800+0000] {base.py:84} INFO - Using connection ID 'postgres' for task execution.
[2025-06-17T01:27:07.806+0000] {logging_mixin.py:188} WARNING - /home/***/.local/lib/python3.10/site-packages/***/providers/common/sql/hooks/sql.py:263 UserWarning: pandas only supports SQLAlchemy connectable (engine/connection) or database string URI or sqlite3 DBAPI2 connection. Other DBAPI2 objects are not tested. Please consider using SQLAlchemy.
[2025-06-17T01:27:07.815+0000] {base.py:84} INFO - Using connection ID 'postgres' for task execution.
[2025-06-17T01:27:07.819+0000] {logging_mixin.py:188} WARNING - /home/***/.local/lib/python3.10/site-packages/***/providers/common/sql/hooks/sql.py:263 UserWarning: pandas only supports SQLAlchemy connectable (engine/connection) or database string URI or sqlite3 DBAPI2 connection. Other DBAPI2 objects are not tested. Please consider using SQLAlchemy.
[2025-06-17T01:27:07.838+0000] {base.py:84} INFO - Using connection ID 'postgres' for task execution.
[2025-06-17T01:27:07.844+0000] {logging_mixin.py:188} WARNING - /home/***/.local/lib/python3.10/site-packages/***/providers/common/sql/hooks/sql.py:263 UserWarning: pandas only supports SQLAlchemy connectable (engine/connection) or database string URI or sqlite3 DBAPI2 connection. Other DBAPI2 objects are not tested. Please consider using SQLAlchemy.
[2025-06-17T01:27:08.180+0000] {taskinstance.py:441} INFO - ::group::Post task execution logs
[2025-06-17T01:27:08.181+0000] {taskinstance.py:2905} ERROR - Task failed with exception
Traceback (most recent call last):
  File "/home/airflow/.local/lib/python3.10/site-packages/airflow/models/taskinstance.py", line 465, in _execute_task
    result = _execute_callable(context=context, **execute_callable_kwargs)
  File "/home/airflow/.local/lib/python3.10/site-packages/airflow/models/taskinstance.py", line 432, in _execute_callable
    return execute_callable(context=context, **execute_callable_kwargs)
  File "/home/airflow/.local/lib/python3.10/site-packages/airflow/models/baseoperator.py", line 401, in wrapper
    return func(self, *args, **kwargs)
  File "/home/airflow/.local/lib/python3.10/site-packages/airflow/operators/python.py", line 235, in execute
    return_value = self.execute_callable()
  File "/home/airflow/.local/lib/python3.10/site-packages/airflow/operators/python.py", line 252, in execute_callable
    return self.python_callable(*self.op_args, **self.op_kwargs)
  File "/opt/airflow/dags/transform_fact_sales.py", line 76, in transform_fact_sales
    warehouse_operator.run_sql(delete_query)
AttributeError: 'PostgresOperators' object has no attribute 'run_sql'
[2025-06-17T01:27:08.195+0000] {taskinstance.py:562} DEBUG - Task Duration set to 0.98679
[2025-06-17T01:27:08.196+0000] {taskinstance.py:584} DEBUG - Clearing next_method and next_kwargs.
[2025-06-17T01:27:08.197+0000] {taskinstance.py:1206} INFO - Marking task as FAILED. dag_id=globalsuperstore, task_id=load.transform_fact_sales, run_id=manual__2025-06-17T01:26:27.017500+00:00, execution_date=20250617T012627, start_date=20250617T012707, end_date=20250617T012708
[2025-06-17T01:27:08.216+0000] {cli_action_loggers.py:88} DEBUG - Calling callbacks: []
[2025-06-17T01:27:08.217+0000] {standard_task_runner.py:110} ERROR - Failed to execute job 343 for task load.transform_fact_sales ('PostgresOperators' object has no attribute 'run_sql'; 397)
[2025-06-17T01:27:08.265+0000] {local_task_job_runner.py:240} INFO - Task exited with return code 1
[2025-06-17T01:27:08.288+0000] {dagrun.py:931} DEBUG - number of tis tasks for <DagRun globalsuperstore @ 2025-06-17 01:26:27.017500+00:00: manual__2025-06-17T01:26:27.017500+00:00, state:running, queued_at: 2025-06-17 01:26:27.556871+00:00. externally triggered: True>: 0 task(s)
[2025-06-17T01:27:08.289+0000] {taskinstance.py:3503} INFO - 0 downstream tasks scheduled from follow-on schedule check
[2025-06-17T01:27:08.291+0000] {local_task_job_runner.py:222} INFO - ::endgroup::
