[2025-06-15T08:13:16.310+0000] {local_task_job_runner.py:120} INFO - ::group::Pre task execution logs
[2025-06-15T08:13:16.356+0000] {taskinstance.py:2076} INFO - Dependencies all met for dep_context=non-requeueable deps ti=<TaskInstance: globalsuperstore.extract.extract_and_load_to_staging scheduled__2025-06-14T00:00:00+00:00 [queued]>
[2025-06-15T08:13:16.374+0000] {taskinstance.py:2076} INFO - Dependencies all met for dep_context=requeueable deps ti=<TaskInstance: globalsuperstore.extract.extract_and_load_to_staging scheduled__2025-06-14T00:00:00+00:00 [queued]>
[2025-06-15T08:13:16.376+0000] {taskinstance.py:2306} INFO - Starting attempt 1 of 1
[2025-06-15T08:13:16.408+0000] {taskinstance.py:2330} INFO - Executing <Task(PythonOperator): extract.extract_and_load_to_staging> on 2025-06-14 00:00:00+00:00
[2025-06-15T08:13:16.420+0000] {standard_task_runner.py:63} INFO - Started process 215 to run task
[2025-06-15T08:13:16.424+0000] {standard_task_runner.py:90} INFO - Running: ['***', 'tasks', 'run', 'globalsuperstore', 'extract.extract_and_load_to_staging', 'scheduled__2025-06-14T00:00:00+00:00', '--job-id', '80', '--raw', '--subdir', 'DAGS_FOLDER/global_superstore_dw_etl.py', '--cfg-path', '/tmp/tmpcm306l_y']
[2025-06-15T08:13:16.430+0000] {standard_task_runner.py:91} INFO - Job 80: Subtask extract.extract_and_load_to_staging
[2025-06-15T08:13:16.506+0000] {task_command.py:426} INFO - Running <TaskInstance: globalsuperstore.extract.extract_and_load_to_staging scheduled__2025-06-14T00:00:00+00:00 [running]> on host f3cca4675eb8
[2025-06-15T08:13:16.675+0000] {taskinstance.py:2648} INFO - Exporting env vars: AIRFLOW_CTX_DAG_OWNER='***' AIRFLOW_CTX_DAG_ID='globalsuperstore' AIRFLOW_CTX_TASK_ID='extract.extract_and_load_to_staging' AIRFLOW_CTX_EXECUTION_DATE='2025-06-14T00:00:00+00:00' AIRFLOW_CTX_TRY_NUMBER='1' AIRFLOW_CTX_DAG_RUN_ID='scheduled__2025-06-14T00:00:00+00:00'
[2025-06-15T08:13:16.678+0000] {taskinstance.py:430} INFO - ::endgroup::
[2025-06-15T08:13:16.773+0000] {base.py:84} INFO - Using connection ID 'postgres' for task execution.
[2025-06-15T08:13:16.791+0000] {base.py:84} INFO - Using connection ID 'mysql' for task execution.
[2025-06-15T08:13:28.712+0000] {taskinstance.py:441} INFO - ::group::Post task execution logs
[2025-06-15T08:13:28.716+0000] {taskinstance.py:2905} ERROR - Task failed with exception
Traceback (most recent call last):
  File "/home/airflow/.local/lib/python3.10/site-packages/airflow/models/taskinstance.py", line 465, in _execute_task
    result = _execute_callable(context=context, **execute_callable_kwargs)
  File "/home/airflow/.local/lib/python3.10/site-packages/airflow/models/taskinstance.py", line 432, in _execute_callable
    return execute_callable(context=context, **execute_callable_kwargs)
  File "/home/airflow/.local/lib/python3.10/site-packages/airflow/models/baseoperator.py", line 401, in wrapper
    return func(self, *args, **kwargs)
  File "/home/airflow/.local/lib/python3.10/site-packages/airflow/operators/python.py", line 235, in execute
    return_value = self.execute_callable()
  File "/home/airflow/.local/lib/python3.10/site-packages/airflow/operators/python.py", line 252, in execute_callable
    return self.python_callable(*self.op_args, **self.op_kwargs)
  File "/opt/airflow/dags/extract_data.py", line 25, in extract_and_load_to_staging
    df = source_operator.get_data_to_pd(f"SELECT * FROM {table}")
  File "/opt/airflow/plugins/mysql_operator.py", line 15, in get_data_to_pd
    return self.mysqlhook.get_pandas_df(query)
  File "/home/airflow/.local/lib/python3.10/site-packages/airflow/providers/common/sql/hooks/sql.py", line 262, in get_pandas_df
    with closing(self.get_conn()) as conn:
  File "/home/airflow/.local/lib/python3.10/site-packages/airflow/providers/mysql/hooks/mysql.py", line 196, in get_conn
    return MySQLdb.connect(**conn_config)
  File "/home/airflow/.local/lib/python3.10/site-packages/MySQLdb/__init__.py", line 121, in Connect
    return Connection(*args, **kwargs)
  File "/home/airflow/.local/lib/python3.10/site-packages/MySQLdb/connections.py", line 195, in __init__
    super().__init__(*args, **kwargs2)
MySQLdb.OperationalError: (2005, "Unknown server host 'mysql' (-2)")
[2025-06-15T08:13:28.744+0000] {taskinstance.py:1206} INFO - Marking task as FAILED. dag_id=globalsuperstore, task_id=extract.extract_and_load_to_staging, run_id=scheduled__2025-06-14T00:00:00+00:00, execution_date=20250614T000000, start_date=20250615T081316, end_date=20250615T081328
[2025-06-15T08:13:28.774+0000] {standard_task_runner.py:110} ERROR - Failed to execute job 80 for task extract.extract_and_load_to_staging ((2005, "Unknown server host 'mysql' (-2)"); 215)
[2025-06-15T08:13:28.789+0000] {local_task_job_runner.py:240} INFO - Task exited with return code 1
[2025-06-15T08:13:28.827+0000] {taskinstance.py:3503} INFO - 0 downstream tasks scheduled from follow-on schedule check
[2025-06-15T08:13:28.838+0000] {local_task_job_runner.py:222} INFO - ::endgroup::
[2025-06-15T08:51:03.456+0000] {local_task_job_runner.py:120} INFO - ::group::Pre task execution logs
[2025-06-15T08:51:03.497+0000] {taskinstance.py:2076} INFO - Dependencies all met for dep_context=non-requeueable deps ti=<TaskInstance: globalsuperstore.extract.extract_and_load_to_staging scheduled__2025-06-14T00:00:00+00:00 [queued]>
[2025-06-15T08:51:03.508+0000] {taskinstance.py:2076} INFO - Dependencies all met for dep_context=requeueable deps ti=<TaskInstance: globalsuperstore.extract.extract_and_load_to_staging scheduled__2025-06-14T00:00:00+00:00 [queued]>
[2025-06-15T08:51:03.508+0000] {taskinstance.py:2306} INFO - Starting attempt 1 of 1
[2025-06-15T08:51:03.521+0000] {taskinstance.py:2330} INFO - Executing <Task(PythonOperator): extract.extract_and_load_to_staging> on 2025-06-14 00:00:00+00:00
[2025-06-15T08:51:03.527+0000] {standard_task_runner.py:63} INFO - Started process 1884 to run task
[2025-06-15T08:51:03.531+0000] {standard_task_runner.py:90} INFO - Running: ['***', 'tasks', 'run', 'globalsuperstore', 'extract.extract_and_load_to_staging', 'scheduled__2025-06-14T00:00:00+00:00', '--job-id', '298', '--raw', '--subdir', 'DAGS_FOLDER/global_superstore_dw_etl.py', '--cfg-path', '/tmp/tmp2wk3mjbr']
[2025-06-15T08:51:03.533+0000] {standard_task_runner.py:91} INFO - Job 298: Subtask extract.extract_and_load_to_staging
[2025-06-15T08:51:03.581+0000] {task_command.py:426} INFO - Running <TaskInstance: globalsuperstore.extract.extract_and_load_to_staging scheduled__2025-06-14T00:00:00+00:00 [running]> on host f3cca4675eb8
[2025-06-15T08:51:03.672+0000] {taskinstance.py:2648} INFO - Exporting env vars: AIRFLOW_CTX_DAG_OWNER='***' AIRFLOW_CTX_DAG_ID='globalsuperstore' AIRFLOW_CTX_TASK_ID='extract.extract_and_load_to_staging' AIRFLOW_CTX_EXECUTION_DATE='2025-06-14T00:00:00+00:00' AIRFLOW_CTX_TRY_NUMBER='1' AIRFLOW_CTX_DAG_RUN_ID='scheduled__2025-06-14T00:00:00+00:00'
[2025-06-15T08:51:03.673+0000] {taskinstance.py:430} INFO - ::endgroup::
[2025-06-15T08:51:03.694+0000] {base.py:84} INFO - Using connection ID 'postgres' for task execution.
[2025-06-15T08:51:03.702+0000] {base.py:84} INFO - Using connection ID 'mysql' for task execution.
[2025-06-15T08:51:07.558+0000] {taskinstance.py:441} INFO - ::group::Post task execution logs
[2025-06-15T08:51:07.560+0000] {taskinstance.py:2905} ERROR - Task failed with exception
Traceback (most recent call last):
  File "/home/airflow/.local/lib/python3.10/site-packages/airflow/models/taskinstance.py", line 465, in _execute_task
    result = _execute_callable(context=context, **execute_callable_kwargs)
  File "/home/airflow/.local/lib/python3.10/site-packages/airflow/models/taskinstance.py", line 432, in _execute_callable
    return execute_callable(context=context, **execute_callable_kwargs)
  File "/home/airflow/.local/lib/python3.10/site-packages/airflow/models/baseoperator.py", line 401, in wrapper
    return func(self, *args, **kwargs)
  File "/home/airflow/.local/lib/python3.10/site-packages/airflow/operators/python.py", line 235, in execute
    return_value = self.execute_callable()
  File "/home/airflow/.local/lib/python3.10/site-packages/airflow/operators/python.py", line 252, in execute_callable
    return self.python_callable(*self.op_args, **self.op_kwargs)
  File "/opt/airflow/dags/extract_data.py", line 25, in extract_and_load_to_staging
    df = source_operator.get_data_to_pd(f"SELECT * FROM {table}")
  File "/opt/airflow/plugins/mysql_operator.py", line 15, in get_data_to_pd
    return self.mysqlhook.get_pandas_df(query)
  File "/home/airflow/.local/lib/python3.10/site-packages/airflow/providers/common/sql/hooks/sql.py", line 262, in get_pandas_df
    with closing(self.get_conn()) as conn:
  File "/home/airflow/.local/lib/python3.10/site-packages/airflow/providers/mysql/hooks/mysql.py", line 196, in get_conn
    return MySQLdb.connect(**conn_config)
  File "/home/airflow/.local/lib/python3.10/site-packages/MySQLdb/__init__.py", line 121, in Connect
    return Connection(*args, **kwargs)
  File "/home/airflow/.local/lib/python3.10/site-packages/MySQLdb/connections.py", line 195, in __init__
    super().__init__(*args, **kwargs2)
MySQLdb.OperationalError: (2005, "Unknown server host 'mysql' (-2)")
[2025-06-15T08:51:07.570+0000] {taskinstance.py:1206} INFO - Marking task as FAILED. dag_id=globalsuperstore, task_id=extract.extract_and_load_to_staging, run_id=scheduled__2025-06-14T00:00:00+00:00, execution_date=20250614T000000, start_date=20250615T085103, end_date=20250615T085107
[2025-06-15T08:51:07.581+0000] {standard_task_runner.py:110} ERROR - Failed to execute job 298 for task extract.extract_and_load_to_staging ((2005, "Unknown server host 'mysql' (-2)"); 1884)
[2025-06-15T08:51:07.596+0000] {local_task_job_runner.py:240} INFO - Task exited with return code 1
[2025-06-15T08:51:07.615+0000] {taskinstance.py:3503} INFO - 0 downstream tasks scheduled from follow-on schedule check
[2025-06-15T08:51:07.621+0000] {local_task_job_runner.py:222} INFO - ::endgroup::
[2025-06-15T08:55:00.429+0000] {local_task_job_runner.py:120} INFO - ::group::Pre task execution logs
[2025-06-15T08:55:00.533+0000] {taskinstance.py:2076} INFO - Dependencies all met for dep_context=non-requeueable deps ti=<TaskInstance: globalsuperstore.extract.extract_and_load_to_staging scheduled__2025-06-14T00:00:00+00:00 [queued]>
[2025-06-15T08:55:00.552+0000] {taskinstance.py:2076} INFO - Dependencies all met for dep_context=requeueable deps ti=<TaskInstance: globalsuperstore.extract.extract_and_load_to_staging scheduled__2025-06-14T00:00:00+00:00 [queued]>
[2025-06-15T08:55:00.553+0000] {taskinstance.py:2306} INFO - Starting attempt 1 of 1
[2025-06-15T08:55:00.591+0000] {taskinstance.py:2330} INFO - Executing <Task(PythonOperator): extract.extract_and_load_to_staging> on 2025-06-14 00:00:00+00:00
[2025-06-15T08:55:00.619+0000] {standard_task_runner.py:63} INFO - Started process 220 to run task
[2025-06-15T08:55:00.651+0000] {standard_task_runner.py:90} INFO - Running: ['***', 'tasks', 'run', 'globalsuperstore', 'extract.extract_and_load_to_staging', 'scheduled__2025-06-14T00:00:00+00:00', '--job-id', '301', '--raw', '--subdir', 'DAGS_FOLDER/global_superstore_dw_etl.py', '--cfg-path', '/tmp/tmpv1m2a_ri']
[2025-06-15T08:55:00.693+0000] {standard_task_runner.py:91} INFO - Job 301: Subtask extract.extract_and_load_to_staging
[2025-06-15T08:55:01.104+0000] {task_command.py:426} INFO - Running <TaskInstance: globalsuperstore.extract.extract_and_load_to_staging scheduled__2025-06-14T00:00:00+00:00 [running]> on host f3cca4675eb8
[2025-06-15T08:55:01.234+0000] {taskinstance.py:2648} INFO - Exporting env vars: AIRFLOW_CTX_DAG_OWNER='***' AIRFLOW_CTX_DAG_ID='globalsuperstore' AIRFLOW_CTX_TASK_ID='extract.extract_and_load_to_staging' AIRFLOW_CTX_EXECUTION_DATE='2025-06-14T00:00:00+00:00' AIRFLOW_CTX_TRY_NUMBER='1' AIRFLOW_CTX_DAG_RUN_ID='scheduled__2025-06-14T00:00:00+00:00'
[2025-06-15T08:55:01.236+0000] {taskinstance.py:430} INFO - ::endgroup::
[2025-06-15T08:55:01.293+0000] {base.py:84} INFO - Using connection ID 'postgres' for task execution.
[2025-06-15T08:55:01.309+0000] {base.py:84} INFO - Using connection ID 'mysql' for task execution.
[2025-06-15T08:55:01.631+0000] {logging_mixin.py:188} WARNING - /home/***/.local/lib/python3.10/site-packages/***/providers/common/sql/hooks/sql.py:263 UserWarning: pandas only supports SQLAlchemy connectable (engine/connection) or database string URI or sqlite3 DBAPI2 connection. Other DBAPI2 objects are not tested. Please consider using SQLAlchemy.
[2025-06-15T08:55:02.138+0000] {logging_mixin.py:188} INFO - ✔ Đã load Category → staging.stg_Category
[2025-06-15T08:55:02.145+0000] {base.py:84} INFO - Using connection ID 'mysql' for task execution.
[2025-06-15T08:55:02.151+0000] {logging_mixin.py:188} WARNING - /home/***/.local/lib/python3.10/site-packages/***/providers/common/sql/hooks/sql.py:263 UserWarning: pandas only supports SQLAlchemy connectable (engine/connection) or database string URI or sqlite3 DBAPI2 connection. Other DBAPI2 objects are not tested. Please consider using SQLAlchemy.
[2025-06-15T08:55:04.979+0000] {logging_mixin.py:188} INFO - ✔ Đã load Customer → staging.stg_Customer
[2025-06-15T08:55:05.016+0000] {base.py:84} INFO - Using connection ID 'mysql' for task execution.
[2025-06-15T08:55:05.023+0000] {logging_mixin.py:188} WARNING - /home/***/.local/lib/python3.10/site-packages/***/providers/common/sql/hooks/sql.py:263 UserWarning: pandas only supports SQLAlchemy connectable (engine/connection) or database string URI or sqlite3 DBAPI2 connection. Other DBAPI2 objects are not tested. Please consider using SQLAlchemy.
[2025-06-15T08:55:22.305+0000] {logging_mixin.py:188} INFO - ✔ Đã load Order_Details → staging.stg_Order_Details
[2025-06-15T08:55:22.316+0000] {base.py:84} INFO - Using connection ID 'mysql' for task execution.
[2025-06-15T08:55:22.323+0000] {logging_mixin.py:188} WARNING - /home/***/.local/lib/python3.10/site-packages/***/providers/common/sql/hooks/sql.py:263 UserWarning: pandas only supports SQLAlchemy connectable (engine/connection) or database string URI or sqlite3 DBAPI2 connection. Other DBAPI2 objects are not tested. Please consider using SQLAlchemy.
[2025-06-15T08:55:28.232+0000] {logging_mixin.py:188} INFO - ✔ Đã load Orders → staging.stg_Orders
[2025-06-15T08:55:28.246+0000] {base.py:84} INFO - Using connection ID 'mysql' for task execution.
[2025-06-15T08:55:28.257+0000] {logging_mixin.py:188} WARNING - /home/***/.local/lib/python3.10/site-packages/***/providers/common/sql/hooks/sql.py:263 UserWarning: pandas only supports SQLAlchemy connectable (engine/connection) or database string URI or sqlite3 DBAPI2 connection. Other DBAPI2 objects are not tested. Please consider using SQLAlchemy.
[2025-06-15T08:55:29.391+0000] {logging_mixin.py:188} INFO - ✔ Đã load Product → staging.stg_Product
[2025-06-15T08:55:29.397+0000] {base.py:84} INFO - Using connection ID 'mysql' for task execution.
[2025-06-15T08:55:29.401+0000] {logging_mixin.py:188} WARNING - /home/***/.local/lib/python3.10/site-packages/***/providers/common/sql/hooks/sql.py:263 UserWarning: pandas only supports SQLAlchemy connectable (engine/connection) or database string URI or sqlite3 DBAPI2 connection. Other DBAPI2 objects are not tested. Please consider using SQLAlchemy.
[2025-06-15T08:55:29.435+0000] {logging_mixin.py:188} INFO - ✔ Đã load Sub_Category → staging.stg_Sub_Category
[2025-06-15T08:55:29.436+0000] {python.py:237} INFO - Done. Returned value was: None
[2025-06-15T08:55:29.437+0000] {taskinstance.py:441} INFO - ::group::Post task execution logs
[2025-06-15T08:55:29.446+0000] {taskinstance.py:1206} INFO - Marking task as SUCCESS. dag_id=globalsuperstore, task_id=extract.extract_and_load_to_staging, run_id=scheduled__2025-06-14T00:00:00+00:00, execution_date=20250614T000000, start_date=20250615T085500, end_date=20250615T085529
[2025-06-15T08:55:29.490+0000] {local_task_job_runner.py:240} INFO - Task exited with return code 0
[2025-06-15T08:55:29.528+0000] {taskinstance.py:3503} INFO - 5 downstream tasks scheduled from follow-on schedule check
[2025-06-15T08:55:29.534+0000] {local_task_job_runner.py:222} INFO - ::endgroup::
[2025-06-15T15:10:53.729+0000] {local_task_job_runner.py:120} INFO - ::group::Pre task execution logs
[2025-06-15T15:10:53.971+0000] {taskinstance.py:2076} INFO - Dependencies all met for dep_context=non-requeueable deps ti=<TaskInstance: globalsuperstore.extract.extract_and_load_to_staging scheduled__2025-06-14T00:00:00+00:00 [queued]>
[2025-06-15T15:10:53.985+0000] {taskinstance.py:2076} INFO - Dependencies all met for dep_context=requeueable deps ti=<TaskInstance: globalsuperstore.extract.extract_and_load_to_staging scheduled__2025-06-14T00:00:00+00:00 [queued]>
[2025-06-15T15:10:53.986+0000] {taskinstance.py:2306} INFO - Starting attempt 1 of 1
[2025-06-15T15:10:54.005+0000] {taskinstance.py:2330} INFO - Executing <Task(PythonOperator): extract.extract_and_load_to_staging> on 2025-06-14 00:00:00+00:00
[2025-06-15T15:10:54.014+0000] {standard_task_runner.py:63} INFO - Started process 226 to run task
[2025-06-15T15:10:54.020+0000] {standard_task_runner.py:90} INFO - Running: ['***', 'tasks', 'run', 'globalsuperstore', 'extract.extract_and_load_to_staging', 'scheduled__2025-06-14T00:00:00+00:00', '--job-id', '2', '--raw', '--subdir', 'DAGS_FOLDER/global_superstore_dw_etl.py', '--cfg-path', '/tmp/tmp16t1nk6l']
[2025-06-15T15:10:54.022+0000] {standard_task_runner.py:91} INFO - Job 2: Subtask extract.extract_and_load_to_staging
[2025-06-15T15:10:54.082+0000] {task_command.py:426} INFO - Running <TaskInstance: globalsuperstore.extract.extract_and_load_to_staging scheduled__2025-06-14T00:00:00+00:00 [running]> on host 27cfce86165e
[2025-06-15T15:10:54.314+0000] {taskinstance.py:2648} INFO - Exporting env vars: AIRFLOW_CTX_DAG_OWNER='***' AIRFLOW_CTX_DAG_ID='globalsuperstore' AIRFLOW_CTX_TASK_ID='extract.extract_and_load_to_staging' AIRFLOW_CTX_EXECUTION_DATE='2025-06-14T00:00:00+00:00' AIRFLOW_CTX_TRY_NUMBER='1' AIRFLOW_CTX_DAG_RUN_ID='scheduled__2025-06-14T00:00:00+00:00'
[2025-06-15T15:10:54.317+0000] {taskinstance.py:430} INFO - ::endgroup::
[2025-06-15T15:10:54.456+0000] {taskinstance.py:441} INFO - ::group::Post task execution logs
[2025-06-15T15:10:54.470+0000] {taskinstance.py:2905} ERROR - Task failed with exception
Traceback (most recent call last):
  File "/home/airflow/.local/lib/python3.10/site-packages/airflow/models/taskinstance.py", line 465, in _execute_task
    result = _execute_callable(context=context, **execute_callable_kwargs)
  File "/home/airflow/.local/lib/python3.10/site-packages/airflow/models/taskinstance.py", line 432, in _execute_callable
    return execute_callable(context=context, **execute_callable_kwargs)
  File "/home/airflow/.local/lib/python3.10/site-packages/airflow/models/baseoperator.py", line 401, in wrapper
    return func(self, *args, **kwargs)
  File "/home/airflow/.local/lib/python3.10/site-packages/airflow/operators/python.py", line 235, in execute
    return_value = self.execute_callable()
  File "/home/airflow/.local/lib/python3.10/site-packages/airflow/operators/python.py", line 252, in execute_callable
    return self.python_callable(*self.op_args, **self.op_kwargs)
  File "/opt/airflow/dags/extract_data.py", line 13, in extract_and_load_to_staging
    staging_operator = PostgresOperators('postgres')
  File "/opt/airflow/plugins/postgresql_operator.py", line 9, in __init__
    self.engine = create_engine(self.hook.get_uri())  # ✅ Thêm dòng này
  File "/home/airflow/.local/lib/python3.10/site-packages/airflow/providers/postgres/hooks/postgres.py", line 204, in get_uri
    return self.sqlalchemy_url.render_as_string(hide_password=False)
  File "/home/airflow/.local/lib/python3.10/site-packages/airflow/providers/postgres/hooks/postgres.py", line 119, in sqlalchemy_url
    conn = self.get_connection(getattr(self, self.conn_name_attr))
  File "/home/airflow/.local/lib/python3.10/site-packages/airflow/hooks/base.py", line 83, in get_connection
    conn = Connection.get_connection_from_secrets(conn_id)
  File "/home/airflow/.local/lib/python3.10/site-packages/airflow/models/connection.py", line 519, in get_connection_from_secrets
    raise AirflowNotFoundException(f"The conn_id `{conn_id}` isn't defined")
airflow.exceptions.AirflowNotFoundException: The conn_id `postgres` isn't defined
[2025-06-15T15:10:54.487+0000] {taskinstance.py:1206} INFO - Marking task as FAILED. dag_id=globalsuperstore, task_id=extract.extract_and_load_to_staging, run_id=scheduled__2025-06-14T00:00:00+00:00, execution_date=20250614T000000, start_date=20250615T151053, end_date=20250615T151054
[2025-06-15T15:10:54.517+0000] {standard_task_runner.py:110} ERROR - Failed to execute job 2 for task extract.extract_and_load_to_staging (The conn_id `postgres` isn't defined; 226)
[2025-06-15T15:10:54.568+0000] {local_task_job_runner.py:240} INFO - Task exited with return code 1
[2025-06-15T15:10:54.604+0000] {taskinstance.py:3503} INFO - 0 downstream tasks scheduled from follow-on schedule check
[2025-06-15T15:10:54.612+0000] {local_task_job_runner.py:222} INFO - ::endgroup::
[2025-06-15T15:36:32.216+0000] {local_task_job_runner.py:120} INFO - ::group::Pre task execution logs
[2025-06-15T15:36:32.461+0000] {taskinstance.py:2076} INFO - Dependencies all met for dep_context=non-requeueable deps ti=<TaskInstance: globalsuperstore.extract.extract_and_load_to_staging scheduled__2025-06-14T00:00:00+00:00 [queued]>
[2025-06-15T15:36:32.469+0000] {taskinstance.py:2076} INFO - Dependencies all met for dep_context=requeueable deps ti=<TaskInstance: globalsuperstore.extract.extract_and_load_to_staging scheduled__2025-06-14T00:00:00+00:00 [queued]>
[2025-06-15T15:36:32.469+0000] {taskinstance.py:2306} INFO - Starting attempt 1 of 1
[2025-06-15T15:36:32.492+0000] {taskinstance.py:2330} INFO - Executing <Task(PythonOperator): extract.extract_and_load_to_staging> on 2025-06-14 00:00:00+00:00
[2025-06-15T15:36:32.517+0000] {standard_task_runner.py:63} INFO - Started process 233 to run task
[2025-06-15T15:36:32.526+0000] {standard_task_runner.py:90} INFO - Running: ['***', 'tasks', 'run', 'globalsuperstore', 'extract.extract_and_load_to_staging', 'scheduled__2025-06-14T00:00:00+00:00', '--job-id', '3', '--raw', '--subdir', 'DAGS_FOLDER/global_superstore_dw_etl.py', '--cfg-path', '/tmp/tmpm60ngf22']
[2025-06-15T15:36:32.529+0000] {standard_task_runner.py:91} INFO - Job 3: Subtask extract.extract_and_load_to_staging
[2025-06-15T15:36:32.803+0000] {task_command.py:426} INFO - Running <TaskInstance: globalsuperstore.extract.extract_and_load_to_staging scheduled__2025-06-14T00:00:00+00:00 [running]> on host b3fe00f52b33
[2025-06-15T15:36:33.262+0000] {taskinstance.py:2648} INFO - Exporting env vars: AIRFLOW_CTX_DAG_OWNER='***' AIRFLOW_CTX_DAG_ID='globalsuperstore' AIRFLOW_CTX_TASK_ID='extract.extract_and_load_to_staging' AIRFLOW_CTX_EXECUTION_DATE='2025-06-14T00:00:00+00:00' AIRFLOW_CTX_TRY_NUMBER='1' AIRFLOW_CTX_DAG_RUN_ID='scheduled__2025-06-14T00:00:00+00:00'
[2025-06-15T15:36:33.266+0000] {taskinstance.py:430} INFO - ::endgroup::
[2025-06-15T15:36:33.425+0000] {taskinstance.py:441} INFO - ::group::Post task execution logs
[2025-06-15T15:36:33.434+0000] {taskinstance.py:2905} ERROR - Task failed with exception
Traceback (most recent call last):
  File "/home/airflow/.local/lib/python3.10/site-packages/airflow/models/taskinstance.py", line 465, in _execute_task
    result = _execute_callable(context=context, **execute_callable_kwargs)
  File "/home/airflow/.local/lib/python3.10/site-packages/airflow/models/taskinstance.py", line 432, in _execute_callable
    return execute_callable(context=context, **execute_callable_kwargs)
  File "/home/airflow/.local/lib/python3.10/site-packages/airflow/models/baseoperator.py", line 401, in wrapper
    return func(self, *args, **kwargs)
  File "/home/airflow/.local/lib/python3.10/site-packages/airflow/operators/python.py", line 235, in execute
    return_value = self.execute_callable()
  File "/home/airflow/.local/lib/python3.10/site-packages/airflow/operators/python.py", line 252, in execute_callable
    return self.python_callable(*self.op_args, **self.op_kwargs)
  File "/opt/airflow/dags/extract_data.py", line 13, in extract_and_load_to_staging
    staging_operator = PostgresOperators('postgres')
  File "/opt/airflow/plugins/postgresql_operator.py", line 9, in __init__
    self.engine = create_engine(self.hook.get_uri())  # ✅ Thêm dòng này
  File "/home/airflow/.local/lib/python3.10/site-packages/airflow/providers/postgres/hooks/postgres.py", line 204, in get_uri
    return self.sqlalchemy_url.render_as_string(hide_password=False)
  File "/home/airflow/.local/lib/python3.10/site-packages/airflow/providers/postgres/hooks/postgres.py", line 119, in sqlalchemy_url
    conn = self.get_connection(getattr(self, self.conn_name_attr))
  File "/home/airflow/.local/lib/python3.10/site-packages/airflow/hooks/base.py", line 83, in get_connection
    conn = Connection.get_connection_from_secrets(conn_id)
  File "/home/airflow/.local/lib/python3.10/site-packages/airflow/models/connection.py", line 519, in get_connection_from_secrets
    raise AirflowNotFoundException(f"The conn_id `{conn_id}` isn't defined")
airflow.exceptions.AirflowNotFoundException: The conn_id `postgres` isn't defined
[2025-06-15T15:36:33.456+0000] {taskinstance.py:1206} INFO - Marking task as FAILED. dag_id=globalsuperstore, task_id=extract.extract_and_load_to_staging, run_id=scheduled__2025-06-14T00:00:00+00:00, execution_date=20250614T000000, start_date=20250615T153632, end_date=20250615T153633
[2025-06-15T15:36:33.469+0000] {standard_task_runner.py:110} ERROR - Failed to execute job 3 for task extract.extract_and_load_to_staging (The conn_id `postgres` isn't defined; 233)
[2025-06-15T15:36:33.520+0000] {local_task_job_runner.py:240} INFO - Task exited with return code 1
[2025-06-15T15:36:33.552+0000] {taskinstance.py:3503} INFO - 0 downstream tasks scheduled from follow-on schedule check
[2025-06-15T15:36:33.559+0000] {local_task_job_runner.py:222} INFO - ::endgroup::
[2025-06-15T16:08:55.560+0000] {taskinstance.py:1042} DEBUG - previous_execution_date was called
[2025-06-15T16:08:55.618+0000] {__init__.py:54} DEBUG - Loading core task runner: StandardTaskRunner
[2025-06-15T16:08:55.646+0000] {taskinstance.py:1042} DEBUG - previous_execution_date was called
[2025-06-15T16:08:55.653+0000] {base_task_runner.py:73} DEBUG - Planning to run as the  user
[2025-06-15T16:08:55.700+0000] {local_task_job_runner.py:120} INFO - ::group::Pre task execution logs
[2025-06-15T16:08:55.999+0000] {taskinstance.py:2088} DEBUG - <TaskInstance: globalsuperstore.extract.extract_and_load_to_staging scheduled__2025-06-14T00:00:00+00:00 [queued]> dependency 'Task Instance Not Running' PASSED: True, Task is not in running state.
[2025-06-15T16:08:56.000+0000] {taskinstance.py:2088} DEBUG - <TaskInstance: globalsuperstore.extract.extract_and_load_to_staging scheduled__2025-06-14T00:00:00+00:00 [queued]> dependency 'Task Instance State' PASSED: True, Task state queued was valid.
[2025-06-15T16:08:56.013+0000] {taskinstance.py:2088} DEBUG - <TaskInstance: globalsuperstore.extract.extract_and_load_to_staging scheduled__2025-06-14T00:00:00+00:00 [queued]> dependency 'Previous Dagrun State' PASSED: True, The task did not have depends_on_past set.
[2025-06-15T16:08:56.014+0000] {taskinstance.py:2088} DEBUG - <TaskInstance: globalsuperstore.extract.extract_and_load_to_staging scheduled__2025-06-14T00:00:00+00:00 [queued]> dependency 'Not In Retry Period' PASSED: True, The task instance was not marked for retrying.
[2025-06-15T16:08:56.014+0000] {taskinstance.py:2088} DEBUG - <TaskInstance: globalsuperstore.extract.extract_and_load_to_staging scheduled__2025-06-14T00:00:00+00:00 [queued]> dependency 'Trigger Rule' PASSED: True, The task instance did not have any upstream tasks.
[2025-06-15T16:08:56.015+0000] {taskinstance.py:2076} INFO - Dependencies all met for dep_context=non-requeueable deps ti=<TaskInstance: globalsuperstore.extract.extract_and_load_to_staging scheduled__2025-06-14T00:00:00+00:00 [queued]>
[2025-06-15T16:08:56.031+0000] {taskinstance.py:2088} DEBUG - <TaskInstance: globalsuperstore.extract.extract_and_load_to_staging scheduled__2025-06-14T00:00:00+00:00 [queued]> dependency 'Pool Slots Available' PASSED: True, There are enough open slots in default_pool to execute the task
[2025-06-15T16:08:56.033+0000] {taskinstance.py:2088} DEBUG - <TaskInstance: globalsuperstore.extract.extract_and_load_to_staging scheduled__2025-06-14T00:00:00+00:00 [queued]> dependency 'Task Concurrency' PASSED: True, Task concurrency is not set.
[2025-06-15T16:08:56.043+0000] {taskinstance.py:2088} DEBUG - <TaskInstance: globalsuperstore.extract.extract_and_load_to_staging scheduled__2025-06-14T00:00:00+00:00 [queued]> dependency 'Previous Dagrun State' PASSED: True, The task did not have depends_on_past set.
[2025-06-15T16:08:56.044+0000] {taskinstance.py:2088} DEBUG - <TaskInstance: globalsuperstore.extract.extract_and_load_to_staging scheduled__2025-06-14T00:00:00+00:00 [queued]> dependency 'Not In Retry Period' PASSED: True, The task instance was not marked for retrying.
[2025-06-15T16:08:56.045+0000] {taskinstance.py:2088} DEBUG - <TaskInstance: globalsuperstore.extract.extract_and_load_to_staging scheduled__2025-06-14T00:00:00+00:00 [queued]> dependency 'Trigger Rule' PASSED: True, The task instance did not have any upstream tasks.
[2025-06-15T16:08:56.045+0000] {taskinstance.py:2076} INFO - Dependencies all met for dep_context=requeueable deps ti=<TaskInstance: globalsuperstore.extract.extract_and_load_to_staging scheduled__2025-06-14T00:00:00+00:00 [queued]>
[2025-06-15T16:08:56.046+0000] {taskinstance.py:2306} INFO - Starting attempt 1 of 1
[2025-06-15T16:08:56.081+0000] {taskinstance.py:2330} INFO - Executing <Task(PythonOperator): extract.extract_and_load_to_staging> on 2025-06-14 00:00:00+00:00
[2025-06-15T16:08:56.125+0000] {standard_task_runner.py:63} INFO - Started process 297 to run task
[2025-06-15T16:08:56.131+0000] {standard_task_runner.py:90} INFO - Running: ['***', 'tasks', 'run', 'globalsuperstore', 'extract.extract_and_load_to_staging', 'scheduled__2025-06-14T00:00:00+00:00', '--job-id', '12', '--raw', '--subdir', 'DAGS_FOLDER/global_superstore_dw_etl.py', '--cfg-path', '/tmp/tmp6cnyob_y']
[2025-06-15T16:08:56.133+0000] {standard_task_runner.py:91} INFO - Job 12: Subtask extract.extract_and_load_to_staging
[2025-06-15T16:08:56.138+0000] {cli_action_loggers.py:70} DEBUG - Calling callbacks: [<function default_action_log at 0x7f1a51c99750>]
[2025-06-15T16:08:56.239+0000] {taskinstance.py:1042} DEBUG - previous_execution_date was called
[2025-06-15T16:08:56.253+0000] {task_command.py:426} INFO - Running <TaskInstance: globalsuperstore.extract.extract_and_load_to_staging scheduled__2025-06-14T00:00:00+00:00 [running]> on host a40e01b9e58f
[2025-06-15T16:08:56.254+0000] {settings.py:363} DEBUG - Disposing DB connection pool (PID 297)
[2025-06-15T16:08:56.255+0000] {settings.py:250} DEBUG - Setting up DB connection pool (PID 297)
[2025-06-15T16:08:56.256+0000] {settings.py:298} DEBUG - settings.prepare_engine_args(): Using NullPool
[2025-06-15T16:08:56.364+0000] {taskinstance.py:1042} DEBUG - previous_execution_date was called
[2025-06-15T16:08:56.370+0000] {taskinstance.py:1845} DEBUG - Clearing XCom data
[2025-06-15T16:08:56.440+0000] {retries.py:91} DEBUG - Running RenderedTaskInstanceFields.write with retries. Try 1 of 3
[2025-06-15T16:08:56.507+0000] {retries.py:91} DEBUG - Running RenderedTaskInstanceFields._do_delete_old_records with retries. Try 1 of 3
[2025-06-15T16:08:56.551+0000] {taskinstance.py:2648} INFO - Exporting env vars: AIRFLOW_CTX_DAG_OWNER='***' AIRFLOW_CTX_DAG_ID='globalsuperstore' AIRFLOW_CTX_TASK_ID='extract.extract_and_load_to_staging' AIRFLOW_CTX_EXECUTION_DATE='2025-06-14T00:00:00+00:00' AIRFLOW_CTX_TRY_NUMBER='1' AIRFLOW_CTX_DAG_RUN_ID='scheduled__2025-06-14T00:00:00+00:00'
[2025-06-15T16:08:56.553+0000] {__init__.py:115} DEBUG - Preparing lineage inlets and outlets
[2025-06-15T16:08:56.554+0000] {__init__.py:154} DEBUG - inlets: [], outlets: []
[2025-06-15T16:08:56.557+0000] {taskinstance.py:430} INFO - ::endgroup::
[2025-06-15T16:08:56.727+0000] {base.py:84} INFO - Using connection ID 'postgres' for task execution.
[2025-06-15T16:08:56.751+0000] {taskinstance.py:441} INFO - ::group::Post task execution logs
[2025-06-15T16:08:56.767+0000] {taskinstance.py:2905} ERROR - Task failed with exception
Traceback (most recent call last):
  File "/home/airflow/.local/lib/python3.10/site-packages/airflow/models/taskinstance.py", line 465, in _execute_task
    result = _execute_callable(context=context, **execute_callable_kwargs)
  File "/home/airflow/.local/lib/python3.10/site-packages/airflow/models/taskinstance.py", line 432, in _execute_callable
    return execute_callable(context=context, **execute_callable_kwargs)
  File "/home/airflow/.local/lib/python3.10/site-packages/airflow/models/baseoperator.py", line 401, in wrapper
    return func(self, *args, **kwargs)
  File "/home/airflow/.local/lib/python3.10/site-packages/airflow/operators/python.py", line 235, in execute
    return_value = self.execute_callable()
  File "/home/airflow/.local/lib/python3.10/site-packages/airflow/operators/python.py", line 252, in execute_callable
    return self.python_callable(*self.op_args, **self.op_kwargs)
  File "/opt/airflow/dags/extract_data.py", line 25, in extract_and_load_to_staging
    df = source_operator.get_data_to_pd(f"SELECT * FROM {table}")
  File "/opt/airflow/plugins/mysql_operator.py", line 15, in get_data_to_pd
    return self.mysqlhook.get_pandas_df(query)
  File "/home/airflow/.local/lib/python3.10/site-packages/airflow/providers/common/sql/hooks/sql.py", line 262, in get_pandas_df
    with closing(self.get_conn()) as conn:
  File "/home/airflow/.local/lib/python3.10/site-packages/airflow/providers/mysql/hooks/mysql.py", line 188, in get_conn
    conn = self.connection or self.get_connection(getattr(self, self.conn_name_attr))
  File "/home/airflow/.local/lib/python3.10/site-packages/airflow/hooks/base.py", line 83, in get_connection
    conn = Connection.get_connection_from_secrets(conn_id)
  File "/home/airflow/.local/lib/python3.10/site-packages/airflow/models/connection.py", line 519, in get_connection_from_secrets
    raise AirflowNotFoundException(f"The conn_id `{conn_id}` isn't defined")
airflow.exceptions.AirflowNotFoundException: The conn_id `mysql` isn't defined
[2025-06-15T16:08:56.792+0000] {taskinstance.py:562} DEBUG - Task Duration set to 0.776306
[2025-06-15T16:08:56.799+0000] {taskinstance.py:584} DEBUG - Clearing next_method and next_kwargs.
[2025-06-15T16:08:56.800+0000] {taskinstance.py:1206} INFO - Marking task as FAILED. dag_id=globalsuperstore, task_id=extract.extract_and_load_to_staging, run_id=scheduled__2025-06-14T00:00:00+00:00, execution_date=20250614T000000, start_date=20250615T160856, end_date=20250615T160856
[2025-06-15T16:08:56.829+0000] {cli_action_loggers.py:88} DEBUG - Calling callbacks: []
[2025-06-15T16:08:56.830+0000] {standard_task_runner.py:110} ERROR - Failed to execute job 12 for task extract.extract_and_load_to_staging (The conn_id `mysql` isn't defined; 297)
[2025-06-15T16:08:56.913+0000] {local_task_job_runner.py:240} INFO - Task exited with return code 1
[2025-06-15T16:08:56.937+0000] {dagrun.py:931} DEBUG - number of tis tasks for <DagRun globalsuperstore @ 2025-06-14 00:00:00+00:00: scheduled__2025-06-14T00:00:00+00:00, state:running, queued_at: 2025-06-15 16:08:53.523623+00:00. externally triggered: False>: 7 task(s)
[2025-06-15T16:08:56.938+0000] {dagrun.py:952} DEBUG - number of scheduleable tasks for <DagRun globalsuperstore @ 2025-06-14 00:00:00+00:00: scheduled__2025-06-14T00:00:00+00:00, state:running, queued_at: 2025-06-15 16:08:53.523623+00:00. externally triggered: False>: 6 task(s)
[2025-06-15T16:08:56.939+0000] {taskinstance.py:2088} DEBUG - <TaskInstance: globalsuperstore.transform.transform_dim_customers scheduled__2025-06-14T00:00:00+00:00 [None]> dependency 'Previous Dagrun State' PASSED: True, The task did not have depends_on_past set.
[2025-06-15T16:08:56.940+0000] {taskinstance.py:2088} DEBUG - <TaskInstance: globalsuperstore.transform.transform_dim_customers scheduled__2025-06-14T00:00:00+00:00 [None]> dependency 'Not In Retry Period' PASSED: True, The task instance was not marked for retrying.
[2025-06-15T16:08:56.941+0000] {taskinstance.py:1884} DEBUG - Setting task state for <TaskInstance: globalsuperstore.transform.transform_dim_customers scheduled__2025-06-14T00:00:00+00:00 [None]> to upstream_failed
[2025-06-15T16:08:56.942+0000] {taskinstance.py:2088} DEBUG - <TaskInstance: globalsuperstore.transform.transform_dim_customers scheduled__2025-06-14T00:00:00+00:00 [upstream_failed]> dependency 'Trigger Rule' PASSED: False, Task's trigger rule 'all_success' requires all upstream tasks to have succeeded, but found 1 non-success(es). upstream_states=_UpstreamTIStates(success=0, skipped=0, failed=1, upstream_failed=0, removed=0, done=1, success_setup=0, skipped_setup=0), upstream_task_ids={'extract.extract_and_load_to_staging'}
[2025-06-15T16:08:56.942+0000] {taskinstance.py:2066} DEBUG - Dependencies not met for <TaskInstance: globalsuperstore.transform.transform_dim_customers scheduled__2025-06-14T00:00:00+00:00 [upstream_failed]>, dependency 'Trigger Rule' FAILED: Task's trigger rule 'all_success' requires all upstream tasks to have succeeded, but found 1 non-success(es). upstream_states=_UpstreamTIStates(success=0, skipped=0, failed=1, upstream_failed=0, removed=0, done=1, success_setup=0, skipped_setup=0), upstream_task_ids={'extract.extract_and_load_to_staging'}
[2025-06-15T16:08:56.943+0000] {taskinstance.py:2088} DEBUG - <TaskInstance: globalsuperstore.transform.transform_dim_products scheduled__2025-06-14T00:00:00+00:00 [None]> dependency 'Previous Dagrun State' PASSED: True, The task did not have depends_on_past set.
[2025-06-15T16:08:56.944+0000] {taskinstance.py:2088} DEBUG - <TaskInstance: globalsuperstore.transform.transform_dim_products scheduled__2025-06-14T00:00:00+00:00 [None]> dependency 'Not In Retry Period' PASSED: True, The task instance was not marked for retrying.
[2025-06-15T16:08:56.945+0000] {taskinstance.py:1884} DEBUG - Setting task state for <TaskInstance: globalsuperstore.transform.transform_dim_products scheduled__2025-06-14T00:00:00+00:00 [None]> to upstream_failed
[2025-06-15T16:08:56.945+0000] {taskinstance.py:2088} DEBUG - <TaskInstance: globalsuperstore.transform.transform_dim_products scheduled__2025-06-14T00:00:00+00:00 [upstream_failed]> dependency 'Trigger Rule' PASSED: False, Task's trigger rule 'all_success' requires all upstream tasks to have succeeded, but found 1 non-success(es). upstream_states=_UpstreamTIStates(success=0, skipped=0, failed=1, upstream_failed=0, removed=0, done=1, success_setup=0, skipped_setup=0), upstream_task_ids={'extract.extract_and_load_to_staging'}
[2025-06-15T16:08:56.946+0000] {taskinstance.py:2066} DEBUG - Dependencies not met for <TaskInstance: globalsuperstore.transform.transform_dim_products scheduled__2025-06-14T00:00:00+00:00 [upstream_failed]>, dependency 'Trigger Rule' FAILED: Task's trigger rule 'all_success' requires all upstream tasks to have succeeded, but found 1 non-success(es). upstream_states=_UpstreamTIStates(success=0, skipped=0, failed=1, upstream_failed=0, removed=0, done=1, success_setup=0, skipped_setup=0), upstream_task_ids={'extract.extract_and_load_to_staging'}
[2025-06-15T16:08:56.946+0000] {taskinstance.py:2088} DEBUG - <TaskInstance: globalsuperstore.transform.transform_dim_locations scheduled__2025-06-14T00:00:00+00:00 [None]> dependency 'Previous Dagrun State' PASSED: True, The task did not have depends_on_past set.
[2025-06-15T16:08:56.946+0000] {taskinstance.py:2088} DEBUG - <TaskInstance: globalsuperstore.transform.transform_dim_locations scheduled__2025-06-14T00:00:00+00:00 [None]> dependency 'Not In Retry Period' PASSED: True, The task instance was not marked for retrying.
[2025-06-15T16:08:56.947+0000] {taskinstance.py:1884} DEBUG - Setting task state for <TaskInstance: globalsuperstore.transform.transform_dim_locations scheduled__2025-06-14T00:00:00+00:00 [None]> to upstream_failed
[2025-06-15T16:08:56.947+0000] {taskinstance.py:2088} DEBUG - <TaskInstance: globalsuperstore.transform.transform_dim_locations scheduled__2025-06-14T00:00:00+00:00 [upstream_failed]> dependency 'Trigger Rule' PASSED: False, Task's trigger rule 'all_success' requires all upstream tasks to have succeeded, but found 1 non-success(es). upstream_states=_UpstreamTIStates(success=0, skipped=0, failed=1, upstream_failed=0, removed=0, done=1, success_setup=0, skipped_setup=0), upstream_task_ids={'extract.extract_and_load_to_staging'}
[2025-06-15T16:08:56.947+0000] {taskinstance.py:2066} DEBUG - Dependencies not met for <TaskInstance: globalsuperstore.transform.transform_dim_locations scheduled__2025-06-14T00:00:00+00:00 [upstream_failed]>, dependency 'Trigger Rule' FAILED: Task's trigger rule 'all_success' requires all upstream tasks to have succeeded, but found 1 non-success(es). upstream_states=_UpstreamTIStates(success=0, skipped=0, failed=1, upstream_failed=0, removed=0, done=1, success_setup=0, skipped_setup=0), upstream_task_ids={'extract.extract_and_load_to_staging'}
[2025-06-15T16:08:56.948+0000] {taskinstance.py:2088} DEBUG - <TaskInstance: globalsuperstore.transform.transform_dim_shipmode scheduled__2025-06-14T00:00:00+00:00 [None]> dependency 'Previous Dagrun State' PASSED: True, The task did not have depends_on_past set.
[2025-06-15T16:08:56.948+0000] {taskinstance.py:2088} DEBUG - <TaskInstance: globalsuperstore.transform.transform_dim_shipmode scheduled__2025-06-14T00:00:00+00:00 [None]> dependency 'Not In Retry Period' PASSED: True, The task instance was not marked for retrying.
[2025-06-15T16:08:56.949+0000] {taskinstance.py:1884} DEBUG - Setting task state for <TaskInstance: globalsuperstore.transform.transform_dim_shipmode scheduled__2025-06-14T00:00:00+00:00 [None]> to upstream_failed
[2025-06-15T16:08:56.949+0000] {taskinstance.py:2088} DEBUG - <TaskInstance: globalsuperstore.transform.transform_dim_shipmode scheduled__2025-06-14T00:00:00+00:00 [upstream_failed]> dependency 'Trigger Rule' PASSED: False, Task's trigger rule 'all_success' requires all upstream tasks to have succeeded, but found 1 non-success(es). upstream_states=_UpstreamTIStates(success=0, skipped=0, failed=1, upstream_failed=0, removed=0, done=1, success_setup=0, skipped_setup=0), upstream_task_ids={'extract.extract_and_load_to_staging'}
[2025-06-15T16:08:56.950+0000] {taskinstance.py:2066} DEBUG - Dependencies not met for <TaskInstance: globalsuperstore.transform.transform_dim_shipmode scheduled__2025-06-14T00:00:00+00:00 [upstream_failed]>, dependency 'Trigger Rule' FAILED: Task's trigger rule 'all_success' requires all upstream tasks to have succeeded, but found 1 non-success(es). upstream_states=_UpstreamTIStates(success=0, skipped=0, failed=1, upstream_failed=0, removed=0, done=1, success_setup=0, skipped_setup=0), upstream_task_ids={'extract.extract_and_load_to_staging'}
[2025-06-15T16:08:56.950+0000] {taskinstance.py:2088} DEBUG - <TaskInstance: globalsuperstore.transform.transform_dim_date scheduled__2025-06-14T00:00:00+00:00 [None]> dependency 'Previous Dagrun State' PASSED: True, The task did not have depends_on_past set.
[2025-06-15T16:08:56.950+0000] {taskinstance.py:2088} DEBUG - <TaskInstance: globalsuperstore.transform.transform_dim_date scheduled__2025-06-14T00:00:00+00:00 [None]> dependency 'Not In Retry Period' PASSED: True, The task instance was not marked for retrying.
[2025-06-15T16:08:56.951+0000] {taskinstance.py:1884} DEBUG - Setting task state for <TaskInstance: globalsuperstore.transform.transform_dim_date scheduled__2025-06-14T00:00:00+00:00 [None]> to upstream_failed
[2025-06-15T16:08:56.951+0000] {taskinstance.py:2088} DEBUG - <TaskInstance: globalsuperstore.transform.transform_dim_date scheduled__2025-06-14T00:00:00+00:00 [upstream_failed]> dependency 'Trigger Rule' PASSED: False, Task's trigger rule 'all_success' requires all upstream tasks to have succeeded, but found 1 non-success(es). upstream_states=_UpstreamTIStates(success=0, skipped=0, failed=1, upstream_failed=0, removed=0, done=1, success_setup=0, skipped_setup=0), upstream_task_ids={'extract.extract_and_load_to_staging'}
[2025-06-15T16:08:56.951+0000] {taskinstance.py:2066} DEBUG - Dependencies not met for <TaskInstance: globalsuperstore.transform.transform_dim_date scheduled__2025-06-14T00:00:00+00:00 [upstream_failed]>, dependency 'Trigger Rule' FAILED: Task's trigger rule 'all_success' requires all upstream tasks to have succeeded, but found 1 non-success(es). upstream_states=_UpstreamTIStates(success=0, skipped=0, failed=1, upstream_failed=0, removed=0, done=1, success_setup=0, skipped_setup=0), upstream_task_ids={'extract.extract_and_load_to_staging'}
[2025-06-15T16:08:56.952+0000] {taskinstance.py:2088} DEBUG - <TaskInstance: globalsuperstore.load.transform_fact_sales scheduled__2025-06-14T00:00:00+00:00 [None]> dependency 'Previous Dagrun State' PASSED: True, The task did not have depends_on_past set.
[2025-06-15T16:08:56.952+0000] {taskinstance.py:2088} DEBUG - <TaskInstance: globalsuperstore.load.transform_fact_sales scheduled__2025-06-14T00:00:00+00:00 [None]> dependency 'Not In Retry Period' PASSED: True, The task instance was not marked for retrying.
[2025-06-15T16:08:56.952+0000] {taskinstance.py:2088} DEBUG - <TaskInstance: globalsuperstore.load.transform_fact_sales scheduled__2025-06-14T00:00:00+00:00 [None]> dependency 'Trigger Rule' PASSED: False, Task's trigger rule 'all_success' requires all upstream tasks to have succeeded, but found 5 non-success(es). upstream_states=_UpstreamTIStates(success=0, skipped=0, failed=0, upstream_failed=0, removed=0, done=0, success_setup=0, skipped_setup=0), upstream_task_ids={'transform.transform_dim_date', 'transform.transform_dim_shipmode', 'transform.transform_dim_customers', 'transform.transform_dim_locations', 'transform.transform_dim_products'}
[2025-06-15T16:08:56.953+0000] {taskinstance.py:2066} DEBUG - Dependencies not met for <TaskInstance: globalsuperstore.load.transform_fact_sales scheduled__2025-06-14T00:00:00+00:00 [None]>, dependency 'Trigger Rule' FAILED: Task's trigger rule 'all_success' requires all upstream tasks to have succeeded, but found 5 non-success(es). upstream_states=_UpstreamTIStates(success=0, skipped=0, failed=0, upstream_failed=0, removed=0, done=0, success_setup=0, skipped_setup=0), upstream_task_ids={'transform.transform_dim_date', 'transform.transform_dim_shipmode', 'transform.transform_dim_customers', 'transform.transform_dim_locations', 'transform.transform_dim_products'}
[2025-06-15T16:08:56.957+0000] {taskinstance.py:3503} INFO - 0 downstream tasks scheduled from follow-on schedule check
[2025-06-15T16:08:56.964+0000] {local_task_job_runner.py:222} INFO - ::endgroup::
