[2025-06-17T02:25:26.487+0000] {taskinstance.py:1042} DEBUG - previous_execution_date was called
[2025-06-17T02:25:26.584+0000] {__init__.py:54} DEBUG - Loading core task runner: StandardTaskRunner
[2025-06-17T02:25:26.641+0000] {taskinstance.py:1042} DEBUG - previous_execution_date was called
[2025-06-17T02:25:26.657+0000] {base_task_runner.py:73} DEBUG - Planning to run as the  user
[2025-06-17T02:25:26.694+0000] {local_task_job_runner.py:120} INFO - ::group::Pre task execution logs
[2025-06-17T02:25:26.862+0000] {taskinstance.py:2088} DEBUG - <TaskInstance: globalsuperstore.transform.transform_dim_customers scheduled__2025-06-16T00:00:00+00:00 [queued]> dependency 'Task Instance State' PASSED: True, Task state queued was valid.
[2025-06-17T02:25:26.866+0000] {taskinstance.py:2088} DEBUG - <TaskInstance: globalsuperstore.transform.transform_dim_customers scheduled__2025-06-16T00:00:00+00:00 [queued]> dependency 'Previous Dagrun State' PASSED: True, The task did not have depends_on_past set.
[2025-06-17T02:25:26.913+0000] {taskinstance.py:2088} DEBUG - <TaskInstance: globalsuperstore.transform.transform_dim_customers scheduled__2025-06-16T00:00:00+00:00 [queued]> dependency 'Not In Retry Period' PASSED: True, The task instance was not marked for retrying.
[2025-06-17T02:25:26.914+0000] {taskinstance.py:2088} DEBUG - <TaskInstance: globalsuperstore.transform.transform_dim_customers scheduled__2025-06-16T00:00:00+00:00 [queued]> dependency 'Task Instance Not Running' PASSED: True, Task is not in running state.
[2025-06-17T02:25:26.915+0000] {taskinstance.py:2076} INFO - Dependencies all met for dep_context=non-requeueable deps ti=<TaskInstance: globalsuperstore.transform.transform_dim_customers scheduled__2025-06-16T00:00:00+00:00 [queued]>
[2025-06-17T02:25:26.932+0000] {taskinstance.py:2088} DEBUG - <TaskInstance: globalsuperstore.transform.transform_dim_customers scheduled__2025-06-16T00:00:00+00:00 [queued]> dependency 'Previous Dagrun State' PASSED: True, The task did not have depends_on_past set.
[2025-06-17T02:25:26.948+0000] {taskinstance.py:2088} DEBUG - <TaskInstance: globalsuperstore.transform.transform_dim_customers scheduled__2025-06-16T00:00:00+00:00 [queued]> dependency 'Not In Retry Period' PASSED: True, The task instance was not marked for retrying.
[2025-06-17T02:25:26.966+0000] {taskinstance.py:2088} DEBUG - <TaskInstance: globalsuperstore.transform.transform_dim_customers scheduled__2025-06-16T00:00:00+00:00 [queued]> dependency 'Pool Slots Available' PASSED: True, There are enough open slots in default_pool to execute the task
[2025-06-17T02:25:26.972+0000] {taskinstance.py:2088} DEBUG - <TaskInstance: globalsuperstore.transform.transform_dim_customers scheduled__2025-06-16T00:00:00+00:00 [queued]> dependency 'Task Concurrency' PASSED: True, Task concurrency is not set.
[2025-06-17T02:25:26.979+0000] {taskinstance.py:2076} INFO - Dependencies all met for dep_context=requeueable deps ti=<TaskInstance: globalsuperstore.transform.transform_dim_customers scheduled__2025-06-16T00:00:00+00:00 [queued]>
[2025-06-17T02:25:26.980+0000] {taskinstance.py:2306} INFO - Starting attempt 1 of 1
[2025-06-17T02:25:27.093+0000] {taskinstance.py:2330} INFO - Executing <Task(PythonOperator): transform.transform_dim_customers> on 2025-06-16 00:00:00+00:00
[2025-06-17T02:25:27.127+0000] {standard_task_runner.py:63} INFO - Started process 237 to run task
[2025-06-17T02:25:27.138+0000] {standard_task_runner.py:90} INFO - Running: ['***', 'tasks', 'run', 'globalsuperstore', 'transform.transform_dim_customers', 'scheduled__2025-06-16T00:00:00+00:00', '--job-id', '370', '--raw', '--subdir', 'DAGS_FOLDER/global_superstore_dw_etl.py', '--cfg-path', '/tmp/tmpefa5uic8']
[2025-06-17T02:25:27.141+0000] {standard_task_runner.py:91} INFO - Job 370: Subtask transform.transform_dim_customers
[2025-06-17T02:25:27.144+0000] {cli_action_loggers.py:70} DEBUG - Calling callbacks: [<function default_action_log at 0x7fdcec52d750>]
[2025-06-17T02:25:27.248+0000] {taskinstance.py:1042} DEBUG - previous_execution_date was called
[2025-06-17T02:25:27.260+0000] {task_command.py:426} INFO - Running <TaskInstance: globalsuperstore.transform.transform_dim_customers scheduled__2025-06-16T00:00:00+00:00 [running]> on host 9b7c60adfed6
[2025-06-17T02:25:27.261+0000] {settings.py:363} DEBUG - Disposing DB connection pool (PID 237)
[2025-06-17T02:25:27.263+0000] {settings.py:250} DEBUG - Setting up DB connection pool (PID 237)
[2025-06-17T02:25:27.263+0000] {settings.py:298} DEBUG - settings.prepare_engine_args(): Using NullPool
[2025-06-17T02:25:27.392+0000] {taskinstance.py:1042} DEBUG - previous_execution_date was called
[2025-06-17T02:25:27.397+0000] {taskinstance.py:1845} DEBUG - Clearing XCom data
[2025-06-17T02:25:27.427+0000] {retries.py:91} DEBUG - Running RenderedTaskInstanceFields.write with retries. Try 1 of 3
[2025-06-17T02:25:27.489+0000] {retries.py:91} DEBUG - Running RenderedTaskInstanceFields._do_delete_old_records with retries. Try 1 of 3
[2025-06-17T02:25:27.521+0000] {taskinstance.py:2648} INFO - Exporting env vars: AIRFLOW_CTX_DAG_OWNER='***' AIRFLOW_CTX_DAG_ID='globalsuperstore' AIRFLOW_CTX_TASK_ID='transform.transform_dim_customers' AIRFLOW_CTX_EXECUTION_DATE='2025-06-16T00:00:00+00:00' AIRFLOW_CTX_TRY_NUMBER='1' AIRFLOW_CTX_DAG_RUN_ID='scheduled__2025-06-16T00:00:00+00:00'
[2025-06-17T02:25:27.524+0000] {__init__.py:115} DEBUG - Preparing lineage inlets and outlets
[2025-06-17T02:25:27.530+0000] {__init__.py:154} DEBUG - inlets: [], outlets: []
[2025-06-17T02:25:27.532+0000] {taskinstance.py:430} INFO - ::endgroup::
[2025-06-17T02:25:27.601+0000] {base.py:84} INFO - Using connection ID 'postgres' for task execution.
[2025-06-17T02:25:27.620+0000] {base.py:84} INFO - Using connection ID 'postgres' for task execution.
[2025-06-17T02:25:27.648+0000] {logging_mixin.py:188} INFO - ⚠ Không thể xóa warehouse.dim_customer: (psycopg2.errors.InvalidSchemaName) schema "warehouse" does not exist

[SQL: TRUNCATE TABLE "warehouse"."dim_customer" CASCADE;]
(Background on this error at: https://sqlalche.me/e/14/f405)
[2025-06-17T02:25:27.658+0000] {logging_mixin.py:188} INFO - ⚠ Không thể xóa warehouse.dim_product: (psycopg2.errors.InFailedSqlTransaction) current transaction is aborted, commands ignored until end of transaction block

[SQL: TRUNCATE TABLE "warehouse"."dim_product" CASCADE;]
(Background on this error at: https://sqlalche.me/e/14/2j85)
[2025-06-17T02:25:27.662+0000] {logging_mixin.py:188} INFO - ⚠ Không thể xóa warehouse.dim_date: (psycopg2.errors.InFailedSqlTransaction) current transaction is aborted, commands ignored until end of transaction block

[SQL: TRUNCATE TABLE "warehouse"."dim_date" CASCADE;]
(Background on this error at: https://sqlalche.me/e/14/2j85)
[2025-06-17T02:25:27.677+0000] {logging_mixin.py:188} INFO - ⚠ Không thể xóa warehouse.dim_shipmode: (psycopg2.errors.InFailedSqlTransaction) current transaction is aborted, commands ignored until end of transaction block

[SQL: TRUNCATE TABLE "warehouse"."dim_shipmode" CASCADE;]
(Background on this error at: https://sqlalche.me/e/14/2j85)
[2025-06-17T02:25:27.678+0000] {logging_mixin.py:188} INFO - ⚠ Không thể xóa warehouse.dim_location: (psycopg2.errors.InFailedSqlTransaction) current transaction is aborted, commands ignored until end of transaction block

[SQL: TRUNCATE TABLE "warehouse"."dim_location" CASCADE;]
(Background on this error at: https://sqlalche.me/e/14/2j85)
[2025-06-17T02:25:27.681+0000] {logging_mixin.py:188} INFO - ⚠ Không thể xóa warehouse.fact_sales: (psycopg2.errors.InFailedSqlTransaction) current transaction is aborted, commands ignored until end of transaction block

[SQL: TRUNCATE TABLE "warehouse"."fact_sales" CASCADE;]
(Background on this error at: https://sqlalche.me/e/14/2j85)
[2025-06-17T02:25:27.715+0000] {base.py:84} INFO - Using connection ID 'postgres' for task execution.
[2025-06-17T02:25:27.753+0000] {logging_mixin.py:188} WARNING - /home/***/.local/lib/python3.10/site-packages/***/providers/common/sql/hooks/sql.py:263 UserWarning: pandas only supports SQLAlchemy connectable (engine/connection) or database string URI or sqlite3 DBAPI2 connection. Other DBAPI2 objects are not tested. Please consider using SQLAlchemy.
[2025-06-17T02:25:27.856+0000] {taskinstance.py:441} INFO - ::group::Post task execution logs
[2025-06-17T02:25:27.858+0000] {taskinstance.py:2905} ERROR - Task failed with exception
Traceback (most recent call last):
  File "/home/airflow/.local/lib/python3.10/site-packages/sqlalchemy/engine/base.py", line 1910, in _execute_context
    self.dialect.do_execute(
  File "/home/airflow/.local/lib/python3.10/site-packages/sqlalchemy/engine/default.py", line 736, in do_execute
    cursor.execute(statement, parameters)
psycopg2.errors.UniqueViolation: duplicate key value violates unique constraint "pg_namespace_nspname_index"
DETAIL:  Key (nspname)=(warehouse) already exists.


The above exception was the direct cause of the following exception:

Traceback (most recent call last):
  File "/home/airflow/.local/lib/python3.10/site-packages/airflow/models/taskinstance.py", line 465, in _execute_task
    result = _execute_callable(context=context, **execute_callable_kwargs)
  File "/home/airflow/.local/lib/python3.10/site-packages/airflow/models/taskinstance.py", line 432, in _execute_callable
    return execute_callable(context=context, **execute_callable_kwargs)
  File "/home/airflow/.local/lib/python3.10/site-packages/airflow/models/baseoperator.py", line 401, in wrapper
    return func(self, *args, **kwargs)
  File "/home/airflow/.local/lib/python3.10/site-packages/airflow/operators/python.py", line 235, in execute
    return_value = self.execute_callable()
  File "/home/airflow/.local/lib/python3.10/site-packages/airflow/operators/python.py", line 252, in execute_callable
    return self.python_callable(*self.op_args, **self.op_kwargs)
  File "/opt/airflow/dags/transform_dim_customers.py", line 29, in transform_dim_customers
    warehouse_operator.save_data_to_postgres(
  File "/opt/airflow/plugins/postgresql_operator.py", line 61, in save_data_to_postgres
    conn.execute(text(f'CREATE SCHEMA IF NOT EXISTS "{schema}"'))
  File "/home/airflow/.local/lib/python3.10/site-packages/sqlalchemy/engine/base.py", line 1385, in execute
    return meth(self, multiparams, params, _EMPTY_EXECUTION_OPTS)
  File "/home/airflow/.local/lib/python3.10/site-packages/sqlalchemy/sql/elements.py", line 334, in _execute_on_connection
    return connection._execute_clauseelement(
  File "/home/airflow/.local/lib/python3.10/site-packages/sqlalchemy/engine/base.py", line 1577, in _execute_clauseelement
    ret = self._execute_context(
  File "/home/airflow/.local/lib/python3.10/site-packages/sqlalchemy/engine/base.py", line 1953, in _execute_context
    self._handle_dbapi_exception(
  File "/home/airflow/.local/lib/python3.10/site-packages/sqlalchemy/engine/base.py", line 2134, in _handle_dbapi_exception
    util.raise_(
  File "/home/airflow/.local/lib/python3.10/site-packages/sqlalchemy/util/compat.py", line 211, in raise_
    raise exception
  File "/home/airflow/.local/lib/python3.10/site-packages/sqlalchemy/engine/base.py", line 1910, in _execute_context
    self.dialect.do_execute(
  File "/home/airflow/.local/lib/python3.10/site-packages/sqlalchemy/engine/default.py", line 736, in do_execute
    cursor.execute(statement, parameters)
sqlalchemy.exc.IntegrityError: (psycopg2.errors.UniqueViolation) duplicate key value violates unique constraint "pg_namespace_nspname_index"
DETAIL:  Key (nspname)=(warehouse) already exists.

[SQL: CREATE SCHEMA IF NOT EXISTS "warehouse"]
(Background on this error at: https://sqlalche.me/e/14/gkpj)
[2025-06-17T02:25:27.930+0000] {taskinstance.py:562} DEBUG - Task Duration set to 1.008898
[2025-06-17T02:25:27.936+0000] {taskinstance.py:584} DEBUG - Clearing next_method and next_kwargs.
[2025-06-17T02:25:27.938+0000] {taskinstance.py:1206} INFO - Marking task as FAILED. dag_id=globalsuperstore, task_id=transform.transform_dim_customers, run_id=scheduled__2025-06-16T00:00:00+00:00, execution_date=20250616T000000, start_date=20250617T022526, end_date=20250617T022527
[2025-06-17T02:25:28.002+0000] {cli_action_loggers.py:88} DEBUG - Calling callbacks: []
[2025-06-17T02:25:28.016+0000] {standard_task_runner.py:110} ERROR - Failed to execute job 370 for task transform.transform_dim_customers ((psycopg2.errors.UniqueViolation) duplicate key value violates unique constraint "pg_namespace_nspname_index"
DETAIL:  Key (nspname)=(warehouse) already exists.

[SQL: CREATE SCHEMA IF NOT EXISTS "warehouse"]
(Background on this error at: https://sqlalche.me/e/14/gkpj); 237)
[2025-06-17T02:25:28.112+0000] {local_task_job_runner.py:240} INFO - Task exited with return code 1
[2025-06-17T02:25:28.189+0000] {taskinstance.py:3461} DEBUG - Skip locked rows, rollback
[2025-06-17T02:25:28.206+0000] {local_task_job_runner.py:222} INFO - ::endgroup::
[2025-06-17T02:27:50.408+0000] {taskinstance.py:1042} DEBUG - previous_execution_date was called
[2025-06-17T02:27:50.502+0000] {__init__.py:54} DEBUG - Loading core task runner: StandardTaskRunner
[2025-06-17T02:27:50.577+0000] {taskinstance.py:1042} DEBUG - previous_execution_date was called
[2025-06-17T02:27:50.630+0000] {base_task_runner.py:73} DEBUG - Planning to run as the  user
[2025-06-17T02:27:50.666+0000] {local_task_job_runner.py:120} INFO - ::group::Pre task execution logs
[2025-06-17T02:27:50.879+0000] {taskinstance.py:2088} DEBUG - <TaskInstance: globalsuperstore.transform.transform_dim_customers scheduled__2025-06-16T00:00:00+00:00 [queued]> dependency 'Task Instance Not Running' PASSED: True, Task is not in running state.
[2025-06-17T02:27:50.898+0000] {taskinstance.py:2088} DEBUG - <TaskInstance: globalsuperstore.transform.transform_dim_customers scheduled__2025-06-16T00:00:00+00:00 [queued]> dependency 'Task Instance State' PASSED: True, Task state queued was valid.
[2025-06-17T02:27:50.899+0000] {taskinstance.py:2088} DEBUG - <TaskInstance: globalsuperstore.transform.transform_dim_customers scheduled__2025-06-16T00:00:00+00:00 [queued]> dependency 'Not In Retry Period' PASSED: True, The task instance was not marked for retrying.
[2025-06-17T02:27:50.900+0000] {taskinstance.py:2088} DEBUG - <TaskInstance: globalsuperstore.transform.transform_dim_customers scheduled__2025-06-16T00:00:00+00:00 [queued]> dependency 'Previous Dagrun State' PASSED: True, The task did not have depends_on_past set.
[2025-06-17T02:27:50.900+0000] {taskinstance.py:2076} INFO - Dependencies all met for dep_context=non-requeueable deps ti=<TaskInstance: globalsuperstore.transform.transform_dim_customers scheduled__2025-06-16T00:00:00+00:00 [queued]>
[2025-06-17T02:27:50.925+0000] {taskinstance.py:2088} DEBUG - <TaskInstance: globalsuperstore.transform.transform_dim_customers scheduled__2025-06-16T00:00:00+00:00 [queued]> dependency 'Pool Slots Available' PASSED: True, There are enough open slots in default_pool to execute the task
[2025-06-17T02:27:50.927+0000] {taskinstance.py:2088} DEBUG - <TaskInstance: globalsuperstore.transform.transform_dim_customers scheduled__2025-06-16T00:00:00+00:00 [queued]> dependency 'Task Concurrency' PASSED: True, Task concurrency is not set.
[2025-06-17T02:27:50.937+0000] {taskinstance.py:2088} DEBUG - <TaskInstance: globalsuperstore.transform.transform_dim_customers scheduled__2025-06-16T00:00:00+00:00 [queued]> dependency 'Not In Retry Period' PASSED: True, The task instance was not marked for retrying.
[2025-06-17T02:27:50.938+0000] {taskinstance.py:2088} DEBUG - <TaskInstance: globalsuperstore.transform.transform_dim_customers scheduled__2025-06-16T00:00:00+00:00 [queued]> dependency 'Previous Dagrun State' PASSED: True, The task did not have depends_on_past set.
[2025-06-17T02:27:50.938+0000] {taskinstance.py:2076} INFO - Dependencies all met for dep_context=requeueable deps ti=<TaskInstance: globalsuperstore.transform.transform_dim_customers scheduled__2025-06-16T00:00:00+00:00 [queued]>
[2025-06-17T02:27:50.939+0000] {taskinstance.py:2306} INFO - Starting attempt 1 of 1
[2025-06-17T02:27:51.207+0000] {taskinstance.py:2330} INFO - Executing <Task(PythonOperator): transform.transform_dim_customers> on 2025-06-16 00:00:00+00:00
[2025-06-17T02:27:51.236+0000] {standard_task_runner.py:63} INFO - Started process 233 to run task
[2025-06-17T02:27:51.243+0000] {standard_task_runner.py:90} INFO - Running: ['***', 'tasks', 'run', 'globalsuperstore', 'transform.transform_dim_customers', 'scheduled__2025-06-16T00:00:00+00:00', '--job-id', '385', '--raw', '--subdir', 'DAGS_FOLDER/global_superstore_dw_etl.py', '--cfg-path', '/tmp/tmph5wrfwb9']
[2025-06-17T02:27:51.250+0000] {standard_task_runner.py:91} INFO - Job 385: Subtask transform.transform_dim_customers
[2025-06-17T02:27:51.253+0000] {cli_action_loggers.py:70} DEBUG - Calling callbacks: [<function default_action_log at 0x7f821ad2d750>]
[2025-06-17T02:27:51.401+0000] {taskinstance.py:1042} DEBUG - previous_execution_date was called
[2025-06-17T02:27:51.452+0000] {task_command.py:426} INFO - Running <TaskInstance: globalsuperstore.transform.transform_dim_customers scheduled__2025-06-16T00:00:00+00:00 [running]> on host 9b7c60adfed6
[2025-06-17T02:27:51.453+0000] {settings.py:363} DEBUG - Disposing DB connection pool (PID 233)
[2025-06-17T02:27:51.461+0000] {settings.py:250} DEBUG - Setting up DB connection pool (PID 233)
[2025-06-17T02:27:51.464+0000] {settings.py:298} DEBUG - settings.prepare_engine_args(): Using NullPool
[2025-06-17T02:27:51.609+0000] {taskinstance.py:1042} DEBUG - previous_execution_date was called
[2025-06-17T02:27:51.614+0000] {taskinstance.py:1845} DEBUG - Clearing XCom data
[2025-06-17T02:27:51.678+0000] {retries.py:91} DEBUG - Running RenderedTaskInstanceFields.write with retries. Try 1 of 3
[2025-06-17T02:27:51.755+0000] {retries.py:91} DEBUG - Running RenderedTaskInstanceFields._do_delete_old_records with retries. Try 1 of 3
[2025-06-17T02:27:51.785+0000] {taskinstance.py:2648} INFO - Exporting env vars: AIRFLOW_CTX_DAG_OWNER='***' AIRFLOW_CTX_DAG_ID='globalsuperstore' AIRFLOW_CTX_TASK_ID='transform.transform_dim_customers' AIRFLOW_CTX_EXECUTION_DATE='2025-06-16T00:00:00+00:00' AIRFLOW_CTX_TRY_NUMBER='1' AIRFLOW_CTX_DAG_RUN_ID='scheduled__2025-06-16T00:00:00+00:00'
[2025-06-17T02:27:51.786+0000] {__init__.py:115} DEBUG - Preparing lineage inlets and outlets
[2025-06-17T02:27:51.787+0000] {__init__.py:154} DEBUG - inlets: [], outlets: []
[2025-06-17T02:27:51.788+0000] {taskinstance.py:430} INFO - ::endgroup::
[2025-06-17T02:27:51.856+0000] {base.py:84} INFO - Using connection ID 'postgres' for task execution.
[2025-06-17T02:27:51.882+0000] {base.py:84} INFO - Using connection ID 'postgres' for task execution.
[2025-06-17T02:27:52.083+0000] {logging_mixin.py:188} INFO - ✔ Đã xóa dữ liệu trong warehouse.dim_customer
[2025-06-17T02:27:52.163+0000] {logging_mixin.py:188} INFO - ✔ Đã xóa dữ liệu trong warehouse.dim_product
[2025-06-17T02:27:52.316+0000] {logging_mixin.py:188} INFO - ✔ Đã xóa dữ liệu trong warehouse.dim_date
[2025-06-17T02:27:52.514+0000] {logging_mixin.py:188} INFO - ✔ Đã xóa dữ liệu trong warehouse.dim_shipmode
[2025-06-17T02:27:52.772+0000] {logging_mixin.py:188} INFO - ✔ Đã xóa dữ liệu trong warehouse.dim_location
[2025-06-17T02:27:52.845+0000] {logging_mixin.py:188} INFO - ✔ Đã xóa dữ liệu trong warehouse.fact_sales
[2025-06-17T02:27:52.903+0000] {base.py:84} INFO - Using connection ID 'postgres' for task execution.
[2025-06-17T02:27:52.926+0000] {logging_mixin.py:188} WARNING - /home/***/.local/lib/python3.10/site-packages/***/providers/common/sql/hooks/sql.py:263 UserWarning: pandas only supports SQLAlchemy connectable (engine/connection) or database string URI or sqlite3 DBAPI2 connection. Other DBAPI2 objects are not tested. Please consider using SQLAlchemy.
[2025-06-17T02:27:54.123+0000] {logging_mixin.py:188} INFO - ✔ Đã lưu dữ liệu vào warehouse.dim_customer (1590 dòng)
[2025-06-17T02:27:54.127+0000] {logging_mixin.py:188} INFO - ✔ Đã transform và lưu dữ liệu vào warehouse.dim_customer
[2025-06-17T02:27:54.130+0000] {python.py:237} INFO - Done. Returned value was: None
[2025-06-17T02:27:54.134+0000] {taskinstance.py:441} INFO - ::group::Post task execution logs
[2025-06-17T02:27:54.136+0000] {__init__.py:77} DEBUG - Lineage called with inlets: [], outlets: []
[2025-06-17T02:27:54.211+0000] {taskinstance.py:584} DEBUG - Clearing next_method and next_kwargs.
[2025-06-17T02:27:54.215+0000] {taskinstance.py:1206} INFO - Marking task as SUCCESS. dag_id=globalsuperstore, task_id=transform.transform_dim_customers, run_id=scheduled__2025-06-16T00:00:00+00:00, execution_date=20250616T000000, start_date=20250617T022750, end_date=20250617T022754
[2025-06-17T02:27:54.219+0000] {taskinstance.py:562} DEBUG - Task Duration set to 3.313182
[2025-06-17T02:27:54.251+0000] {cli_action_loggers.py:88} DEBUG - Calling callbacks: []
[2025-06-17T02:27:54.304+0000] {local_task_job_runner.py:240} INFO - Task exited with return code 0
[2025-06-17T02:27:54.366+0000] {dagrun.py:931} DEBUG - number of tis tasks for <DagRun globalsuperstore @ 2025-06-16 00:00:00+00:00: scheduled__2025-06-16T00:00:00+00:00, state:running, queued_at: 2025-06-17 02:27:23.275803+00:00. externally triggered: False>: 6 task(s)
[2025-06-17T02:27:54.368+0000] {dagrun.py:952} DEBUG - number of scheduleable tasks for <DagRun globalsuperstore @ 2025-06-16 00:00:00+00:00: scheduled__2025-06-16T00:00:00+00:00, state:running, queued_at: 2025-06-17 02:27:23.275803+00:00. externally triggered: False>: 1 task(s)
[2025-06-17T02:27:54.369+0000] {taskinstance.py:2088} DEBUG - <TaskInstance: globalsuperstore.load.transform_fact_sales scheduled__2025-06-16T00:00:00+00:00 [None]> dependency 'Trigger Rule' PASSED: False, Task's trigger rule 'all_success' requires all upstream tasks to have succeeded, but found 3 non-success(es). upstream_states=_UpstreamTIStates(success=2, skipped=0, failed=0, upstream_failed=0, removed=0, done=2, success_setup=0, skipped_setup=0), upstream_task_ids={'transform.transform_dim_locations', 'transform.transform_dim_date', 'transform.transform_dim_shipmode', 'transform.transform_dim_products', 'transform.transform_dim_customers'}
[2025-06-17T02:27:54.370+0000] {taskinstance.py:2066} DEBUG - Dependencies not met for <TaskInstance: globalsuperstore.load.transform_fact_sales scheduled__2025-06-16T00:00:00+00:00 [None]>, dependency 'Trigger Rule' FAILED: Task's trigger rule 'all_success' requires all upstream tasks to have succeeded, but found 3 non-success(es). upstream_states=_UpstreamTIStates(success=2, skipped=0, failed=0, upstream_failed=0, removed=0, done=2, success_setup=0, skipped_setup=0), upstream_task_ids={'transform.transform_dim_locations', 'transform.transform_dim_date', 'transform.transform_dim_shipmode', 'transform.transform_dim_products', 'transform.transform_dim_customers'}
[2025-06-17T02:27:54.371+0000] {taskinstance.py:2088} DEBUG - <TaskInstance: globalsuperstore.load.transform_fact_sales scheduled__2025-06-16T00:00:00+00:00 [None]> dependency 'Previous Dagrun State' PASSED: True, The task did not have depends_on_past set.
[2025-06-17T02:27:54.372+0000] {taskinstance.py:2088} DEBUG - <TaskInstance: globalsuperstore.load.transform_fact_sales scheduled__2025-06-16T00:00:00+00:00 [None]> dependency 'Not In Retry Period' PASSED: True, The task instance was not marked for retrying.
[2025-06-17T02:27:54.388+0000] {taskinstance.py:3503} INFO - 0 downstream tasks scheduled from follow-on schedule check
[2025-06-17T02:27:54.394+0000] {local_task_job_runner.py:222} INFO - ::endgroup::
[2025-06-17T02:33:10.895+0000] {taskinstance.py:1042} DEBUG - previous_execution_date was called
[2025-06-17T02:33:10.959+0000] {__init__.py:54} DEBUG - Loading core task runner: StandardTaskRunner
[2025-06-17T02:33:11.035+0000] {taskinstance.py:1042} DEBUG - previous_execution_date was called
[2025-06-17T02:33:11.084+0000] {base_task_runner.py:73} DEBUG - Planning to run as the  user
[2025-06-17T02:33:11.136+0000] {local_task_job_runner.py:120} INFO - ::group::Pre task execution logs
[2025-06-17T02:33:11.327+0000] {taskinstance.py:2088} DEBUG - <TaskInstance: globalsuperstore.transform.transform_dim_customers scheduled__2025-06-16T00:00:00+00:00 [queued]> dependency 'Task Instance Not Running' PASSED: True, Task is not in running state.
[2025-06-17T02:33:11.357+0000] {taskinstance.py:2088} DEBUG - <TaskInstance: globalsuperstore.transform.transform_dim_customers scheduled__2025-06-16T00:00:00+00:00 [queued]> dependency 'Task Instance State' PASSED: True, Task state queued was valid.
[2025-06-17T02:33:11.359+0000] {taskinstance.py:2088} DEBUG - <TaskInstance: globalsuperstore.transform.transform_dim_customers scheduled__2025-06-16T00:00:00+00:00 [queued]> dependency 'Not In Retry Period' PASSED: True, The task instance was not marked for retrying.
[2025-06-17T02:33:11.360+0000] {taskinstance.py:2088} DEBUG - <TaskInstance: globalsuperstore.transform.transform_dim_customers scheduled__2025-06-16T00:00:00+00:00 [queued]> dependency 'Previous Dagrun State' PASSED: True, The task did not have depends_on_past set.
[2025-06-17T02:33:11.361+0000] {taskinstance.py:2076} INFO - Dependencies all met for dep_context=non-requeueable deps ti=<TaskInstance: globalsuperstore.transform.transform_dim_customers scheduled__2025-06-16T00:00:00+00:00 [queued]>
[2025-06-17T02:33:11.385+0000] {taskinstance.py:2088} DEBUG - <TaskInstance: globalsuperstore.transform.transform_dim_customers scheduled__2025-06-16T00:00:00+00:00 [queued]> dependency 'Pool Slots Available' PASSED: True, There are enough open slots in default_pool to execute the task
[2025-06-17T02:33:11.387+0000] {taskinstance.py:2088} DEBUG - <TaskInstance: globalsuperstore.transform.transform_dim_customers scheduled__2025-06-16T00:00:00+00:00 [queued]> dependency 'Task Concurrency' PASSED: True, Task concurrency is not set.
[2025-06-17T02:33:11.393+0000] {taskinstance.py:2088} DEBUG - <TaskInstance: globalsuperstore.transform.transform_dim_customers scheduled__2025-06-16T00:00:00+00:00 [queued]> dependency 'Not In Retry Period' PASSED: True, The task instance was not marked for retrying.
[2025-06-17T02:33:11.394+0000] {taskinstance.py:2088} DEBUG - <TaskInstance: globalsuperstore.transform.transform_dim_customers scheduled__2025-06-16T00:00:00+00:00 [queued]> dependency 'Previous Dagrun State' PASSED: True, The task did not have depends_on_past set.
[2025-06-17T02:33:11.395+0000] {taskinstance.py:2076} INFO - Dependencies all met for dep_context=requeueable deps ti=<TaskInstance: globalsuperstore.transform.transform_dim_customers scheduled__2025-06-16T00:00:00+00:00 [queued]>
[2025-06-17T02:33:11.396+0000] {taskinstance.py:2306} INFO - Starting attempt 1 of 1
[2025-06-17T02:33:11.422+0000] {taskinstance.py:2330} INFO - Executing <Task(PythonOperator): transform.transform_dim_customers> on 2025-06-16 00:00:00+00:00
[2025-06-17T02:33:11.436+0000] {standard_task_runner.py:63} INFO - Started process 430 to run task
[2025-06-17T02:33:11.442+0000] {standard_task_runner.py:90} INFO - Running: ['***', 'tasks', 'run', 'globalsuperstore', 'transform.transform_dim_customers', 'scheduled__2025-06-16T00:00:00+00:00', '--job-id', '403', '--raw', '--subdir', 'DAGS_FOLDER/global_superstore_dw_etl.py', '--cfg-path', '/tmp/tmpo_mgquql']
[2025-06-17T02:33:11.444+0000] {standard_task_runner.py:91} INFO - Job 403: Subtask transform.transform_dim_customers
[2025-06-17T02:33:11.446+0000] {cli_action_loggers.py:70} DEBUG - Calling callbacks: [<function default_action_log at 0x7f821ad2d750>]
[2025-06-17T02:33:11.649+0000] {taskinstance.py:1042} DEBUG - previous_execution_date was called
[2025-06-17T02:33:11.686+0000] {task_command.py:426} INFO - Running <TaskInstance: globalsuperstore.transform.transform_dim_customers scheduled__2025-06-16T00:00:00+00:00 [running]> on host 9b7c60adfed6
[2025-06-17T02:33:11.689+0000] {settings.py:363} DEBUG - Disposing DB connection pool (PID 430)
[2025-06-17T02:33:11.691+0000] {settings.py:250} DEBUG - Setting up DB connection pool (PID 430)
[2025-06-17T02:33:11.700+0000] {settings.py:298} DEBUG - settings.prepare_engine_args(): Using NullPool
[2025-06-17T02:33:11.863+0000] {taskinstance.py:1042} DEBUG - previous_execution_date was called
[2025-06-17T02:33:11.879+0000] {taskinstance.py:1845} DEBUG - Clearing XCom data
[2025-06-17T02:33:11.955+0000] {retries.py:91} DEBUG - Running RenderedTaskInstanceFields.write with retries. Try 1 of 3
[2025-06-17T02:33:12.108+0000] {retries.py:91} DEBUG - Running RenderedTaskInstanceFields._do_delete_old_records with retries. Try 1 of 3
[2025-06-17T02:33:12.192+0000] {taskinstance.py:2648} INFO - Exporting env vars: AIRFLOW_CTX_DAG_OWNER='***' AIRFLOW_CTX_DAG_ID='globalsuperstore' AIRFLOW_CTX_TASK_ID='transform.transform_dim_customers' AIRFLOW_CTX_EXECUTION_DATE='2025-06-16T00:00:00+00:00' AIRFLOW_CTX_TRY_NUMBER='1' AIRFLOW_CTX_DAG_RUN_ID='scheduled__2025-06-16T00:00:00+00:00'
[2025-06-17T02:33:12.196+0000] {__init__.py:115} DEBUG - Preparing lineage inlets and outlets
[2025-06-17T02:33:12.223+0000] {__init__.py:154} DEBUG - inlets: [], outlets: []
[2025-06-17T02:33:12.226+0000] {taskinstance.py:430} INFO - ::endgroup::
[2025-06-17T02:33:12.340+0000] {base.py:84} INFO - Using connection ID 'postgres' for task execution.
[2025-06-17T02:33:12.376+0000] {base.py:84} INFO - Using connection ID 'postgres' for task execution.
[2025-06-17T02:33:12.558+0000] {logging_mixin.py:188} INFO - ✔ Đã xóa dữ liệu trong warehouse.dim_customer
[2025-06-17T02:33:12.708+0000] {logging_mixin.py:188} INFO - ✔ Đã xóa dữ liệu trong warehouse.dim_product
[2025-06-17T02:33:12.797+0000] {logging_mixin.py:188} INFO - ✔ Đã xóa dữ liệu trong warehouse.dim_date
[2025-06-17T02:33:12.902+0000] {logging_mixin.py:188} INFO - ✔ Đã xóa dữ liệu trong warehouse.dim_shipmode
[2025-06-17T02:33:13.066+0000] {logging_mixin.py:188} INFO - ✔ Đã xóa dữ liệu trong warehouse.dim_location
[2025-06-17T02:33:13.094+0000] {logging_mixin.py:188} INFO - ✔ Đã xóa dữ liệu trong warehouse.fact_sales
[2025-06-17T02:33:13.140+0000] {base.py:84} INFO - Using connection ID 'postgres' for task execution.
[2025-06-17T02:33:13.191+0000] {logging_mixin.py:188} WARNING - /home/***/.local/lib/python3.10/site-packages/***/providers/common/sql/hooks/sql.py:263 UserWarning: pandas only supports SQLAlchemy connectable (engine/connection) or database string URI or sqlite3 DBAPI2 connection. Other DBAPI2 objects are not tested. Please consider using SQLAlchemy.
[2025-06-17T02:33:15.823+0000] {logging_mixin.py:188} INFO - ✔ Đã lưu dữ liệu vào warehouse.dim_customer (1590 dòng)
[2025-06-17T02:33:15.827+0000] {logging_mixin.py:188} INFO - ✔ Đã transform và lưu dữ liệu vào warehouse.dim_customer
[2025-06-17T02:33:15.833+0000] {python.py:237} INFO - Done. Returned value was: None
[2025-06-17T02:33:15.836+0000] {taskinstance.py:441} INFO - ::group::Post task execution logs
[2025-06-17T02:33:15.839+0000] {__init__.py:77} DEBUG - Lineage called with inlets: [], outlets: []
[2025-06-17T02:33:15.894+0000] {taskinstance.py:584} DEBUG - Clearing next_method and next_kwargs.
[2025-06-17T02:33:15.910+0000] {taskinstance.py:1206} INFO - Marking task as SUCCESS. dag_id=globalsuperstore, task_id=transform.transform_dim_customers, run_id=scheduled__2025-06-16T00:00:00+00:00, execution_date=20250616T000000, start_date=20250617T023311, end_date=20250617T023315
[2025-06-17T02:33:15.912+0000] {taskinstance.py:562} DEBUG - Task Duration set to 4.548383
[2025-06-17T02:33:15.973+0000] {cli_action_loggers.py:88} DEBUG - Calling callbacks: []
[2025-06-17T02:33:16.042+0000] {local_task_job_runner.py:240} INFO - Task exited with return code 0
[2025-06-17T02:33:16.122+0000] {dagrun.py:931} DEBUG - number of tis tasks for <DagRun globalsuperstore @ 2025-06-16 00:00:00+00:00: scheduled__2025-06-16T00:00:00+00:00, state:running, queued_at: 2025-06-17 02:32:39.844346+00:00. externally triggered: False>: 6 task(s)
[2025-06-17T02:33:16.125+0000] {dagrun.py:952} DEBUG - number of scheduleable tasks for <DagRun globalsuperstore @ 2025-06-16 00:00:00+00:00: scheduled__2025-06-16T00:00:00+00:00, state:running, queued_at: 2025-06-17 02:32:39.844346+00:00. externally triggered: False>: 0 task(s)
[2025-06-17T02:33:16.127+0000] {taskinstance.py:3503} INFO - 0 downstream tasks scheduled from follow-on schedule check
[2025-06-17T02:33:16.132+0000] {local_task_job_runner.py:222} INFO - ::endgroup::
[2025-06-17T02:58:36.387+0000] {taskinstance.py:1042} DEBUG - previous_execution_date was called
[2025-06-17T02:58:36.432+0000] {__init__.py:54} DEBUG - Loading core task runner: StandardTaskRunner
[2025-06-17T02:58:36.466+0000] {taskinstance.py:1042} DEBUG - previous_execution_date was called
[2025-06-17T02:58:36.492+0000] {base_task_runner.py:73} DEBUG - Planning to run as the  user
[2025-06-17T02:58:36.553+0000] {local_task_job_runner.py:120} INFO - ::group::Pre task execution logs
[2025-06-17T02:58:36.665+0000] {taskinstance.py:2088} DEBUG - <TaskInstance: globalsuperstore.transform.transform_dim_customers scheduled__2025-06-16T00:00:00+00:00 [queued]> dependency 'Task Instance State' PASSED: True, Task state queued was valid.
[2025-06-17T02:58:36.666+0000] {taskinstance.py:2088} DEBUG - <TaskInstance: globalsuperstore.transform.transform_dim_customers scheduled__2025-06-16T00:00:00+00:00 [queued]> dependency 'Previous Dagrun State' PASSED: True, The task did not have depends_on_past set.
[2025-06-17T02:58:36.667+0000] {taskinstance.py:2088} DEBUG - <TaskInstance: globalsuperstore.transform.transform_dim_customers scheduled__2025-06-16T00:00:00+00:00 [queued]> dependency 'Not In Retry Period' PASSED: True, The task instance was not marked for retrying.
[2025-06-17T02:58:36.668+0000] {taskinstance.py:2088} DEBUG - <TaskInstance: globalsuperstore.transform.transform_dim_customers scheduled__2025-06-16T00:00:00+00:00 [queued]> dependency 'Task Instance Not Running' PASSED: True, Task is not in running state.
[2025-06-17T02:58:36.681+0000] {taskinstance.py:2076} INFO - Dependencies all met for dep_context=non-requeueable deps ti=<TaskInstance: globalsuperstore.transform.transform_dim_customers scheduled__2025-06-16T00:00:00+00:00 [queued]>
[2025-06-17T02:58:36.682+0000] {taskinstance.py:2088} DEBUG - <TaskInstance: globalsuperstore.transform.transform_dim_customers scheduled__2025-06-16T00:00:00+00:00 [queued]> dependency 'Not In Retry Period' PASSED: True, The task instance was not marked for retrying.
[2025-06-17T02:58:36.690+0000] {taskinstance.py:2088} DEBUG - <TaskInstance: globalsuperstore.transform.transform_dim_customers scheduled__2025-06-16T00:00:00+00:00 [queued]> dependency 'Pool Slots Available' PASSED: True, There are enough open slots in default_pool to execute the task
[2025-06-17T02:58:36.691+0000] {taskinstance.py:2088} DEBUG - <TaskInstance: globalsuperstore.transform.transform_dim_customers scheduled__2025-06-16T00:00:00+00:00 [queued]> dependency 'Task Concurrency' PASSED: True, Task concurrency is not set.
[2025-06-17T02:58:36.691+0000] {taskinstance.py:2088} DEBUG - <TaskInstance: globalsuperstore.transform.transform_dim_customers scheduled__2025-06-16T00:00:00+00:00 [queued]> dependency 'Previous Dagrun State' PASSED: True, The task did not have depends_on_past set.
[2025-06-17T02:58:36.699+0000] {taskinstance.py:2076} INFO - Dependencies all met for dep_context=requeueable deps ti=<TaskInstance: globalsuperstore.transform.transform_dim_customers scheduled__2025-06-16T00:00:00+00:00 [queued]>
[2025-06-17T02:58:36.700+0000] {taskinstance.py:2306} INFO - Starting attempt 1 of 1
[2025-06-17T02:58:36.726+0000] {taskinstance.py:2330} INFO - Executing <Task(PythonOperator): transform.transform_dim_customers> on 2025-06-16 00:00:00+00:00
[2025-06-17T02:58:36.742+0000] {standard_task_runner.py:63} INFO - Started process 331 to run task
[2025-06-17T02:58:36.748+0000] {standard_task_runner.py:90} INFO - Running: ['***', 'tasks', 'run', 'globalsuperstore', 'transform.transform_dim_customers', 'scheduled__2025-06-16T00:00:00+00:00', '--job-id', '473', '--raw', '--subdir', 'DAGS_FOLDER/global_superstore_dw_etl.py', '--cfg-path', '/tmp/tmpi0bh9585']
[2025-06-17T02:58:36.756+0000] {standard_task_runner.py:91} INFO - Job 473: Subtask transform.transform_dim_customers
[2025-06-17T02:58:36.759+0000] {cli_action_loggers.py:70} DEBUG - Calling callbacks: [<function default_action_log at 0x7f4b9ba99750>]
[2025-06-17T02:58:36.871+0000] {taskinstance.py:1042} DEBUG - previous_execution_date was called
[2025-06-17T02:58:36.884+0000] {task_command.py:426} INFO - Running <TaskInstance: globalsuperstore.transform.transform_dim_customers scheduled__2025-06-16T00:00:00+00:00 [running]> on host 9b7c60adfed6
[2025-06-17T02:58:36.885+0000] {settings.py:363} DEBUG - Disposing DB connection pool (PID 331)
[2025-06-17T02:58:36.887+0000] {settings.py:250} DEBUG - Setting up DB connection pool (PID 331)
[2025-06-17T02:58:36.888+0000] {settings.py:298} DEBUG - settings.prepare_engine_args(): Using NullPool
[2025-06-17T02:58:36.942+0000] {taskinstance.py:1042} DEBUG - previous_execution_date was called
[2025-06-17T02:58:36.945+0000] {taskinstance.py:1845} DEBUG - Clearing XCom data
[2025-06-17T02:58:36.994+0000] {retries.py:91} DEBUG - Running RenderedTaskInstanceFields.write with retries. Try 1 of 3
[2025-06-17T02:58:37.057+0000] {retries.py:91} DEBUG - Running RenderedTaskInstanceFields._do_delete_old_records with retries. Try 1 of 3
[2025-06-17T02:58:37.103+0000] {taskinstance.py:2648} INFO - Exporting env vars: AIRFLOW_CTX_DAG_OWNER='***' AIRFLOW_CTX_DAG_ID='globalsuperstore' AIRFLOW_CTX_TASK_ID='transform.transform_dim_customers' AIRFLOW_CTX_EXECUTION_DATE='2025-06-16T00:00:00+00:00' AIRFLOW_CTX_TRY_NUMBER='1' AIRFLOW_CTX_DAG_RUN_ID='scheduled__2025-06-16T00:00:00+00:00'
[2025-06-17T02:58:37.108+0000] {__init__.py:115} DEBUG - Preparing lineage inlets and outlets
[2025-06-17T02:58:37.126+0000] {__init__.py:154} DEBUG - inlets: [], outlets: []
[2025-06-17T02:58:37.132+0000] {taskinstance.py:430} INFO - ::endgroup::
[2025-06-17T02:58:37.252+0000] {base.py:84} INFO - Using connection ID 'postgres' for task execution.
[2025-06-17T02:58:37.267+0000] {base.py:84} INFO - Using connection ID 'postgres' for task execution.
[2025-06-17T02:58:37.268+0000] {sql.py:427} DEBUG - Executing following statements against DB: ['TRUNCATE TABLE "warehouse"."fact_sales" RESTART IDENTITY CASCADE']
[2025-06-17T02:58:37.284+0000] {base.py:84} INFO - Using connection ID 'postgres' for task execution.
[2025-06-17T02:58:37.291+0000] {sql.py:487} INFO - Running statement: TRUNCATE TABLE "warehouse"."fact_sales" RESTART IDENTITY CASCADE, parameters: None
[2025-06-17T02:58:37.317+0000] {sql.py:427} DEBUG - Executing following statements against DB: ['TRUNCATE TABLE "warehouse"."dim_customer" RESTART IDENTITY CASCADE']
[2025-06-17T02:58:37.337+0000] {base.py:84} INFO - Using connection ID 'postgres' for task execution.
[2025-06-17T02:58:37.354+0000] {sql.py:487} INFO - Running statement: TRUNCATE TABLE "warehouse"."dim_customer" RESTART IDENTITY CASCADE, parameters: None
[2025-06-17T02:58:37.446+0000] {base.py:84} INFO - Using connection ID 'postgres' for task execution.
[2025-06-17T02:58:37.462+0000] {logging_mixin.py:188} WARNING - /home/***/.local/lib/python3.10/site-packages/***/providers/common/sql/hooks/sql.py:263 UserWarning: pandas only supports SQLAlchemy connectable (engine/connection) or database string URI or sqlite3 DBAPI2 connection. Other DBAPI2 objects are not tested. Please consider using SQLAlchemy.
[2025-06-17T02:58:39.043+0000] {logging_mixin.py:188} INFO - ✔ Đã lưu dữ liệu vào warehouse.dim_customer (1590 dòng)
[2025-06-17T02:58:39.043+0000] {logging_mixin.py:188} INFO - ✔ Đã transform và lưu dữ liệu vào warehouse.dim_customer
[2025-06-17T02:58:39.044+0000] {python.py:237} INFO - Done. Returned value was: None
[2025-06-17T02:58:39.045+0000] {taskinstance.py:441} INFO - ::group::Post task execution logs
[2025-06-17T02:58:39.046+0000] {__init__.py:77} DEBUG - Lineage called with inlets: [], outlets: []
[2025-06-17T02:58:39.057+0000] {taskinstance.py:584} DEBUG - Clearing next_method and next_kwargs.
[2025-06-17T02:58:39.058+0000] {taskinstance.py:1206} INFO - Marking task as SUCCESS. dag_id=globalsuperstore, task_id=transform.transform_dim_customers, run_id=scheduled__2025-06-16T00:00:00+00:00, execution_date=20250616T000000, start_date=20250617T025836, end_date=20250617T025839
[2025-06-17T02:58:39.058+0000] {taskinstance.py:562} DEBUG - Task Duration set to 2.375805
[2025-06-17T02:58:39.071+0000] {cli_action_loggers.py:88} DEBUG - Calling callbacks: []
[2025-06-17T02:58:39.113+0000] {local_task_job_runner.py:240} INFO - Task exited with return code 0
[2025-06-17T02:58:39.133+0000] {dagrun.py:931} DEBUG - number of tis tasks for <DagRun globalsuperstore @ 2025-06-16 00:00:00+00:00: scheduled__2025-06-16T00:00:00+00:00, state:running, queued_at: 2025-06-17 02:58:05.858281+00:00. externally triggered: False>: 6 task(s)
[2025-06-17T02:58:39.134+0000] {dagrun.py:952} DEBUG - number of scheduleable tasks for <DagRun globalsuperstore @ 2025-06-16 00:00:00+00:00: scheduled__2025-06-16T00:00:00+00:00, state:running, queued_at: 2025-06-17 02:58:05.858281+00:00. externally triggered: False>: 1 task(s)
[2025-06-17T02:58:39.135+0000] {taskinstance.py:2088} DEBUG - <TaskInstance: globalsuperstore.load.transform_fact_sales scheduled__2025-06-16T00:00:00+00:00 [None]> dependency 'Trigger Rule' PASSED: False, Task's trigger rule 'all_success' requires all upstream tasks to have succeeded, but found 3 non-success(es). upstream_states=_UpstreamTIStates(success=2, skipped=0, failed=0, upstream_failed=0, removed=0, done=2, success_setup=0, skipped_setup=0), upstream_task_ids={'transform.transform_dim_locations', 'transform.transform_dim_shipmode', 'transform.transform_dim_customers', 'transform.transform_dim_date', 'transform.transform_dim_products'}
[2025-06-17T02:58:39.135+0000] {taskinstance.py:2066} DEBUG - Dependencies not met for <TaskInstance: globalsuperstore.load.transform_fact_sales scheduled__2025-06-16T00:00:00+00:00 [None]>, dependency 'Trigger Rule' FAILED: Task's trigger rule 'all_success' requires all upstream tasks to have succeeded, but found 3 non-success(es). upstream_states=_UpstreamTIStates(success=2, skipped=0, failed=0, upstream_failed=0, removed=0, done=2, success_setup=0, skipped_setup=0), upstream_task_ids={'transform.transform_dim_locations', 'transform.transform_dim_shipmode', 'transform.transform_dim_customers', 'transform.transform_dim_date', 'transform.transform_dim_products'}
[2025-06-17T02:58:39.136+0000] {taskinstance.py:2088} DEBUG - <TaskInstance: globalsuperstore.load.transform_fact_sales scheduled__2025-06-16T00:00:00+00:00 [None]> dependency 'Previous Dagrun State' PASSED: True, The task did not have depends_on_past set.
[2025-06-17T02:58:39.136+0000] {taskinstance.py:2088} DEBUG - <TaskInstance: globalsuperstore.load.transform_fact_sales scheduled__2025-06-16T00:00:00+00:00 [None]> dependency 'Not In Retry Period' PASSED: True, The task instance was not marked for retrying.
[2025-06-17T02:58:39.143+0000] {taskinstance.py:3503} INFO - 0 downstream tasks scheduled from follow-on schedule check
[2025-06-17T02:58:39.146+0000] {local_task_job_runner.py:222} INFO - ::endgroup::
