[2025-06-15T08:46:24.132+0000] {local_task_job_runner.py:120} INFO - ::group::Pre task execution logs
[2025-06-15T08:46:24.189+0000] {taskinstance.py:2076} INFO - Dependencies all met for dep_context=non-requeueable deps ti=<TaskInstance: globalsuperstore.extract.extract_and_load_to_staging scheduled__2024-12-18T00:00:00+00:00 [queued]>
[2025-06-15T08:46:24.205+0000] {taskinstance.py:2076} INFO - Dependencies all met for dep_context=requeueable deps ti=<TaskInstance: globalsuperstore.extract.extract_and_load_to_staging scheduled__2024-12-18T00:00:00+00:00 [queued]>
[2025-06-15T08:46:24.207+0000] {taskinstance.py:2306} INFO - Starting attempt 1 of 1
[2025-06-15T08:46:24.236+0000] {taskinstance.py:2330} INFO - Executing <Task(PythonOperator): extract.extract_and_load_to_staging> on 2024-12-18 00:00:00+00:00
[2025-06-15T08:46:24.248+0000] {standard_task_runner.py:63} INFO - Started process 1467 to run task
[2025-06-15T08:46:24.255+0000] {standard_task_runner.py:90} INFO - Running: ['***', 'tasks', 'run', 'globalsuperstore', 'extract.extract_and_load_to_staging', 'scheduled__2024-12-18T00:00:00+00:00', '--job-id', '174', '--raw', '--subdir', 'DAGS_FOLDER/global_superstore_dw_etl.py', '--cfg-path', '/tmp/tmp0ru0x6tr']
[2025-06-15T08:46:24.260+0000] {standard_task_runner.py:91} INFO - Job 174: Subtask extract.extract_and_load_to_staging
[2025-06-15T08:46:24.388+0000] {task_command.py:426} INFO - Running <TaskInstance: globalsuperstore.extract.extract_and_load_to_staging scheduled__2024-12-18T00:00:00+00:00 [running]> on host f3cca4675eb8
[2025-06-15T08:46:24.555+0000] {taskinstance.py:2648} INFO - Exporting env vars: AIRFLOW_CTX_DAG_OWNER='***' AIRFLOW_CTX_DAG_ID='globalsuperstore' AIRFLOW_CTX_TASK_ID='extract.extract_and_load_to_staging' AIRFLOW_CTX_EXECUTION_DATE='2024-12-18T00:00:00+00:00' AIRFLOW_CTX_TRY_NUMBER='1' AIRFLOW_CTX_DAG_RUN_ID='scheduled__2024-12-18T00:00:00+00:00'
[2025-06-15T08:46:24.557+0000] {taskinstance.py:430} INFO - ::endgroup::
[2025-06-15T08:46:24.595+0000] {base.py:84} INFO - Using connection ID 'postgres' for task execution.
[2025-06-15T08:46:24.609+0000] {base.py:84} INFO - Using connection ID 'mysql' for task execution.
[2025-06-15T08:46:24.643+0000] {logging_mixin.py:188} WARNING - /home/***/.local/lib/python3.10/site-packages/***/providers/common/sql/hooks/sql.py:263 UserWarning: pandas only supports SQLAlchemy connectable (engine/connection) or database string URI or sqlite3 DBAPI2 connection. Other DBAPI2 objects are not tested. Please consider using SQLAlchemy.
[2025-06-15T08:46:24.739+0000] {logging_mixin.py:188} INFO - ✔ Đã load Category → staging.stg_Category
[2025-06-15T08:46:24.751+0000] {base.py:84} INFO - Using connection ID 'mysql' for task execution.
[2025-06-15T08:46:24.763+0000] {logging_mixin.py:188} WARNING - /home/***/.local/lib/python3.10/site-packages/***/providers/common/sql/hooks/sql.py:263 UserWarning: pandas only supports SQLAlchemy connectable (engine/connection) or database string URI or sqlite3 DBAPI2 connection. Other DBAPI2 objects are not tested. Please consider using SQLAlchemy.
[2025-06-15T08:46:25.451+0000] {logging_mixin.py:188} INFO - ✔ Đã load Customer → staging.stg_Customer
[2025-06-15T08:46:25.471+0000] {base.py:84} INFO - Using connection ID 'mysql' for task execution.
[2025-06-15T08:46:25.494+0000] {logging_mixin.py:188} WARNING - /home/***/.local/lib/python3.10/site-packages/***/providers/common/sql/hooks/sql.py:263 UserWarning: pandas only supports SQLAlchemy connectable (engine/connection) or database string URI or sqlite3 DBAPI2 connection. Other DBAPI2 objects are not tested. Please consider using SQLAlchemy.
[2025-06-15T08:46:37.528+0000] {local_task_job_runner.py:240} INFO - Task exited with return code -9
[2025-06-15T08:46:37.566+0000] {taskinstance.py:3503} INFO - 0 downstream tasks scheduled from follow-on schedule check
[2025-06-15T08:46:37.569+0000] {local_task_job_runner.py:222} INFO - ::endgroup::
