[2025-06-14T02:56:48.133+0000] {local_task_job_runner.py:120} INFO - ::group::Pre task execution logs
[2025-06-14T02:56:48.203+0000] {taskinstance.py:2076} INFO - Dependencies all met for dep_context=non-requeueable deps ti=<TaskInstance: GlobalSuperStore_dw_etl.extract.extract_and_load_to_staging manual__2025-06-14T02:56:28.160767+00:00 [queued]>
[2025-06-14T02:56:48.212+0000] {taskinstance.py:2076} INFO - Dependencies all met for dep_context=requeueable deps ti=<TaskInstance: GlobalSuperStore_dw_etl.extract.extract_and_load_to_staging manual__2025-06-14T02:56:28.160767+00:00 [queued]>
[2025-06-14T02:56:48.213+0000] {taskinstance.py:2306} INFO - Starting attempt 1 of 1
[2025-06-14T02:56:48.234+0000] {taskinstance.py:2330} INFO - Executing <Task(PythonOperator): extract.extract_and_load_to_staging> on 2025-06-14 02:56:28.160767+00:00
[2025-06-14T02:56:48.241+0000] {standard_task_runner.py:63} INFO - Started process 473 to run task
[2025-06-14T02:56:48.245+0000] {standard_task_runner.py:90} INFO - Running: ['***', 'tasks', 'run', 'GlobalSuperStore_dw_etl', 'extract.extract_and_load_to_staging', 'manual__2025-06-14T02:56:28.160767+00:00', '--job-id', '93', '--raw', '--subdir', 'DAGS_FOLDER/globalSuperstore.py', '--cfg-path', '/tmp/tmp2ouyzguq']
[2025-06-14T02:56:48.247+0000] {standard_task_runner.py:91} INFO - Job 93: Subtask extract.extract_and_load_to_staging
[2025-06-14T02:56:48.288+0000] {task_command.py:426} INFO - Running <TaskInstance: GlobalSuperStore_dw_etl.extract.extract_and_load_to_staging manual__2025-06-14T02:56:28.160767+00:00 [running]> on host ce8c7e7a2a87
[2025-06-14T02:56:48.377+0000] {taskinstance.py:2648} INFO - Exporting env vars: AIRFLOW_CTX_DAG_OWNER='***' AIRFLOW_CTX_DAG_ID='GlobalSuperStore_dw_etl' AIRFLOW_CTX_TASK_ID='extract.extract_and_load_to_staging' AIRFLOW_CTX_EXECUTION_DATE='2025-06-14T02:56:28.160767+00:00' AIRFLOW_CTX_TRY_NUMBER='1' AIRFLOW_CTX_DAG_RUN_ID='manual__2025-06-14T02:56:28.160767+00:00'
[2025-06-14T02:56:48.378+0000] {taskinstance.py:430} INFO - ::endgroup::
[2025-06-14T02:56:48.405+0000] {base.py:84} INFO - Using connection ID 'postgres' for task execution.
[2025-06-14T02:56:48.413+0000] {base.py:84} INFO - Using connection ID 'mysql' for task execution.
[2025-06-14T02:56:48.478+0000] {logging_mixin.py:188} WARNING - /home/***/.local/lib/python3.10/site-packages/***/providers/common/sql/hooks/sql.py:263 UserWarning: pandas only supports SQLAlchemy connectable (engine/connection) or database string URI or sqlite3 DBAPI2 connection. Other DBAPI2 objects are not tested. Please consider using SQLAlchemy.
[2025-06-14T02:56:48.634+0000] {logging_mixin.py:188} INFO - ✔ Đã load Category → staging.stg_Category
[2025-06-14T02:56:48.640+0000] {base.py:84} INFO - Using connection ID 'mysql' for task execution.
[2025-06-14T02:56:48.647+0000] {logging_mixin.py:188} WARNING - /home/***/.local/lib/python3.10/site-packages/***/providers/common/sql/hooks/sql.py:263 UserWarning: pandas only supports SQLAlchemy connectable (engine/connection) or database string URI or sqlite3 DBAPI2 connection. Other DBAPI2 objects are not tested. Please consider using SQLAlchemy.
[2025-06-14T02:56:49.591+0000] {logging_mixin.py:188} INFO - ✔ Đã load Customer → staging.stg_Customer
[2025-06-14T02:56:49.597+0000] {base.py:84} INFO - Using connection ID 'mysql' for task execution.
[2025-06-14T02:56:49.601+0000] {logging_mixin.py:188} WARNING - /home/***/.local/lib/python3.10/site-packages/***/providers/common/sql/hooks/sql.py:263 UserWarning: pandas only supports SQLAlchemy connectable (engine/connection) or database string URI or sqlite3 DBAPI2 connection. Other DBAPI2 objects are not tested. Please consider using SQLAlchemy.
[2025-06-14T02:57:03.585+0000] {logging_mixin.py:188} INFO - ✔ Đã load Order_Details → staging.stg_Order_Details
[2025-06-14T02:57:03.607+0000] {base.py:84} INFO - Using connection ID 'mysql' for task execution.
[2025-06-14T02:57:03.661+0000] {logging_mixin.py:188} WARNING - /home/***/.local/lib/python3.10/site-packages/***/providers/common/sql/hooks/sql.py:263 UserWarning: pandas only supports SQLAlchemy connectable (engine/connection) or database string URI or sqlite3 DBAPI2 connection. Other DBAPI2 objects are not tested. Please consider using SQLAlchemy.
[2025-06-14T02:57:08.747+0000] {logging_mixin.py:188} INFO - ✔ Đã load Orders → staging.stg_Orders
[2025-06-14T02:57:08.752+0000] {base.py:84} INFO - Using connection ID 'mysql' for task execution.
[2025-06-14T02:57:08.762+0000] {logging_mixin.py:188} WARNING - /home/***/.local/lib/python3.10/site-packages/***/providers/common/sql/hooks/sql.py:263 UserWarning: pandas only supports SQLAlchemy connectable (engine/connection) or database string URI or sqlite3 DBAPI2 connection. Other DBAPI2 objects are not tested. Please consider using SQLAlchemy.
[2025-06-14T02:57:09.624+0000] {logging_mixin.py:188} INFO - ✔ Đã load Product → staging.stg_Product
[2025-06-14T02:57:09.635+0000] {base.py:84} INFO - Using connection ID 'mysql' for task execution.
[2025-06-14T02:57:09.640+0000] {logging_mixin.py:188} WARNING - /home/***/.local/lib/python3.10/site-packages/***/providers/common/sql/hooks/sql.py:263 UserWarning: pandas only supports SQLAlchemy connectable (engine/connection) or database string URI or sqlite3 DBAPI2 connection. Other DBAPI2 objects are not tested. Please consider using SQLAlchemy.
[2025-06-14T02:57:09.688+0000] {logging_mixin.py:188} INFO - ✔ Đã load Sub_Category → staging.stg_Sub_Category
[2025-06-14T02:57:09.688+0000] {python.py:237} INFO - Done. Returned value was: None
[2025-06-14T02:57:09.689+0000] {taskinstance.py:441} INFO - ::group::Post task execution logs
[2025-06-14T02:57:09.698+0000] {taskinstance.py:1206} INFO - Marking task as SUCCESS. dag_id=GlobalSuperStore_dw_etl, task_id=extract.extract_and_load_to_staging, run_id=manual__2025-06-14T02:56:28.160767+00:00, execution_date=20250614T025628, start_date=20250614T025648, end_date=20250614T025709
[2025-06-14T02:57:09.776+0000] {local_task_job_runner.py:240} INFO - Task exited with return code 0
[2025-06-14T02:57:09.828+0000] {taskinstance.py:3503} INFO - 1 downstream tasks scheduled from follow-on schedule check
[2025-06-14T02:57:09.833+0000] {local_task_job_runner.py:222} INFO - ::endgroup::
