[2025-06-17T02:46:06.239+0000] {taskinstance.py:1042} DEBUG - previous_execution_date was called
[2025-06-17T02:46:06.280+0000] {__init__.py:54} DEBUG - Loading core task runner: StandardTaskRunner
[2025-06-17T02:46:06.311+0000] {taskinstance.py:1042} DEBUG - previous_execution_date was called
[2025-06-17T02:46:06.323+0000] {base_task_runner.py:73} DEBUG - Planning to run as the  user
[2025-06-17T02:46:06.334+0000] {local_task_job_runner.py:120} INFO - ::group::Pre task execution logs
[2025-06-17T02:46:06.376+0000] {taskinstance.py:2088} DEBUG - <TaskInstance: globalsuperstore.transform.transform_dim_customers manual__2025-06-17T02:45:46.351752+00:00 [queued]> dependency 'Previous Dagrun State' PASSED: True, The task did not have depends_on_past set.
[2025-06-17T02:46:06.377+0000] {taskinstance.py:2088} DEBUG - <TaskInstance: globalsuperstore.transform.transform_dim_customers manual__2025-06-17T02:45:46.351752+00:00 [queued]> dependency 'Task Instance State' PASSED: True, Task state queued was valid.
[2025-06-17T02:46:06.390+0000] {taskinstance.py:2088} DEBUG - <TaskInstance: globalsuperstore.transform.transform_dim_customers manual__2025-06-17T02:45:46.351752+00:00 [queued]> dependency 'Task Instance Not Running' PASSED: True, Task is not in running state.
[2025-06-17T02:46:06.391+0000] {taskinstance.py:2088} DEBUG - <TaskInstance: globalsuperstore.transform.transform_dim_customers manual__2025-06-17T02:45:46.351752+00:00 [queued]> dependency 'Not In Retry Period' PASSED: True, The task instance was not marked for retrying.
[2025-06-17T02:46:06.392+0000] {taskinstance.py:2076} INFO - Dependencies all met for dep_context=non-requeueable deps ti=<TaskInstance: globalsuperstore.transform.transform_dim_customers manual__2025-06-17T02:45:46.351752+00:00 [queued]>
[2025-06-17T02:46:06.392+0000] {taskinstance.py:2088} DEBUG - <TaskInstance: globalsuperstore.transform.transform_dim_customers manual__2025-06-17T02:45:46.351752+00:00 [queued]> dependency 'Previous Dagrun State' PASSED: True, The task did not have depends_on_past set.
[2025-06-17T02:46:06.404+0000] {taskinstance.py:2088} DEBUG - <TaskInstance: globalsuperstore.transform.transform_dim_customers manual__2025-06-17T02:45:46.351752+00:00 [queued]> dependency 'Pool Slots Available' PASSED: True, There are enough open slots in default_pool to execute the task
[2025-06-17T02:46:06.405+0000] {taskinstance.py:2088} DEBUG - <TaskInstance: globalsuperstore.transform.transform_dim_customers manual__2025-06-17T02:45:46.351752+00:00 [queued]> dependency 'Task Concurrency' PASSED: True, Task concurrency is not set.
[2025-06-17T02:46:06.408+0000] {taskinstance.py:2088} DEBUG - <TaskInstance: globalsuperstore.transform.transform_dim_customers manual__2025-06-17T02:45:46.351752+00:00 [queued]> dependency 'Not In Retry Period' PASSED: True, The task instance was not marked for retrying.
[2025-06-17T02:46:06.408+0000] {taskinstance.py:2076} INFO - Dependencies all met for dep_context=requeueable deps ti=<TaskInstance: globalsuperstore.transform.transform_dim_customers manual__2025-06-17T02:45:46.351752+00:00 [queued]>
[2025-06-17T02:46:06.409+0000] {taskinstance.py:2306} INFO - Starting attempt 1 of 1
[2025-06-17T02:46:06.428+0000] {taskinstance.py:2330} INFO - Executing <Task(PythonOperator): transform.transform_dim_customers> on 2025-06-17 02:45:46.351752+00:00
[2025-06-17T02:46:06.440+0000] {standard_task_runner.py:63} INFO - Started process 229 to run task
[2025-06-17T02:46:06.447+0000] {standard_task_runner.py:90} INFO - Running: ['***', 'tasks', 'run', 'globalsuperstore', 'transform.transform_dim_customers', 'manual__2025-06-17T02:45:46.351752+00:00', '--job-id', '436', '--raw', '--subdir', 'DAGS_FOLDER/global_superstore_dw_etl.py', '--cfg-path', '/tmp/tmpup0sx270']
[2025-06-17T02:46:06.448+0000] {standard_task_runner.py:91} INFO - Job 436: Subtask transform.transform_dim_customers
[2025-06-17T02:46:06.449+0000] {cli_action_loggers.py:70} DEBUG - Calling callbacks: [<function default_action_log at 0x7f2096325750>]
[2025-06-17T02:46:06.507+0000] {taskinstance.py:1042} DEBUG - previous_execution_date was called
[2025-06-17T02:46:06.518+0000] {task_command.py:426} INFO - Running <TaskInstance: globalsuperstore.transform.transform_dim_customers manual__2025-06-17T02:45:46.351752+00:00 [running]> on host 9b7c60adfed6
[2025-06-17T02:46:06.519+0000] {settings.py:363} DEBUG - Disposing DB connection pool (PID 229)
[2025-06-17T02:46:06.520+0000] {settings.py:250} DEBUG - Setting up DB connection pool (PID 229)
[2025-06-17T02:46:06.520+0000] {settings.py:298} DEBUG - settings.prepare_engine_args(): Using NullPool
[2025-06-17T02:46:06.570+0000] {taskinstance.py:1042} DEBUG - previous_execution_date was called
[2025-06-17T02:46:06.581+0000] {taskinstance.py:1845} DEBUG - Clearing XCom data
[2025-06-17T02:46:06.603+0000] {retries.py:91} DEBUG - Running RenderedTaskInstanceFields.write with retries. Try 1 of 3
[2025-06-17T02:46:06.645+0000] {retries.py:91} DEBUG - Running RenderedTaskInstanceFields._do_delete_old_records with retries. Try 1 of 3
[2025-06-17T02:46:06.666+0000] {taskinstance.py:2648} INFO - Exporting env vars: AIRFLOW_CTX_DAG_OWNER='***' AIRFLOW_CTX_DAG_ID='globalsuperstore' AIRFLOW_CTX_TASK_ID='transform.transform_dim_customers' AIRFLOW_CTX_EXECUTION_DATE='2025-06-17T02:45:46.351752+00:00' AIRFLOW_CTX_TRY_NUMBER='1' AIRFLOW_CTX_DAG_RUN_ID='manual__2025-06-17T02:45:46.351752+00:00'
[2025-06-17T02:46:06.667+0000] {__init__.py:115} DEBUG - Preparing lineage inlets and outlets
[2025-06-17T02:46:06.668+0000] {__init__.py:154} DEBUG - inlets: [], outlets: []
[2025-06-17T02:46:06.669+0000] {taskinstance.py:430} INFO - ::endgroup::
[2025-06-17T02:46:06.698+0000] {base.py:84} INFO - Using connection ID 'postgres' for task execution.
[2025-06-17T02:46:06.707+0000] {base.py:84} INFO - Using connection ID 'postgres' for task execution.
[2025-06-17T02:46:06.708+0000] {taskinstance.py:441} INFO - ::group::Post task execution logs
[2025-06-17T02:46:06.709+0000] {taskinstance.py:2905} ERROR - Task failed with exception
Traceback (most recent call last):
  File "/home/airflow/.local/lib/python3.10/site-packages/airflow/models/taskinstance.py", line 465, in _execute_task
    result = _execute_callable(context=context, **execute_callable_kwargs)
  File "/home/airflow/.local/lib/python3.10/site-packages/airflow/models/taskinstance.py", line 432, in _execute_callable
    return execute_callable(context=context, **execute_callable_kwargs)
  File "/home/airflow/.local/lib/python3.10/site-packages/airflow/models/baseoperator.py", line 401, in wrapper
    return func(self, *args, **kwargs)
  File "/home/airflow/.local/lib/python3.10/site-packages/airflow/operators/python.py", line 235, in execute
    return_value = self.execute_callable()
  File "/home/airflow/.local/lib/python3.10/site-packages/airflow/operators/python.py", line 252, in execute_callable
    return self.python_callable(*self.op_args, **self.op_kwargs)
  File "/opt/airflow/dags/transform_dim_customers.py", line 9, in transform_dim_customers
    warehouse_operator.run_sql('TRUNCATE TABLE "warehouse"."fact_sales" RESTART IDENTITY CASCADE')
AttributeError: 'PostgresOperators' object has no attribute 'run_sql'
[2025-06-17T02:46:06.720+0000] {taskinstance.py:562} DEBUG - Task Duration set to 0.327973
[2025-06-17T02:46:06.722+0000] {taskinstance.py:584} DEBUG - Clearing next_method and next_kwargs.
[2025-06-17T02:46:06.723+0000] {taskinstance.py:1206} INFO - Marking task as FAILED. dag_id=globalsuperstore, task_id=transform.transform_dim_customers, run_id=manual__2025-06-17T02:45:46.351752+00:00, execution_date=20250617T024546, start_date=20250617T024606, end_date=20250617T024606
[2025-06-17T02:46:06.739+0000] {cli_action_loggers.py:88} DEBUG - Calling callbacks: []
[2025-06-17T02:46:06.740+0000] {standard_task_runner.py:110} ERROR - Failed to execute job 436 for task transform.transform_dim_customers ('PostgresOperators' object has no attribute 'run_sql'; 229)
[2025-06-17T02:46:06.779+0000] {local_task_job_runner.py:240} INFO - Task exited with return code 1
[2025-06-17T02:46:06.790+0000] {taskinstance.py:3461} DEBUG - Skip locked rows, rollback
[2025-06-17T02:46:06.791+0000] {local_task_job_runner.py:222} INFO - ::endgroup::
