[2025-06-15T16:11:22.863+0000] {taskinstance.py:1042} DEBUG - previous_execution_date was called
[2025-06-15T16:11:22.929+0000] {__init__.py:54} DEBUG - Loading core task runner: StandardTaskRunner
[2025-06-15T16:11:23.011+0000] {taskinstance.py:1042} DEBUG - previous_execution_date was called
[2025-06-15T16:11:23.019+0000] {base_task_runner.py:73} DEBUG - Planning to run as the  user
[2025-06-15T16:11:23.074+0000] {local_task_job_runner.py:120} INFO - ::group::Pre task execution logs
[2025-06-15T16:11:23.403+0000] {taskinstance.py:2088} DEBUG - <TaskInstance: globalsuperstore.extract.extract_and_load_to_staging manual__2025-06-15T16:11:18.168062+00:00 [queued]> dependency 'Task Instance Not Running' PASSED: True, Task is not in running state.
[2025-06-15T16:11:23.406+0000] {taskinstance.py:2088} DEBUG - <TaskInstance: globalsuperstore.extract.extract_and_load_to_staging manual__2025-06-15T16:11:18.168062+00:00 [queued]> dependency 'Task Instance State' PASSED: True, Task state queued was valid.
[2025-06-15T16:11:23.461+0000] {taskinstance.py:2088} DEBUG - <TaskInstance: globalsuperstore.extract.extract_and_load_to_staging manual__2025-06-15T16:11:18.168062+00:00 [queued]> dependency 'Previous Dagrun State' PASSED: True, The task did not have depends_on_past set.
[2025-06-15T16:11:23.462+0000] {taskinstance.py:2088} DEBUG - <TaskInstance: globalsuperstore.extract.extract_and_load_to_staging manual__2025-06-15T16:11:18.168062+00:00 [queued]> dependency 'Not In Retry Period' PASSED: True, The task instance was not marked for retrying.
[2025-06-15T16:11:23.468+0000] {taskinstance.py:2088} DEBUG - <TaskInstance: globalsuperstore.extract.extract_and_load_to_staging manual__2025-06-15T16:11:18.168062+00:00 [queued]> dependency 'Trigger Rule' PASSED: True, The task instance did not have any upstream tasks.
[2025-06-15T16:11:23.469+0000] {taskinstance.py:2076} INFO - Dependencies all met for dep_context=non-requeueable deps ti=<TaskInstance: globalsuperstore.extract.extract_and_load_to_staging manual__2025-06-15T16:11:18.168062+00:00 [queued]>
[2025-06-15T16:11:23.526+0000] {taskinstance.py:2088} DEBUG - <TaskInstance: globalsuperstore.extract.extract_and_load_to_staging manual__2025-06-15T16:11:18.168062+00:00 [queued]> dependency 'Pool Slots Available' PASSED: True, There are enough open slots in default_pool to execute the task
[2025-06-15T16:11:23.528+0000] {taskinstance.py:2088} DEBUG - <TaskInstance: globalsuperstore.extract.extract_and_load_to_staging manual__2025-06-15T16:11:18.168062+00:00 [queued]> dependency 'Task Concurrency' PASSED: True, Task concurrency is not set.
[2025-06-15T16:11:23.552+0000] {taskinstance.py:2088} DEBUG - <TaskInstance: globalsuperstore.extract.extract_and_load_to_staging manual__2025-06-15T16:11:18.168062+00:00 [queued]> dependency 'Previous Dagrun State' PASSED: True, The task did not have depends_on_past set.
[2025-06-15T16:11:23.554+0000] {taskinstance.py:2088} DEBUG - <TaskInstance: globalsuperstore.extract.extract_and_load_to_staging manual__2025-06-15T16:11:18.168062+00:00 [queued]> dependency 'Not In Retry Period' PASSED: True, The task instance was not marked for retrying.
[2025-06-15T16:11:23.556+0000] {taskinstance.py:2088} DEBUG - <TaskInstance: globalsuperstore.extract.extract_and_load_to_staging manual__2025-06-15T16:11:18.168062+00:00 [queued]> dependency 'Trigger Rule' PASSED: True, The task instance did not have any upstream tasks.
[2025-06-15T16:11:23.558+0000] {taskinstance.py:2076} INFO - Dependencies all met for dep_context=requeueable deps ti=<TaskInstance: globalsuperstore.extract.extract_and_load_to_staging manual__2025-06-15T16:11:18.168062+00:00 [queued]>
[2025-06-15T16:11:23.559+0000] {taskinstance.py:2306} INFO - Starting attempt 1 of 1
[2025-06-15T16:11:23.632+0000] {taskinstance.py:2330} INFO - Executing <Task(PythonOperator): extract.extract_and_load_to_staging> on 2025-06-15 16:11:18.168062+00:00
[2025-06-15T16:11:23.647+0000] {standard_task_runner.py:63} INFO - Started process 369 to run task
[2025-06-15T16:11:23.743+0000] {standard_task_runner.py:90} INFO - Running: ['***', 'tasks', 'run', 'globalsuperstore', 'extract.extract_and_load_to_staging', 'manual__2025-06-15T16:11:18.168062+00:00', '--job-id', '14', '--raw', '--subdir', 'DAGS_FOLDER/global_superstore_dw_etl.py', '--cfg-path', '/tmp/tmp2vm5pjsy']
[2025-06-15T16:11:23.753+0000] {standard_task_runner.py:91} INFO - Job 14: Subtask extract.extract_and_load_to_staging
[2025-06-15T16:11:23.769+0000] {cli_action_loggers.py:70} DEBUG - Calling callbacks: [<function default_action_log at 0x7f1a51c99750>]
[2025-06-15T16:11:24.021+0000] {taskinstance.py:1042} DEBUG - previous_execution_date was called
[2025-06-15T16:11:24.026+0000] {task_command.py:426} INFO - Running <TaskInstance: globalsuperstore.extract.extract_and_load_to_staging manual__2025-06-15T16:11:18.168062+00:00 [running]> on host a40e01b9e58f
[2025-06-15T16:11:24.027+0000] {settings.py:363} DEBUG - Disposing DB connection pool (PID 369)
[2025-06-15T16:11:24.028+0000] {settings.py:250} DEBUG - Setting up DB connection pool (PID 369)
[2025-06-15T16:11:24.028+0000] {settings.py:298} DEBUG - settings.prepare_engine_args(): Using NullPool
[2025-06-15T16:11:24.071+0000] {taskinstance.py:1042} DEBUG - previous_execution_date was called
[2025-06-15T16:11:24.073+0000] {taskinstance.py:1845} DEBUG - Clearing XCom data
[2025-06-15T16:11:24.115+0000] {retries.py:91} DEBUG - Running RenderedTaskInstanceFields.write with retries. Try 1 of 3
[2025-06-15T16:11:24.160+0000] {retries.py:91} DEBUG - Running RenderedTaskInstanceFields._do_delete_old_records with retries. Try 1 of 3
[2025-06-15T16:11:24.180+0000] {taskinstance.py:2648} INFO - Exporting env vars: AIRFLOW_CTX_DAG_OWNER='***' AIRFLOW_CTX_DAG_ID='globalsuperstore' AIRFLOW_CTX_TASK_ID='extract.extract_and_load_to_staging' AIRFLOW_CTX_EXECUTION_DATE='2025-06-15T16:11:18.168062+00:00' AIRFLOW_CTX_TRY_NUMBER='1' AIRFLOW_CTX_DAG_RUN_ID='manual__2025-06-15T16:11:18.168062+00:00'
[2025-06-15T16:11:24.180+0000] {__init__.py:115} DEBUG - Preparing lineage inlets and outlets
[2025-06-15T16:11:24.181+0000] {__init__.py:154} DEBUG - inlets: [], outlets: []
[2025-06-15T16:11:24.183+0000] {taskinstance.py:430} INFO - ::endgroup::
[2025-06-15T16:11:24.260+0000] {base.py:84} INFO - Using connection ID 'postgres' for task execution.
[2025-06-15T16:11:24.291+0000] {base.py:84} INFO - Using connection ID 'mysql' for task execution.
[2025-06-15T16:11:24.657+0000] {logging_mixin.py:188} WARNING - /home/***/.local/lib/python3.10/site-packages/***/providers/common/sql/hooks/sql.py:263 UserWarning: pandas only supports SQLAlchemy connectable (engine/connection) or database string URI or sqlite3 DBAPI2 connection. Other DBAPI2 objects are not tested. Please consider using SQLAlchemy.
[2025-06-15T16:11:25.183+0000] {logging_mixin.py:188} INFO - ✔ Đã load Category → staging.stg_Category
[2025-06-15T16:11:25.196+0000] {base.py:84} INFO - Using connection ID 'mysql' for task execution.
[2025-06-15T16:11:25.213+0000] {logging_mixin.py:188} WARNING - /home/***/.local/lib/python3.10/site-packages/***/providers/common/sql/hooks/sql.py:263 UserWarning: pandas only supports SQLAlchemy connectable (engine/connection) or database string URI or sqlite3 DBAPI2 connection. Other DBAPI2 objects are not tested. Please consider using SQLAlchemy.
[2025-06-15T16:11:28.394+0000] {logging_mixin.py:188} INFO - ✔ Đã load Customer → staging.stg_Customer
[2025-06-15T16:11:28.402+0000] {base.py:84} INFO - Using connection ID 'mysql' for task execution.
[2025-06-15T16:11:28.411+0000] {logging_mixin.py:188} WARNING - /home/***/.local/lib/python3.10/site-packages/***/providers/common/sql/hooks/sql.py:263 UserWarning: pandas only supports SQLAlchemy connectable (engine/connection) or database string URI or sqlite3 DBAPI2 connection. Other DBAPI2 objects are not tested. Please consider using SQLAlchemy.
[2025-06-15T16:11:28.745+0000] {retries.py:91} DEBUG - Running Job._fetch_from_db with retries. Try 1 of 3
[2025-06-15T16:11:28.792+0000] {retries.py:91} DEBUG - Running Job._update_heartbeat with retries. Try 1 of 3
[2025-06-15T16:11:28.871+0000] {job.py:214} DEBUG - [heartbeat]
[2025-06-15T16:11:33.897+0000] {retries.py:91} DEBUG - Running Job._fetch_from_db with retries. Try 1 of 3
[2025-06-15T16:11:39.576+0000] {retries.py:91} DEBUG - Running Job._update_heartbeat with retries. Try 1 of 3
[2025-06-15T16:11:39.655+0000] {job.py:214} DEBUG - [heartbeat]
[2025-06-15T16:11:44.694+0000] {retries.py:91} DEBUG - Running Job._fetch_from_db with retries. Try 1 of 3
[2025-06-15T16:11:44.734+0000] {retries.py:91} DEBUG - Running Job._update_heartbeat with retries. Try 1 of 3
[2025-06-15T16:11:44.853+0000] {job.py:214} DEBUG - [heartbeat]
[2025-06-15T16:11:49.235+0000] {logging_mixin.py:188} INFO - ✔ Đã load Order_Details → staging.stg_Order_Details
[2025-06-15T16:11:49.301+0000] {base.py:84} INFO - Using connection ID 'mysql' for task execution.
[2025-06-15T16:11:49.382+0000] {logging_mixin.py:188} WARNING - /home/***/.local/lib/python3.10/site-packages/***/providers/common/sql/hooks/sql.py:263 UserWarning: pandas only supports SQLAlchemy connectable (engine/connection) or database string URI or sqlite3 DBAPI2 connection. Other DBAPI2 objects are not tested. Please consider using SQLAlchemy.
[2025-06-15T16:11:49.860+0000] {retries.py:91} DEBUG - Running Job._fetch_from_db with retries. Try 1 of 3
[2025-06-15T16:11:49.881+0000] {retries.py:91} DEBUG - Running Job._update_heartbeat with retries. Try 1 of 3
[2025-06-15T16:11:50.002+0000] {job.py:214} DEBUG - [heartbeat]
[2025-06-15T16:11:55.052+0000] {retries.py:91} DEBUG - Running Job._fetch_from_db with retries. Try 1 of 3
[2025-06-15T16:11:55.079+0000] {retries.py:91} DEBUG - Running Job._update_heartbeat with retries. Try 1 of 3
[2025-06-15T16:11:55.338+0000] {job.py:214} DEBUG - [heartbeat]
[2025-06-15T16:11:58.427+0000] {logging_mixin.py:188} INFO - ✔ Đã load Orders → staging.stg_Orders
[2025-06-15T16:11:58.446+0000] {base.py:84} INFO - Using connection ID 'mysql' for task execution.
[2025-06-15T16:11:58.465+0000] {logging_mixin.py:188} WARNING - /home/***/.local/lib/python3.10/site-packages/***/providers/common/sql/hooks/sql.py:263 UserWarning: pandas only supports SQLAlchemy connectable (engine/connection) or database string URI or sqlite3 DBAPI2 connection. Other DBAPI2 objects are not tested. Please consider using SQLAlchemy.
[2025-06-15T16:11:59.586+0000] {logging_mixin.py:188} INFO - ✔ Đã load Product → staging.stg_Product
[2025-06-15T16:11:59.597+0000] {base.py:84} INFO - Using connection ID 'mysql' for task execution.
[2025-06-15T16:11:59.610+0000] {logging_mixin.py:188} WARNING - /home/***/.local/lib/python3.10/site-packages/***/providers/common/sql/hooks/sql.py:263 UserWarning: pandas only supports SQLAlchemy connectable (engine/connection) or database string URI or sqlite3 DBAPI2 connection. Other DBAPI2 objects are not tested. Please consider using SQLAlchemy.
[2025-06-15T16:11:59.678+0000] {logging_mixin.py:188} INFO - ✔ Đã load Sub_Category → staging.stg_Sub_Category
[2025-06-15T16:11:59.681+0000] {python.py:237} INFO - Done. Returned value was: None
[2025-06-15T16:11:59.682+0000] {taskinstance.py:441} INFO - ::group::Post task execution logs
[2025-06-15T16:11:59.687+0000] {__init__.py:77} DEBUG - Lineage called with inlets: [], outlets: []
[2025-06-15T16:11:59.705+0000] {taskinstance.py:584} DEBUG - Clearing next_method and next_kwargs.
[2025-06-15T16:11:59.706+0000] {taskinstance.py:1206} INFO - Marking task as SUCCESS. dag_id=globalsuperstore, task_id=extract.extract_and_load_to_staging, run_id=manual__2025-06-15T16:11:18.168062+00:00, execution_date=20250615T161118, start_date=20250615T161123, end_date=20250615T161159
[2025-06-15T16:11:59.707+0000] {taskinstance.py:562} DEBUG - Task Duration set to 36.235393
[2025-06-15T16:11:59.749+0000] {cli_action_loggers.py:88} DEBUG - Calling callbacks: []
[2025-06-15T16:11:59.816+0000] {local_task_job_runner.py:240} INFO - Task exited with return code 0
[2025-06-15T16:11:59.945+0000] {dagrun.py:931} DEBUG - number of tis tasks for <DagRun globalsuperstore @ 2025-06-15 16:11:18.168062+00:00: manual__2025-06-15T16:11:18.168062+00:00, state:running, queued_at: 2025-06-15 16:11:18.248361+00:00. externally triggered: True>: 7 task(s)
[2025-06-15T16:11:59.949+0000] {dagrun.py:952} DEBUG - number of scheduleable tasks for <DagRun globalsuperstore @ 2025-06-15 16:11:18.168062+00:00: manual__2025-06-15T16:11:18.168062+00:00, state:running, queued_at: 2025-06-15 16:11:18.248361+00:00. externally triggered: True>: 6 task(s)
[2025-06-15T16:11:59.956+0000] {taskinstance.py:2088} DEBUG - <TaskInstance: globalsuperstore.transform.transform_dim_customers manual__2025-06-15T16:11:18.168062+00:00 [None]> dependency 'Previous Dagrun State' PASSED: True, The task did not have depends_on_past set.
[2025-06-15T16:11:59.958+0000] {taskinstance.py:2088} DEBUG - <TaskInstance: globalsuperstore.transform.transform_dim_customers manual__2025-06-15T16:11:18.168062+00:00 [None]> dependency 'Not In Retry Period' PASSED: True, The task instance was not marked for retrying.
[2025-06-15T16:11:59.967+0000] {taskinstance.py:2076} DEBUG - Dependencies all met for dep_context=None ti=<TaskInstance: globalsuperstore.transform.transform_dim_customers manual__2025-06-15T16:11:18.168062+00:00 [None]>
[2025-06-15T16:11:59.970+0000] {taskinstance.py:2088} DEBUG - <TaskInstance: globalsuperstore.transform.transform_dim_products manual__2025-06-15T16:11:18.168062+00:00 [None]> dependency 'Previous Dagrun State' PASSED: True, The task did not have depends_on_past set.
[2025-06-15T16:11:59.971+0000] {taskinstance.py:2088} DEBUG - <TaskInstance: globalsuperstore.transform.transform_dim_products manual__2025-06-15T16:11:18.168062+00:00 [None]> dependency 'Not In Retry Period' PASSED: True, The task instance was not marked for retrying.
[2025-06-15T16:11:59.972+0000] {taskinstance.py:2076} DEBUG - Dependencies all met for dep_context=None ti=<TaskInstance: globalsuperstore.transform.transform_dim_products manual__2025-06-15T16:11:18.168062+00:00 [None]>
[2025-06-15T16:11:59.974+0000] {taskinstance.py:2088} DEBUG - <TaskInstance: globalsuperstore.transform.transform_dim_locations manual__2025-06-15T16:11:18.168062+00:00 [None]> dependency 'Previous Dagrun State' PASSED: True, The task did not have depends_on_past set.
[2025-06-15T16:11:59.976+0000] {taskinstance.py:2088} DEBUG - <TaskInstance: globalsuperstore.transform.transform_dim_locations manual__2025-06-15T16:11:18.168062+00:00 [None]> dependency 'Not In Retry Period' PASSED: True, The task instance was not marked for retrying.
[2025-06-15T16:11:59.977+0000] {taskinstance.py:2076} DEBUG - Dependencies all met for dep_context=None ti=<TaskInstance: globalsuperstore.transform.transform_dim_locations manual__2025-06-15T16:11:18.168062+00:00 [None]>
[2025-06-15T16:11:59.979+0000] {taskinstance.py:2088} DEBUG - <TaskInstance: globalsuperstore.transform.transform_dim_shipmode manual__2025-06-15T16:11:18.168062+00:00 [None]> dependency 'Previous Dagrun State' PASSED: True, The task did not have depends_on_past set.
[2025-06-15T16:11:59.981+0000] {taskinstance.py:2088} DEBUG - <TaskInstance: globalsuperstore.transform.transform_dim_shipmode manual__2025-06-15T16:11:18.168062+00:00 [None]> dependency 'Not In Retry Period' PASSED: True, The task instance was not marked for retrying.
[2025-06-15T16:11:59.983+0000] {taskinstance.py:2076} DEBUG - Dependencies all met for dep_context=None ti=<TaskInstance: globalsuperstore.transform.transform_dim_shipmode manual__2025-06-15T16:11:18.168062+00:00 [None]>
[2025-06-15T16:11:59.985+0000] {taskinstance.py:2088} DEBUG - <TaskInstance: globalsuperstore.transform.transform_dim_date manual__2025-06-15T16:11:18.168062+00:00 [None]> dependency 'Previous Dagrun State' PASSED: True, The task did not have depends_on_past set.
[2025-06-15T16:11:59.986+0000] {taskinstance.py:2088} DEBUG - <TaskInstance: globalsuperstore.transform.transform_dim_date manual__2025-06-15T16:11:18.168062+00:00 [None]> dependency 'Not In Retry Period' PASSED: True, The task instance was not marked for retrying.
[2025-06-15T16:11:59.988+0000] {taskinstance.py:2076} DEBUG - Dependencies all met for dep_context=None ti=<TaskInstance: globalsuperstore.transform.transform_dim_date manual__2025-06-15T16:11:18.168062+00:00 [None]>
[2025-06-15T16:11:59.989+0000] {taskinstance.py:2088} DEBUG - <TaskInstance: globalsuperstore.load.transform_fact_sales manual__2025-06-15T16:11:18.168062+00:00 [None]> dependency 'Previous Dagrun State' PASSED: True, The task did not have depends_on_past set.
[2025-06-15T16:11:59.989+0000] {taskinstance.py:2088} DEBUG - <TaskInstance: globalsuperstore.load.transform_fact_sales manual__2025-06-15T16:11:18.168062+00:00 [None]> dependency 'Not In Retry Period' PASSED: True, The task instance was not marked for retrying.
[2025-06-15T16:11:59.991+0000] {taskinstance.py:2088} DEBUG - <TaskInstance: globalsuperstore.load.transform_fact_sales manual__2025-06-15T16:11:18.168062+00:00 [None]> dependency 'Trigger Rule' PASSED: False, Task's trigger rule 'all_success' requires all upstream tasks to have succeeded, but found 5 non-success(es). upstream_states=_UpstreamTIStates(success=0, skipped=0, failed=0, upstream_failed=0, removed=0, done=0, success_setup=0, skipped_setup=0), upstream_task_ids={'transform.transform_dim_date', 'transform.transform_dim_shipmode', 'transform.transform_dim_customers', 'transform.transform_dim_locations', 'transform.transform_dim_products'}
[2025-06-15T16:11:59.992+0000] {taskinstance.py:2066} DEBUG - Dependencies not met for <TaskInstance: globalsuperstore.load.transform_fact_sales manual__2025-06-15T16:11:18.168062+00:00 [None]>, dependency 'Trigger Rule' FAILED: Task's trigger rule 'all_success' requires all upstream tasks to have succeeded, but found 5 non-success(es). upstream_states=_UpstreamTIStates(success=0, skipped=0, failed=0, upstream_failed=0, removed=0, done=0, success_setup=0, skipped_setup=0), upstream_task_ids={'transform.transform_dim_date', 'transform.transform_dim_shipmode', 'transform.transform_dim_customers', 'transform.transform_dim_locations', 'transform.transform_dim_products'}
[2025-06-15T16:12:00.035+0000] {taskinstance.py:3503} INFO - 5 downstream tasks scheduled from follow-on schedule check
[2025-06-15T16:12:00.042+0000] {local_task_job_runner.py:222} INFO - ::endgroup::
