[2025-06-16T15:46:12.516+0000] {taskinstance.py:1042} DEBUG - previous_execution_date was called
[2025-06-16T15:46:12.571+0000] {__init__.py:54} DEBUG - Loading core task runner: StandardTaskRunner
[2025-06-16T15:46:12.607+0000] {taskinstance.py:1042} DEBUG - previous_execution_date was called
[2025-06-16T15:46:12.635+0000] {base_task_runner.py:73} DEBUG - Planning to run as the  user
[2025-06-16T15:46:12.649+0000] {local_task_job_runner.py:120} INFO - ::group::Pre task execution logs
[2025-06-16T15:46:12.762+0000] {taskinstance.py:2088} DEBUG - <TaskInstance: globalsuperstore.transform.transform_dim_shipmode manual__2025-06-16T15:45:36.887008+00:00 [queued]> dependency 'Task Instance State' PASSED: True, Task state queued was valid.
[2025-06-16T15:46:12.763+0000] {taskinstance.py:2088} DEBUG - <TaskInstance: globalsuperstore.transform.transform_dim_shipmode manual__2025-06-16T15:45:36.887008+00:00 [queued]> dependency 'Task Instance Not Running' PASSED: True, Task is not in running state.
[2025-06-16T15:46:12.764+0000] {taskinstance.py:2088} DEBUG - <TaskInstance: globalsuperstore.transform.transform_dim_shipmode manual__2025-06-16T15:45:36.887008+00:00 [queued]> dependency 'Not In Retry Period' PASSED: True, The task instance was not marked for retrying.
[2025-06-16T15:46:12.766+0000] {taskinstance.py:2088} DEBUG - <TaskInstance: globalsuperstore.transform.transform_dim_shipmode manual__2025-06-16T15:45:36.887008+00:00 [queued]> dependency 'Previous Dagrun State' PASSED: True, The task did not have depends_on_past set.
[2025-06-16T15:46:12.780+0000] {taskinstance.py:2076} INFO - Dependencies all met for dep_context=non-requeueable deps ti=<TaskInstance: globalsuperstore.transform.transform_dim_shipmode manual__2025-06-16T15:45:36.887008+00:00 [queued]>
[2025-06-16T15:46:12.796+0000] {taskinstance.py:2088} DEBUG - <TaskInstance: globalsuperstore.transform.transform_dim_shipmode manual__2025-06-16T15:45:36.887008+00:00 [queued]> dependency 'Pool Slots Available' PASSED: True, There are enough open slots in default_pool to execute the task
[2025-06-16T15:46:12.801+0000] {taskinstance.py:2088} DEBUG - <TaskInstance: globalsuperstore.transform.transform_dim_shipmode manual__2025-06-16T15:45:36.887008+00:00 [queued]> dependency 'Task Concurrency' PASSED: True, Task concurrency is not set.
[2025-06-16T15:46:12.804+0000] {taskinstance.py:2088} DEBUG - <TaskInstance: globalsuperstore.transform.transform_dim_shipmode manual__2025-06-16T15:45:36.887008+00:00 [queued]> dependency 'Not In Retry Period' PASSED: True, The task instance was not marked for retrying.
[2025-06-16T15:46:12.808+0000] {taskinstance.py:2088} DEBUG - <TaskInstance: globalsuperstore.transform.transform_dim_shipmode manual__2025-06-16T15:45:36.887008+00:00 [queued]> dependency 'Previous Dagrun State' PASSED: True, The task did not have depends_on_past set.
[2025-06-16T15:46:12.825+0000] {taskinstance.py:2076} INFO - Dependencies all met for dep_context=requeueable deps ti=<TaskInstance: globalsuperstore.transform.transform_dim_shipmode manual__2025-06-16T15:45:36.887008+00:00 [queued]>
[2025-06-16T15:46:12.826+0000] {taskinstance.py:2306} INFO - Starting attempt 1 of 1
[2025-06-16T15:46:12.917+0000] {taskinstance.py:2330} INFO - Executing <Task(PythonOperator): transform.transform_dim_shipmode> on 2025-06-16 15:45:36.887008+00:00
[2025-06-16T15:46:12.940+0000] {standard_task_runner.py:63} INFO - Started process 345 to run task
[2025-06-16T15:46:12.951+0000] {standard_task_runner.py:90} INFO - Running: ['***', 'tasks', 'run', 'globalsuperstore', 'transform.transform_dim_shipmode', 'manual__2025-06-16T15:45:36.887008+00:00', '--job-id', '106', '--raw', '--subdir', 'DAGS_FOLDER/global_superstore_dw_etl.py', '--cfg-path', '/tmp/tmpu2zdrblm']
[2025-06-16T15:46:12.958+0000] {standard_task_runner.py:91} INFO - Job 106: Subtask transform.transform_dim_shipmode
[2025-06-16T15:46:12.975+0000] {cli_action_loggers.py:70} DEBUG - Calling callbacks: [<function default_action_log at 0x7fa267925750>]
[2025-06-16T15:46:13.095+0000] {taskinstance.py:1042} DEBUG - previous_execution_date was called
[2025-06-16T15:46:13.112+0000] {task_command.py:426} INFO - Running <TaskInstance: globalsuperstore.transform.transform_dim_shipmode manual__2025-06-16T15:45:36.887008+00:00 [running]> on host 9b7c60adfed6
[2025-06-16T15:46:13.113+0000] {settings.py:363} DEBUG - Disposing DB connection pool (PID 345)
[2025-06-16T15:46:13.114+0000] {settings.py:250} DEBUG - Setting up DB connection pool (PID 345)
[2025-06-16T15:46:13.115+0000] {settings.py:298} DEBUG - settings.prepare_engine_args(): Using NullPool
[2025-06-16T15:46:13.231+0000] {taskinstance.py:1042} DEBUG - previous_execution_date was called
[2025-06-16T15:46:13.240+0000] {taskinstance.py:1845} DEBUG - Clearing XCom data
[2025-06-16T15:46:13.289+0000] {retries.py:91} DEBUG - Running RenderedTaskInstanceFields.write with retries. Try 1 of 3
[2025-06-16T15:46:13.364+0000] {retries.py:91} DEBUG - Running RenderedTaskInstanceFields._do_delete_old_records with retries. Try 1 of 3
[2025-06-16T15:46:13.401+0000] {taskinstance.py:2648} INFO - Exporting env vars: AIRFLOW_CTX_DAG_OWNER='***' AIRFLOW_CTX_DAG_ID='globalsuperstore' AIRFLOW_CTX_TASK_ID='transform.transform_dim_shipmode' AIRFLOW_CTX_EXECUTION_DATE='2025-06-16T15:45:36.887008+00:00' AIRFLOW_CTX_TRY_NUMBER='1' AIRFLOW_CTX_DAG_RUN_ID='manual__2025-06-16T15:45:36.887008+00:00'
[2025-06-16T15:46:13.403+0000] {__init__.py:115} DEBUG - Preparing lineage inlets and outlets
[2025-06-16T15:46:13.405+0000] {__init__.py:154} DEBUG - inlets: [], outlets: []
[2025-06-16T15:46:13.407+0000] {taskinstance.py:430} INFO - ::endgroup::
[2025-06-16T15:46:16.018+0000] {base.py:84} INFO - Using connection ID 'postgres' for task execution.
[2025-06-16T15:46:16.067+0000] {base.py:84} INFO - Using connection ID 'postgres' for task execution.
[2025-06-16T15:46:16.091+0000] {base.py:84} INFO - Using connection ID 'postgres' for task execution.
[2025-06-16T15:46:16.223+0000] {logging_mixin.py:188} WARNING - /home/***/.local/lib/python3.10/site-packages/***/providers/common/sql/hooks/sql.py:263 UserWarning: pandas only supports SQLAlchemy connectable (engine/connection) or database string URI or sqlite3 DBAPI2 connection. Other DBAPI2 objects are not tested. Please consider using SQLAlchemy.
[2025-06-16T15:46:17.548+0000] {logging_mixin.py:188} INFO - ✔ Đã transform và lưu dữ liệu vào warehouse.dim_shipmode
[2025-06-16T15:46:17.611+0000] {python.py:237} INFO - Done. Returned value was: None
[2025-06-16T15:46:17.614+0000] {taskinstance.py:441} INFO - ::group::Post task execution logs
[2025-06-16T15:46:17.616+0000] {__init__.py:77} DEBUG - Lineage called with inlets: [], outlets: []
[2025-06-16T15:46:17.646+0000] {taskinstance.py:584} DEBUG - Clearing next_method and next_kwargs.
[2025-06-16T15:46:17.650+0000] {taskinstance.py:1206} INFO - Marking task as SUCCESS. dag_id=globalsuperstore, task_id=transform.transform_dim_shipmode, run_id=manual__2025-06-16T15:45:36.887008+00:00, execution_date=20250616T154536, start_date=20250616T154612, end_date=20250616T154617
[2025-06-16T15:46:17.656+0000] {taskinstance.py:562} DEBUG - Task Duration set to 4.866981
[2025-06-16T15:46:17.717+0000] {cli_action_loggers.py:88} DEBUG - Calling callbacks: []
[2025-06-16T15:46:17.846+0000] {local_task_job_runner.py:240} INFO - Task exited with return code 0
[2025-06-16T15:46:17.941+0000] {taskinstance.py:3461} DEBUG - Skip locked rows, rollback
[2025-06-16T15:46:17.957+0000] {local_task_job_runner.py:222} INFO - ::endgroup::
