[2025-06-16T16:56:42.874+0000] {taskinstance.py:1042} DEBUG - previous_execution_date was called
[2025-06-16T16:56:42.896+0000] {__init__.py:54} DEBUG - Loading core task runner: StandardTaskRunner
[2025-06-16T16:56:42.915+0000] {taskinstance.py:1042} DEBUG - previous_execution_date was called
[2025-06-16T16:56:42.922+0000] {base_task_runner.py:73} DEBUG - Planning to run as the  user
[2025-06-16T16:56:42.932+0000] {local_task_job_runner.py:120} INFO - ::group::Pre task execution logs
[2025-06-16T16:56:43.043+0000] {taskinstance.py:2088} DEBUG - <TaskInstance: globalsuperstore.transform.transform_dim_customers manual__2025-06-16T16:56:21.821560+00:00 [queued]> dependency 'Task Instance Not Running' PASSED: True, Task is not in running state.
[2025-06-16T16:56:43.045+0000] {taskinstance.py:2088} DEBUG - <TaskInstance: globalsuperstore.transform.transform_dim_customers manual__2025-06-16T16:56:21.821560+00:00 [queued]> dependency 'Task Instance State' PASSED: True, Task state queued was valid.
[2025-06-16T16:56:43.061+0000] {taskinstance.py:2088} DEBUG - <TaskInstance: globalsuperstore.transform.transform_dim_customers manual__2025-06-16T16:56:21.821560+00:00 [queued]> dependency 'Previous Dagrun State' PASSED: True, The task did not have depends_on_past set.
[2025-06-16T16:56:43.062+0000] {taskinstance.py:2088} DEBUG - <TaskInstance: globalsuperstore.transform.transform_dim_customers manual__2025-06-16T16:56:21.821560+00:00 [queued]> dependency 'Not In Retry Period' PASSED: True, The task instance was not marked for retrying.
[2025-06-16T16:56:43.063+0000] {taskinstance.py:2076} INFO - Dependencies all met for dep_context=non-requeueable deps ti=<TaskInstance: globalsuperstore.transform.transform_dim_customers manual__2025-06-16T16:56:21.821560+00:00 [queued]>
[2025-06-16T16:56:43.069+0000] {taskinstance.py:2088} DEBUG - <TaskInstance: globalsuperstore.transform.transform_dim_customers manual__2025-06-16T16:56:21.821560+00:00 [queued]> dependency 'Pool Slots Available' PASSED: True, There are enough open slots in default_pool to execute the task
[2025-06-16T16:56:43.069+0000] {taskinstance.py:2088} DEBUG - <TaskInstance: globalsuperstore.transform.transform_dim_customers manual__2025-06-16T16:56:21.821560+00:00 [queued]> dependency 'Task Concurrency' PASSED: True, Task concurrency is not set.
[2025-06-16T16:56:43.072+0000] {taskinstance.py:2088} DEBUG - <TaskInstance: globalsuperstore.transform.transform_dim_customers manual__2025-06-16T16:56:21.821560+00:00 [queued]> dependency 'Previous Dagrun State' PASSED: True, The task did not have depends_on_past set.
[2025-06-16T16:56:43.074+0000] {taskinstance.py:2088} DEBUG - <TaskInstance: globalsuperstore.transform.transform_dim_customers manual__2025-06-16T16:56:21.821560+00:00 [queued]> dependency 'Not In Retry Period' PASSED: True, The task instance was not marked for retrying.
[2025-06-16T16:56:43.078+0000] {taskinstance.py:2076} INFO - Dependencies all met for dep_context=requeueable deps ti=<TaskInstance: globalsuperstore.transform.transform_dim_customers manual__2025-06-16T16:56:21.821560+00:00 [queued]>
[2025-06-16T16:56:43.078+0000] {taskinstance.py:2306} INFO - Starting attempt 1 of 1
[2025-06-16T16:56:43.100+0000] {taskinstance.py:2330} INFO - Executing <Task(PythonOperator): transform.transform_dim_customers> on 2025-06-16 16:56:21.821560+00:00
[2025-06-16T16:56:43.114+0000] {standard_task_runner.py:63} INFO - Started process 229 to run task
[2025-06-16T16:56:43.120+0000] {standard_task_runner.py:90} INFO - Running: ['***', 'tasks', 'run', 'globalsuperstore', 'transform.transform_dim_customers', 'manual__2025-06-16T16:56:21.821560+00:00', '--job-id', '241', '--raw', '--subdir', 'DAGS_FOLDER/global_superstore_dw_etl.py', '--cfg-path', '/tmp/tmp_jffcfg1']
[2025-06-16T16:56:43.122+0000] {standard_task_runner.py:91} INFO - Job 241: Subtask transform.transform_dim_customers
[2025-06-16T16:56:43.128+0000] {cli_action_loggers.py:70} DEBUG - Calling callbacks: [<function default_action_log at 0x7fb4a9929750>]
[2025-06-16T16:56:43.218+0000] {taskinstance.py:1042} DEBUG - previous_execution_date was called
[2025-06-16T16:56:43.224+0000] {task_command.py:426} INFO - Running <TaskInstance: globalsuperstore.transform.transform_dim_customers manual__2025-06-16T16:56:21.821560+00:00 [running]> on host 9b7c60adfed6
[2025-06-16T16:56:43.225+0000] {settings.py:363} DEBUG - Disposing DB connection pool (PID 229)
[2025-06-16T16:56:43.227+0000] {settings.py:250} DEBUG - Setting up DB connection pool (PID 229)
[2025-06-16T16:56:43.228+0000] {settings.py:298} DEBUG - settings.prepare_engine_args(): Using NullPool
[2025-06-16T16:56:43.281+0000] {taskinstance.py:1042} DEBUG - previous_execution_date was called
[2025-06-16T16:56:43.284+0000] {taskinstance.py:1845} DEBUG - Clearing XCom data
[2025-06-16T16:56:43.318+0000] {retries.py:91} DEBUG - Running RenderedTaskInstanceFields.write with retries. Try 1 of 3
[2025-06-16T16:56:43.382+0000] {retries.py:91} DEBUG - Running RenderedTaskInstanceFields._do_delete_old_records with retries. Try 1 of 3
[2025-06-16T16:56:43.399+0000] {taskinstance.py:2648} INFO - Exporting env vars: AIRFLOW_CTX_DAG_OWNER='***' AIRFLOW_CTX_DAG_ID='globalsuperstore' AIRFLOW_CTX_TASK_ID='transform.transform_dim_customers' AIRFLOW_CTX_EXECUTION_DATE='2025-06-16T16:56:21.821560+00:00' AIRFLOW_CTX_TRY_NUMBER='1' AIRFLOW_CTX_DAG_RUN_ID='manual__2025-06-16T16:56:21.821560+00:00'
[2025-06-16T16:56:43.400+0000] {__init__.py:115} DEBUG - Preparing lineage inlets and outlets
[2025-06-16T16:56:43.401+0000] {__init__.py:154} DEBUG - inlets: [], outlets: []
[2025-06-16T16:56:43.401+0000] {taskinstance.py:430} INFO - ::endgroup::
[2025-06-16T16:56:43.452+0000] {base.py:84} INFO - Using connection ID 'postgres' for task execution.
[2025-06-16T16:56:43.461+0000] {base.py:84} INFO - Using connection ID 'postgres' for task execution.
[2025-06-16T16:56:43.508+0000] {logging_mixin.py:188} INFO - ✔ Đã xóa dữ liệu trong warehouse.dim_customer
[2025-06-16T16:56:43.541+0000] {logging_mixin.py:188} INFO - ✔ Đã xóa dữ liệu trong warehouse.dim_product
[2025-06-16T16:56:43.575+0000] {logging_mixin.py:188} INFO - ✔ Đã xóa dữ liệu trong warehouse.dim_date
[2025-06-16T16:56:43.610+0000] {logging_mixin.py:188} INFO - ✔ Đã xóa dữ liệu trong warehouse.dim_shipmode
[2025-06-16T16:56:43.643+0000] {logging_mixin.py:188} INFO - ✔ Đã xóa dữ liệu trong warehouse.dim_location
[2025-06-16T16:56:43.661+0000] {logging_mixin.py:188} INFO - ✔ Đã xóa dữ liệu trong warehouse.fact_sales
[2025-06-16T16:56:43.685+0000] {base.py:84} INFO - Using connection ID 'postgres' for task execution.
[2025-06-16T16:56:43.701+0000] {logging_mixin.py:188} WARNING - /home/***/.local/lib/python3.10/site-packages/***/providers/common/sql/hooks/sql.py:263 UserWarning: pandas only supports SQLAlchemy connectable (engine/connection) or database string URI or sqlite3 DBAPI2 connection. Other DBAPI2 objects are not tested. Please consider using SQLAlchemy.
[2025-06-16T16:56:44.204+0000] {logging_mixin.py:188} INFO - ✔ Đã lưu dữ liệu vào warehouse.dim_customer (1590 dòng)
[2025-06-16T16:56:44.204+0000] {logging_mixin.py:188} INFO - ✔ Đã transform và lưu dữ liệu vào warehouse.dim_customer
[2025-06-16T16:56:44.205+0000] {python.py:237} INFO - Done. Returned value was: None
[2025-06-16T16:56:44.206+0000] {taskinstance.py:441} INFO - ::group::Post task execution logs
[2025-06-16T16:56:44.206+0000] {__init__.py:77} DEBUG - Lineage called with inlets: [], outlets: []
[2025-06-16T16:56:44.217+0000] {taskinstance.py:584} DEBUG - Clearing next_method and next_kwargs.
[2025-06-16T16:56:44.217+0000] {taskinstance.py:1206} INFO - Marking task as SUCCESS. dag_id=globalsuperstore, task_id=transform.transform_dim_customers, run_id=manual__2025-06-16T16:56:21.821560+00:00, execution_date=20250616T165621, start_date=20250616T165643, end_date=20250616T165644
[2025-06-16T16:56:44.218+0000] {taskinstance.py:562} DEBUG - Task Duration set to 1.154035
[2025-06-16T16:56:44.235+0000] {cli_action_loggers.py:88} DEBUG - Calling callbacks: []
[2025-06-16T16:56:44.260+0000] {local_task_job_runner.py:240} INFO - Task exited with return code 0
[2025-06-16T16:56:44.283+0000] {dagrun.py:931} DEBUG - number of tis tasks for <DagRun globalsuperstore @ 2025-06-16 16:56:21.821560+00:00: manual__2025-06-16T16:56:21.821560+00:00, state:running, queued_at: 2025-06-16 16:56:21.852799+00:00. externally triggered: True>: 6 task(s)
[2025-06-16T16:56:44.284+0000] {dagrun.py:952} DEBUG - number of scheduleable tasks for <DagRun globalsuperstore @ 2025-06-16 16:56:21.821560+00:00: manual__2025-06-16T16:56:21.821560+00:00, state:running, queued_at: 2025-06-16 16:56:21.852799+00:00. externally triggered: True>: 1 task(s)
[2025-06-16T16:56:44.285+0000] {taskinstance.py:2088} DEBUG - <TaskInstance: globalsuperstore.load.transform_fact_sales manual__2025-06-16T16:56:21.821560+00:00 [None]> dependency 'Previous Dagrun State' PASSED: True, The task did not have depends_on_past set.
[2025-06-16T16:56:44.285+0000] {taskinstance.py:2088} DEBUG - <TaskInstance: globalsuperstore.load.transform_fact_sales manual__2025-06-16T16:56:21.821560+00:00 [None]> dependency 'Trigger Rule' PASSED: False, Task's trigger rule 'all_success' requires all upstream tasks to have succeeded, but found 3 non-success(es). upstream_states=_UpstreamTIStates(success=2, skipped=0, failed=0, upstream_failed=0, removed=0, done=2, success_setup=0, skipped_setup=0), upstream_task_ids={'transform.transform_dim_date', 'transform.transform_dim_locations', 'transform.transform_dim_customers', 'transform.transform_dim_shipmode', 'transform.transform_dim_products'}
[2025-06-16T16:56:44.286+0000] {taskinstance.py:2066} DEBUG - Dependencies not met for <TaskInstance: globalsuperstore.load.transform_fact_sales manual__2025-06-16T16:56:21.821560+00:00 [None]>, dependency 'Trigger Rule' FAILED: Task's trigger rule 'all_success' requires all upstream tasks to have succeeded, but found 3 non-success(es). upstream_states=_UpstreamTIStates(success=2, skipped=0, failed=0, upstream_failed=0, removed=0, done=2, success_setup=0, skipped_setup=0), upstream_task_ids={'transform.transform_dim_date', 'transform.transform_dim_locations', 'transform.transform_dim_customers', 'transform.transform_dim_shipmode', 'transform.transform_dim_products'}
[2025-06-16T16:56:44.286+0000] {taskinstance.py:2088} DEBUG - <TaskInstance: globalsuperstore.load.transform_fact_sales manual__2025-06-16T16:56:21.821560+00:00 [None]> dependency 'Not In Retry Period' PASSED: True, The task instance was not marked for retrying.
[2025-06-16T16:56:44.295+0000] {taskinstance.py:3503} INFO - 0 downstream tasks scheduled from follow-on schedule check
[2025-06-16T16:56:44.299+0000] {local_task_job_runner.py:222} INFO - ::endgroup::
