[2025-06-15T16:54:54.618+0000] {taskinstance.py:1042} DEBUG - previous_execution_date was called
[2025-06-15T16:54:54.711+0000] {__init__.py:54} DEBUG - Loading core task runner: StandardTaskRunner
[2025-06-15T16:54:54.763+0000] {taskinstance.py:1042} DEBUG - previous_execution_date was called
[2025-06-15T16:54:54.790+0000] {base_task_runner.py:73} DEBUG - Planning to run as the  user
[2025-06-15T16:54:54.850+0000] {local_task_job_runner.py:120} INFO - ::group::Pre task execution logs
[2025-06-15T16:54:55.207+0000] {taskinstance.py:2088} DEBUG - <TaskInstance: globalsuperstore.transform.transform_dim_products manual__2025-06-15T16:54:18.379166+00:00 [queued]> dependency 'Task Instance State' PASSED: True, Task state queued was valid.
[2025-06-15T16:54:55.228+0000] {taskinstance.py:2088} DEBUG - <TaskInstance: globalsuperstore.transform.transform_dim_products manual__2025-06-15T16:54:18.379166+00:00 [queued]> dependency 'Previous Dagrun State' PASSED: True, The task did not have depends_on_past set.
[2025-06-15T16:54:55.237+0000] {taskinstance.py:2088} DEBUG - <TaskInstance: globalsuperstore.transform.transform_dim_products manual__2025-06-15T16:54:18.379166+00:00 [queued]> dependency 'Task Instance Not Running' PASSED: True, Task is not in running state.
[2025-06-15T16:54:55.239+0000] {taskinstance.py:2088} DEBUG - <TaskInstance: globalsuperstore.transform.transform_dim_products manual__2025-06-15T16:54:18.379166+00:00 [queued]> dependency 'Not In Retry Period' PASSED: True, The task instance was not marked for retrying.
[2025-06-15T16:54:55.240+0000] {taskinstance.py:2076} INFO - Dependencies all met for dep_context=non-requeueable deps ti=<TaskInstance: globalsuperstore.transform.transform_dim_products manual__2025-06-15T16:54:18.379166+00:00 [queued]>
[2025-06-15T16:54:55.246+0000] {taskinstance.py:2088} DEBUG - <TaskInstance: globalsuperstore.transform.transform_dim_products manual__2025-06-15T16:54:18.379166+00:00 [queued]> dependency 'Previous Dagrun State' PASSED: True, The task did not have depends_on_past set.
[2025-06-15T16:54:55.286+0000] {taskinstance.py:2088} DEBUG - <TaskInstance: globalsuperstore.transform.transform_dim_products manual__2025-06-15T16:54:18.379166+00:00 [queued]> dependency 'Pool Slots Available' PASSED: True, There are enough open slots in default_pool to execute the task
[2025-06-15T16:54:55.287+0000] {taskinstance.py:2088} DEBUG - <TaskInstance: globalsuperstore.transform.transform_dim_products manual__2025-06-15T16:54:18.379166+00:00 [queued]> dependency 'Task Concurrency' PASSED: True, Task concurrency is not set.
[2025-06-15T16:54:55.293+0000] {taskinstance.py:2088} DEBUG - <TaskInstance: globalsuperstore.transform.transform_dim_products manual__2025-06-15T16:54:18.379166+00:00 [queued]> dependency 'Not In Retry Period' PASSED: True, The task instance was not marked for retrying.
[2025-06-15T16:54:55.294+0000] {taskinstance.py:2076} INFO - Dependencies all met for dep_context=requeueable deps ti=<TaskInstance: globalsuperstore.transform.transform_dim_products manual__2025-06-15T16:54:18.379166+00:00 [queued]>
[2025-06-15T16:54:55.296+0000] {taskinstance.py:2306} INFO - Starting attempt 1 of 1
[2025-06-15T16:54:55.358+0000] {taskinstance.py:2330} INFO - Executing <Task(PythonOperator): transform.transform_dim_products> on 2025-06-15 16:54:18.379166+00:00
[2025-06-15T16:54:55.380+0000] {standard_task_runner.py:63} INFO - Started process 275 to run task
[2025-06-15T16:54:55.385+0000] {standard_task_runner.py:90} INFO - Running: ['***', 'tasks', 'run', 'globalsuperstore', 'transform.transform_dim_products', 'manual__2025-06-15T16:54:18.379166+00:00', '--job-id', '103', '--raw', '--subdir', 'DAGS_FOLDER/global_superstore_dw_etl.py', '--cfg-path', '/tmp/tmpa26i1hy5']
[2025-06-15T16:54:55.388+0000] {standard_task_runner.py:91} INFO - Job 103: Subtask transform.transform_dim_products
[2025-06-15T16:54:55.391+0000] {cli_action_loggers.py:70} DEBUG - Calling callbacks: [<function default_action_log at 0x7f2bfbd29750>]
[2025-06-15T16:54:55.513+0000] {taskinstance.py:1042} DEBUG - previous_execution_date was called
[2025-06-15T16:54:55.532+0000] {task_command.py:426} INFO - Running <TaskInstance: globalsuperstore.transform.transform_dim_products manual__2025-06-15T16:54:18.379166+00:00 [running]> on host a40e01b9e58f
[2025-06-15T16:54:55.533+0000] {settings.py:363} DEBUG - Disposing DB connection pool (PID 275)
[2025-06-15T16:54:55.535+0000] {settings.py:250} DEBUG - Setting up DB connection pool (PID 275)
[2025-06-15T16:54:55.537+0000] {settings.py:298} DEBUG - settings.prepare_engine_args(): Using NullPool
[2025-06-15T16:54:55.594+0000] {taskinstance.py:1042} DEBUG - previous_execution_date was called
[2025-06-15T16:54:55.603+0000] {taskinstance.py:1845} DEBUG - Clearing XCom data
[2025-06-15T16:54:55.643+0000] {retries.py:91} DEBUG - Running RenderedTaskInstanceFields.write with retries. Try 1 of 3
[2025-06-15T16:54:55.748+0000] {retries.py:91} DEBUG - Running RenderedTaskInstanceFields._do_delete_old_records with retries. Try 1 of 3
[2025-06-15T16:54:55.778+0000] {taskinstance.py:2648} INFO - Exporting env vars: AIRFLOW_CTX_DAG_OWNER='***' AIRFLOW_CTX_DAG_ID='globalsuperstore' AIRFLOW_CTX_TASK_ID='transform.transform_dim_products' AIRFLOW_CTX_EXECUTION_DATE='2025-06-15T16:54:18.379166+00:00' AIRFLOW_CTX_TRY_NUMBER='1' AIRFLOW_CTX_DAG_RUN_ID='manual__2025-06-15T16:54:18.379166+00:00'
[2025-06-15T16:54:55.780+0000] {__init__.py:115} DEBUG - Preparing lineage inlets and outlets
[2025-06-15T16:54:55.782+0000] {__init__.py:154} DEBUG - inlets: [], outlets: []
[2025-06-15T16:54:55.783+0000] {taskinstance.py:430} INFO - ::endgroup::
[2025-06-15T16:54:55.871+0000] {base.py:84} INFO - Using connection ID 'postgres' for task execution.
[2025-06-15T16:54:55.913+0000] {base.py:84} INFO - Using connection ID 'postgres' for task execution.
[2025-06-15T16:54:55.948+0000] {base.py:84} INFO - Using connection ID 'postgres' for task execution.
[2025-06-15T16:54:56.035+0000] {logging_mixin.py:188} WARNING - /home/***/.local/lib/python3.10/site-packages/***/providers/common/sql/hooks/sql.py:263 UserWarning: pandas only supports SQLAlchemy connectable (engine/connection) or database string URI or sqlite3 DBAPI2 connection. Other DBAPI2 objects are not tested. Please consider using SQLAlchemy.
[2025-06-15T16:54:56.186+0000] {base.py:84} INFO - Using connection ID 'postgres' for task execution.
[2025-06-15T16:54:56.228+0000] {logging_mixin.py:188} WARNING - /home/***/.local/lib/python3.10/site-packages/***/providers/common/sql/hooks/sql.py:263 UserWarning: pandas only supports SQLAlchemy connectable (engine/connection) or database string URI or sqlite3 DBAPI2 connection. Other DBAPI2 objects are not tested. Please consider using SQLAlchemy.
[2025-06-15T16:54:56.283+0000] {base.py:84} INFO - Using connection ID 'postgres' for task execution.
[2025-06-15T16:54:56.307+0000] {logging_mixin.py:188} WARNING - /home/***/.local/lib/python3.10/site-packages/***/providers/common/sql/hooks/sql.py:263 UserWarning: pandas only supports SQLAlchemy connectable (engine/connection) or database string URI or sqlite3 DBAPI2 connection. Other DBAPI2 objects are not tested. Please consider using SQLAlchemy.
[2025-06-15T16:54:59.964+0000] {logging_mixin.py:188} INFO - ✔ Đã transform và lưu dữ liệu vào warehouse.dim_product
[2025-06-15T16:54:59.968+0000] {python.py:237} INFO - Done. Returned value was: None
[2025-06-15T16:54:59.970+0000] {taskinstance.py:441} INFO - ::group::Post task execution logs
[2025-06-15T16:54:59.972+0000] {__init__.py:77} DEBUG - Lineage called with inlets: [], outlets: []
[2025-06-15T16:54:59.993+0000] {taskinstance.py:584} DEBUG - Clearing next_method and next_kwargs.
[2025-06-15T16:54:59.995+0000] {taskinstance.py:1206} INFO - Marking task as SUCCESS. dag_id=globalsuperstore, task_id=transform.transform_dim_products, run_id=manual__2025-06-15T16:54:18.379166+00:00, execution_date=20250615T165418, start_date=20250615T165455, end_date=20250615T165459
[2025-06-15T16:54:59.995+0000] {taskinstance.py:562} DEBUG - Task Duration set to 4.753169
[2025-06-15T16:55:00.027+0000] {cli_action_loggers.py:88} DEBUG - Calling callbacks: []
[2025-06-15T16:55:00.079+0000] {local_task_job_runner.py:240} INFO - Task exited with return code 0
[2025-06-15T16:55:00.143+0000] {dagrun.py:931} DEBUG - number of tis tasks for <DagRun globalsuperstore @ 2025-06-15 16:54:18.379166+00:00: manual__2025-06-15T16:54:18.379166+00:00, state:running, queued_at: 2025-06-15 16:54:18.409467+00:00. externally triggered: True>: 6 task(s)
[2025-06-15T16:55:00.144+0000] {dagrun.py:952} DEBUG - number of scheduleable tasks for <DagRun globalsuperstore @ 2025-06-15 16:54:18.379166+00:00: manual__2025-06-15T16:54:18.379166+00:00, state:running, queued_at: 2025-06-15 16:54:18.409467+00:00. externally triggered: True>: 1 task(s)
[2025-06-15T16:55:00.146+0000] {taskinstance.py:2088} DEBUG - <TaskInstance: globalsuperstore.load.transform_fact_sales manual__2025-06-15T16:54:18.379166+00:00 [None]> dependency 'Previous Dagrun State' PASSED: True, The task did not have depends_on_past set.
[2025-06-15T16:55:00.147+0000] {taskinstance.py:2088} DEBUG - <TaskInstance: globalsuperstore.load.transform_fact_sales manual__2025-06-15T16:54:18.379166+00:00 [None]> dependency 'Not In Retry Period' PASSED: True, The task instance was not marked for retrying.
[2025-06-15T16:55:00.149+0000] {taskinstance.py:2076} DEBUG - Dependencies all met for dep_context=None ti=<TaskInstance: globalsuperstore.load.transform_fact_sales manual__2025-06-15T16:54:18.379166+00:00 [None]>
[2025-06-15T16:55:00.158+0000] {taskinstance.py:3503} INFO - 1 downstream tasks scheduled from follow-on schedule check
[2025-06-15T16:55:00.164+0000] {local_task_job_runner.py:222} INFO - ::endgroup::
