[2025-06-14T10:19:02.697+0000] {local_task_job_runner.py:120} INFO - ::group::Pre task execution logs
[2025-06-14T10:19:02.896+0000] {taskinstance.py:2076} INFO - Dependencies all met for dep_context=non-requeueable deps ti=<TaskInstance: globalsuperstore.extract.extract_and_load_to_staging scheduled__2025-06-13T00:00:00+00:00 [queued]>
[2025-06-14T10:19:02.914+0000] {taskinstance.py:2076} INFO - Dependencies all met for dep_context=requeueable deps ti=<TaskInstance: globalsuperstore.extract.extract_and_load_to_staging scheduled__2025-06-13T00:00:00+00:00 [queued]>
[2025-06-14T10:19:02.915+0000] {taskinstance.py:2306} INFO - Starting attempt 1 of 1
[2025-06-14T10:19:02.943+0000] {taskinstance.py:2330} INFO - Executing <Task(PythonOperator): extract.extract_and_load_to_staging> on 2025-06-13 00:00:00+00:00
[2025-06-14T10:19:02.962+0000] {standard_task_runner.py:63} INFO - Started process 257 to run task
[2025-06-14T10:19:02.968+0000] {standard_task_runner.py:90} INFO - Running: ['***', 'tasks', 'run', 'globalsuperstore', 'extract.extract_and_load_to_staging', 'scheduled__2025-06-13T00:00:00+00:00', '--job-id', '30', '--raw', '--subdir', 'DAGS_FOLDER/global_superstore_dw_etl.py', '--cfg-path', '/tmp/tmpic8fz3ea']
[2025-06-14T10:19:02.989+0000] {standard_task_runner.py:91} INFO - Job 30: Subtask extract.extract_and_load_to_staging
[2025-06-14T10:19:03.111+0000] {task_command.py:426} INFO - Running <TaskInstance: globalsuperstore.extract.extract_and_load_to_staging scheduled__2025-06-13T00:00:00+00:00 [running]> on host f3cca4675eb8
[2025-06-14T10:19:03.268+0000] {taskinstance.py:2648} INFO - Exporting env vars: AIRFLOW_CTX_DAG_OWNER='***' AIRFLOW_CTX_DAG_ID='globalsuperstore' AIRFLOW_CTX_TASK_ID='extract.extract_and_load_to_staging' AIRFLOW_CTX_EXECUTION_DATE='2025-06-13T00:00:00+00:00' AIRFLOW_CTX_TRY_NUMBER='1' AIRFLOW_CTX_DAG_RUN_ID='scheduled__2025-06-13T00:00:00+00:00'
[2025-06-14T10:19:03.270+0000] {taskinstance.py:430} INFO - ::endgroup::
[2025-06-14T10:19:03.340+0000] {base.py:84} INFO - Using connection ID 'postgres' for task execution.
[2025-06-14T10:19:03.352+0000] {base.py:84} INFO - Using connection ID 'mysql' for task execution.
[2025-06-14T10:19:03.861+0000] {logging_mixin.py:188} WARNING - /home/***/.local/lib/python3.10/site-packages/***/providers/common/sql/hooks/sql.py:263 UserWarning: pandas only supports SQLAlchemy connectable (engine/connection) or database string URI or sqlite3 DBAPI2 connection. Other DBAPI2 objects are not tested. Please consider using SQLAlchemy.
[2025-06-14T10:19:04.598+0000] {logging_mixin.py:188} INFO - ✔ Đã load Category → staging.stg_Category
[2025-06-14T10:19:04.610+0000] {base.py:84} INFO - Using connection ID 'mysql' for task execution.
[2025-06-14T10:19:04.619+0000] {logging_mixin.py:188} WARNING - /home/***/.local/lib/python3.10/site-packages/***/providers/common/sql/hooks/sql.py:263 UserWarning: pandas only supports SQLAlchemy connectable (engine/connection) or database string URI or sqlite3 DBAPI2 connection. Other DBAPI2 objects are not tested. Please consider using SQLAlchemy.
[2025-06-14T10:19:08.536+0000] {logging_mixin.py:188} INFO - ✔ Đã load Customer → staging.stg_Customer
[2025-06-14T10:19:08.542+0000] {base.py:84} INFO - Using connection ID 'mysql' for task execution.
[2025-06-14T10:19:08.552+0000] {logging_mixin.py:188} WARNING - /home/***/.local/lib/python3.10/site-packages/***/providers/common/sql/hooks/sql.py:263 UserWarning: pandas only supports SQLAlchemy connectable (engine/connection) or database string URI or sqlite3 DBAPI2 connection. Other DBAPI2 objects are not tested. Please consider using SQLAlchemy.
[2025-06-14T10:19:22.937+0000] {logging_mixin.py:188} INFO - ✔ Đã load Order_Details → staging.stg_Order_Details
[2025-06-14T10:19:22.947+0000] {base.py:84} INFO - Using connection ID 'mysql' for task execution.
[2025-06-14T10:19:22.958+0000] {logging_mixin.py:188} WARNING - /home/***/.local/lib/python3.10/site-packages/***/providers/common/sql/hooks/sql.py:263 UserWarning: pandas only supports SQLAlchemy connectable (engine/connection) or database string URI or sqlite3 DBAPI2 connection. Other DBAPI2 objects are not tested. Please consider using SQLAlchemy.
[2025-06-14T10:19:27.308+0000] {logging_mixin.py:188} INFO - ✔ Đã load Orders → staging.stg_Orders
[2025-06-14T10:19:27.314+0000] {base.py:84} INFO - Using connection ID 'mysql' for task execution.
[2025-06-14T10:19:27.321+0000] {logging_mixin.py:188} WARNING - /home/***/.local/lib/python3.10/site-packages/***/providers/common/sql/hooks/sql.py:263 UserWarning: pandas only supports SQLAlchemy connectable (engine/connection) or database string URI or sqlite3 DBAPI2 connection. Other DBAPI2 objects are not tested. Please consider using SQLAlchemy.
[2025-06-14T10:19:28.149+0000] {logging_mixin.py:188} INFO - ✔ Đã load Product → staging.stg_Product
[2025-06-14T10:19:28.155+0000] {base.py:84} INFO - Using connection ID 'mysql' for task execution.
[2025-06-14T10:19:28.159+0000] {logging_mixin.py:188} WARNING - /home/***/.local/lib/python3.10/site-packages/***/providers/common/sql/hooks/sql.py:263 UserWarning: pandas only supports SQLAlchemy connectable (engine/connection) or database string URI or sqlite3 DBAPI2 connection. Other DBAPI2 objects are not tested. Please consider using SQLAlchemy.
[2025-06-14T10:19:28.188+0000] {logging_mixin.py:188} INFO - ✔ Đã load Sub_Category → staging.stg_Sub_Category
[2025-06-14T10:19:28.188+0000] {python.py:237} INFO - Done. Returned value was: None
[2025-06-14T10:19:28.189+0000] {taskinstance.py:441} INFO - ::group::Post task execution logs
[2025-06-14T10:19:28.197+0000] {taskinstance.py:1206} INFO - Marking task as SUCCESS. dag_id=globalsuperstore, task_id=extract.extract_and_load_to_staging, run_id=scheduled__2025-06-13T00:00:00+00:00, execution_date=20250613T000000, start_date=20250614T101902, end_date=20250614T101928
[2025-06-14T10:19:28.232+0000] {local_task_job_runner.py:240} INFO - Task exited with return code 0
[2025-06-14T10:19:28.302+0000] {taskinstance.py:3503} INFO - 1 downstream tasks scheduled from follow-on schedule check
[2025-06-14T10:19:28.312+0000] {local_task_job_runner.py:222} INFO - ::endgroup::
