[2025-06-14T10:11:55.280+0000] {local_task_job_runner.py:120} INFO - ::group::Pre task execution logs
[2025-06-14T10:11:55.315+0000] {taskinstance.py:2076} INFO - Dependencies all met for dep_context=non-requeueable deps ti=<TaskInstance: GlobalSuperStore_dw_etl.extract.extract_and_load_to_staging manual__2025-06-14T10:11:37.279550+00:00 [queued]>
[2025-06-14T10:11:55.324+0000] {taskinstance.py:2076} INFO - Dependencies all met for dep_context=requeueable deps ti=<TaskInstance: GlobalSuperStore_dw_etl.extract.extract_and_load_to_staging manual__2025-06-14T10:11:37.279550+00:00 [queued]>
[2025-06-14T10:11:55.325+0000] {taskinstance.py:2306} INFO - Starting attempt 1 of 1
[2025-06-14T10:11:55.337+0000] {taskinstance.py:2330} INFO - Executing <Task(PythonOperator): extract.extract_and_load_to_staging> on 2025-06-14 10:11:37.279550+00:00
[2025-06-14T10:11:55.345+0000] {standard_task_runner.py:63} INFO - Started process 241 to run task
[2025-06-14T10:11:55.348+0000] {standard_task_runner.py:90} INFO - Running: ['***', 'tasks', 'run', 'GlobalSuperStore_dw_etl', 'extract.extract_and_load_to_staging', 'manual__2025-06-14T10:11:37.279550+00:00', '--job-id', '25', '--raw', '--subdir', 'DAGS_FOLDER/global_superstore_dw_etl.py', '--cfg-path', '/tmp/tmpy9_tlls9']
[2025-06-14T10:11:55.351+0000] {standard_task_runner.py:91} INFO - Job 25: Subtask extract.extract_and_load_to_staging
[2025-06-14T10:11:55.392+0000] {task_command.py:426} INFO - Running <TaskInstance: GlobalSuperStore_dw_etl.extract.extract_and_load_to_staging manual__2025-06-14T10:11:37.279550+00:00 [running]> on host f3cca4675eb8
[2025-06-14T10:11:55.478+0000] {taskinstance.py:2648} INFO - Exporting env vars: AIRFLOW_CTX_DAG_OWNER='***' AIRFLOW_CTX_DAG_ID='GlobalSuperStore_dw_etl' AIRFLOW_CTX_TASK_ID='extract.extract_and_load_to_staging' AIRFLOW_CTX_EXECUTION_DATE='2025-06-14T10:11:37.279550+00:00' AIRFLOW_CTX_TRY_NUMBER='1' AIRFLOW_CTX_DAG_RUN_ID='manual__2025-06-14T10:11:37.279550+00:00'
[2025-06-14T10:11:55.480+0000] {taskinstance.py:430} INFO - ::endgroup::
[2025-06-14T10:11:55.499+0000] {base.py:84} INFO - Using connection ID 'postgres' for task execution.
[2025-06-14T10:11:55.505+0000] {base.py:84} INFO - Using connection ID 'mysql' for task execution.
[2025-06-14T10:11:55.535+0000] {logging_mixin.py:188} WARNING - /home/***/.local/lib/python3.10/site-packages/***/providers/common/sql/hooks/sql.py:263 UserWarning: pandas only supports SQLAlchemy connectable (engine/connection) or database string URI or sqlite3 DBAPI2 connection. Other DBAPI2 objects are not tested. Please consider using SQLAlchemy.
[2025-06-14T10:11:55.606+0000] {logging_mixin.py:188} INFO - ✔ Đã load Category → staging.stg_Category
[2025-06-14T10:11:55.616+0000] {base.py:84} INFO - Using connection ID 'mysql' for task execution.
[2025-06-14T10:11:55.623+0000] {logging_mixin.py:188} WARNING - /home/***/.local/lib/python3.10/site-packages/***/providers/common/sql/hooks/sql.py:263 UserWarning: pandas only supports SQLAlchemy connectable (engine/connection) or database string URI or sqlite3 DBAPI2 connection. Other DBAPI2 objects are not tested. Please consider using SQLAlchemy.
[2025-06-14T10:11:56.289+0000] {logging_mixin.py:188} INFO - ✔ Đã load Customer → staging.stg_Customer
[2025-06-14T10:11:56.295+0000] {base.py:84} INFO - Using connection ID 'mysql' for task execution.
[2025-06-14T10:11:56.300+0000] {logging_mixin.py:188} WARNING - /home/***/.local/lib/python3.10/site-packages/***/providers/common/sql/hooks/sql.py:263 UserWarning: pandas only supports SQLAlchemy connectable (engine/connection) or database string URI or sqlite3 DBAPI2 connection. Other DBAPI2 objects are not tested. Please consider using SQLAlchemy.
[2025-06-14T10:12:08.463+0000] {logging_mixin.py:188} INFO - ✔ Đã load Order_Details → staging.stg_Order_Details
[2025-06-14T10:12:08.481+0000] {base.py:84} INFO - Using connection ID 'mysql' for task execution.
[2025-06-14T10:12:08.513+0000] {logging_mixin.py:188} WARNING - /home/***/.local/lib/python3.10/site-packages/***/providers/common/sql/hooks/sql.py:263 UserWarning: pandas only supports SQLAlchemy connectable (engine/connection) or database string URI or sqlite3 DBAPI2 connection. Other DBAPI2 objects are not tested. Please consider using SQLAlchemy.
[2025-06-14T10:12:13.189+0000] {logging_mixin.py:188} INFO - ✔ Đã load Orders → staging.stg_Orders
[2025-06-14T10:12:13.197+0000] {base.py:84} INFO - Using connection ID 'mysql' for task execution.
[2025-06-14T10:12:13.204+0000] {logging_mixin.py:188} WARNING - /home/***/.local/lib/python3.10/site-packages/***/providers/common/sql/hooks/sql.py:263 UserWarning: pandas only supports SQLAlchemy connectable (engine/connection) or database string URI or sqlite3 DBAPI2 connection. Other DBAPI2 objects are not tested. Please consider using SQLAlchemy.
[2025-06-14T10:12:13.992+0000] {logging_mixin.py:188} INFO - ✔ Đã load Product → staging.stg_Product
[2025-06-14T10:12:13.999+0000] {base.py:84} INFO - Using connection ID 'mysql' for task execution.
[2025-06-14T10:12:14.005+0000] {logging_mixin.py:188} WARNING - /home/***/.local/lib/python3.10/site-packages/***/providers/common/sql/hooks/sql.py:263 UserWarning: pandas only supports SQLAlchemy connectable (engine/connection) or database string URI or sqlite3 DBAPI2 connection. Other DBAPI2 objects are not tested. Please consider using SQLAlchemy.
[2025-06-14T10:12:14.043+0000] {logging_mixin.py:188} INFO - ✔ Đã load Sub_Category → staging.stg_Sub_Category
[2025-06-14T10:12:14.044+0000] {python.py:237} INFO - Done. Returned value was: None
[2025-06-14T10:12:14.045+0000] {taskinstance.py:441} INFO - ::group::Post task execution logs
[2025-06-14T10:12:14.056+0000] {taskinstance.py:1206} INFO - Marking task as SUCCESS. dag_id=GlobalSuperStore_dw_etl, task_id=extract.extract_and_load_to_staging, run_id=manual__2025-06-14T10:11:37.279550+00:00, execution_date=20250614T101137, start_date=20250614T101155, end_date=20250614T101214
[2025-06-14T10:12:14.131+0000] {local_task_job_runner.py:240} INFO - Task exited with return code 0
[2025-06-14T10:12:14.193+0000] {taskinstance.py:3503} INFO - 1 downstream tasks scheduled from follow-on schedule check
[2025-06-14T10:12:14.197+0000] {local_task_job_runner.py:222} INFO - ::endgroup::
