[2025-06-14T08:43:09.302+0000] {local_task_job_runner.py:120} INFO - ::group::Pre task execution logs
[2025-06-14T08:43:09.550+0000] {taskinstance.py:2076} INFO - Dependencies all met for dep_context=non-requeueable deps ti=<TaskInstance: GlobalSuperStore_dw_etl.extract.extract_and_load_to_staging manual__2025-06-14T08:42:40.052221+00:00 [queued]>
[2025-06-14T08:43:09.577+0000] {taskinstance.py:2076} INFO - Dependencies all met for dep_context=requeueable deps ti=<TaskInstance: GlobalSuperStore_dw_etl.extract.extract_and_load_to_staging manual__2025-06-14T08:42:40.052221+00:00 [queued]>
[2025-06-14T08:43:09.578+0000] {taskinstance.py:2306} INFO - Starting attempt 1 of 1
[2025-06-14T08:43:09.617+0000] {taskinstance.py:2330} INFO - Executing <Task(PythonOperator): extract.extract_and_load_to_staging> on 2025-06-14 08:42:40.052221+00:00
[2025-06-14T08:43:09.634+0000] {standard_task_runner.py:63} INFO - Started process 1058 to run task
[2025-06-14T08:43:09.640+0000] {standard_task_runner.py:90} INFO - Running: ['***', 'tasks', 'run', 'GlobalSuperStore_dw_etl', 'extract.extract_and_load_to_staging', 'manual__2025-06-14T08:42:40.052221+00:00', '--job-id', '8', '--raw', '--subdir', 'DAGS_FOLDER/global_superstore_dw_etl.py', '--cfg-path', '/tmp/tmp7lfl6if3']
[2025-06-14T08:43:09.643+0000] {standard_task_runner.py:91} INFO - Job 8: Subtask extract.extract_and_load_to_staging
[2025-06-14T08:43:09.754+0000] {task_command.py:426} INFO - Running <TaskInstance: GlobalSuperStore_dw_etl.extract.extract_and_load_to_staging manual__2025-06-14T08:42:40.052221+00:00 [running]> on host 180404561e2e
[2025-06-14T08:43:09.972+0000] {taskinstance.py:2648} INFO - Exporting env vars: AIRFLOW_CTX_DAG_OWNER='***' AIRFLOW_CTX_DAG_ID='GlobalSuperStore_dw_etl' AIRFLOW_CTX_TASK_ID='extract.extract_and_load_to_staging' AIRFLOW_CTX_EXECUTION_DATE='2025-06-14T08:42:40.052221+00:00' AIRFLOW_CTX_TRY_NUMBER='1' AIRFLOW_CTX_DAG_RUN_ID='manual__2025-06-14T08:42:40.052221+00:00'
[2025-06-14T08:43:09.976+0000] {taskinstance.py:430} INFO - ::endgroup::
[2025-06-14T08:43:11.298+0000] {base.py:84} INFO - Using connection ID 'postgres' for task execution.
[2025-06-14T08:43:11.313+0000] {base.py:84} INFO - Using connection ID 'mysql' for task execution.
[2025-06-14T08:43:11.549+0000] {logging_mixin.py:188} WARNING - /home/***/.local/lib/python3.10/site-packages/***/providers/common/sql/hooks/sql.py:263 UserWarning: pandas only supports SQLAlchemy connectable (engine/connection) or database string URI or sqlite3 DBAPI2 connection. Other DBAPI2 objects are not tested. Please consider using SQLAlchemy.
[2025-06-14T08:43:12.186+0000] {logging_mixin.py:188} INFO - ✔ Đã load Category → staging.stg_Category
[2025-06-14T08:43:12.206+0000] {base.py:84} INFO - Using connection ID 'mysql' for task execution.
[2025-06-14T08:43:12.263+0000] {logging_mixin.py:188} WARNING - /home/***/.local/lib/python3.10/site-packages/***/providers/common/sql/hooks/sql.py:263 UserWarning: pandas only supports SQLAlchemy connectable (engine/connection) or database string URI or sqlite3 DBAPI2 connection. Other DBAPI2 objects are not tested. Please consider using SQLAlchemy.
[2025-06-14T08:43:12.886+0000] {logging_mixin.py:188} INFO - ✔ Đã load Customer → staging.stg_Customer
[2025-06-14T08:43:12.900+0000] {base.py:84} INFO - Using connection ID 'mysql' for task execution.
[2025-06-14T08:43:12.913+0000] {logging_mixin.py:188} WARNING - /home/***/.local/lib/python3.10/site-packages/***/providers/common/sql/hooks/sql.py:263 UserWarning: pandas only supports SQLAlchemy connectable (engine/connection) or database string URI or sqlite3 DBAPI2 connection. Other DBAPI2 objects are not tested. Please consider using SQLAlchemy.
[2025-06-14T08:43:23.544+0000] {logging_mixin.py:188} INFO - ✔ Đã load Order_Details → staging.stg_Order_Details
[2025-06-14T08:43:23.562+0000] {base.py:84} INFO - Using connection ID 'mysql' for task execution.
[2025-06-14T08:43:23.574+0000] {logging_mixin.py:188} WARNING - /home/***/.local/lib/python3.10/site-packages/***/providers/common/sql/hooks/sql.py:263 UserWarning: pandas only supports SQLAlchemy connectable (engine/connection) or database string URI or sqlite3 DBAPI2 connection. Other DBAPI2 objects are not tested. Please consider using SQLAlchemy.
[2025-06-14T08:43:27.965+0000] {logging_mixin.py:188} INFO - ✔ Đã load Orders → staging.stg_Orders
[2025-06-14T08:43:27.977+0000] {base.py:84} INFO - Using connection ID 'mysql' for task execution.
[2025-06-14T08:43:27.985+0000] {logging_mixin.py:188} WARNING - /home/***/.local/lib/python3.10/site-packages/***/providers/common/sql/hooks/sql.py:263 UserWarning: pandas only supports SQLAlchemy connectable (engine/connection) or database string URI or sqlite3 DBAPI2 connection. Other DBAPI2 objects are not tested. Please consider using SQLAlchemy.
[2025-06-14T08:43:29.620+0000] {logging_mixin.py:188} INFO - ✔ Đã load Product → staging.stg_Product
[2025-06-14T08:43:29.628+0000] {base.py:84} INFO - Using connection ID 'mysql' for task execution.
[2025-06-14T08:43:29.645+0000] {logging_mixin.py:188} WARNING - /home/***/.local/lib/python3.10/site-packages/***/providers/common/sql/hooks/sql.py:263 UserWarning: pandas only supports SQLAlchemy connectable (engine/connection) or database string URI or sqlite3 DBAPI2 connection. Other DBAPI2 objects are not tested. Please consider using SQLAlchemy.
[2025-06-14T08:43:30.781+0000] {logging_mixin.py:188} INFO - ✔ Đã load Sub_Category → staging.stg_Sub_Category
[2025-06-14T08:43:30.782+0000] {python.py:237} INFO - Done. Returned value was: None
[2025-06-14T08:43:30.783+0000] {taskinstance.py:441} INFO - ::group::Post task execution logs
[2025-06-14T08:43:30.793+0000] {taskinstance.py:1206} INFO - Marking task as SUCCESS. dag_id=GlobalSuperStore_dw_etl, task_id=extract.extract_and_load_to_staging, run_id=manual__2025-06-14T08:42:40.052221+00:00, execution_date=20250614T084240, start_date=20250614T084309, end_date=20250614T084330
[2025-06-14T08:43:31.013+0000] {local_task_job_runner.py:240} INFO - Task exited with return code 0
[2025-06-14T08:43:31.049+0000] {taskinstance.py:3503} INFO - 1 downstream tasks scheduled from follow-on schedule check
[2025-06-14T08:43:31.157+0000] {local_task_job_runner.py:222} INFO - ::endgroup::
