[2025-06-16T15:53:27.386+0000] {taskinstance.py:1042} DEBUG - previous_execution_date was called
[2025-06-16T15:53:27.420+0000] {__init__.py:54} DEBUG - Loading core task runner: StandardTaskRunner
[2025-06-16T15:53:27.447+0000] {taskinstance.py:1042} DEBUG - previous_execution_date was called
[2025-06-16T15:53:27.455+0000] {base_task_runner.py:73} DEBUG - Planning to run as the  user
[2025-06-16T15:53:27.499+0000] {local_task_job_runner.py:120} INFO - ::group::Pre task execution logs
[2025-06-16T15:53:27.741+0000] {taskinstance.py:2088} DEBUG - <TaskInstance: globalsuperstore.extract.extract_and_load_to_staging manual__2025-06-16T15:53:24.827849+00:00 [queued]> dependency 'Task Instance State' PASSED: True, Task state queued was valid.
[2025-06-16T15:53:27.743+0000] {taskinstance.py:2088} DEBUG - <TaskInstance: globalsuperstore.extract.extract_and_load_to_staging manual__2025-06-16T15:53:24.827849+00:00 [queued]> dependency 'Task Instance Not Running' PASSED: True, Task is not in running state.
[2025-06-16T15:53:27.744+0000] {taskinstance.py:2088} DEBUG - <TaskInstance: globalsuperstore.extract.extract_and_load_to_staging manual__2025-06-16T15:53:24.827849+00:00 [queued]> dependency 'Not In Retry Period' PASSED: True, The task instance was not marked for retrying.
[2025-06-16T15:53:27.746+0000] {taskinstance.py:2088} DEBUG - <TaskInstance: globalsuperstore.extract.extract_and_load_to_staging manual__2025-06-16T15:53:24.827849+00:00 [queued]> dependency 'Previous Dagrun State' PASSED: True, The task did not have depends_on_past set.
[2025-06-16T15:53:27.759+0000] {taskinstance.py:2088} DEBUG - <TaskInstance: globalsuperstore.extract.extract_and_load_to_staging manual__2025-06-16T15:53:24.827849+00:00 [queued]> dependency 'Trigger Rule' PASSED: True, The task instance did not have any upstream tasks.
[2025-06-16T15:53:27.760+0000] {taskinstance.py:2076} INFO - Dependencies all met for dep_context=non-requeueable deps ti=<TaskInstance: globalsuperstore.extract.extract_and_load_to_staging manual__2025-06-16T15:53:24.827849+00:00 [queued]>
[2025-06-16T15:53:27.769+0000] {taskinstance.py:2088} DEBUG - <TaskInstance: globalsuperstore.extract.extract_and_load_to_staging manual__2025-06-16T15:53:24.827849+00:00 [queued]> dependency 'Pool Slots Available' PASSED: True, There are enough open slots in default_pool to execute the task
[2025-06-16T15:53:27.770+0000] {taskinstance.py:2088} DEBUG - <TaskInstance: globalsuperstore.extract.extract_and_load_to_staging manual__2025-06-16T15:53:24.827849+00:00 [queued]> dependency 'Task Concurrency' PASSED: True, Task concurrency is not set.
[2025-06-16T15:53:27.771+0000] {taskinstance.py:2088} DEBUG - <TaskInstance: globalsuperstore.extract.extract_and_load_to_staging manual__2025-06-16T15:53:24.827849+00:00 [queued]> dependency 'Not In Retry Period' PASSED: True, The task instance was not marked for retrying.
[2025-06-16T15:53:27.771+0000] {taskinstance.py:2088} DEBUG - <TaskInstance: globalsuperstore.extract.extract_and_load_to_staging manual__2025-06-16T15:53:24.827849+00:00 [queued]> dependency 'Previous Dagrun State' PASSED: True, The task did not have depends_on_past set.
[2025-06-16T15:53:27.777+0000] {taskinstance.py:2088} DEBUG - <TaskInstance: globalsuperstore.extract.extract_and_load_to_staging manual__2025-06-16T15:53:24.827849+00:00 [queued]> dependency 'Trigger Rule' PASSED: True, The task instance did not have any upstream tasks.
[2025-06-16T15:53:27.778+0000] {taskinstance.py:2076} INFO - Dependencies all met for dep_context=requeueable deps ti=<TaskInstance: globalsuperstore.extract.extract_and_load_to_staging manual__2025-06-16T15:53:24.827849+00:00 [queued]>
[2025-06-16T15:53:27.778+0000] {taskinstance.py:2306} INFO - Starting attempt 1 of 1
[2025-06-16T15:53:27.837+0000] {taskinstance.py:2330} INFO - Executing <Task(PythonOperator): extract.extract_and_load_to_staging> on 2025-06-16 15:53:24.827849+00:00
[2025-06-16T15:53:27.852+0000] {standard_task_runner.py:63} INFO - Started process 647 to run task
[2025-06-16T15:53:27.865+0000] {standard_task_runner.py:90} INFO - Running: ['***', 'tasks', 'run', 'globalsuperstore', 'extract.extract_and_load_to_staging', 'manual__2025-06-16T15:53:24.827849+00:00', '--job-id', '144', '--raw', '--subdir', 'DAGS_FOLDER/global_superstore_dw_etl.py', '--cfg-path', '/tmp/tmpbp9ejr6b']
[2025-06-16T15:53:27.867+0000] {standard_task_runner.py:91} INFO - Job 144: Subtask extract.extract_and_load_to_staging
[2025-06-16T15:53:27.869+0000] {cli_action_loggers.py:70} DEBUG - Calling callbacks: [<function default_action_log at 0x7fa267925750>]
[2025-06-16T15:53:27.920+0000] {taskinstance.py:1042} DEBUG - previous_execution_date was called
[2025-06-16T15:53:27.927+0000] {task_command.py:426} INFO - Running <TaskInstance: globalsuperstore.extract.extract_and_load_to_staging manual__2025-06-16T15:53:24.827849+00:00 [running]> on host 9b7c60adfed6
[2025-06-16T15:53:27.928+0000] {settings.py:363} DEBUG - Disposing DB connection pool (PID 647)
[2025-06-16T15:53:27.929+0000] {settings.py:250} DEBUG - Setting up DB connection pool (PID 647)
[2025-06-16T15:53:27.929+0000] {settings.py:298} DEBUG - settings.prepare_engine_args(): Using NullPool
[2025-06-16T15:53:27.999+0000] {taskinstance.py:1042} DEBUG - previous_execution_date was called
[2025-06-16T15:53:28.002+0000] {taskinstance.py:1845} DEBUG - Clearing XCom data
[2025-06-16T15:53:28.038+0000] {retries.py:91} DEBUG - Running RenderedTaskInstanceFields.write with retries. Try 1 of 3
[2025-06-16T15:53:28.079+0000] {retries.py:91} DEBUG - Running RenderedTaskInstanceFields._do_delete_old_records with retries. Try 1 of 3
[2025-06-16T15:53:28.104+0000] {taskinstance.py:2648} INFO - Exporting env vars: AIRFLOW_CTX_DAG_OWNER='***' AIRFLOW_CTX_DAG_ID='globalsuperstore' AIRFLOW_CTX_TASK_ID='extract.extract_and_load_to_staging' AIRFLOW_CTX_EXECUTION_DATE='2025-06-16T15:53:24.827849+00:00' AIRFLOW_CTX_TRY_NUMBER='1' AIRFLOW_CTX_DAG_RUN_ID='manual__2025-06-16T15:53:24.827849+00:00'
[2025-06-16T15:53:28.106+0000] {__init__.py:115} DEBUG - Preparing lineage inlets and outlets
[2025-06-16T15:53:28.107+0000] {__init__.py:154} DEBUG - inlets: [], outlets: []
[2025-06-16T15:53:28.108+0000] {taskinstance.py:430} INFO - ::endgroup::
[2025-06-16T15:53:30.081+0000] {base.py:84} INFO - Using connection ID 'postgres' for task execution.
[2025-06-16T15:53:30.083+0000] {logging_mixin.py:188} INFO - ⏳ Đang tải dữ liệu từ bảng Category...
[2025-06-16T15:53:30.093+0000] {base.py:84} INFO - Using connection ID 'mysql' for task execution.
[2025-06-16T15:53:30.226+0000] {logging_mixin.py:188} WARNING - /home/***/.local/lib/python3.10/site-packages/***/providers/common/sql/hooks/sql.py:263 UserWarning: pandas only supports SQLAlchemy connectable (engine/connection) or database string URI or sqlite3 DBAPI2 connection. Other DBAPI2 objects are not tested. Please consider using SQLAlchemy.
[2025-06-16T15:53:30.383+0000] {logging_mixin.py:188} INFO - ✔ Đã load Category → staging.stg_Category
[2025-06-16T15:53:30.384+0000] {logging_mixin.py:188} INFO - ⏳ Đang tải dữ liệu từ bảng Customer...
[2025-06-16T15:53:30.390+0000] {base.py:84} INFO - Using connection ID 'mysql' for task execution.
[2025-06-16T15:53:30.398+0000] {logging_mixin.py:188} WARNING - /home/***/.local/lib/python3.10/site-packages/***/providers/common/sql/hooks/sql.py:263 UserWarning: pandas only supports SQLAlchemy connectable (engine/connection) or database string URI or sqlite3 DBAPI2 connection. Other DBAPI2 objects are not tested. Please consider using SQLAlchemy.
[2025-06-16T15:53:30.704+0000] {logging_mixin.py:188} INFO - ✔ Đã load Customer → staging.stg_Customer
[2025-06-16T15:53:30.705+0000] {logging_mixin.py:188} INFO - ⏳ Đang tải dữ liệu từ bảng Order_Details...
[2025-06-16T15:53:30.710+0000] {base.py:84} INFO - Using connection ID 'mysql' for task execution.
[2025-06-16T15:53:30.716+0000] {logging_mixin.py:188} WARNING - /home/***/.local/lib/python3.10/site-packages/***/providers/common/sql/hooks/sql.py:263 UserWarning: pandas only supports SQLAlchemy connectable (engine/connection) or database string URI or sqlite3 DBAPI2 connection. Other DBAPI2 objects are not tested. Please consider using SQLAlchemy.
[2025-06-16T15:53:32.899+0000] {retries.py:91} DEBUG - Running Job._fetch_from_db with retries. Try 1 of 3
[2025-06-16T15:53:32.909+0000] {retries.py:91} DEBUG - Running Job._update_heartbeat with retries. Try 1 of 3
[2025-06-16T15:53:32.929+0000] {job.py:214} DEBUG - [heartbeat]
[2025-06-16T15:53:37.959+0000] {retries.py:91} DEBUG - Running Job._fetch_from_db with retries. Try 1 of 3
[2025-06-16T15:53:37.968+0000] {retries.py:91} DEBUG - Running Job._update_heartbeat with retries. Try 1 of 3
[2025-06-16T15:53:37.984+0000] {job.py:214} DEBUG - [heartbeat]
[2025-06-16T15:53:41.917+0000] {logging_mixin.py:188} INFO - ✔ Đã load Order_Details → staging.stg_Order_Details
[2025-06-16T15:53:41.917+0000] {logging_mixin.py:188} INFO - ⏳ Đang tải dữ liệu từ bảng Orders...
[2025-06-16T15:53:41.925+0000] {base.py:84} INFO - Using connection ID 'mysql' for task execution.
[2025-06-16T15:53:41.935+0000] {logging_mixin.py:188} WARNING - /home/***/.local/lib/python3.10/site-packages/***/providers/common/sql/hooks/sql.py:263 UserWarning: pandas only supports SQLAlchemy connectable (engine/connection) or database string URI or sqlite3 DBAPI2 connection. Other DBAPI2 objects are not tested. Please consider using SQLAlchemy.
[2025-06-16T15:53:43.016+0000] {retries.py:91} DEBUG - Running Job._fetch_from_db with retries. Try 1 of 3
[2025-06-16T15:53:43.029+0000] {retries.py:91} DEBUG - Running Job._update_heartbeat with retries. Try 1 of 3
[2025-06-16T15:53:43.051+0000] {job.py:214} DEBUG - [heartbeat]
[2025-06-16T15:53:46.421+0000] {logging_mixin.py:188} INFO - ✔ Đã load Orders → staging.stg_Orders
[2025-06-16T15:53:46.422+0000] {logging_mixin.py:188} INFO - ⏳ Đang tải dữ liệu từ bảng Product...
[2025-06-16T15:53:46.429+0000] {base.py:84} INFO - Using connection ID 'mysql' for task execution.
[2025-06-16T15:53:46.437+0000] {logging_mixin.py:188} WARNING - /home/***/.local/lib/python3.10/site-packages/***/providers/common/sql/hooks/sql.py:263 UserWarning: pandas only supports SQLAlchemy connectable (engine/connection) or database string URI or sqlite3 DBAPI2 connection. Other DBAPI2 objects are not tested. Please consider using SQLAlchemy.
[2025-06-16T15:53:47.225+0000] {logging_mixin.py:188} INFO - ✔ Đã load Product → staging.stg_Product
[2025-06-16T15:53:47.225+0000] {logging_mixin.py:188} INFO - ⏳ Đang tải dữ liệu từ bảng Sub_Category...
[2025-06-16T15:53:47.230+0000] {base.py:84} INFO - Using connection ID 'mysql' for task execution.
[2025-06-16T15:53:47.236+0000] {logging_mixin.py:188} WARNING - /home/***/.local/lib/python3.10/site-packages/***/providers/common/sql/hooks/sql.py:263 UserWarning: pandas only supports SQLAlchemy connectable (engine/connection) or database string URI or sqlite3 DBAPI2 connection. Other DBAPI2 objects are not tested. Please consider using SQLAlchemy.
[2025-06-16T15:53:47.287+0000] {logging_mixin.py:188} INFO - ✔ Đã load Sub_Category → staging.stg_Sub_Category
[2025-06-16T15:53:47.288+0000] {python.py:237} INFO - Done. Returned value was: None
[2025-06-16T15:53:47.288+0000] {taskinstance.py:441} INFO - ::group::Post task execution logs
[2025-06-16T15:53:47.289+0000] {__init__.py:77} DEBUG - Lineage called with inlets: [], outlets: []
[2025-06-16T15:53:47.298+0000] {taskinstance.py:584} DEBUG - Clearing next_method and next_kwargs.
[2025-06-16T15:53:47.298+0000] {taskinstance.py:1206} INFO - Marking task as SUCCESS. dag_id=globalsuperstore, task_id=extract.extract_and_load_to_staging, run_id=manual__2025-06-16T15:53:24.827849+00:00, execution_date=20250616T155324, start_date=20250616T155327, end_date=20250616T155347
[2025-06-16T15:53:47.299+0000] {taskinstance.py:562} DEBUG - Task Duration set to 19.537719
[2025-06-16T15:53:47.312+0000] {cli_action_loggers.py:88} DEBUG - Calling callbacks: []
[2025-06-16T15:53:47.360+0000] {local_task_job_runner.py:240} INFO - Task exited with return code 0
[2025-06-16T15:53:47.377+0000] {dagrun.py:931} DEBUG - number of tis tasks for <DagRun globalsuperstore @ 2025-06-16 15:53:24.827849+00:00: manual__2025-06-16T15:53:24.827849+00:00, state:running, queued_at: 2025-06-16 15:53:25.031651+00:00. externally triggered: True>: 7 task(s)
[2025-06-16T15:53:47.379+0000] {dagrun.py:952} DEBUG - number of scheduleable tasks for <DagRun globalsuperstore @ 2025-06-16 15:53:24.827849+00:00: manual__2025-06-16T15:53:24.827849+00:00, state:running, queued_at: 2025-06-16 15:53:25.031651+00:00. externally triggered: True>: 6 task(s)
[2025-06-16T15:53:47.379+0000] {taskinstance.py:2088} DEBUG - <TaskInstance: globalsuperstore.transform.transform_dim_customers manual__2025-06-16T15:53:24.827849+00:00 [None]> dependency 'Previous Dagrun State' PASSED: True, The task did not have depends_on_past set.
[2025-06-16T15:53:47.380+0000] {taskinstance.py:2088} DEBUG - <TaskInstance: globalsuperstore.transform.transform_dim_customers manual__2025-06-16T15:53:24.827849+00:00 [None]> dependency 'Not In Retry Period' PASSED: True, The task instance was not marked for retrying.
[2025-06-16T15:53:47.380+0000] {taskinstance.py:2076} DEBUG - Dependencies all met for dep_context=None ti=<TaskInstance: globalsuperstore.transform.transform_dim_customers manual__2025-06-16T15:53:24.827849+00:00 [None]>
[2025-06-16T15:53:47.381+0000] {taskinstance.py:2088} DEBUG - <TaskInstance: globalsuperstore.transform.transform_dim_products manual__2025-06-16T15:53:24.827849+00:00 [None]> dependency 'Previous Dagrun State' PASSED: True, The task did not have depends_on_past set.
[2025-06-16T15:53:47.381+0000] {taskinstance.py:2088} DEBUG - <TaskInstance: globalsuperstore.transform.transform_dim_products manual__2025-06-16T15:53:24.827849+00:00 [None]> dependency 'Not In Retry Period' PASSED: True, The task instance was not marked for retrying.
[2025-06-16T15:53:47.381+0000] {taskinstance.py:2076} DEBUG - Dependencies all met for dep_context=None ti=<TaskInstance: globalsuperstore.transform.transform_dim_products manual__2025-06-16T15:53:24.827849+00:00 [None]>
[2025-06-16T15:53:47.382+0000] {taskinstance.py:2088} DEBUG - <TaskInstance: globalsuperstore.transform.transform_dim_locations manual__2025-06-16T15:53:24.827849+00:00 [None]> dependency 'Previous Dagrun State' PASSED: True, The task did not have depends_on_past set.
[2025-06-16T15:53:47.382+0000] {taskinstance.py:2088} DEBUG - <TaskInstance: globalsuperstore.transform.transform_dim_locations manual__2025-06-16T15:53:24.827849+00:00 [None]> dependency 'Not In Retry Period' PASSED: True, The task instance was not marked for retrying.
[2025-06-16T15:53:47.382+0000] {taskinstance.py:2076} DEBUG - Dependencies all met for dep_context=None ti=<TaskInstance: globalsuperstore.transform.transform_dim_locations manual__2025-06-16T15:53:24.827849+00:00 [None]>
[2025-06-16T15:53:47.382+0000] {taskinstance.py:2088} DEBUG - <TaskInstance: globalsuperstore.transform.transform_dim_shipmode manual__2025-06-16T15:53:24.827849+00:00 [None]> dependency 'Previous Dagrun State' PASSED: True, The task did not have depends_on_past set.
[2025-06-16T15:53:47.383+0000] {taskinstance.py:2088} DEBUG - <TaskInstance: globalsuperstore.transform.transform_dim_shipmode manual__2025-06-16T15:53:24.827849+00:00 [None]> dependency 'Not In Retry Period' PASSED: True, The task instance was not marked for retrying.
[2025-06-16T15:53:47.383+0000] {taskinstance.py:2076} DEBUG - Dependencies all met for dep_context=None ti=<TaskInstance: globalsuperstore.transform.transform_dim_shipmode manual__2025-06-16T15:53:24.827849+00:00 [None]>
[2025-06-16T15:53:47.383+0000] {taskinstance.py:2088} DEBUG - <TaskInstance: globalsuperstore.transform.transform_dim_date manual__2025-06-16T15:53:24.827849+00:00 [None]> dependency 'Previous Dagrun State' PASSED: True, The task did not have depends_on_past set.
[2025-06-16T15:53:47.384+0000] {taskinstance.py:2088} DEBUG - <TaskInstance: globalsuperstore.transform.transform_dim_date manual__2025-06-16T15:53:24.827849+00:00 [None]> dependency 'Not In Retry Period' PASSED: True, The task instance was not marked for retrying.
[2025-06-16T15:53:47.384+0000] {taskinstance.py:2076} DEBUG - Dependencies all met for dep_context=None ti=<TaskInstance: globalsuperstore.transform.transform_dim_date manual__2025-06-16T15:53:24.827849+00:00 [None]>
[2025-06-16T15:53:47.384+0000] {taskinstance.py:2088} DEBUG - <TaskInstance: globalsuperstore.load.transform_fact_sales manual__2025-06-16T15:53:24.827849+00:00 [None]> dependency 'Previous Dagrun State' PASSED: True, The task did not have depends_on_past set.
[2025-06-16T15:53:47.384+0000] {taskinstance.py:2088} DEBUG - <TaskInstance: globalsuperstore.load.transform_fact_sales manual__2025-06-16T15:53:24.827849+00:00 [None]> dependency 'Trigger Rule' PASSED: False, Task's trigger rule 'all_success' requires all upstream tasks to have succeeded, but found 5 non-success(es). upstream_states=_UpstreamTIStates(success=0, skipped=0, failed=0, upstream_failed=0, removed=0, done=0, success_setup=0, skipped_setup=0), upstream_task_ids={'transform.transform_dim_products', 'transform.transform_dim_locations', 'transform.transform_dim_customers', 'transform.transform_dim_date', 'transform.transform_dim_shipmode'}
[2025-06-16T15:53:47.385+0000] {taskinstance.py:2066} DEBUG - Dependencies not met for <TaskInstance: globalsuperstore.load.transform_fact_sales manual__2025-06-16T15:53:24.827849+00:00 [None]>, dependency 'Trigger Rule' FAILED: Task's trigger rule 'all_success' requires all upstream tasks to have succeeded, but found 5 non-success(es). upstream_states=_UpstreamTIStates(success=0, skipped=0, failed=0, upstream_failed=0, removed=0, done=0, success_setup=0, skipped_setup=0), upstream_task_ids={'transform.transform_dim_products', 'transform.transform_dim_locations', 'transform.transform_dim_customers', 'transform.transform_dim_date', 'transform.transform_dim_shipmode'}
[2025-06-16T15:53:47.385+0000] {taskinstance.py:2088} DEBUG - <TaskInstance: globalsuperstore.load.transform_fact_sales manual__2025-06-16T15:53:24.827849+00:00 [None]> dependency 'Not In Retry Period' PASSED: True, The task instance was not marked for retrying.
[2025-06-16T15:53:47.392+0000] {taskinstance.py:3503} INFO - 5 downstream tasks scheduled from follow-on schedule check
[2025-06-16T15:53:47.396+0000] {local_task_job_runner.py:222} INFO - ::endgroup::
