[2025-06-16T15:47:01.326+0000] {taskinstance.py:1042} DEBUG - previous_execution_date was called
[2025-06-16T15:47:01.388+0000] {__init__.py:54} DEBUG - Loading core task runner: StandardTaskRunner
[2025-06-16T15:47:01.426+0000] {taskinstance.py:1042} DEBUG - previous_execution_date was called
[2025-06-16T15:47:01.434+0000] {base_task_runner.py:73} DEBUG - Planning to run as the  user
[2025-06-16T15:47:01.445+0000] {local_task_job_runner.py:120} INFO - ::group::Pre task execution logs
[2025-06-16T15:47:01.491+0000] {taskinstance.py:2088} DEBUG - <TaskInstance: globalsuperstore.transform.transform_dim_customers manual__2025-06-16T15:46:44.299425+00:00 [queued]> dependency 'Task Instance State' PASSED: True, Task state queued was valid.
[2025-06-16T15:47:01.492+0000] {taskinstance.py:2088} DEBUG - <TaskInstance: globalsuperstore.transform.transform_dim_customers manual__2025-06-16T15:46:44.299425+00:00 [queued]> dependency 'Task Instance Not Running' PASSED: True, Task is not in running state.
[2025-06-16T15:47:01.493+0000] {taskinstance.py:2088} DEBUG - <TaskInstance: globalsuperstore.transform.transform_dim_customers manual__2025-06-16T15:46:44.299425+00:00 [queued]> dependency 'Not In Retry Period' PASSED: True, The task instance was not marked for retrying.
[2025-06-16T15:47:01.494+0000] {taskinstance.py:2088} DEBUG - <TaskInstance: globalsuperstore.transform.transform_dim_customers manual__2025-06-16T15:46:44.299425+00:00 [queued]> dependency 'Previous Dagrun State' PASSED: True, The task did not have depends_on_past set.
[2025-06-16T15:47:01.512+0000] {taskinstance.py:2076} INFO - Dependencies all met for dep_context=non-requeueable deps ti=<TaskInstance: globalsuperstore.transform.transform_dim_customers manual__2025-06-16T15:46:44.299425+00:00 [queued]>
[2025-06-16T15:47:01.522+0000] {taskinstance.py:2088} DEBUG - <TaskInstance: globalsuperstore.transform.transform_dim_customers manual__2025-06-16T15:46:44.299425+00:00 [queued]> dependency 'Pool Slots Available' PASSED: True, There are enough open slots in default_pool to execute the task
[2025-06-16T15:47:01.523+0000] {taskinstance.py:2088} DEBUG - <TaskInstance: globalsuperstore.transform.transform_dim_customers manual__2025-06-16T15:46:44.299425+00:00 [queued]> dependency 'Task Concurrency' PASSED: True, Task concurrency is not set.
[2025-06-16T15:47:01.524+0000] {taskinstance.py:2088} DEBUG - <TaskInstance: globalsuperstore.transform.transform_dim_customers manual__2025-06-16T15:46:44.299425+00:00 [queued]> dependency 'Not In Retry Period' PASSED: True, The task instance was not marked for retrying.
[2025-06-16T15:47:01.525+0000] {taskinstance.py:2088} DEBUG - <TaskInstance: globalsuperstore.transform.transform_dim_customers manual__2025-06-16T15:46:44.299425+00:00 [queued]> dependency 'Previous Dagrun State' PASSED: True, The task did not have depends_on_past set.
[2025-06-16T15:47:01.537+0000] {taskinstance.py:2076} INFO - Dependencies all met for dep_context=requeueable deps ti=<TaskInstance: globalsuperstore.transform.transform_dim_customers manual__2025-06-16T15:46:44.299425+00:00 [queued]>
[2025-06-16T15:47:01.538+0000] {taskinstance.py:2306} INFO - Starting attempt 1 of 1
[2025-06-16T15:47:01.563+0000] {taskinstance.py:2330} INFO - Executing <Task(PythonOperator): transform.transform_dim_customers> on 2025-06-16 15:46:44.299425+00:00
[2025-06-16T15:47:01.580+0000] {standard_task_runner.py:63} INFO - Started process 388 to run task
[2025-06-16T15:47:01.594+0000] {standard_task_runner.py:90} INFO - Running: ['***', 'tasks', 'run', 'globalsuperstore', 'transform.transform_dim_customers', 'manual__2025-06-16T15:46:44.299425+00:00', '--job-id', '110', '--raw', '--subdir', 'DAGS_FOLDER/global_superstore_dw_etl.py', '--cfg-path', '/tmp/tmpvijo828c']
[2025-06-16T15:47:01.596+0000] {standard_task_runner.py:91} INFO - Job 110: Subtask transform.transform_dim_customers
[2025-06-16T15:47:01.598+0000] {cli_action_loggers.py:70} DEBUG - Calling callbacks: [<function default_action_log at 0x7fa267925750>]
[2025-06-16T15:47:01.706+0000] {taskinstance.py:1042} DEBUG - previous_execution_date was called
[2025-06-16T15:47:01.716+0000] {task_command.py:426} INFO - Running <TaskInstance: globalsuperstore.transform.transform_dim_customers manual__2025-06-16T15:46:44.299425+00:00 [running]> on host 9b7c60adfed6
[2025-06-16T15:47:01.719+0000] {settings.py:363} DEBUG - Disposing DB connection pool (PID 388)
[2025-06-16T15:47:01.722+0000] {settings.py:250} DEBUG - Setting up DB connection pool (PID 388)
[2025-06-16T15:47:01.723+0000] {settings.py:298} DEBUG - settings.prepare_engine_args(): Using NullPool
[2025-06-16T15:47:01.852+0000] {taskinstance.py:1042} DEBUG - previous_execution_date was called
[2025-06-16T15:47:01.859+0000] {taskinstance.py:1845} DEBUG - Clearing XCom data
[2025-06-16T15:47:01.890+0000] {retries.py:91} DEBUG - Running RenderedTaskInstanceFields.write with retries. Try 1 of 3
[2025-06-16T15:47:01.935+0000] {retries.py:91} DEBUG - Running RenderedTaskInstanceFields._do_delete_old_records with retries. Try 1 of 3
[2025-06-16T15:47:01.960+0000] {taskinstance.py:2648} INFO - Exporting env vars: AIRFLOW_CTX_DAG_OWNER='***' AIRFLOW_CTX_DAG_ID='globalsuperstore' AIRFLOW_CTX_TASK_ID='transform.transform_dim_customers' AIRFLOW_CTX_EXECUTION_DATE='2025-06-16T15:46:44.299425+00:00' AIRFLOW_CTX_TRY_NUMBER='1' AIRFLOW_CTX_DAG_RUN_ID='manual__2025-06-16T15:46:44.299425+00:00'
[2025-06-16T15:47:01.968+0000] {__init__.py:115} DEBUG - Preparing lineage inlets and outlets
[2025-06-16T15:47:01.969+0000] {__init__.py:154} DEBUG - inlets: [], outlets: []
[2025-06-16T15:47:01.970+0000] {taskinstance.py:430} INFO - ::endgroup::
[2025-06-16T15:47:02.595+0000] {base.py:84} INFO - Using connection ID 'postgres' for task execution.
[2025-06-16T15:47:02.614+0000] {base.py:84} INFO - Using connection ID 'postgres' for task execution.
[2025-06-16T15:47:02.643+0000] {logging_mixin.py:188} INFO - ✔ Đã xóa dữ liệu trong warehouse.fact_sales
[2025-06-16T15:47:02.686+0000] {logging_mixin.py:188} INFO - ✔ Đã xóa dữ liệu trong warehouse.dim_customer
[2025-06-16T15:47:02.981+0000] {logging_mixin.py:188} INFO - ✔ Đã xóa dữ liệu trong warehouse.dim_product
[2025-06-16T15:47:03.024+0000] {logging_mixin.py:188} INFO - ✔ Đã xóa dữ liệu trong warehouse.dim_date
[2025-06-16T15:47:03.143+0000] {logging_mixin.py:188} INFO - ✔ Đã xóa dữ liệu trong warehouse.dim_location
[2025-06-16T15:47:03.147+0000] {logging_mixin.py:188} INFO - ✔ Đã xóa dữ liệu trong warehouse.dim_shipmode
[2025-06-16T15:47:03.165+0000] {base.py:84} INFO - Using connection ID 'postgres' for task execution.
[2025-06-16T15:47:03.182+0000] {logging_mixin.py:188} WARNING - /home/***/.local/lib/python3.10/site-packages/***/providers/common/sql/hooks/sql.py:263 UserWarning: pandas only supports SQLAlchemy connectable (engine/connection) or database string URI or sqlite3 DBAPI2 connection. Other DBAPI2 objects are not tested. Please consider using SQLAlchemy.
[2025-06-16T15:47:03.358+0000] {logging_mixin.py:188} INFO - ✔ Đã transform và lưu dữ liệu vào warehouse.dim_customer
[2025-06-16T15:47:03.360+0000] {python.py:237} INFO - Done. Returned value was: None
[2025-06-16T15:47:03.362+0000] {taskinstance.py:441} INFO - ::group::Post task execution logs
[2025-06-16T15:47:03.363+0000] {__init__.py:77} DEBUG - Lineage called with inlets: [], outlets: []
[2025-06-16T15:47:03.373+0000] {taskinstance.py:584} DEBUG - Clearing next_method and next_kwargs.
[2025-06-16T15:47:03.374+0000] {taskinstance.py:1206} INFO - Marking task as SUCCESS. dag_id=globalsuperstore, task_id=transform.transform_dim_customers, run_id=manual__2025-06-16T15:46:44.299425+00:00, execution_date=20250616T154644, start_date=20250616T154701, end_date=20250616T154703
[2025-06-16T15:47:03.375+0000] {taskinstance.py:562} DEBUG - Task Duration set to 1.860676
[2025-06-16T15:47:03.387+0000] {cli_action_loggers.py:88} DEBUG - Calling callbacks: []
[2025-06-16T15:47:03.426+0000] {local_task_job_runner.py:240} INFO - Task exited with return code 0
[2025-06-16T15:47:03.450+0000] {dagrun.py:931} DEBUG - number of tis tasks for <DagRun globalsuperstore @ 2025-06-16 15:46:44.299425+00:00: manual__2025-06-16T15:46:44.299425+00:00, state:running, queued_at: 2025-06-16 15:46:44.370673+00:00. externally triggered: True>: 6 task(s)
[2025-06-16T15:47:03.451+0000] {dagrun.py:952} DEBUG - number of scheduleable tasks for <DagRun globalsuperstore @ 2025-06-16 15:46:44.299425+00:00: manual__2025-06-16T15:46:44.299425+00:00, state:running, queued_at: 2025-06-16 15:46:44.370673+00:00. externally triggered: True>: 0 task(s)
[2025-06-16T15:47:03.452+0000] {taskinstance.py:3503} INFO - 0 downstream tasks scheduled from follow-on schedule check
[2025-06-16T15:47:03.455+0000] {local_task_job_runner.py:222} INFO - ::endgroup::
