[2025-06-14T16:15:49.690+0000] {local_task_job_runner.py:120} INFO - ::group::Pre task execution logs
[2025-06-14T16:15:49.766+0000] {taskinstance.py:2076} INFO - Dependencies all met for dep_context=non-requeueable deps ti=<TaskInstance: globalsuperstore.extract.extract_and_load_to_staging manual__2025-06-14T16:15:20.761112+00:00 [queued]>
[2025-06-14T16:15:49.779+0000] {taskinstance.py:2076} INFO - Dependencies all met for dep_context=requeueable deps ti=<TaskInstance: globalsuperstore.extract.extract_and_load_to_staging manual__2025-06-14T16:15:20.761112+00:00 [queued]>
[2025-06-14T16:15:49.779+0000] {taskinstance.py:2306} INFO - Starting attempt 1 of 1
[2025-06-14T16:15:49.797+0000] {taskinstance.py:2330} INFO - Executing <Task(PythonOperator): extract.extract_and_load_to_staging> on 2025-06-14 16:15:20.761112+00:00
[2025-06-14T16:15:49.808+0000] {standard_task_runner.py:90} INFO - Running: ['***', 'tasks', 'run', 'globalsuperstore', 'extract.extract_and_load_to_staging', 'manual__2025-06-14T16:15:20.761112+00:00', '--job-id', '72', '--raw', '--subdir', 'DAGS_FOLDER/global_superstore_dw_etl.py', '--cfg-path', '/tmp/tmpy3c81re4']
[2025-06-14T16:15:49.807+0000] {standard_task_runner.py:63} INFO - Started process 3600 to run task
[2025-06-14T16:15:49.810+0000] {standard_task_runner.py:91} INFO - Job 72: Subtask extract.extract_and_load_to_staging
[2025-06-14T16:15:49.938+0000] {task_command.py:426} INFO - Running <TaskInstance: globalsuperstore.extract.extract_and_load_to_staging manual__2025-06-14T16:15:20.761112+00:00 [running]> on host f3cca4675eb8
[2025-06-14T16:15:50.134+0000] {taskinstance.py:2648} INFO - Exporting env vars: AIRFLOW_CTX_DAG_OWNER='***' AIRFLOW_CTX_DAG_ID='globalsuperstore' AIRFLOW_CTX_TASK_ID='extract.extract_and_load_to_staging' AIRFLOW_CTX_EXECUTION_DATE='2025-06-14T16:15:20.761112+00:00' AIRFLOW_CTX_TRY_NUMBER='1' AIRFLOW_CTX_DAG_RUN_ID='manual__2025-06-14T16:15:20.761112+00:00'
[2025-06-14T16:15:50.136+0000] {taskinstance.py:430} INFO - ::endgroup::
[2025-06-14T16:15:50.183+0000] {base.py:84} INFO - Using connection ID 'postgres' for task execution.
[2025-06-14T16:15:50.196+0000] {base.py:84} INFO - Using connection ID 'mysql' for task execution.
[2025-06-14T16:15:50.273+0000] {logging_mixin.py:188} WARNING - /home/***/.local/lib/python3.10/site-packages/***/providers/common/sql/hooks/sql.py:263 UserWarning: pandas only supports SQLAlchemy connectable (engine/connection) or database string URI or sqlite3 DBAPI2 connection. Other DBAPI2 objects are not tested. Please consider using SQLAlchemy.
[2025-06-14T16:15:50.433+0000] {logging_mixin.py:188} INFO - ✔ Đã load Category → staging.stg_Category
[2025-06-14T16:15:50.440+0000] {base.py:84} INFO - Using connection ID 'mysql' for task execution.
[2025-06-14T16:15:50.447+0000] {logging_mixin.py:188} WARNING - /home/***/.local/lib/python3.10/site-packages/***/providers/common/sql/hooks/sql.py:263 UserWarning: pandas only supports SQLAlchemy connectable (engine/connection) or database string URI or sqlite3 DBAPI2 connection. Other DBAPI2 objects are not tested. Please consider using SQLAlchemy.
[2025-06-14T16:15:52.023+0000] {logging_mixin.py:188} INFO - ✔ Đã load Customer → staging.stg_Customer
[2025-06-14T16:15:52.029+0000] {base.py:84} INFO - Using connection ID 'mysql' for task execution.
[2025-06-14T16:15:52.035+0000] {logging_mixin.py:188} WARNING - /home/***/.local/lib/python3.10/site-packages/***/providers/common/sql/hooks/sql.py:263 UserWarning: pandas only supports SQLAlchemy connectable (engine/connection) or database string URI or sqlite3 DBAPI2 connection. Other DBAPI2 objects are not tested. Please consider using SQLAlchemy.
[2025-06-14T16:16:00.319+0000] {logging_mixin.py:188} INFO - ✔ Đã load Order_Details → staging.stg_Order_Details
[2025-06-14T16:16:00.338+0000] {base.py:84} INFO - Using connection ID 'mysql' for task execution.
[2025-06-14T16:16:00.354+0000] {logging_mixin.py:188} WARNING - /home/***/.local/lib/python3.10/site-packages/***/providers/common/sql/hooks/sql.py:263 UserWarning: pandas only supports SQLAlchemy connectable (engine/connection) or database string URI or sqlite3 DBAPI2 connection. Other DBAPI2 objects are not tested. Please consider using SQLAlchemy.
[2025-06-14T16:16:04.511+0000] {logging_mixin.py:188} INFO - ✔ Đã load Orders → staging.stg_Orders
[2025-06-14T16:16:04.517+0000] {base.py:84} INFO - Using connection ID 'mysql' for task execution.
[2025-06-14T16:16:04.524+0000] {logging_mixin.py:188} WARNING - /home/***/.local/lib/python3.10/site-packages/***/providers/common/sql/hooks/sql.py:263 UserWarning: pandas only supports SQLAlchemy connectable (engine/connection) or database string URI or sqlite3 DBAPI2 connection. Other DBAPI2 objects are not tested. Please consider using SQLAlchemy.
[2025-06-14T16:16:05.116+0000] {logging_mixin.py:188} INFO - ✔ Đã load Product → staging.stg_Product
[2025-06-14T16:16:05.122+0000] {base.py:84} INFO - Using connection ID 'mysql' for task execution.
[2025-06-14T16:16:05.128+0000] {logging_mixin.py:188} WARNING - /home/***/.local/lib/python3.10/site-packages/***/providers/common/sql/hooks/sql.py:263 UserWarning: pandas only supports SQLAlchemy connectable (engine/connection) or database string URI or sqlite3 DBAPI2 connection. Other DBAPI2 objects are not tested. Please consider using SQLAlchemy.
[2025-06-14T16:16:05.167+0000] {logging_mixin.py:188} INFO - ✔ Đã load Sub_Category → staging.stg_Sub_Category
[2025-06-14T16:16:05.168+0000] {python.py:237} INFO - Done. Returned value was: None
[2025-06-14T16:16:05.169+0000] {taskinstance.py:441} INFO - ::group::Post task execution logs
[2025-06-14T16:16:05.180+0000] {taskinstance.py:1206} INFO - Marking task as SUCCESS. dag_id=globalsuperstore, task_id=extract.extract_and_load_to_staging, run_id=manual__2025-06-14T16:15:20.761112+00:00, execution_date=20250614T161520, start_date=20250614T161549, end_date=20250614T161605
[2025-06-14T16:16:05.241+0000] {local_task_job_runner.py:240} INFO - Task exited with return code 0
[2025-06-14T16:16:05.285+0000] {taskinstance.py:3503} INFO - 5 downstream tasks scheduled from follow-on schedule check
[2025-06-14T16:16:05.288+0000] {local_task_job_runner.py:222} INFO - ::endgroup::
