[2025-06-14T03:05:32.434+0000] {local_task_job_runner.py:120} INFO - ::group::Pre task execution logs
[2025-06-14T03:05:32.546+0000] {taskinstance.py:2076} INFO - Dependencies all met for dep_context=non-requeueable deps ti=<TaskInstance: GlobalSuperStore_dw_etl.extract.extract_and_load_to_staging manual__2025-06-14T03:05:06.337408+00:00 [queued]>
[2025-06-14T03:05:32.556+0000] {taskinstance.py:2076} INFO - Dependencies all met for dep_context=requeueable deps ti=<TaskInstance: GlobalSuperStore_dw_etl.extract.extract_and_load_to_staging manual__2025-06-14T03:05:06.337408+00:00 [queued]>
[2025-06-14T03:05:32.557+0000] {taskinstance.py:2306} INFO - Starting attempt 1 of 1
[2025-06-14T03:05:32.574+0000] {taskinstance.py:2330} INFO - Executing <Task(PythonOperator): extract.extract_and_load_to_staging> on 2025-06-14 03:05:06.337408+00:00
[2025-06-14T03:05:32.587+0000] {standard_task_runner.py:63} INFO - Started process 760 to run task
[2025-06-14T03:05:32.591+0000] {standard_task_runner.py:90} INFO - Running: ['***', 'tasks', 'run', 'GlobalSuperStore_dw_etl', 'extract.extract_and_load_to_staging', 'manual__2025-06-14T03:05:06.337408+00:00', '--job-id', '95', '--raw', '--subdir', 'DAGS_FOLDER/globalSuperstore.py', '--cfg-path', '/tmp/tmp80n70e1q']
[2025-06-14T03:05:32.594+0000] {standard_task_runner.py:91} INFO - Job 95: Subtask extract.extract_and_load_to_staging
[2025-06-14T03:05:32.641+0000] {task_command.py:426} INFO - Running <TaskInstance: GlobalSuperStore_dw_etl.extract.extract_and_load_to_staging manual__2025-06-14T03:05:06.337408+00:00 [running]> on host ce8c7e7a2a87
[2025-06-14T03:05:32.743+0000] {taskinstance.py:2648} INFO - Exporting env vars: AIRFLOW_CTX_DAG_OWNER='***' AIRFLOW_CTX_DAG_ID='GlobalSuperStore_dw_etl' AIRFLOW_CTX_TASK_ID='extract.extract_and_load_to_staging' AIRFLOW_CTX_EXECUTION_DATE='2025-06-14T03:05:06.337408+00:00' AIRFLOW_CTX_TRY_NUMBER='1' AIRFLOW_CTX_DAG_RUN_ID='manual__2025-06-14T03:05:06.337408+00:00'
[2025-06-14T03:05:32.744+0000] {taskinstance.py:430} INFO - ::endgroup::
[2025-06-14T03:05:32.781+0000] {base.py:84} INFO - Using connection ID 'postgres' for task execution.
[2025-06-14T03:05:32.789+0000] {base.py:84} INFO - Using connection ID 'mysql' for task execution.
[2025-06-14T03:05:32.969+0000] {logging_mixin.py:188} WARNING - /home/***/.local/lib/python3.10/site-packages/***/providers/common/sql/hooks/sql.py:263 UserWarning: pandas only supports SQLAlchemy connectable (engine/connection) or database string URI or sqlite3 DBAPI2 connection. Other DBAPI2 objects are not tested. Please consider using SQLAlchemy.
[2025-06-14T03:05:33.343+0000] {logging_mixin.py:188} INFO - ✔ Đã load Category → staging.stg_Category
[2025-06-14T03:05:33.350+0000] {base.py:84} INFO - Using connection ID 'mysql' for task execution.
[2025-06-14T03:05:33.356+0000] {logging_mixin.py:188} WARNING - /home/***/.local/lib/python3.10/site-packages/***/providers/common/sql/hooks/sql.py:263 UserWarning: pandas only supports SQLAlchemy connectable (engine/connection) or database string URI or sqlite3 DBAPI2 connection. Other DBAPI2 objects are not tested. Please consider using SQLAlchemy.
[2025-06-14T03:05:37.271+0000] {logging_mixin.py:188} INFO - ✔ Đã load Customer → staging.stg_Customer
[2025-06-14T03:05:37.310+0000] {base.py:84} INFO - Using connection ID 'mysql' for task execution.
[2025-06-14T03:05:37.319+0000] {logging_mixin.py:188} WARNING - /home/***/.local/lib/python3.10/site-packages/***/providers/common/sql/hooks/sql.py:263 UserWarning: pandas only supports SQLAlchemy connectable (engine/connection) or database string URI or sqlite3 DBAPI2 connection. Other DBAPI2 objects are not tested. Please consider using SQLAlchemy.
[2025-06-14T03:05:51.731+0000] {logging_mixin.py:188} INFO - ✔ Đã load Order_Details → staging.stg_Order_Details
[2025-06-14T03:05:51.740+0000] {base.py:84} INFO - Using connection ID 'mysql' for task execution.
[2025-06-14T03:05:51.756+0000] {logging_mixin.py:188} WARNING - /home/***/.local/lib/python3.10/site-packages/***/providers/common/sql/hooks/sql.py:263 UserWarning: pandas only supports SQLAlchemy connectable (engine/connection) or database string URI or sqlite3 DBAPI2 connection. Other DBAPI2 objects are not tested. Please consider using SQLAlchemy.
[2025-06-14T03:05:56.535+0000] {logging_mixin.py:188} INFO - ✔ Đã load Orders → staging.stg_Orders
[2025-06-14T03:05:56.547+0000] {base.py:84} INFO - Using connection ID 'mysql' for task execution.
[2025-06-14T03:05:56.559+0000] {logging_mixin.py:188} WARNING - /home/***/.local/lib/python3.10/site-packages/***/providers/common/sql/hooks/sql.py:263 UserWarning: pandas only supports SQLAlchemy connectable (engine/connection) or database string URI or sqlite3 DBAPI2 connection. Other DBAPI2 objects are not tested. Please consider using SQLAlchemy.
[2025-06-14T03:05:57.365+0000] {logging_mixin.py:188} INFO - ✔ Đã load Product → staging.stg_Product
[2025-06-14T03:05:57.375+0000] {base.py:84} INFO - Using connection ID 'mysql' for task execution.
[2025-06-14T03:05:57.380+0000] {logging_mixin.py:188} WARNING - /home/***/.local/lib/python3.10/site-packages/***/providers/common/sql/hooks/sql.py:263 UserWarning: pandas only supports SQLAlchemy connectable (engine/connection) or database string URI or sqlite3 DBAPI2 connection. Other DBAPI2 objects are not tested. Please consider using SQLAlchemy.
[2025-06-14T03:05:57.415+0000] {logging_mixin.py:188} INFO - ✔ Đã load Sub_Category → staging.stg_Sub_Category
[2025-06-14T03:05:57.416+0000] {python.py:237} INFO - Done. Returned value was: None
[2025-06-14T03:05:57.417+0000] {taskinstance.py:441} INFO - ::group::Post task execution logs
[2025-06-14T03:05:57.428+0000] {taskinstance.py:1206} INFO - Marking task as SUCCESS. dag_id=GlobalSuperStore_dw_etl, task_id=extract.extract_and_load_to_staging, run_id=manual__2025-06-14T03:05:06.337408+00:00, execution_date=20250614T030506, start_date=20250614T030532, end_date=20250614T030557
[2025-06-14T03:05:57.509+0000] {local_task_job_runner.py:240} INFO - Task exited with return code 0
[2025-06-14T03:05:57.543+0000] {taskinstance.py:3503} INFO - 1 downstream tasks scheduled from follow-on schedule check
[2025-06-14T03:05:57.546+0000] {local_task_job_runner.py:222} INFO - ::endgroup::
