[2025-06-15T08:46:00.979+0000] {local_task_job_runner.py:120} INFO - ::group::Pre task execution logs
[2025-06-15T08:46:01.150+0000] {taskinstance.py:2076} INFO - Dependencies all met for dep_context=non-requeueable deps ti=<TaskInstance: globalsuperstore.extract.extract_and_load_to_staging scheduled__2024-12-14T00:00:00+00:00 [queued]>
[2025-06-15T08:46:01.167+0000] {taskinstance.py:2076} INFO - Dependencies all met for dep_context=requeueable deps ti=<TaskInstance: globalsuperstore.extract.extract_and_load_to_staging scheduled__2024-12-14T00:00:00+00:00 [queued]>
[2025-06-15T08:46:01.168+0000] {taskinstance.py:2306} INFO - Starting attempt 1 of 1
[2025-06-15T08:46:01.188+0000] {taskinstance.py:2330} INFO - Executing <Task(PythonOperator): extract.extract_and_load_to_staging> on 2024-12-14 00:00:00+00:00
[2025-06-15T08:46:01.197+0000] {standard_task_runner.py:63} INFO - Started process 1431 to run task
[2025-06-15T08:46:01.204+0000] {standard_task_runner.py:90} INFO - Running: ['***', 'tasks', 'run', 'globalsuperstore', 'extract.extract_and_load_to_staging', 'scheduled__2024-12-14T00:00:00+00:00', '--job-id', '163', '--raw', '--subdir', 'DAGS_FOLDER/global_superstore_dw_etl.py', '--cfg-path', '/tmp/tmpp7a6dhqd']
[2025-06-15T08:46:01.210+0000] {standard_task_runner.py:91} INFO - Job 163: Subtask extract.extract_and_load_to_staging
[2025-06-15T08:46:01.332+0000] {task_command.py:426} INFO - Running <TaskInstance: globalsuperstore.extract.extract_and_load_to_staging scheduled__2024-12-14T00:00:00+00:00 [running]> on host f3cca4675eb8
[2025-06-15T08:46:02.432+0000] {taskinstance.py:2648} INFO - Exporting env vars: AIRFLOW_CTX_DAG_OWNER='***' AIRFLOW_CTX_DAG_ID='globalsuperstore' AIRFLOW_CTX_TASK_ID='extract.extract_and_load_to_staging' AIRFLOW_CTX_EXECUTION_DATE='2024-12-14T00:00:00+00:00' AIRFLOW_CTX_TRY_NUMBER='1' AIRFLOW_CTX_DAG_RUN_ID='scheduled__2024-12-14T00:00:00+00:00'
[2025-06-15T08:46:02.434+0000] {taskinstance.py:430} INFO - ::endgroup::
[2025-06-15T08:46:02.484+0000] {base.py:84} INFO - Using connection ID 'postgres' for task execution.
[2025-06-15T08:46:02.501+0000] {base.py:84} INFO - Using connection ID 'mysql' for task execution.
[2025-06-15T08:46:02.639+0000] {logging_mixin.py:188} WARNING - /home/***/.local/lib/python3.10/site-packages/***/providers/common/sql/hooks/sql.py:263 UserWarning: pandas only supports SQLAlchemy connectable (engine/connection) or database string URI or sqlite3 DBAPI2 connection. Other DBAPI2 objects are not tested. Please consider using SQLAlchemy.
[2025-06-15T08:46:02.857+0000] {logging_mixin.py:188} INFO - ✔ Đã load Category → staging.stg_Category
[2025-06-15T08:46:02.866+0000] {base.py:84} INFO - Using connection ID 'mysql' for task execution.
[2025-06-15T08:46:02.877+0000] {logging_mixin.py:188} WARNING - /home/***/.local/lib/python3.10/site-packages/***/providers/common/sql/hooks/sql.py:263 UserWarning: pandas only supports SQLAlchemy connectable (engine/connection) or database string URI or sqlite3 DBAPI2 connection. Other DBAPI2 objects are not tested. Please consider using SQLAlchemy.
[2025-06-15T08:46:04.533+0000] {logging_mixin.py:188} INFO - ✔ Đã load Customer → staging.stg_Customer
[2025-06-15T08:46:04.541+0000] {base.py:84} INFO - Using connection ID 'mysql' for task execution.
[2025-06-15T08:46:04.549+0000] {logging_mixin.py:188} WARNING - /home/***/.local/lib/python3.10/site-packages/***/providers/common/sql/hooks/sql.py:263 UserWarning: pandas only supports SQLAlchemy connectable (engine/connection) or database string URI or sqlite3 DBAPI2 connection. Other DBAPI2 objects are not tested. Please consider using SQLAlchemy.
[2025-06-15T08:46:22.225+0000] {local_task_job_runner.py:240} INFO - Task exited with return code -9
[2025-06-15T08:46:22.392+0000] {taskinstance.py:3503} INFO - 0 downstream tasks scheduled from follow-on schedule check
[2025-06-15T08:46:22.398+0000] {local_task_job_runner.py:222} INFO - ::endgroup::
