[2025-06-15T08:45:21.276+0000] {local_task_job_runner.py:120} INFO - ::group::Pre task execution logs
[2025-06-15T08:45:21.472+0000] {taskinstance.py:2076} INFO - Dependencies all met for dep_context=non-requeueable deps ti=<TaskInstance: globalsuperstore.extract.extract_and_load_to_staging scheduled__2024-11-24T00:00:00+00:00 [queued]>
[2025-06-15T08:45:21.532+0000] {taskinstance.py:2076} INFO - Dependencies all met for dep_context=requeueable deps ti=<TaskInstance: globalsuperstore.extract.extract_and_load_to_staging scheduled__2024-11-24T00:00:00+00:00 [queued]>
[2025-06-15T08:45:21.538+0000] {taskinstance.py:2306} INFO - Starting attempt 1 of 1
[2025-06-15T08:45:21.584+0000] {taskinstance.py:2330} INFO - Executing <Task(PythonOperator): extract.extract_and_load_to_staging> on 2024-11-24 00:00:00+00:00
[2025-06-15T08:45:21.621+0000] {standard_task_runner.py:63} INFO - Started process 1347 to run task
[2025-06-15T08:45:21.640+0000] {standard_task_runner.py:90} INFO - Running: ['***', 'tasks', 'run', 'globalsuperstore', 'extract.extract_and_load_to_staging', 'scheduled__2024-11-24T00:00:00+00:00', '--job-id', '139', '--raw', '--subdir', 'DAGS_FOLDER/global_superstore_dw_etl.py', '--cfg-path', '/tmp/tmpctma5j6i']
[2025-06-15T08:45:21.674+0000] {standard_task_runner.py:91} INFO - Job 139: Subtask extract.extract_and_load_to_staging
[2025-06-15T08:45:21.800+0000] {task_command.py:426} INFO - Running <TaskInstance: globalsuperstore.extract.extract_and_load_to_staging scheduled__2024-11-24T00:00:00+00:00 [running]> on host f3cca4675eb8
[2025-06-15T08:45:21.981+0000] {taskinstance.py:2648} INFO - Exporting env vars: AIRFLOW_CTX_DAG_OWNER='***' AIRFLOW_CTX_DAG_ID='globalsuperstore' AIRFLOW_CTX_TASK_ID='extract.extract_and_load_to_staging' AIRFLOW_CTX_EXECUTION_DATE='2024-11-24T00:00:00+00:00' AIRFLOW_CTX_TRY_NUMBER='1' AIRFLOW_CTX_DAG_RUN_ID='scheduled__2024-11-24T00:00:00+00:00'
[2025-06-15T08:45:21.983+0000] {taskinstance.py:430} INFO - ::endgroup::
[2025-06-15T08:45:22.022+0000] {base.py:84} INFO - Using connection ID 'postgres' for task execution.
[2025-06-15T08:45:22.035+0000] {base.py:84} INFO - Using connection ID 'mysql' for task execution.
[2025-06-15T08:45:22.077+0000] {logging_mixin.py:188} WARNING - /home/***/.local/lib/python3.10/site-packages/***/providers/common/sql/hooks/sql.py:263 UserWarning: pandas only supports SQLAlchemy connectable (engine/connection) or database string URI or sqlite3 DBAPI2 connection. Other DBAPI2 objects are not tested. Please consider using SQLAlchemy.
[2025-06-15T08:45:22.118+0000] {taskinstance.py:441} INFO - ::group::Post task execution logs
[2025-06-15T08:45:22.119+0000] {taskinstance.py:2905} ERROR - Task failed with exception
Traceback (most recent call last):
  File "/home/airflow/.local/lib/python3.10/site-packages/airflow/models/taskinstance.py", line 465, in _execute_task
    result = _execute_callable(context=context, **execute_callable_kwargs)
  File "/home/airflow/.local/lib/python3.10/site-packages/airflow/models/taskinstance.py", line 432, in _execute_callable
    return execute_callable(context=context, **execute_callable_kwargs)
  File "/home/airflow/.local/lib/python3.10/site-packages/airflow/models/baseoperator.py", line 401, in wrapper
    return func(self, *args, **kwargs)
  File "/home/airflow/.local/lib/python3.10/site-packages/airflow/operators/python.py", line 235, in execute
    return_value = self.execute_callable()
  File "/home/airflow/.local/lib/python3.10/site-packages/airflow/operators/python.py", line 252, in execute_callable
    return self.python_callable(*self.op_args, **self.op_kwargs)
  File "/opt/airflow/dags/extract_data.py", line 27, in extract_and_load_to_staging
    staging_operator.save_data_to_postgres(
  File "/opt/airflow/plugins/postgresql_operator.py", line 24, in save_data_to_postgres
    df.to_sql(
  File "/home/airflow/.local/lib/python3.10/site-packages/pandas/core/generic.py", line 2987, in to_sql
    return sql.to_sql(
  File "/home/airflow/.local/lib/python3.10/site-packages/pandas/io/sql.py", line 695, in to_sql
    return pandas_sql.to_sql(
  File "/home/airflow/.local/lib/python3.10/site-packages/pandas/io/sql.py", line 1728, in to_sql
    table = self.prep_table(
  File "/home/airflow/.local/lib/python3.10/site-packages/pandas/io/sql.py", line 1631, in prep_table
    table.create()
  File "/home/airflow/.local/lib/python3.10/site-packages/pandas/io/sql.py", line 831, in create
    self.pd_sql.drop_table(self.name, self.schema)
  File "/home/airflow/.local/lib/python3.10/site-packages/pandas/io/sql.py", line 1781, in drop_table
    self.meta.reflect(bind=self.connectable, only=[table_name], schema=schema)
  File "/home/airflow/.local/lib/python3.10/site-packages/sqlalchemy/sql/schema.py", line 4901, in reflect
    Table(name, self, **reflect_opts)
  File "<string>", line 2, in __new__
  File "/home/airflow/.local/lib/python3.10/site-packages/sqlalchemy/util/deprecations.py", line 375, in warned
    return fn(*args, **kwargs)
  File "/home/airflow/.local/lib/python3.10/site-packages/sqlalchemy/sql/schema.py", line 618, in __new__
    with util.safe_reraise():
  File "/home/airflow/.local/lib/python3.10/site-packages/sqlalchemy/util/langhelpers.py", line 70, in __exit__
    compat.raise_(
  File "/home/airflow/.local/lib/python3.10/site-packages/sqlalchemy/util/compat.py", line 211, in raise_
    raise exception
  File "/home/airflow/.local/lib/python3.10/site-packages/sqlalchemy/sql/schema.py", line 614, in __new__
    table._init(name, metadata, *args, **kw)
  File "/home/airflow/.local/lib/python3.10/site-packages/sqlalchemy/sql/schema.py", line 689, in _init
    self._autoload(
  File "/home/airflow/.local/lib/python3.10/site-packages/sqlalchemy/sql/schema.py", line 724, in _autoload
    conn_insp.reflect_table(
  File "/home/airflow/.local/lib/python3.10/site-packages/sqlalchemy/engine/reflection.py", line 789, in reflect_table
    raise exc.NoSuchTableError(table_name)
sqlalchemy.exc.NoSuchTableError: stg_Category
[2025-06-15T08:45:22.145+0000] {taskinstance.py:1206} INFO - Marking task as FAILED. dag_id=globalsuperstore, task_id=extract.extract_and_load_to_staging, run_id=scheduled__2024-11-24T00:00:00+00:00, execution_date=20241124T000000, start_date=20250615T084521, end_date=20250615T084522
[2025-06-15T08:45:22.160+0000] {standard_task_runner.py:110} ERROR - Failed to execute job 139 for task extract.extract_and_load_to_staging (stg_Category; 1347)
[2025-06-15T08:45:22.193+0000] {local_task_job_runner.py:240} INFO - Task exited with return code 1
[2025-06-15T08:45:22.230+0000] {taskinstance.py:3503} INFO - 0 downstream tasks scheduled from follow-on schedule check
[2025-06-15T08:45:22.238+0000] {local_task_job_runner.py:222} INFO - ::endgroup::
