[2025-06-17T01:08:01.341+0000] {taskinstance.py:1042} DEBUG - previous_execution_date was called
[2025-06-17T01:08:01.375+0000] {__init__.py:54} DEBUG - Loading core task runner: StandardTaskRunner
[2025-06-17T01:08:01.402+0000] {taskinstance.py:1042} DEBUG - previous_execution_date was called
[2025-06-17T01:08:01.418+0000] {base_task_runner.py:73} DEBUG - Planning to run as the  user
[2025-06-17T01:08:01.431+0000] {local_task_job_runner.py:120} INFO - ::group::Pre task execution logs
[2025-06-17T01:08:01.496+0000] {taskinstance.py:2088} DEBUG - <TaskInstance: globalsuperstore.transform.transform_dim_date manual__2025-06-17T01:07:35.622604+00:00 [queued]> dependency 'Previous Dagrun State' PASSED: True, The task did not have depends_on_past set.
[2025-06-17T01:08:01.506+0000] {taskinstance.py:2088} DEBUG - <TaskInstance: globalsuperstore.transform.transform_dim_date manual__2025-06-17T01:07:35.622604+00:00 [queued]> dependency 'Task Instance Not Running' PASSED: True, Task is not in running state.
[2025-06-17T01:08:01.507+0000] {taskinstance.py:2088} DEBUG - <TaskInstance: globalsuperstore.transform.transform_dim_date manual__2025-06-17T01:07:35.622604+00:00 [queued]> dependency 'Not In Retry Period' PASSED: True, The task instance was not marked for retrying.
[2025-06-17T01:08:01.508+0000] {taskinstance.py:2088} DEBUG - <TaskInstance: globalsuperstore.transform.transform_dim_date manual__2025-06-17T01:07:35.622604+00:00 [queued]> dependency 'Task Instance State' PASSED: True, Task state queued was valid.
[2025-06-17T01:08:01.508+0000] {taskinstance.py:2076} INFO - Dependencies all met for dep_context=non-requeueable deps ti=<TaskInstance: globalsuperstore.transform.transform_dim_date manual__2025-06-17T01:07:35.622604+00:00 [queued]>
[2025-06-17T01:08:01.509+0000] {taskinstance.py:2088} DEBUG - <TaskInstance: globalsuperstore.transform.transform_dim_date manual__2025-06-17T01:07:35.622604+00:00 [queued]> dependency 'Previous Dagrun State' PASSED: True, The task did not have depends_on_past set.
[2025-06-17T01:08:01.527+0000] {taskinstance.py:2088} DEBUG - <TaskInstance: globalsuperstore.transform.transform_dim_date manual__2025-06-17T01:07:35.622604+00:00 [queued]> dependency 'Pool Slots Available' PASSED: True, There are enough open slots in default_pool to execute the task
[2025-06-17T01:08:01.528+0000] {taskinstance.py:2088} DEBUG - <TaskInstance: globalsuperstore.transform.transform_dim_date manual__2025-06-17T01:07:35.622604+00:00 [queued]> dependency 'Task Concurrency' PASSED: True, Task concurrency is not set.
[2025-06-17T01:08:01.530+0000] {taskinstance.py:2088} DEBUG - <TaskInstance: globalsuperstore.transform.transform_dim_date manual__2025-06-17T01:07:35.622604+00:00 [queued]> dependency 'Not In Retry Period' PASSED: True, The task instance was not marked for retrying.
[2025-06-17T01:08:01.531+0000] {taskinstance.py:2076} INFO - Dependencies all met for dep_context=requeueable deps ti=<TaskInstance: globalsuperstore.transform.transform_dim_date manual__2025-06-17T01:07:35.622604+00:00 [queued]>
[2025-06-17T01:08:01.532+0000] {taskinstance.py:2306} INFO - Starting attempt 1 of 1
[2025-06-17T01:08:01.565+0000] {taskinstance.py:2330} INFO - Executing <Task(PythonOperator): transform.transform_dim_date> on 2025-06-17 01:07:35.622604+00:00
[2025-06-17T01:08:01.580+0000] {standard_task_runner.py:63} INFO - Started process 438 to run task
[2025-06-17T01:08:01.588+0000] {standard_task_runner.py:90} INFO - Running: ['***', 'tasks', 'run', 'globalsuperstore', 'transform.transform_dim_date', 'manual__2025-06-17T01:07:35.622604+00:00', '--job-id', '305', '--raw', '--subdir', 'DAGS_FOLDER/global_superstore_dw_etl.py', '--cfg-path', '/tmp/tmp8s2xr__6']
[2025-06-17T01:08:01.590+0000] {standard_task_runner.py:91} INFO - Job 305: Subtask transform.transform_dim_date
[2025-06-17T01:08:01.591+0000] {cli_action_loggers.py:70} DEBUG - Calling callbacks: [<function default_action_log at 0x7f7042299750>]
[2025-06-17T01:08:01.678+0000] {taskinstance.py:1042} DEBUG - previous_execution_date was called
[2025-06-17T01:08:01.688+0000] {task_command.py:426} INFO - Running <TaskInstance: globalsuperstore.transform.transform_dim_date manual__2025-06-17T01:07:35.622604+00:00 [running]> on host 9b7c60adfed6
[2025-06-17T01:08:01.690+0000] {settings.py:363} DEBUG - Disposing DB connection pool (PID 438)
[2025-06-17T01:08:01.691+0000] {settings.py:250} DEBUG - Setting up DB connection pool (PID 438)
[2025-06-17T01:08:01.692+0000] {settings.py:298} DEBUG - settings.prepare_engine_args(): Using NullPool
[2025-06-17T01:08:01.749+0000] {taskinstance.py:1042} DEBUG - previous_execution_date was called
[2025-06-17T01:08:01.754+0000] {taskinstance.py:1845} DEBUG - Clearing XCom data
[2025-06-17T01:08:01.776+0000] {retries.py:91} DEBUG - Running RenderedTaskInstanceFields.write with retries. Try 1 of 3
[2025-06-17T01:08:01.825+0000] {retries.py:91} DEBUG - Running RenderedTaskInstanceFields._do_delete_old_records with retries. Try 1 of 3
[2025-06-17T01:08:01.845+0000] {taskinstance.py:2648} INFO - Exporting env vars: AIRFLOW_CTX_DAG_OWNER='***' AIRFLOW_CTX_DAG_ID='globalsuperstore' AIRFLOW_CTX_TASK_ID='transform.transform_dim_date' AIRFLOW_CTX_EXECUTION_DATE='2025-06-17T01:07:35.622604+00:00' AIRFLOW_CTX_TRY_NUMBER='1' AIRFLOW_CTX_DAG_RUN_ID='manual__2025-06-17T01:07:35.622604+00:00'
[2025-06-17T01:08:01.846+0000] {__init__.py:115} DEBUG - Preparing lineage inlets and outlets
[2025-06-17T01:08:01.847+0000] {__init__.py:154} DEBUG - inlets: [], outlets: []
[2025-06-17T01:08:01.848+0000] {taskinstance.py:430} INFO - ::endgroup::
[2025-06-17T01:08:01.901+0000] {base.py:84} INFO - Using connection ID 'postgres' for task execution.
[2025-06-17T01:08:01.918+0000] {base.py:84} INFO - Using connection ID 'postgres' for task execution.
[2025-06-17T01:08:01.937+0000] {base.py:84} INFO - Using connection ID 'postgres' for task execution.
[2025-06-17T01:08:01.973+0000] {logging_mixin.py:188} WARNING - /home/***/.local/lib/python3.10/site-packages/***/providers/common/sql/hooks/sql.py:263 UserWarning: pandas only supports SQLAlchemy connectable (engine/connection) or database string URI or sqlite3 DBAPI2 connection. Other DBAPI2 objects are not tested. Please consider using SQLAlchemy.
[2025-06-17T01:08:02.771+0000] {logging_mixin.py:188} INFO - ✔ Đã lưu dữ liệu vào warehouse.dim_date (1428 dòng)
[2025-06-17T01:08:02.772+0000] {logging_mixin.py:188} INFO - ✔ Đã transform và lưu dữ liệu vào warehouse.dim_date
[2025-06-17T01:08:02.773+0000] {python.py:237} INFO - Done. Returned value was: None
[2025-06-17T01:08:02.775+0000] {taskinstance.py:441} INFO - ::group::Post task execution logs
[2025-06-17T01:08:02.776+0000] {__init__.py:77} DEBUG - Lineage called with inlets: [], outlets: []
[2025-06-17T01:08:02.786+0000] {taskinstance.py:584} DEBUG - Clearing next_method and next_kwargs.
[2025-06-17T01:08:02.787+0000] {taskinstance.py:1206} INFO - Marking task as SUCCESS. dag_id=globalsuperstore, task_id=transform.transform_dim_date, run_id=manual__2025-06-17T01:07:35.622604+00:00, execution_date=20250617T010735, start_date=20250617T010801, end_date=20250617T010802
[2025-06-17T01:08:02.788+0000] {taskinstance.py:562} DEBUG - Task Duration set to 1.278503
[2025-06-17T01:08:02.803+0000] {cli_action_loggers.py:88} DEBUG - Calling callbacks: []
[2025-06-17T01:08:02.845+0000] {local_task_job_runner.py:240} INFO - Task exited with return code 0
[2025-06-17T01:08:02.859+0000] {taskinstance.py:3461} DEBUG - Skip locked rows, rollback
[2025-06-17T01:08:02.860+0000] {local_task_job_runner.py:222} INFO - ::endgroup::
