[2025-06-14T15:04:59.656+0000] {local_task_job_runner.py:120} INFO - ::group::Pre task execution logs
[2025-06-14T15:04:59.707+0000] {taskinstance.py:2076} INFO - Dependencies all met for dep_context=non-requeueable deps ti=<TaskInstance: globalsuperstore.extract.extract_and_load_to_staging manual__2025-06-14T15:04:57.725205+00:00 [queued]>
[2025-06-14T15:04:59.716+0000] {taskinstance.py:2076} INFO - Dependencies all met for dep_context=requeueable deps ti=<TaskInstance: globalsuperstore.extract.extract_and_load_to_staging manual__2025-06-14T15:04:57.725205+00:00 [queued]>
[2025-06-14T15:04:59.717+0000] {taskinstance.py:2306} INFO - Starting attempt 1 of 1
[2025-06-14T15:04:59.732+0000] {taskinstance.py:2330} INFO - Executing <Task(PythonOperator): extract.extract_and_load_to_staging> on 2025-06-14 15:04:57.725205+00:00
[2025-06-14T15:04:59.737+0000] {standard_task_runner.py:63} INFO - Started process 1187 to run task
[2025-06-14T15:04:59.740+0000] {standard_task_runner.py:90} INFO - Running: ['***', 'tasks', 'run', 'globalsuperstore', 'extract.extract_and_load_to_staging', 'manual__2025-06-14T15:04:57.725205+00:00', '--job-id', '38', '--raw', '--subdir', 'DAGS_FOLDER/global_superstore_dw_etl.py', '--cfg-path', '/tmp/tmpbyazlfcr']
[2025-06-14T15:04:59.742+0000] {standard_task_runner.py:91} INFO - Job 38: Subtask extract.extract_and_load_to_staging
[2025-06-14T15:04:59.815+0000] {task_command.py:426} INFO - Running <TaskInstance: globalsuperstore.extract.extract_and_load_to_staging manual__2025-06-14T15:04:57.725205+00:00 [running]> on host f3cca4675eb8
[2025-06-14T15:04:59.984+0000] {taskinstance.py:2648} INFO - Exporting env vars: AIRFLOW_CTX_DAG_OWNER='***' AIRFLOW_CTX_DAG_ID='globalsuperstore' AIRFLOW_CTX_TASK_ID='extract.extract_and_load_to_staging' AIRFLOW_CTX_EXECUTION_DATE='2025-06-14T15:04:57.725205+00:00' AIRFLOW_CTX_TRY_NUMBER='1' AIRFLOW_CTX_DAG_RUN_ID='manual__2025-06-14T15:04:57.725205+00:00'
[2025-06-14T15:04:59.986+0000] {taskinstance.py:430} INFO - ::endgroup::
[2025-06-14T15:05:00.027+0000] {base.py:84} INFO - Using connection ID 'postgres' for task execution.
[2025-06-14T15:05:00.035+0000] {base.py:84} INFO - Using connection ID 'mysql' for task execution.
[2025-06-14T15:05:00.100+0000] {logging_mixin.py:188} WARNING - /home/***/.local/lib/python3.10/site-packages/***/providers/common/sql/hooks/sql.py:263 UserWarning: pandas only supports SQLAlchemy connectable (engine/connection) or database string URI or sqlite3 DBAPI2 connection. Other DBAPI2 objects are not tested. Please consider using SQLAlchemy.
[2025-06-14T15:05:00.226+0000] {logging_mixin.py:188} INFO - ✔ Đã load Category → staging.stg_Category
[2025-06-14T15:05:00.233+0000] {base.py:84} INFO - Using connection ID 'mysql' for task execution.
[2025-06-14T15:05:00.241+0000] {logging_mixin.py:188} WARNING - /home/***/.local/lib/python3.10/site-packages/***/providers/common/sql/hooks/sql.py:263 UserWarning: pandas only supports SQLAlchemy connectable (engine/connection) or database string URI or sqlite3 DBAPI2 connection. Other DBAPI2 objects are not tested. Please consider using SQLAlchemy.
[2025-06-14T15:05:01.596+0000] {logging_mixin.py:188} INFO - ✔ Đã load Customer → staging.stg_Customer
[2025-06-14T15:05:01.602+0000] {base.py:84} INFO - Using connection ID 'mysql' for task execution.
[2025-06-14T15:05:01.608+0000] {logging_mixin.py:188} WARNING - /home/***/.local/lib/python3.10/site-packages/***/providers/common/sql/hooks/sql.py:263 UserWarning: pandas only supports SQLAlchemy connectable (engine/connection) or database string URI or sqlite3 DBAPI2 connection. Other DBAPI2 objects are not tested. Please consider using SQLAlchemy.
[2025-06-14T15:05:13.138+0000] {logging_mixin.py:188} INFO - ✔ Đã load Order_Details → staging.stg_Order_Details
[2025-06-14T15:05:13.147+0000] {base.py:84} INFO - Using connection ID 'mysql' for task execution.
[2025-06-14T15:05:13.165+0000] {logging_mixin.py:188} WARNING - /home/***/.local/lib/python3.10/site-packages/***/providers/common/sql/hooks/sql.py:263 UserWarning: pandas only supports SQLAlchemy connectable (engine/connection) or database string URI or sqlite3 DBAPI2 connection. Other DBAPI2 objects are not tested. Please consider using SQLAlchemy.
[2025-06-14T15:05:17.421+0000] {logging_mixin.py:188} INFO - ✔ Đã load Orders → staging.stg_Orders
[2025-06-14T15:05:17.429+0000] {base.py:84} INFO - Using connection ID 'mysql' for task execution.
[2025-06-14T15:05:17.435+0000] {logging_mixin.py:188} WARNING - /home/***/.local/lib/python3.10/site-packages/***/providers/common/sql/hooks/sql.py:263 UserWarning: pandas only supports SQLAlchemy connectable (engine/connection) or database string URI or sqlite3 DBAPI2 connection. Other DBAPI2 objects are not tested. Please consider using SQLAlchemy.
[2025-06-14T15:05:18.174+0000] {logging_mixin.py:188} INFO - ✔ Đã load Product → staging.stg_Product
[2025-06-14T15:05:18.180+0000] {base.py:84} INFO - Using connection ID 'mysql' for task execution.
[2025-06-14T15:05:18.186+0000] {logging_mixin.py:188} WARNING - /home/***/.local/lib/python3.10/site-packages/***/providers/common/sql/hooks/sql.py:263 UserWarning: pandas only supports SQLAlchemy connectable (engine/connection) or database string URI or sqlite3 DBAPI2 connection. Other DBAPI2 objects are not tested. Please consider using SQLAlchemy.
[2025-06-14T15:05:18.219+0000] {logging_mixin.py:188} INFO - ✔ Đã load Sub_Category → staging.stg_Sub_Category
[2025-06-14T15:05:18.220+0000] {python.py:237} INFO - Done. Returned value was: None
[2025-06-14T15:05:18.220+0000] {taskinstance.py:441} INFO - ::group::Post task execution logs
[2025-06-14T15:05:18.228+0000] {taskinstance.py:1206} INFO - Marking task as SUCCESS. dag_id=globalsuperstore, task_id=extract.extract_and_load_to_staging, run_id=manual__2025-06-14T15:04:57.725205+00:00, execution_date=20250614T150457, start_date=20250614T150459, end_date=20250614T150518
[2025-06-14T15:05:18.304+0000] {local_task_job_runner.py:240} INFO - Task exited with return code 0
[2025-06-14T15:05:18.382+0000] {taskinstance.py:3503} INFO - 2 downstream tasks scheduled from follow-on schedule check
[2025-06-14T15:05:18.386+0000] {local_task_job_runner.py:222} INFO - ::endgroup::
