[2025-06-15T16:16:15.802+0000] {taskinstance.py:1042} DEBUG - previous_execution_date was called
[2025-06-15T16:16:15.822+0000] {__init__.py:54} DEBUG - Loading core task runner: StandardTaskRunner
[2025-06-15T16:16:15.836+0000] {taskinstance.py:1042} DEBUG - previous_execution_date was called
[2025-06-15T16:16:15.845+0000] {base_task_runner.py:73} DEBUG - Planning to run as the  user
[2025-06-15T16:16:15.854+0000] {local_task_job_runner.py:120} INFO - ::group::Pre task execution logs
[2025-06-15T16:16:15.890+0000] {taskinstance.py:2088} DEBUG - <TaskInstance: globalsuperstore.load.transform_fact_sales manual__2025-06-15T16:15:34.920552+00:00 [queued]> dependency 'Task Instance Not Running' PASSED: True, Task is not in running state.
[2025-06-15T16:16:15.891+0000] {taskinstance.py:2088} DEBUG - <TaskInstance: globalsuperstore.load.transform_fact_sales manual__2025-06-15T16:15:34.920552+00:00 [queued]> dependency 'Task Instance State' PASSED: True, Task state queued was valid.
[2025-06-15T16:16:15.898+0000] {taskinstance.py:2088} DEBUG - <TaskInstance: globalsuperstore.load.transform_fact_sales manual__2025-06-15T16:15:34.920552+00:00 [queued]> dependency 'Previous Dagrun State' PASSED: True, The task did not have depends_on_past set.
[2025-06-15T16:16:15.899+0000] {taskinstance.py:2088} DEBUG - <TaskInstance: globalsuperstore.load.transform_fact_sales manual__2025-06-15T16:15:34.920552+00:00 [queued]> dependency 'Not In Retry Period' PASSED: True, The task instance was not marked for retrying.
[2025-06-15T16:16:15.900+0000] {taskinstance.py:2076} INFO - Dependencies all met for dep_context=non-requeueable deps ti=<TaskInstance: globalsuperstore.load.transform_fact_sales manual__2025-06-15T16:15:34.920552+00:00 [queued]>
[2025-06-15T16:16:15.906+0000] {taskinstance.py:2088} DEBUG - <TaskInstance: globalsuperstore.load.transform_fact_sales manual__2025-06-15T16:15:34.920552+00:00 [queued]> dependency 'Pool Slots Available' PASSED: True, There are enough open slots in default_pool to execute the task
[2025-06-15T16:16:15.907+0000] {taskinstance.py:2088} DEBUG - <TaskInstance: globalsuperstore.load.transform_fact_sales manual__2025-06-15T16:15:34.920552+00:00 [queued]> dependency 'Task Concurrency' PASSED: True, Task concurrency is not set.
[2025-06-15T16:16:15.912+0000] {taskinstance.py:2088} DEBUG - <TaskInstance: globalsuperstore.load.transform_fact_sales manual__2025-06-15T16:15:34.920552+00:00 [queued]> dependency 'Previous Dagrun State' PASSED: True, The task did not have depends_on_past set.
[2025-06-15T16:16:15.913+0000] {taskinstance.py:2088} DEBUG - <TaskInstance: globalsuperstore.load.transform_fact_sales manual__2025-06-15T16:15:34.920552+00:00 [queued]> dependency 'Not In Retry Period' PASSED: True, The task instance was not marked for retrying.
[2025-06-15T16:16:15.913+0000] {taskinstance.py:2076} INFO - Dependencies all met for dep_context=requeueable deps ti=<TaskInstance: globalsuperstore.load.transform_fact_sales manual__2025-06-15T16:15:34.920552+00:00 [queued]>
[2025-06-15T16:16:15.913+0000] {taskinstance.py:2306} INFO - Starting attempt 1 of 1
[2025-06-15T16:16:15.929+0000] {taskinstance.py:2330} INFO - Executing <Task(PythonOperator): load.transform_fact_sales> on 2025-06-15 16:15:34.920552+00:00
[2025-06-15T16:16:15.936+0000] {standard_task_runner.py:63} INFO - Started process 562 to run task
[2025-06-15T16:16:15.939+0000] {standard_task_runner.py:90} INFO - Running: ['***', 'tasks', 'run', 'globalsuperstore', 'load.transform_fact_sales', 'manual__2025-06-15T16:15:34.920552+00:00', '--job-id', '33', '--raw', '--subdir', 'DAGS_FOLDER/global_superstore_dw_etl.py', '--cfg-path', '/tmp/tmpzop4okjh']
[2025-06-15T16:16:15.940+0000] {standard_task_runner.py:91} INFO - Job 33: Subtask load.transform_fact_sales
[2025-06-15T16:16:15.941+0000] {cli_action_loggers.py:70} DEBUG - Calling callbacks: [<function default_action_log at 0x7f1a51c99750>]
[2025-06-15T16:16:15.985+0000] {taskinstance.py:1042} DEBUG - previous_execution_date was called
[2025-06-15T16:16:15.992+0000] {task_command.py:426} INFO - Running <TaskInstance: globalsuperstore.load.transform_fact_sales manual__2025-06-15T16:15:34.920552+00:00 [running]> on host a40e01b9e58f
[2025-06-15T16:16:15.992+0000] {settings.py:363} DEBUG - Disposing DB connection pool (PID 562)
[2025-06-15T16:16:15.993+0000] {settings.py:250} DEBUG - Setting up DB connection pool (PID 562)
[2025-06-15T16:16:15.993+0000] {settings.py:298} DEBUG - settings.prepare_engine_args(): Using NullPool
[2025-06-15T16:16:16.026+0000] {taskinstance.py:1042} DEBUG - previous_execution_date was called
[2025-06-15T16:16:16.029+0000] {taskinstance.py:1845} DEBUG - Clearing XCom data
[2025-06-15T16:16:16.043+0000] {retries.py:91} DEBUG - Running RenderedTaskInstanceFields.write with retries. Try 1 of 3
[2025-06-15T16:16:16.072+0000] {retries.py:91} DEBUG - Running RenderedTaskInstanceFields._do_delete_old_records with retries. Try 1 of 3
[2025-06-15T16:16:16.083+0000] {taskinstance.py:2648} INFO - Exporting env vars: AIRFLOW_CTX_DAG_OWNER='***' AIRFLOW_CTX_DAG_ID='globalsuperstore' AIRFLOW_CTX_TASK_ID='load.transform_fact_sales' AIRFLOW_CTX_EXECUTION_DATE='2025-06-15T16:15:34.920552+00:00' AIRFLOW_CTX_TRY_NUMBER='1' AIRFLOW_CTX_DAG_RUN_ID='manual__2025-06-15T16:15:34.920552+00:00'
[2025-06-15T16:16:16.084+0000] {__init__.py:115} DEBUG - Preparing lineage inlets and outlets
[2025-06-15T16:16:16.084+0000] {__init__.py:154} DEBUG - inlets: [], outlets: []
[2025-06-15T16:16:16.085+0000] {taskinstance.py:430} INFO - ::endgroup::
[2025-06-15T16:16:16.102+0000] {base.py:84} INFO - Using connection ID 'postgres' for task execution.
[2025-06-15T16:16:16.109+0000] {base.py:84} INFO - Using connection ID 'postgres' for task execution.
[2025-06-15T16:16:16.115+0000] {base.py:84} INFO - Using connection ID 'postgres' for task execution.
[2025-06-15T16:16:16.125+0000] {logging_mixin.py:188} WARNING - /home/***/.local/lib/python3.10/site-packages/***/providers/common/sql/hooks/sql.py:263 UserWarning: pandas only supports SQLAlchemy connectable (engine/connection) or database string URI or sqlite3 DBAPI2 connection. Other DBAPI2 objects are not tested. Please consider using SQLAlchemy.
[2025-06-15T16:16:16.203+0000] {base.py:84} INFO - Using connection ID 'postgres' for task execution.
[2025-06-15T16:16:16.209+0000] {logging_mixin.py:188} WARNING - /home/***/.local/lib/python3.10/site-packages/***/providers/common/sql/hooks/sql.py:263 UserWarning: pandas only supports SQLAlchemy connectable (engine/connection) or database string URI or sqlite3 DBAPI2 connection. Other DBAPI2 objects are not tested. Please consider using SQLAlchemy.
[2025-06-15T16:16:16.220+0000] {base.py:84} INFO - Using connection ID 'postgres' for task execution.
[2025-06-15T16:16:16.224+0000] {logging_mixin.py:188} WARNING - /home/***/.local/lib/python3.10/site-packages/***/providers/common/sql/hooks/sql.py:263 UserWarning: pandas only supports SQLAlchemy connectable (engine/connection) or database string URI or sqlite3 DBAPI2 connection. Other DBAPI2 objects are not tested. Please consider using SQLAlchemy.
[2025-06-15T16:16:16.231+0000] {base.py:84} INFO - Using connection ID 'postgres' for task execution.
[2025-06-15T16:16:16.235+0000] {logging_mixin.py:188} WARNING - /home/***/.local/lib/python3.10/site-packages/***/providers/common/sql/hooks/sql.py:263 UserWarning: pandas only supports SQLAlchemy connectable (engine/connection) or database string URI or sqlite3 DBAPI2 connection. Other DBAPI2 objects are not tested. Please consider using SQLAlchemy.
[2025-06-15T16:16:16.253+0000] {base.py:84} INFO - Using connection ID 'postgres' for task execution.
[2025-06-15T16:16:16.258+0000] {logging_mixin.py:188} WARNING - /home/***/.local/lib/python3.10/site-packages/***/providers/common/sql/hooks/sql.py:263 UserWarning: pandas only supports SQLAlchemy connectable (engine/connection) or database string URI or sqlite3 DBAPI2 connection. Other DBAPI2 objects are not tested. Please consider using SQLAlchemy.
[2025-06-15T16:16:16.308+0000] {taskinstance.py:441} INFO - ::group::Post task execution logs
[2025-06-15T16:16:16.309+0000] {taskinstance.py:2905} ERROR - Task failed with exception
Traceback (most recent call last):
  File "/home/airflow/.local/lib/python3.10/site-packages/airflow/models/taskinstance.py", line 465, in _execute_task
    result = _execute_callable(context=context, **execute_callable_kwargs)
  File "/home/airflow/.local/lib/python3.10/site-packages/airflow/models/taskinstance.py", line 432, in _execute_callable
    return execute_callable(context=context, **execute_callable_kwargs)
  File "/home/airflow/.local/lib/python3.10/site-packages/airflow/models/baseoperator.py", line 401, in wrapper
    return func(self, *args, **kwargs)
  File "/home/airflow/.local/lib/python3.10/site-packages/airflow/operators/python.py", line 235, in execute
    return_value = self.execute_callable()
  File "/home/airflow/.local/lib/python3.10/site-packages/airflow/operators/python.py", line 252, in execute_callable
    return self.python_callable(*self.op_args, **self.op_kwargs)
  File "/opt/airflow/dags/transform_fact_sales.py", line 37, in transform_fact_sales
    df = df.merge(df_products, how='left',
  File "/home/airflow/.local/lib/python3.10/site-packages/pandas/core/frame.py", line 10093, in merge
    return merge(
  File "/home/airflow/.local/lib/python3.10/site-packages/pandas/core/reshape/merge.py", line 110, in merge
    op = _MergeOperation(
  File "/home/airflow/.local/lib/python3.10/site-packages/pandas/core/reshape/merge.py", line 703, in __init__
    ) = self._get_merge_keys()
  File "/home/airflow/.local/lib/python3.10/site-packages/pandas/core/reshape/merge.py", line 1179, in _get_merge_keys
    left_keys.append(left._get_label_or_level_values(lk))
  File "/home/airflow/.local/lib/python3.10/site-packages/pandas/core/generic.py", line 1850, in _get_label_or_level_values
    raise KeyError(key)
KeyError: 'Product_ID'
[2025-06-15T16:16:16.358+0000] {taskinstance.py:562} DEBUG - Task Duration set to 0.457787
[2025-06-15T16:16:16.359+0000] {taskinstance.py:584} DEBUG - Clearing next_method and next_kwargs.
[2025-06-15T16:16:16.360+0000] {taskinstance.py:1206} INFO - Marking task as FAILED. dag_id=globalsuperstore, task_id=load.transform_fact_sales, run_id=manual__2025-06-15T16:15:34.920552+00:00, execution_date=20250615T161534, start_date=20250615T161615, end_date=20250615T161616
[2025-06-15T16:16:16.374+0000] {cli_action_loggers.py:88} DEBUG - Calling callbacks: []
[2025-06-15T16:16:16.375+0000] {standard_task_runner.py:110} ERROR - Failed to execute job 33 for task load.transform_fact_sales ('Product_ID'; 562)
[2025-06-15T16:16:16.394+0000] {local_task_job_runner.py:240} INFO - Task exited with return code 1
[2025-06-15T16:16:16.410+0000] {dagrun.py:931} DEBUG - number of tis tasks for <DagRun globalsuperstore @ 2025-06-15 16:15:34.920552+00:00: manual__2025-06-15T16:15:34.920552+00:00, state:running, queued_at: 2025-06-15 16:15:35.248730+00:00. externally triggered: True>: 0 task(s)
[2025-06-15T16:16:16.410+0000] {taskinstance.py:3503} INFO - 0 downstream tasks scheduled from follow-on schedule check
[2025-06-15T16:16:16.415+0000] {local_task_job_runner.py:222} INFO - ::endgroup::
