[2025-06-17T02:21:32.950+0000] {taskinstance.py:1042} DEBUG - previous_execution_date was called
[2025-06-17T02:21:32.988+0000] {__init__.py:54} DEBUG - Loading core task runner: StandardTaskRunner
[2025-06-17T02:21:33.002+0000] {taskinstance.py:1042} DEBUG - previous_execution_date was called
[2025-06-17T02:21:33.009+0000] {base_task_runner.py:73} DEBUG - Planning to run as the  user
[2025-06-17T02:21:33.016+0000] {local_task_job_runner.py:120} INFO - ::group::Pre task execution logs
[2025-06-17T02:21:33.068+0000] {taskinstance.py:2088} DEBUG - <TaskInstance: globalsuperstore.load.transform_fact_sales manual__2025-06-17T02:21:00.388157+00:00 [queued]> dependency 'Not In Retry Period' PASSED: True, The task instance was not marked for retrying.
[2025-06-17T02:21:33.070+0000] {taskinstance.py:2088} DEBUG - <TaskInstance: globalsuperstore.load.transform_fact_sales manual__2025-06-17T02:21:00.388157+00:00 [queued]> dependency 'Previous Dagrun State' PASSED: True, The task did not have depends_on_past set.
[2025-06-17T02:21:33.071+0000] {taskinstance.py:2088} DEBUG - <TaskInstance: globalsuperstore.load.transform_fact_sales manual__2025-06-17T02:21:00.388157+00:00 [queued]> dependency 'Task Instance Not Running' PASSED: True, Task is not in running state.
[2025-06-17T02:21:33.072+0000] {taskinstance.py:2088} DEBUG - <TaskInstance: globalsuperstore.load.transform_fact_sales manual__2025-06-17T02:21:00.388157+00:00 [queued]> dependency 'Task Instance State' PASSED: True, Task state queued was valid.
[2025-06-17T02:21:33.073+0000] {taskinstance.py:2076} INFO - Dependencies all met for dep_context=non-requeueable deps ti=<TaskInstance: globalsuperstore.load.transform_fact_sales manual__2025-06-17T02:21:00.388157+00:00 [queued]>
[2025-06-17T02:21:33.075+0000] {taskinstance.py:2088} DEBUG - <TaskInstance: globalsuperstore.load.transform_fact_sales manual__2025-06-17T02:21:00.388157+00:00 [queued]> dependency 'Not In Retry Period' PASSED: True, The task instance was not marked for retrying.
[2025-06-17T02:21:33.076+0000] {taskinstance.py:2088} DEBUG - <TaskInstance: globalsuperstore.load.transform_fact_sales manual__2025-06-17T02:21:00.388157+00:00 [queued]> dependency 'Previous Dagrun State' PASSED: True, The task did not have depends_on_past set.
[2025-06-17T02:21:33.085+0000] {taskinstance.py:2088} DEBUG - <TaskInstance: globalsuperstore.load.transform_fact_sales manual__2025-06-17T02:21:00.388157+00:00 [queued]> dependency 'Pool Slots Available' PASSED: True, There are enough open slots in default_pool to execute the task
[2025-06-17T02:21:33.086+0000] {taskinstance.py:2088} DEBUG - <TaskInstance: globalsuperstore.load.transform_fact_sales manual__2025-06-17T02:21:00.388157+00:00 [queued]> dependency 'Task Concurrency' PASSED: True, Task concurrency is not set.
[2025-06-17T02:21:33.091+0000] {taskinstance.py:2076} INFO - Dependencies all met for dep_context=requeueable deps ti=<TaskInstance: globalsuperstore.load.transform_fact_sales manual__2025-06-17T02:21:00.388157+00:00 [queued]>
[2025-06-17T02:21:33.092+0000] {taskinstance.py:2306} INFO - Starting attempt 1 of 1
[2025-06-17T02:21:33.120+0000] {taskinstance.py:2330} INFO - Executing <Task(PythonOperator): load.transform_fact_sales> on 2025-06-17 02:21:00.388157+00:00
[2025-06-17T02:21:33.132+0000] {standard_task_runner.py:63} INFO - Started process 281 to run task
[2025-06-17T02:21:33.139+0000] {standard_task_runner.py:90} INFO - Running: ['***', 'tasks', 'run', 'globalsuperstore', 'load.transform_fact_sales', 'manual__2025-06-17T02:21:00.388157+00:00', '--job-id', '365', '--raw', '--subdir', 'DAGS_FOLDER/global_superstore_dw_etl.py', '--cfg-path', '/tmp/tmpawoeugbx']
[2025-06-17T02:21:33.141+0000] {standard_task_runner.py:91} INFO - Job 365: Subtask load.transform_fact_sales
[2025-06-17T02:21:33.142+0000] {cli_action_loggers.py:70} DEBUG - Calling callbacks: [<function default_action_log at 0x7fc3f7c99750>]
[2025-06-17T02:21:33.206+0000] {taskinstance.py:1042} DEBUG - previous_execution_date was called
[2025-06-17T02:21:33.214+0000] {task_command.py:426} INFO - Running <TaskInstance: globalsuperstore.load.transform_fact_sales manual__2025-06-17T02:21:00.388157+00:00 [running]> on host 9b7c60adfed6
[2025-06-17T02:21:33.215+0000] {settings.py:363} DEBUG - Disposing DB connection pool (PID 281)
[2025-06-17T02:21:33.216+0000] {settings.py:250} DEBUG - Setting up DB connection pool (PID 281)
[2025-06-17T02:21:33.216+0000] {settings.py:298} DEBUG - settings.prepare_engine_args(): Using NullPool
[2025-06-17T02:21:33.265+0000] {taskinstance.py:1042} DEBUG - previous_execution_date was called
[2025-06-17T02:21:33.274+0000] {taskinstance.py:1845} DEBUG - Clearing XCom data
[2025-06-17T02:21:33.291+0000] {retries.py:91} DEBUG - Running RenderedTaskInstanceFields.write with retries. Try 1 of 3
[2025-06-17T02:21:33.318+0000] {retries.py:91} DEBUG - Running RenderedTaskInstanceFields._do_delete_old_records with retries. Try 1 of 3
[2025-06-17T02:21:33.332+0000] {taskinstance.py:2648} INFO - Exporting env vars: AIRFLOW_CTX_DAG_OWNER='***' AIRFLOW_CTX_DAG_ID='globalsuperstore' AIRFLOW_CTX_TASK_ID='load.transform_fact_sales' AIRFLOW_CTX_EXECUTION_DATE='2025-06-17T02:21:00.388157+00:00' AIRFLOW_CTX_TRY_NUMBER='1' AIRFLOW_CTX_DAG_RUN_ID='manual__2025-06-17T02:21:00.388157+00:00'
[2025-06-17T02:21:33.333+0000] {__init__.py:115} DEBUG - Preparing lineage inlets and outlets
[2025-06-17T02:21:33.334+0000] {__init__.py:154} DEBUG - inlets: [], outlets: []
[2025-06-17T02:21:33.335+0000] {taskinstance.py:430} INFO - ::endgroup::
[2025-06-17T02:21:33.370+0000] {base.py:84} INFO - Using connection ID 'postgres' for task execution.
[2025-06-17T02:21:33.379+0000] {base.py:84} INFO - Using connection ID 'postgres' for task execution.
[2025-06-17T02:21:33.388+0000] {base.py:84} INFO - Using connection ID 'postgres' for task execution.
[2025-06-17T02:21:33.398+0000] {logging_mixin.py:188} WARNING - /home/***/.local/lib/python3.10/site-packages/***/providers/common/sql/hooks/sql.py:263 UserWarning: pandas only supports SQLAlchemy connectable (engine/connection) or database string URI or sqlite3 DBAPI2 connection. Other DBAPI2 objects are not tested. Please consider using SQLAlchemy.
[2025-06-17T02:21:33.518+0000] {base.py:84} INFO - Using connection ID 'postgres' for task execution.
[2025-06-17T02:21:33.525+0000] {logging_mixin.py:188} WARNING - /home/***/.local/lib/python3.10/site-packages/***/providers/common/sql/hooks/sql.py:263 UserWarning: pandas only supports SQLAlchemy connectable (engine/connection) or database string URI or sqlite3 DBAPI2 connection. Other DBAPI2 objects are not tested. Please consider using SQLAlchemy.
[2025-06-17T02:21:33.855+0000] {base.py:84} INFO - Using connection ID 'postgres' for task execution.
[2025-06-17T02:21:33.860+0000] {logging_mixin.py:188} WARNING - /home/***/.local/lib/python3.10/site-packages/***/providers/common/sql/hooks/sql.py:263 UserWarning: pandas only supports SQLAlchemy connectable (engine/connection) or database string URI or sqlite3 DBAPI2 connection. Other DBAPI2 objects are not tested. Please consider using SQLAlchemy.
[2025-06-17T02:21:33.874+0000] {base.py:84} INFO - Using connection ID 'postgres' for task execution.
[2025-06-17T02:21:33.880+0000] {logging_mixin.py:188} WARNING - /home/***/.local/lib/python3.10/site-packages/***/providers/common/sql/hooks/sql.py:263 UserWarning: pandas only supports SQLAlchemy connectable (engine/connection) or database string URI or sqlite3 DBAPI2 connection. Other DBAPI2 objects are not tested. Please consider using SQLAlchemy.
[2025-06-17T02:21:33.889+0000] {base.py:84} INFO - Using connection ID 'postgres' for task execution.
[2025-06-17T02:21:33.893+0000] {logging_mixin.py:188} WARNING - /home/***/.local/lib/python3.10/site-packages/***/providers/common/sql/hooks/sql.py:263 UserWarning: pandas only supports SQLAlchemy connectable (engine/connection) or database string URI or sqlite3 DBAPI2 connection. Other DBAPI2 objects are not tested. Please consider using SQLAlchemy.
[2025-06-17T02:21:33.910+0000] {base.py:84} INFO - Using connection ID 'postgres' for task execution.
[2025-06-17T02:21:33.915+0000] {logging_mixin.py:188} WARNING - /home/***/.local/lib/python3.10/site-packages/***/providers/common/sql/hooks/sql.py:263 UserWarning: pandas only supports SQLAlchemy connectable (engine/connection) or database string URI or sqlite3 DBAPI2 connection. Other DBAPI2 objects are not tested. Please consider using SQLAlchemy.
[2025-06-17T02:21:38.140+0000] {retries.py:91} DEBUG - Running Job._fetch_from_db with retries. Try 1 of 3
[2025-06-17T02:21:38.154+0000] {retries.py:91} DEBUG - Running Job._update_heartbeat with retries. Try 1 of 3
[2025-06-17T02:21:38.209+0000] {job.py:214} DEBUG - [heartbeat]
[2025-06-17T02:21:42.470+0000] {logging_mixin.py:188} INFO - ✔ Đã lưu dữ liệu vào warehouse.fact_sales (25035 dòng)
[2025-06-17T02:21:42.471+0000] {logging_mixin.py:188} INFO - ✔ Đã transform và lưu dữ liệu vào warehouse.fact_sales
[2025-06-17T02:21:42.486+0000] {python.py:237} INFO - Done. Returned value was: None
[2025-06-17T02:21:42.487+0000] {taskinstance.py:441} INFO - ::group::Post task execution logs
[2025-06-17T02:21:42.487+0000] {__init__.py:77} DEBUG - Lineage called with inlets: [], outlets: []
[2025-06-17T02:21:42.498+0000] {taskinstance.py:584} DEBUG - Clearing next_method and next_kwargs.
[2025-06-17T02:21:42.499+0000] {taskinstance.py:1206} INFO - Marking task as SUCCESS. dag_id=globalsuperstore, task_id=load.transform_fact_sales, run_id=manual__2025-06-17T02:21:00.388157+00:00, execution_date=20250617T022100, start_date=20250617T022133, end_date=20250617T022142
[2025-06-17T02:21:42.499+0000] {taskinstance.py:562} DEBUG - Task Duration set to 9.425867
[2025-06-17T02:21:42.509+0000] {cli_action_loggers.py:88} DEBUG - Calling callbacks: []
[2025-06-17T02:21:42.561+0000] {local_task_job_runner.py:240} INFO - Task exited with return code 0
[2025-06-17T02:21:42.587+0000] {dagrun.py:931} DEBUG - number of tis tasks for <DagRun globalsuperstore @ 2025-06-17 02:21:00.388157+00:00: manual__2025-06-17T02:21:00.388157+00:00, state:running, queued_at: 2025-06-17 02:21:00.425327+00:00. externally triggered: True>: 0 task(s)
[2025-06-17T02:21:42.588+0000] {taskinstance.py:3503} INFO - 0 downstream tasks scheduled from follow-on schedule check
[2025-06-17T02:21:42.591+0000] {local_task_job_runner.py:222} INFO - ::endgroup::
