[2025-06-15T16:41:18.864+0000] {taskinstance.py:1042} DEBUG - previous_execution_date was called
[2025-06-15T16:41:18.891+0000] {__init__.py:54} DEBUG - Loading core task runner: StandardTaskRunner
[2025-06-15T16:41:18.910+0000] {taskinstance.py:1042} DEBUG - previous_execution_date was called
[2025-06-15T16:41:18.917+0000] {base_task_runner.py:73} DEBUG - Planning to run as the  user
[2025-06-15T16:41:18.933+0000] {local_task_job_runner.py:120} INFO - ::group::Pre task execution logs
[2025-06-15T16:41:18.986+0000] {taskinstance.py:2088} DEBUG - <TaskInstance: globalsuperstore.extract.extract_and_load_to_staging manual__2025-06-15T16:41:16.927811+00:00 [queued]> dependency 'Trigger Rule' PASSED: True, The task instance did not have any upstream tasks.
[2025-06-15T16:41:18.988+0000] {taskinstance.py:2088} DEBUG - <TaskInstance: globalsuperstore.extract.extract_and_load_to_staging manual__2025-06-15T16:41:16.927811+00:00 [queued]> dependency 'Task Instance Not Running' PASSED: True, Task is not in running state.
[2025-06-15T16:41:18.989+0000] {taskinstance.py:2088} DEBUG - <TaskInstance: globalsuperstore.extract.extract_and_load_to_staging manual__2025-06-15T16:41:16.927811+00:00 [queued]> dependency 'Previous Dagrun State' PASSED: True, The task did not have depends_on_past set.
[2025-06-15T16:41:18.996+0000] {taskinstance.py:2088} DEBUG - <TaskInstance: globalsuperstore.extract.extract_and_load_to_staging manual__2025-06-15T16:41:16.927811+00:00 [queued]> dependency 'Task Instance State' PASSED: True, Task state queued was valid.
[2025-06-15T16:41:18.997+0000] {taskinstance.py:2088} DEBUG - <TaskInstance: globalsuperstore.extract.extract_and_load_to_staging manual__2025-06-15T16:41:16.927811+00:00 [queued]> dependency 'Not In Retry Period' PASSED: True, The task instance was not marked for retrying.
[2025-06-15T16:41:18.998+0000] {taskinstance.py:2076} INFO - Dependencies all met for dep_context=non-requeueable deps ti=<TaskInstance: globalsuperstore.extract.extract_and_load_to_staging manual__2025-06-15T16:41:16.927811+00:00 [queued]>
[2025-06-15T16:41:19.001+0000] {taskinstance.py:2088} DEBUG - <TaskInstance: globalsuperstore.extract.extract_and_load_to_staging manual__2025-06-15T16:41:16.927811+00:00 [queued]> dependency 'Trigger Rule' PASSED: True, The task instance did not have any upstream tasks.
[2025-06-15T16:41:19.002+0000] {taskinstance.py:2088} DEBUG - <TaskInstance: globalsuperstore.extract.extract_and_load_to_staging manual__2025-06-15T16:41:16.927811+00:00 [queued]> dependency 'Task Concurrency' PASSED: True, Task concurrency is not set.
[2025-06-15T16:41:19.008+0000] {taskinstance.py:2088} DEBUG - <TaskInstance: globalsuperstore.extract.extract_and_load_to_staging manual__2025-06-15T16:41:16.927811+00:00 [queued]> dependency 'Pool Slots Available' PASSED: True, There are enough open slots in default_pool to execute the task
[2025-06-15T16:41:19.010+0000] {taskinstance.py:2088} DEBUG - <TaskInstance: globalsuperstore.extract.extract_and_load_to_staging manual__2025-06-15T16:41:16.927811+00:00 [queued]> dependency 'Previous Dagrun State' PASSED: True, The task did not have depends_on_past set.
[2025-06-15T16:41:19.013+0000] {taskinstance.py:2088} DEBUG - <TaskInstance: globalsuperstore.extract.extract_and_load_to_staging manual__2025-06-15T16:41:16.927811+00:00 [queued]> dependency 'Not In Retry Period' PASSED: True, The task instance was not marked for retrying.
[2025-06-15T16:41:19.015+0000] {taskinstance.py:2076} INFO - Dependencies all met for dep_context=requeueable deps ti=<TaskInstance: globalsuperstore.extract.extract_and_load_to_staging manual__2025-06-15T16:41:16.927811+00:00 [queued]>
[2025-06-15T16:41:19.015+0000] {taskinstance.py:2306} INFO - Starting attempt 1 of 1
[2025-06-15T16:41:19.034+0000] {taskinstance.py:2330} INFO - Executing <Task(PythonOperator): extract.extract_and_load_to_staging> on 2025-06-15 16:41:16.927811+00:00
[2025-06-15T16:41:19.044+0000] {standard_task_runner.py:63} INFO - Started process 227 to run task
[2025-06-15T16:41:19.047+0000] {standard_task_runner.py:90} INFO - Running: ['***', 'tasks', 'run', 'globalsuperstore', 'extract.extract_and_load_to_staging', 'manual__2025-06-15T16:41:16.927811+00:00', '--job-id', '70', '--raw', '--subdir', 'DAGS_FOLDER/global_superstore_dw_etl.py', '--cfg-path', '/tmp/tmp0rweqmlr']
[2025-06-15T16:41:19.048+0000] {standard_task_runner.py:91} INFO - Job 70: Subtask extract.extract_and_load_to_staging
[2025-06-15T16:41:19.049+0000] {cli_action_loggers.py:70} DEBUG - Calling callbacks: [<function default_action_log at 0x7fd327729750>]
[2025-06-15T16:41:19.127+0000] {taskinstance.py:1042} DEBUG - previous_execution_date was called
[2025-06-15T16:41:19.136+0000] {task_command.py:426} INFO - Running <TaskInstance: globalsuperstore.extract.extract_and_load_to_staging manual__2025-06-15T16:41:16.927811+00:00 [running]> on host a40e01b9e58f
[2025-06-15T16:41:19.137+0000] {settings.py:363} DEBUG - Disposing DB connection pool (PID 227)
[2025-06-15T16:41:19.137+0000] {settings.py:250} DEBUG - Setting up DB connection pool (PID 227)
[2025-06-15T16:41:19.138+0000] {settings.py:298} DEBUG - settings.prepare_engine_args(): Using NullPool
[2025-06-15T16:41:19.176+0000] {taskinstance.py:1042} DEBUG - previous_execution_date was called
[2025-06-15T16:41:19.185+0000] {taskinstance.py:1845} DEBUG - Clearing XCom data
[2025-06-15T16:41:19.212+0000] {retries.py:91} DEBUG - Running RenderedTaskInstanceFields.write with retries. Try 1 of 3
[2025-06-15T16:41:19.253+0000] {retries.py:91} DEBUG - Running RenderedTaskInstanceFields._do_delete_old_records with retries. Try 1 of 3
[2025-06-15T16:41:19.273+0000] {taskinstance.py:2648} INFO - Exporting env vars: AIRFLOW_CTX_DAG_OWNER='***' AIRFLOW_CTX_DAG_ID='globalsuperstore' AIRFLOW_CTX_TASK_ID='extract.extract_and_load_to_staging' AIRFLOW_CTX_EXECUTION_DATE='2025-06-15T16:41:16.927811+00:00' AIRFLOW_CTX_TRY_NUMBER='1' AIRFLOW_CTX_DAG_RUN_ID='manual__2025-06-15T16:41:16.927811+00:00'
[2025-06-15T16:41:19.275+0000] {__init__.py:115} DEBUG - Preparing lineage inlets and outlets
[2025-06-15T16:41:19.277+0000] {__init__.py:154} DEBUG - inlets: [], outlets: []
[2025-06-15T16:41:19.277+0000] {taskinstance.py:430} INFO - ::endgroup::
[2025-06-15T16:41:19.347+0000] {base.py:84} INFO - Using connection ID 'postgres' for task execution.
[2025-06-15T16:41:19.361+0000] {base.py:84} INFO - Using connection ID 'mysql' for task execution.
[2025-06-15T16:41:19.592+0000] {logging_mixin.py:188} WARNING - /home/***/.local/lib/python3.10/site-packages/***/providers/common/sql/hooks/sql.py:263 UserWarning: pandas only supports SQLAlchemy connectable (engine/connection) or database string URI or sqlite3 DBAPI2 connection. Other DBAPI2 objects are not tested. Please consider using SQLAlchemy.
[2025-06-15T16:41:20.187+0000] {logging_mixin.py:188} INFO - ✔ Đã load Category → staging.stg_Category
[2025-06-15T16:41:20.196+0000] {base.py:84} INFO - Using connection ID 'mysql' for task execution.
[2025-06-15T16:41:20.204+0000] {logging_mixin.py:188} WARNING - /home/***/.local/lib/python3.10/site-packages/***/providers/common/sql/hooks/sql.py:263 UserWarning: pandas only supports SQLAlchemy connectable (engine/connection) or database string URI or sqlite3 DBAPI2 connection. Other DBAPI2 objects are not tested. Please consider using SQLAlchemy.
[2025-06-15T16:41:22.700+0000] {logging_mixin.py:188} INFO - ✔ Đã load Customer → staging.stg_Customer
[2025-06-15T16:41:22.709+0000] {base.py:84} INFO - Using connection ID 'mysql' for task execution.
[2025-06-15T16:41:22.717+0000] {logging_mixin.py:188} WARNING - /home/***/.local/lib/python3.10/site-packages/***/providers/common/sql/hooks/sql.py:263 UserWarning: pandas only supports SQLAlchemy connectable (engine/connection) or database string URI or sqlite3 DBAPI2 connection. Other DBAPI2 objects are not tested. Please consider using SQLAlchemy.
[2025-06-15T16:41:24.055+0000] {retries.py:91} DEBUG - Running Job._fetch_from_db with retries. Try 1 of 3
[2025-06-15T16:41:24.069+0000] {retries.py:91} DEBUG - Running Job._update_heartbeat with retries. Try 1 of 3
[2025-06-15T16:41:24.088+0000] {job.py:214} DEBUG - [heartbeat]
[2025-06-15T16:41:29.123+0000] {retries.py:91} DEBUG - Running Job._fetch_from_db with retries. Try 1 of 3
[2025-06-15T16:41:29.134+0000] {retries.py:91} DEBUG - Running Job._update_heartbeat with retries. Try 1 of 3
[2025-06-15T16:41:29.149+0000] {job.py:214} DEBUG - [heartbeat]
[2025-06-15T16:41:34.175+0000] {retries.py:91} DEBUG - Running Job._fetch_from_db with retries. Try 1 of 3
[2025-06-15T16:41:34.185+0000] {retries.py:91} DEBUG - Running Job._update_heartbeat with retries. Try 1 of 3
[2025-06-15T16:41:34.227+0000] {job.py:214} DEBUG - [heartbeat]
[2025-06-15T16:41:35.119+0000] {logging_mixin.py:188} INFO - ✔ Đã load Order_Details → staging.stg_Order_Details
[2025-06-15T16:41:35.129+0000] {base.py:84} INFO - Using connection ID 'mysql' for task execution.
[2025-06-15T16:41:35.137+0000] {logging_mixin.py:188} WARNING - /home/***/.local/lib/python3.10/site-packages/***/providers/common/sql/hooks/sql.py:263 UserWarning: pandas only supports SQLAlchemy connectable (engine/connection) or database string URI or sqlite3 DBAPI2 connection. Other DBAPI2 objects are not tested. Please consider using SQLAlchemy.
[2025-06-15T16:41:39.261+0000] {retries.py:91} DEBUG - Running Job._fetch_from_db with retries. Try 1 of 3
[2025-06-15T16:41:39.279+0000] {retries.py:91} DEBUG - Running Job._update_heartbeat with retries. Try 1 of 3
[2025-06-15T16:41:39.290+0000] {job.py:214} DEBUG - [heartbeat]
[2025-06-15T16:41:39.472+0000] {logging_mixin.py:188} INFO - ✔ Đã load Orders → staging.stg_Orders
[2025-06-15T16:41:39.480+0000] {base.py:84} INFO - Using connection ID 'mysql' for task execution.
[2025-06-15T16:41:39.485+0000] {logging_mixin.py:188} WARNING - /home/***/.local/lib/python3.10/site-packages/***/providers/common/sql/hooks/sql.py:263 UserWarning: pandas only supports SQLAlchemy connectable (engine/connection) or database string URI or sqlite3 DBAPI2 connection. Other DBAPI2 objects are not tested. Please consider using SQLAlchemy.
[2025-06-15T16:41:40.342+0000] {logging_mixin.py:188} INFO - ✔ Đã load Product → staging.stg_Product
[2025-06-15T16:41:40.347+0000] {base.py:84} INFO - Using connection ID 'mysql' for task execution.
[2025-06-15T16:41:40.351+0000] {logging_mixin.py:188} WARNING - /home/***/.local/lib/python3.10/site-packages/***/providers/common/sql/hooks/sql.py:263 UserWarning: pandas only supports SQLAlchemy connectable (engine/connection) or database string URI or sqlite3 DBAPI2 connection. Other DBAPI2 objects are not tested. Please consider using SQLAlchemy.
[2025-06-15T16:41:40.386+0000] {logging_mixin.py:188} INFO - ✔ Đã load Sub_Category → staging.stg_Sub_Category
[2025-06-15T16:41:40.388+0000] {python.py:237} INFO - Done. Returned value was: None
[2025-06-15T16:41:40.389+0000] {taskinstance.py:441} INFO - ::group::Post task execution logs
[2025-06-15T16:41:40.390+0000] {__init__.py:77} DEBUG - Lineage called with inlets: [], outlets: []
[2025-06-15T16:41:40.403+0000] {taskinstance.py:584} DEBUG - Clearing next_method and next_kwargs.
[2025-06-15T16:41:40.404+0000] {taskinstance.py:1206} INFO - Marking task as SUCCESS. dag_id=globalsuperstore, task_id=extract.extract_and_load_to_staging, run_id=manual__2025-06-15T16:41:16.927811+00:00, execution_date=20250615T164116, start_date=20250615T164118, end_date=20250615T164140
[2025-06-15T16:41:40.404+0000] {taskinstance.py:562} DEBUG - Task Duration set to 21.40522
[2025-06-15T16:41:40.445+0000] {cli_action_loggers.py:88} DEBUG - Calling callbacks: []
[2025-06-15T16:41:40.472+0000] {local_task_job_runner.py:240} INFO - Task exited with return code 0
[2025-06-15T16:41:40.507+0000] {dagrun.py:931} DEBUG - number of tis tasks for <DagRun globalsuperstore @ 2025-06-15 16:41:16.927811+00:00: manual__2025-06-15T16:41:16.927811+00:00, state:running, queued_at: 2025-06-15 16:41:16.975482+00:00. externally triggered: True>: 7 task(s)
[2025-06-15T16:41:40.508+0000] {dagrun.py:952} DEBUG - number of scheduleable tasks for <DagRun globalsuperstore @ 2025-06-15 16:41:16.927811+00:00: manual__2025-06-15T16:41:16.927811+00:00, state:running, queued_at: 2025-06-15 16:41:16.975482+00:00. externally triggered: True>: 6 task(s)
[2025-06-15T16:41:40.510+0000] {taskinstance.py:2088} DEBUG - <TaskInstance: globalsuperstore.transform.transform_dim_customers manual__2025-06-15T16:41:16.927811+00:00 [None]> dependency 'Previous Dagrun State' PASSED: True, The task did not have depends_on_past set.
[2025-06-15T16:41:40.512+0000] {taskinstance.py:2088} DEBUG - <TaskInstance: globalsuperstore.transform.transform_dim_customers manual__2025-06-15T16:41:16.927811+00:00 [None]> dependency 'Not In Retry Period' PASSED: True, The task instance was not marked for retrying.
[2025-06-15T16:41:40.512+0000] {taskinstance.py:2076} DEBUG - Dependencies all met for dep_context=None ti=<TaskInstance: globalsuperstore.transform.transform_dim_customers manual__2025-06-15T16:41:16.927811+00:00 [None]>
[2025-06-15T16:41:40.513+0000] {taskinstance.py:2088} DEBUG - <TaskInstance: globalsuperstore.transform.transform_dim_products manual__2025-06-15T16:41:16.927811+00:00 [None]> dependency 'Previous Dagrun State' PASSED: True, The task did not have depends_on_past set.
[2025-06-15T16:41:40.514+0000] {taskinstance.py:2088} DEBUG - <TaskInstance: globalsuperstore.transform.transform_dim_products manual__2025-06-15T16:41:16.927811+00:00 [None]> dependency 'Not In Retry Period' PASSED: True, The task instance was not marked for retrying.
[2025-06-15T16:41:40.514+0000] {taskinstance.py:2076} DEBUG - Dependencies all met for dep_context=None ti=<TaskInstance: globalsuperstore.transform.transform_dim_products manual__2025-06-15T16:41:16.927811+00:00 [None]>
[2025-06-15T16:41:40.515+0000] {taskinstance.py:2088} DEBUG - <TaskInstance: globalsuperstore.transform.transform_dim_locations manual__2025-06-15T16:41:16.927811+00:00 [None]> dependency 'Previous Dagrun State' PASSED: True, The task did not have depends_on_past set.
[2025-06-15T16:41:40.515+0000] {taskinstance.py:2088} DEBUG - <TaskInstance: globalsuperstore.transform.transform_dim_locations manual__2025-06-15T16:41:16.927811+00:00 [None]> dependency 'Not In Retry Period' PASSED: True, The task instance was not marked for retrying.
[2025-06-15T16:41:40.515+0000] {taskinstance.py:2076} DEBUG - Dependencies all met for dep_context=None ti=<TaskInstance: globalsuperstore.transform.transform_dim_locations manual__2025-06-15T16:41:16.927811+00:00 [None]>
[2025-06-15T16:41:40.516+0000] {taskinstance.py:2088} DEBUG - <TaskInstance: globalsuperstore.transform.transform_dim_shipmode manual__2025-06-15T16:41:16.927811+00:00 [None]> dependency 'Previous Dagrun State' PASSED: True, The task did not have depends_on_past set.
[2025-06-15T16:41:40.516+0000] {taskinstance.py:2088} DEBUG - <TaskInstance: globalsuperstore.transform.transform_dim_shipmode manual__2025-06-15T16:41:16.927811+00:00 [None]> dependency 'Not In Retry Period' PASSED: True, The task instance was not marked for retrying.
[2025-06-15T16:41:40.517+0000] {taskinstance.py:2076} DEBUG - Dependencies all met for dep_context=None ti=<TaskInstance: globalsuperstore.transform.transform_dim_shipmode manual__2025-06-15T16:41:16.927811+00:00 [None]>
[2025-06-15T16:41:40.517+0000] {taskinstance.py:2088} DEBUG - <TaskInstance: globalsuperstore.transform.transform_dim_date manual__2025-06-15T16:41:16.927811+00:00 [None]> dependency 'Previous Dagrun State' PASSED: True, The task did not have depends_on_past set.
[2025-06-15T16:41:40.518+0000] {taskinstance.py:2088} DEBUG - <TaskInstance: globalsuperstore.transform.transform_dim_date manual__2025-06-15T16:41:16.927811+00:00 [None]> dependency 'Not In Retry Period' PASSED: True, The task instance was not marked for retrying.
[2025-06-15T16:41:40.518+0000] {taskinstance.py:2076} DEBUG - Dependencies all met for dep_context=None ti=<TaskInstance: globalsuperstore.transform.transform_dim_date manual__2025-06-15T16:41:16.927811+00:00 [None]>
[2025-06-15T16:41:40.518+0000] {taskinstance.py:2088} DEBUG - <TaskInstance: globalsuperstore.load.transform_fact_sales manual__2025-06-15T16:41:16.927811+00:00 [None]> dependency 'Previous Dagrun State' PASSED: True, The task did not have depends_on_past set.
[2025-06-15T16:41:40.519+0000] {taskinstance.py:2088} DEBUG - <TaskInstance: globalsuperstore.load.transform_fact_sales manual__2025-06-15T16:41:16.927811+00:00 [None]> dependency 'Trigger Rule' PASSED: False, Task's trigger rule 'all_success' requires all upstream tasks to have succeeded, but found 5 non-success(es). upstream_states=_UpstreamTIStates(success=0, skipped=0, failed=0, upstream_failed=0, removed=0, done=0, success_setup=0, skipped_setup=0), upstream_task_ids={'transform.transform_dim_customers', 'transform.transform_dim_shipmode', 'transform.transform_dim_date', 'transform.transform_dim_locations', 'transform.transform_dim_products'}
[2025-06-15T16:41:40.519+0000] {taskinstance.py:2066} DEBUG - Dependencies not met for <TaskInstance: globalsuperstore.load.transform_fact_sales manual__2025-06-15T16:41:16.927811+00:00 [None]>, dependency 'Trigger Rule' FAILED: Task's trigger rule 'all_success' requires all upstream tasks to have succeeded, but found 5 non-success(es). upstream_states=_UpstreamTIStates(success=0, skipped=0, failed=0, upstream_failed=0, removed=0, done=0, success_setup=0, skipped_setup=0), upstream_task_ids={'transform.transform_dim_customers', 'transform.transform_dim_shipmode', 'transform.transform_dim_date', 'transform.transform_dim_locations', 'transform.transform_dim_products'}
[2025-06-15T16:41:40.520+0000] {taskinstance.py:2088} DEBUG - <TaskInstance: globalsuperstore.load.transform_fact_sales manual__2025-06-15T16:41:16.927811+00:00 [None]> dependency 'Not In Retry Period' PASSED: True, The task instance was not marked for retrying.
[2025-06-15T16:41:40.531+0000] {taskinstance.py:3503} INFO - 5 downstream tasks scheduled from follow-on schedule check
[2025-06-15T16:41:40.534+0000] {local_task_job_runner.py:222} INFO - ::endgroup::
