[2025-06-14T10:10:57.391+0000] {local_task_job_runner.py:120} INFO - ::group::Pre task execution logs
[2025-06-14T10:10:57.422+0000] {taskinstance.py:2076} INFO - Dependencies all met for dep_context=non-requeueable deps ti=<TaskInstance: GlobalSuperStore_dw_etl.extract.extract_and_load_to_staging manual__2025-06-14T10:10:56+00:00 [queued]>
[2025-06-14T10:10:57.433+0000] {taskinstance.py:2076} INFO - Dependencies all met for dep_context=requeueable deps ti=<TaskInstance: GlobalSuperStore_dw_etl.extract.extract_and_load_to_staging manual__2025-06-14T10:10:56+00:00 [queued]>
[2025-06-14T10:10:57.434+0000] {taskinstance.py:2306} INFO - Starting attempt 1 of 1
[2025-06-14T10:10:57.450+0000] {taskinstance.py:2330} INFO - Executing <Task(PythonOperator): extract.extract_and_load_to_staging> on 2025-06-14 10:10:56+00:00
[2025-06-14T10:10:57.469+0000] {standard_task_runner.py:63} INFO - Started process 211 to run task
[2025-06-14T10:10:57.472+0000] {standard_task_runner.py:90} INFO - Running: ['***', 'tasks', 'run', 'GlobalSuperStore_dw_etl', 'extract.extract_and_load_to_staging', 'manual__2025-06-14T10:10:56+00:00', '--job-id', '23', '--raw', '--subdir', 'DAGS_FOLDER/global_superstore_dw_etl.py', '--cfg-path', '/tmp/tmpqmeh_6fh']
[2025-06-14T10:10:57.474+0000] {standard_task_runner.py:91} INFO - Job 23: Subtask extract.extract_and_load_to_staging
[2025-06-14T10:10:57.538+0000] {task_command.py:426} INFO - Running <TaskInstance: GlobalSuperStore_dw_etl.extract.extract_and_load_to_staging manual__2025-06-14T10:10:56+00:00 [running]> on host f3cca4675eb8
[2025-06-14T10:10:57.681+0000] {taskinstance.py:2648} INFO - Exporting env vars: AIRFLOW_CTX_DAG_OWNER='***' AIRFLOW_CTX_DAG_ID='GlobalSuperStore_dw_etl' AIRFLOW_CTX_TASK_ID='extract.extract_and_load_to_staging' AIRFLOW_CTX_EXECUTION_DATE='2025-06-14T10:10:56+00:00' AIRFLOW_CTX_TRY_NUMBER='1' AIRFLOW_CTX_DAG_RUN_ID='manual__2025-06-14T10:10:56+00:00'
[2025-06-14T10:10:57.684+0000] {taskinstance.py:430} INFO - ::endgroup::
[2025-06-14T10:10:57.713+0000] {base.py:84} INFO - Using connection ID 'postgres' for task execution.
[2025-06-14T10:10:57.720+0000] {base.py:84} INFO - Using connection ID 'mysql' for task execution.
[2025-06-14T10:10:57.873+0000] {logging_mixin.py:188} WARNING - /home/***/.local/lib/python3.10/site-packages/***/providers/common/sql/hooks/sql.py:263 UserWarning: pandas only supports SQLAlchemy connectable (engine/connection) or database string URI or sqlite3 DBAPI2 connection. Other DBAPI2 objects are not tested. Please consider using SQLAlchemy.
[2025-06-14T10:10:58.261+0000] {logging_mixin.py:188} INFO - ✔ Đã load Category → staging.stg_Category
[2025-06-14T10:10:58.268+0000] {base.py:84} INFO - Using connection ID 'mysql' for task execution.
[2025-06-14T10:10:58.275+0000] {logging_mixin.py:188} WARNING - /home/***/.local/lib/python3.10/site-packages/***/providers/common/sql/hooks/sql.py:263 UserWarning: pandas only supports SQLAlchemy connectable (engine/connection) or database string URI or sqlite3 DBAPI2 connection. Other DBAPI2 objects are not tested. Please consider using SQLAlchemy.
[2025-06-14T10:10:58.734+0000] {logging_mixin.py:188} INFO - ✔ Đã load Customer → staging.stg_Customer
[2025-06-14T10:10:58.742+0000] {base.py:84} INFO - Using connection ID 'mysql' for task execution.
[2025-06-14T10:10:58.749+0000] {logging_mixin.py:188} WARNING - /home/***/.local/lib/python3.10/site-packages/***/providers/common/sql/hooks/sql.py:263 UserWarning: pandas only supports SQLAlchemy connectable (engine/connection) or database string URI or sqlite3 DBAPI2 connection. Other DBAPI2 objects are not tested. Please consider using SQLAlchemy.
[2025-06-14T10:11:09.679+0000] {logging_mixin.py:188} INFO - ✔ Đã load Order_Details → staging.stg_Order_Details
[2025-06-14T10:11:09.685+0000] {base.py:84} INFO - Using connection ID 'mysql' for task execution.
[2025-06-14T10:11:09.705+0000] {logging_mixin.py:188} WARNING - /home/***/.local/lib/python3.10/site-packages/***/providers/common/sql/hooks/sql.py:263 UserWarning: pandas only supports SQLAlchemy connectable (engine/connection) or database string URI or sqlite3 DBAPI2 connection. Other DBAPI2 objects are not tested. Please consider using SQLAlchemy.
[2025-06-14T10:11:13.802+0000] {logging_mixin.py:188} INFO - ✔ Đã load Orders → staging.stg_Orders
[2025-06-14T10:11:13.808+0000] {base.py:84} INFO - Using connection ID 'mysql' for task execution.
[2025-06-14T10:11:13.812+0000] {logging_mixin.py:188} WARNING - /home/***/.local/lib/python3.10/site-packages/***/providers/common/sql/hooks/sql.py:263 UserWarning: pandas only supports SQLAlchemy connectable (engine/connection) or database string URI or sqlite3 DBAPI2 connection. Other DBAPI2 objects are not tested. Please consider using SQLAlchemy.
[2025-06-14T10:11:14.509+0000] {logging_mixin.py:188} INFO - ✔ Đã load Product → staging.stg_Product
[2025-06-14T10:11:14.518+0000] {base.py:84} INFO - Using connection ID 'mysql' for task execution.
[2025-06-14T10:11:14.523+0000] {logging_mixin.py:188} WARNING - /home/***/.local/lib/python3.10/site-packages/***/providers/common/sql/hooks/sql.py:263 UserWarning: pandas only supports SQLAlchemy connectable (engine/connection) or database string URI or sqlite3 DBAPI2 connection. Other DBAPI2 objects are not tested. Please consider using SQLAlchemy.
[2025-06-14T10:11:14.568+0000] {logging_mixin.py:188} INFO - ✔ Đã load Sub_Category → staging.stg_Sub_Category
[2025-06-14T10:11:14.568+0000] {python.py:237} INFO - Done. Returned value was: None
[2025-06-14T10:11:14.569+0000] {taskinstance.py:441} INFO - ::group::Post task execution logs
[2025-06-14T10:11:14.576+0000] {taskinstance.py:1206} INFO - Marking task as SUCCESS. dag_id=GlobalSuperStore_dw_etl, task_id=extract.extract_and_load_to_staging, run_id=manual__2025-06-14T10:10:56+00:00, execution_date=20250614T101056, start_date=20250614T101057, end_date=20250614T101114
[2025-06-14T10:11:14.643+0000] {local_task_job_runner.py:240} INFO - Task exited with return code 0
[2025-06-14T10:11:14.668+0000] {taskinstance.py:3503} INFO - 1 downstream tasks scheduled from follow-on schedule check
[2025-06-14T10:11:14.671+0000] {local_task_job_runner.py:222} INFO - ::endgroup::
