[2025-06-17T02:25:26.498+0000] {taskinstance.py:1042} DEBUG - previous_execution_date was called
[2025-06-17T02:25:26.579+0000] {__init__.py:54} DEBUG - Loading core task runner: StandardTaskRunner
[2025-06-17T02:25:26.650+0000] {taskinstance.py:1042} DEBUG - previous_execution_date was called
[2025-06-17T02:25:26.695+0000] {base_task_runner.py:73} DEBUG - Planning to run as the  user
[2025-06-17T02:25:26.706+0000] {local_task_job_runner.py:120} INFO - ::group::Pre task execution logs
[2025-06-17T02:25:26.875+0000] {taskinstance.py:2088} DEBUG - <TaskInstance: globalsuperstore.transform.transform_dim_shipmode manual__2025-06-17T02:25:05.174234+00:00 [queued]> dependency 'Task Instance State' PASSED: True, Task state queued was valid.
[2025-06-17T02:25:26.879+0000] {taskinstance.py:2088} DEBUG - <TaskInstance: globalsuperstore.transform.transform_dim_shipmode manual__2025-06-17T02:25:05.174234+00:00 [queued]> dependency 'Previous Dagrun State' PASSED: True, The task did not have depends_on_past set.
[2025-06-17T02:25:26.906+0000] {taskinstance.py:2088} DEBUG - <TaskInstance: globalsuperstore.transform.transform_dim_shipmode manual__2025-06-17T02:25:05.174234+00:00 [queued]> dependency 'Not In Retry Period' PASSED: True, The task instance was not marked for retrying.
[2025-06-17T02:25:26.908+0000] {taskinstance.py:2088} DEBUG - <TaskInstance: globalsuperstore.transform.transform_dim_shipmode manual__2025-06-17T02:25:05.174234+00:00 [queued]> dependency 'Task Instance Not Running' PASSED: True, Task is not in running state.
[2025-06-17T02:25:26.910+0000] {taskinstance.py:2076} INFO - Dependencies all met for dep_context=non-requeueable deps ti=<TaskInstance: globalsuperstore.transform.transform_dim_shipmode manual__2025-06-17T02:25:05.174234+00:00 [queued]>
[2025-06-17T02:25:26.919+0000] {taskinstance.py:2088} DEBUG - <TaskInstance: globalsuperstore.transform.transform_dim_shipmode manual__2025-06-17T02:25:05.174234+00:00 [queued]> dependency 'Previous Dagrun State' PASSED: True, The task did not have depends_on_past set.
[2025-06-17T02:25:26.933+0000] {taskinstance.py:2088} DEBUG - <TaskInstance: globalsuperstore.transform.transform_dim_shipmode manual__2025-06-17T02:25:05.174234+00:00 [queued]> dependency 'Not In Retry Period' PASSED: True, The task instance was not marked for retrying.
[2025-06-17T02:25:26.955+0000] {taskinstance.py:2088} DEBUG - <TaskInstance: globalsuperstore.transform.transform_dim_shipmode manual__2025-06-17T02:25:05.174234+00:00 [queued]> dependency 'Pool Slots Available' PASSED: True, There are enough open slots in default_pool to execute the task
[2025-06-17T02:25:26.956+0000] {taskinstance.py:2088} DEBUG - <TaskInstance: globalsuperstore.transform.transform_dim_shipmode manual__2025-06-17T02:25:05.174234+00:00 [queued]> dependency 'Task Concurrency' PASSED: True, Task concurrency is not set.
[2025-06-17T02:25:26.958+0000] {taskinstance.py:2076} INFO - Dependencies all met for dep_context=requeueable deps ti=<TaskInstance: globalsuperstore.transform.transform_dim_shipmode manual__2025-06-17T02:25:05.174234+00:00 [queued]>
[2025-06-17T02:25:26.959+0000] {taskinstance.py:2306} INFO - Starting attempt 1 of 1
[2025-06-17T02:25:26.995+0000] {taskinstance.py:2330} INFO - Executing <Task(PythonOperator): transform.transform_dim_shipmode> on 2025-06-17 02:25:05.174234+00:00
[2025-06-17T02:25:27.013+0000] {standard_task_runner.py:63} INFO - Started process 228 to run task
[2025-06-17T02:25:27.027+0000] {standard_task_runner.py:90} INFO - Running: ['***', 'tasks', 'run', 'globalsuperstore', 'transform.transform_dim_shipmode', 'manual__2025-06-17T02:25:05.174234+00:00', '--job-id', '374', '--raw', '--subdir', 'DAGS_FOLDER/global_superstore_dw_etl.py', '--cfg-path', '/tmp/tmp7eowp5qi']
[2025-06-17T02:25:27.038+0000] {standard_task_runner.py:91} INFO - Job 374: Subtask transform.transform_dim_shipmode
[2025-06-17T02:25:27.044+0000] {cli_action_loggers.py:70} DEBUG - Calling callbacks: [<function default_action_log at 0x7fdcec52d750>]
[2025-06-17T02:25:27.199+0000] {taskinstance.py:1042} DEBUG - previous_execution_date was called
[2025-06-17T02:25:27.209+0000] {task_command.py:426} INFO - Running <TaskInstance: globalsuperstore.transform.transform_dim_shipmode manual__2025-06-17T02:25:05.174234+00:00 [running]> on host 9b7c60adfed6
[2025-06-17T02:25:27.210+0000] {settings.py:363} DEBUG - Disposing DB connection pool (PID 228)
[2025-06-17T02:25:27.212+0000] {settings.py:250} DEBUG - Setting up DB connection pool (PID 228)
[2025-06-17T02:25:27.213+0000] {settings.py:298} DEBUG - settings.prepare_engine_args(): Using NullPool
[2025-06-17T02:25:27.290+0000] {taskinstance.py:1042} DEBUG - previous_execution_date was called
[2025-06-17T02:25:27.294+0000] {taskinstance.py:1845} DEBUG - Clearing XCom data
[2025-06-17T02:25:27.349+0000] {retries.py:91} DEBUG - Running RenderedTaskInstanceFields.write with retries. Try 1 of 3
[2025-06-17T02:25:27.439+0000] {retries.py:91} DEBUG - Running RenderedTaskInstanceFields._do_delete_old_records with retries. Try 1 of 3
[2025-06-17T02:25:27.472+0000] {taskinstance.py:2648} INFO - Exporting env vars: AIRFLOW_CTX_DAG_OWNER='***' AIRFLOW_CTX_DAG_ID='globalsuperstore' AIRFLOW_CTX_TASK_ID='transform.transform_dim_shipmode' AIRFLOW_CTX_EXECUTION_DATE='2025-06-17T02:25:05.174234+00:00' AIRFLOW_CTX_TRY_NUMBER='1' AIRFLOW_CTX_DAG_RUN_ID='manual__2025-06-17T02:25:05.174234+00:00'
[2025-06-17T02:25:27.475+0000] {__init__.py:115} DEBUG - Preparing lineage inlets and outlets
[2025-06-17T02:25:27.478+0000] {__init__.py:154} DEBUG - inlets: [], outlets: []
[2025-06-17T02:25:27.481+0000] {taskinstance.py:430} INFO - ::endgroup::
[2025-06-17T02:25:27.536+0000] {base.py:84} INFO - Using connection ID 'postgres' for task execution.
[2025-06-17T02:25:27.570+0000] {base.py:84} INFO - Using connection ID 'postgres' for task execution.
[2025-06-17T02:25:27.593+0000] {base.py:84} INFO - Using connection ID 'postgres' for task execution.
[2025-06-17T02:25:27.627+0000] {logging_mixin.py:188} WARNING - /home/***/.local/lib/python3.10/site-packages/***/providers/common/sql/hooks/sql.py:263 UserWarning: pandas only supports SQLAlchemy connectable (engine/connection) or database string URI or sqlite3 DBAPI2 connection. Other DBAPI2 objects are not tested. Please consider using SQLAlchemy.
[2025-06-17T02:25:28.057+0000] {logging_mixin.py:188} INFO - [DEBUG] Số dòng stg_Orders: 50070
[2025-06-17T02:25:28.179+0000] {logging_mixin.py:188} INFO - [DEBUG] Số dòng sau khi xử lý: 4
[2025-06-17T02:25:28.205+0000] {logging_mixin.py:188} INFO - [DEBUG] Mẫu dữ liệu:
[2025-06-17T02:25:28.249+0000] {logging_mixin.py:188} INFO -         ship_mode
0  Standard Class
1        Same Day
2    Second Class
3     First Class
[2025-06-17T02:25:28.345+0000] {logging_mixin.py:188} INFO - ✔ Đã lưu dữ liệu vào warehouse.dim_shipmode (4 dòng)
[2025-06-17T02:25:28.346+0000] {logging_mixin.py:188} INFO - ✔ Đã transform và lưu dữ liệu vào warehouse.dim_shipmode
[2025-06-17T02:25:28.408+0000] {python.py:237} INFO - Done. Returned value was: None
[2025-06-17T02:25:28.411+0000] {taskinstance.py:441} INFO - ::group::Post task execution logs
[2025-06-17T02:25:28.413+0000] {__init__.py:77} DEBUG - Lineage called with inlets: [], outlets: []
[2025-06-17T02:25:28.452+0000] {taskinstance.py:584} DEBUG - Clearing next_method and next_kwargs.
[2025-06-17T02:25:28.464+0000] {taskinstance.py:1206} INFO - Marking task as SUCCESS. dag_id=globalsuperstore, task_id=transform.transform_dim_shipmode, run_id=manual__2025-06-17T02:25:05.174234+00:00, execution_date=20250617T022505, start_date=20250617T022526, end_date=20250617T022528
[2025-06-17T02:25:28.467+0000] {taskinstance.py:562} DEBUG - Task Duration set to 1.552153
[2025-06-17T02:25:28.521+0000] {cli_action_loggers.py:88} DEBUG - Calling callbacks: []
[2025-06-17T02:25:28.576+0000] {local_task_job_runner.py:240} INFO - Task exited with return code 0
[2025-06-17T02:25:28.598+0000] {taskinstance.py:3461} DEBUG - Skip locked rows, rollback
[2025-06-17T02:25:28.601+0000] {local_task_job_runner.py:222} INFO - ::endgroup::
