[2025-06-15T08:39:07.089+0000] {local_task_job_runner.py:120} INFO - ::group::Pre task execution logs
[2025-06-15T08:39:07.220+0000] {taskinstance.py:2076} INFO - Dependencies all met for dep_context=non-requeueable deps ti=<TaskInstance: globalsuperstore.extract.extract_and_load_to_staging manual__2025-06-15T08:38:05.383064+00:00 [queued]>
[2025-06-15T08:39:07.232+0000] {taskinstance.py:2076} INFO - Dependencies all met for dep_context=requeueable deps ti=<TaskInstance: globalsuperstore.extract.extract_and_load_to_staging manual__2025-06-15T08:38:05.383064+00:00 [queued]>
[2025-06-15T08:39:07.233+0000] {taskinstance.py:2306} INFO - Starting attempt 1 of 1
[2025-06-15T08:39:07.258+0000] {taskinstance.py:2330} INFO - Executing <Task(PythonOperator): extract.extract_and_load_to_staging> on 2025-06-15 08:38:05.383064+00:00
[2025-06-15T08:39:07.273+0000] {standard_task_runner.py:63} INFO - Started process 1084 to run task
[2025-06-15T08:39:07.276+0000] {standard_task_runner.py:90} INFO - Running: ['***', 'tasks', 'run', 'globalsuperstore', 'extract.extract_and_load_to_staging', 'manual__2025-06-15T08:38:05.383064+00:00', '--job-id', '103', '--raw', '--subdir', 'DAGS_FOLDER/global_superstore_dw_etl.py', '--cfg-path', '/tmp/tmpcygoqhxr']
[2025-06-15T08:39:07.279+0000] {standard_task_runner.py:91} INFO - Job 103: Subtask extract.extract_and_load_to_staging
[2025-06-15T08:39:07.555+0000] {task_command.py:426} INFO - Running <TaskInstance: globalsuperstore.extract.extract_and_load_to_staging manual__2025-06-15T08:38:05.383064+00:00 [running]> on host f3cca4675eb8
[2025-06-15T08:39:07.778+0000] {taskinstance.py:2648} INFO - Exporting env vars: AIRFLOW_CTX_DAG_OWNER='***' AIRFLOW_CTX_DAG_ID='globalsuperstore' AIRFLOW_CTX_TASK_ID='extract.extract_and_load_to_staging' AIRFLOW_CTX_EXECUTION_DATE='2025-06-15T08:38:05.383064+00:00' AIRFLOW_CTX_TRY_NUMBER='1' AIRFLOW_CTX_DAG_RUN_ID='manual__2025-06-15T08:38:05.383064+00:00'
[2025-06-15T08:39:07.785+0000] {taskinstance.py:430} INFO - ::endgroup::
[2025-06-15T08:39:07.885+0000] {base.py:84} INFO - Using connection ID 'postgres' for task execution.
[2025-06-15T08:39:07.900+0000] {base.py:84} INFO - Using connection ID 'mysql' for task execution.
[2025-06-15T08:39:08.085+0000] {logging_mixin.py:188} WARNING - /home/***/.local/lib/python3.10/site-packages/***/providers/common/sql/hooks/sql.py:263 UserWarning: pandas only supports SQLAlchemy connectable (engine/connection) or database string URI or sqlite3 DBAPI2 connection. Other DBAPI2 objects are not tested. Please consider using SQLAlchemy.
[2025-06-15T08:39:08.431+0000] {logging_mixin.py:188} INFO - ✔ Đã load Category → staging.stg_Category
[2025-06-15T08:39:08.450+0000] {base.py:84} INFO - Using connection ID 'mysql' for task execution.
[2025-06-15T08:39:08.459+0000] {logging_mixin.py:188} WARNING - /home/***/.local/lib/python3.10/site-packages/***/providers/common/sql/hooks/sql.py:263 UserWarning: pandas only supports SQLAlchemy connectable (engine/connection) or database string URI or sqlite3 DBAPI2 connection. Other DBAPI2 objects are not tested. Please consider using SQLAlchemy.
[2025-06-15T08:39:10.250+0000] {logging_mixin.py:188} INFO - ✔ Đã load Customer → staging.stg_Customer
[2025-06-15T08:39:10.260+0000] {base.py:84} INFO - Using connection ID 'mysql' for task execution.
[2025-06-15T08:39:10.268+0000] {logging_mixin.py:188} WARNING - /home/***/.local/lib/python3.10/site-packages/***/providers/common/sql/hooks/sql.py:263 UserWarning: pandas only supports SQLAlchemy connectable (engine/connection) or database string URI or sqlite3 DBAPI2 connection. Other DBAPI2 objects are not tested. Please consider using SQLAlchemy.
[2025-06-15T08:39:21.040+0000] {logging_mixin.py:188} INFO - ✔ Đã load Order_Details → staging.stg_Order_Details
[2025-06-15T08:39:21.046+0000] {base.py:84} INFO - Using connection ID 'mysql' for task execution.
[2025-06-15T08:39:21.054+0000] {logging_mixin.py:188} WARNING - /home/***/.local/lib/python3.10/site-packages/***/providers/common/sql/hooks/sql.py:263 UserWarning: pandas only supports SQLAlchemy connectable (engine/connection) or database string URI or sqlite3 DBAPI2 connection. Other DBAPI2 objects are not tested. Please consider using SQLAlchemy.
[2025-06-15T08:39:26.473+0000] {logging_mixin.py:188} INFO - ✔ Đã load Orders → staging.stg_Orders
[2025-06-15T08:39:26.481+0000] {base.py:84} INFO - Using connection ID 'mysql' for task execution.
[2025-06-15T08:39:26.490+0000] {logging_mixin.py:188} WARNING - /home/***/.local/lib/python3.10/site-packages/***/providers/common/sql/hooks/sql.py:263 UserWarning: pandas only supports SQLAlchemy connectable (engine/connection) or database string URI or sqlite3 DBAPI2 connection. Other DBAPI2 objects are not tested. Please consider using SQLAlchemy.
[2025-06-15T08:39:27.254+0000] {logging_mixin.py:188} INFO - ✔ Đã load Product → staging.stg_Product
[2025-06-15T08:39:27.260+0000] {base.py:84} INFO - Using connection ID 'mysql' for task execution.
[2025-06-15T08:39:27.265+0000] {logging_mixin.py:188} WARNING - /home/***/.local/lib/python3.10/site-packages/***/providers/common/sql/hooks/sql.py:263 UserWarning: pandas only supports SQLAlchemy connectable (engine/connection) or database string URI or sqlite3 DBAPI2 connection. Other DBAPI2 objects are not tested. Please consider using SQLAlchemy.
[2025-06-15T08:39:27.308+0000] {logging_mixin.py:188} INFO - ✔ Đã load Sub_Category → staging.stg_Sub_Category
[2025-06-15T08:39:27.309+0000] {python.py:237} INFO - Done. Returned value was: None
[2025-06-15T08:39:27.310+0000] {taskinstance.py:441} INFO - ::group::Post task execution logs
[2025-06-15T08:39:27.318+0000] {taskinstance.py:1206} INFO - Marking task as SUCCESS. dag_id=globalsuperstore, task_id=extract.extract_and_load_to_staging, run_id=manual__2025-06-15T08:38:05.383064+00:00, execution_date=20250615T083805, start_date=20250615T083907, end_date=20250615T083927
[2025-06-15T08:39:27.383+0000] {local_task_job_runner.py:240} INFO - Task exited with return code 0
[2025-06-15T08:39:27.420+0000] {taskinstance.py:3503} INFO - 5 downstream tasks scheduled from follow-on schedule check
[2025-06-15T08:39:27.423+0000] {local_task_job_runner.py:222} INFO - ::endgroup::
