[2025-06-17T01:26:30.455+0000] {taskinstance.py:1042} DEBUG - previous_execution_date was called
[2025-06-17T01:26:30.507+0000] {__init__.py:54} DEBUG - Loading core task runner: StandardTaskRunner
[2025-06-17T01:26:30.550+0000] {taskinstance.py:1042} DEBUG - previous_execution_date was called
[2025-06-17T01:26:30.564+0000] {base_task_runner.py:73} DEBUG - Planning to run as the  user
[2025-06-17T01:26:30.635+0000] {local_task_job_runner.py:120} INFO - ::group::Pre task execution logs
[2025-06-17T01:26:30.945+0000] {taskinstance.py:2088} DEBUG - <TaskInstance: globalsuperstore.extract.extract_and_load_to_staging manual__2025-06-17T01:26:27.017500+00:00 [queued]> dependency 'Trigger Rule' PASSED: True, The task instance did not have any upstream tasks.
[2025-06-17T01:26:30.948+0000] {taskinstance.py:2088} DEBUG - <TaskInstance: globalsuperstore.extract.extract_and_load_to_staging manual__2025-06-17T01:26:27.017500+00:00 [queued]> dependency 'Task Instance State' PASSED: True, Task state queued was valid.
[2025-06-17T01:26:30.978+0000] {taskinstance.py:2088} DEBUG - <TaskInstance: globalsuperstore.extract.extract_and_load_to_staging manual__2025-06-17T01:26:27.017500+00:00 [queued]> dependency 'Task Instance Not Running' PASSED: True, Task is not in running state.
[2025-06-17T01:26:30.980+0000] {taskinstance.py:2088} DEBUG - <TaskInstance: globalsuperstore.extract.extract_and_load_to_staging manual__2025-06-17T01:26:27.017500+00:00 [queued]> dependency 'Not In Retry Period' PASSED: True, The task instance was not marked for retrying.
[2025-06-17T01:26:30.981+0000] {taskinstance.py:2088} DEBUG - <TaskInstance: globalsuperstore.extract.extract_and_load_to_staging manual__2025-06-17T01:26:27.017500+00:00 [queued]> dependency 'Previous Dagrun State' PASSED: True, The task did not have depends_on_past set.
[2025-06-17T01:26:30.981+0000] {taskinstance.py:2076} INFO - Dependencies all met for dep_context=non-requeueable deps ti=<TaskInstance: globalsuperstore.extract.extract_and_load_to_staging manual__2025-06-17T01:26:27.017500+00:00 [queued]>
[2025-06-17T01:26:30.982+0000] {taskinstance.py:2088} DEBUG - <TaskInstance: globalsuperstore.extract.extract_and_load_to_staging manual__2025-06-17T01:26:27.017500+00:00 [queued]> dependency 'Trigger Rule' PASSED: True, The task instance did not have any upstream tasks.
[2025-06-17T01:26:31.009+0000] {taskinstance.py:2088} DEBUG - <TaskInstance: globalsuperstore.extract.extract_and_load_to_staging manual__2025-06-17T01:26:27.017500+00:00 [queued]> dependency 'Pool Slots Available' PASSED: True, There are enough open slots in default_pool to execute the task
[2025-06-17T01:26:31.015+0000] {taskinstance.py:2088} DEBUG - <TaskInstance: globalsuperstore.extract.extract_and_load_to_staging manual__2025-06-17T01:26:27.017500+00:00 [queued]> dependency 'Task Concurrency' PASSED: True, Task concurrency is not set.
[2025-06-17T01:26:31.017+0000] {taskinstance.py:2088} DEBUG - <TaskInstance: globalsuperstore.extract.extract_and_load_to_staging manual__2025-06-17T01:26:27.017500+00:00 [queued]> dependency 'Not In Retry Period' PASSED: True, The task instance was not marked for retrying.
[2025-06-17T01:26:31.021+0000] {taskinstance.py:2088} DEBUG - <TaskInstance: globalsuperstore.extract.extract_and_load_to_staging manual__2025-06-17T01:26:27.017500+00:00 [queued]> dependency 'Previous Dagrun State' PASSED: True, The task did not have depends_on_past set.
[2025-06-17T01:26:31.023+0000] {taskinstance.py:2076} INFO - Dependencies all met for dep_context=requeueable deps ti=<TaskInstance: globalsuperstore.extract.extract_and_load_to_staging manual__2025-06-17T01:26:27.017500+00:00 [queued]>
[2025-06-17T01:26:31.024+0000] {taskinstance.py:2306} INFO - Starting attempt 1 of 1
[2025-06-17T01:26:31.062+0000] {taskinstance.py:2330} INFO - Executing <Task(PythonOperator): extract.extract_and_load_to_staging> on 2025-06-17 01:26:27.017500+00:00
[2025-06-17T01:26:31.079+0000] {standard_task_runner.py:63} INFO - Started process 363 to run task
[2025-06-17T01:26:31.090+0000] {standard_task_runner.py:90} INFO - Running: ['***', 'tasks', 'run', 'globalsuperstore', 'extract.extract_and_load_to_staging', 'manual__2025-06-17T01:26:27.017500+00:00', '--job-id', '337', '--raw', '--subdir', 'DAGS_FOLDER/global_superstore_dw_etl.py', '--cfg-path', '/tmp/tmpw2wq5iur']
[2025-06-17T01:26:31.093+0000] {standard_task_runner.py:91} INFO - Job 337: Subtask extract.extract_and_load_to_staging
[2025-06-17T01:26:31.095+0000] {cli_action_loggers.py:70} DEBUG - Calling callbacks: [<function default_action_log at 0x7fbba1929750>]
[2025-06-17T01:26:31.184+0000] {taskinstance.py:1042} DEBUG - previous_execution_date was called
[2025-06-17T01:26:31.197+0000] {task_command.py:426} INFO - Running <TaskInstance: globalsuperstore.extract.extract_and_load_to_staging manual__2025-06-17T01:26:27.017500+00:00 [running]> on host 9b7c60adfed6
[2025-06-17T01:26:31.199+0000] {settings.py:363} DEBUG - Disposing DB connection pool (PID 363)
[2025-06-17T01:26:31.200+0000] {settings.py:250} DEBUG - Setting up DB connection pool (PID 363)
[2025-06-17T01:26:31.201+0000] {settings.py:298} DEBUG - settings.prepare_engine_args(): Using NullPool
[2025-06-17T01:26:31.285+0000] {taskinstance.py:1042} DEBUG - previous_execution_date was called
[2025-06-17T01:26:31.290+0000] {taskinstance.py:1845} DEBUG - Clearing XCom data
[2025-06-17T01:26:31.335+0000] {retries.py:91} DEBUG - Running RenderedTaskInstanceFields.write with retries. Try 1 of 3
[2025-06-17T01:26:31.393+0000] {retries.py:91} DEBUG - Running RenderedTaskInstanceFields._do_delete_old_records with retries. Try 1 of 3
[2025-06-17T01:26:31.421+0000] {taskinstance.py:2648} INFO - Exporting env vars: AIRFLOW_CTX_DAG_OWNER='***' AIRFLOW_CTX_DAG_ID='globalsuperstore' AIRFLOW_CTX_TASK_ID='extract.extract_and_load_to_staging' AIRFLOW_CTX_EXECUTION_DATE='2025-06-17T01:26:27.017500+00:00' AIRFLOW_CTX_TRY_NUMBER='1' AIRFLOW_CTX_DAG_RUN_ID='manual__2025-06-17T01:26:27.017500+00:00'
[2025-06-17T01:26:31.422+0000] {__init__.py:115} DEBUG - Preparing lineage inlets and outlets
[2025-06-17T01:26:31.423+0000] {__init__.py:154} DEBUG - inlets: [], outlets: []
[2025-06-17T01:26:31.423+0000] {taskinstance.py:430} INFO - ::endgroup::
[2025-06-17T01:26:31.489+0000] {base.py:84} INFO - Using connection ID 'postgres' for task execution.
[2025-06-17T01:26:31.493+0000] {logging_mixin.py:188} INFO - ⏳ Đang tải dữ liệu từ bảng Category...
[2025-06-17T01:26:31.509+0000] {base.py:84} INFO - Using connection ID 'mysql' for task execution.
[2025-06-17T01:26:31.787+0000] {logging_mixin.py:188} WARNING - /home/***/.local/lib/python3.10/site-packages/***/providers/common/sql/hooks/sql.py:263 UserWarning: pandas only supports SQLAlchemy connectable (engine/connection) or database string URI or sqlite3 DBAPI2 connection. Other DBAPI2 objects are not tested. Please consider using SQLAlchemy.
[2025-06-17T01:26:32.236+0000] {logging_mixin.py:188} INFO - ✔ Đã lưu dữ liệu vào staging.stg_Category (3 dòng)
[2025-06-17T01:26:32.237+0000] {logging_mixin.py:188} INFO - ✔ Đã load Category → staging.stg_Category
[2025-06-17T01:26:32.238+0000] {logging_mixin.py:188} INFO - ⏳ Đang tải dữ liệu từ bảng Customer...
[2025-06-17T01:26:32.255+0000] {base.py:84} INFO - Using connection ID 'mysql' for task execution.
[2025-06-17T01:26:32.271+0000] {logging_mixin.py:188} WARNING - /home/***/.local/lib/python3.10/site-packages/***/providers/common/sql/hooks/sql.py:263 UserWarning: pandas only supports SQLAlchemy connectable (engine/connection) or database string URI or sqlite3 DBAPI2 connection. Other DBAPI2 objects are not tested. Please consider using SQLAlchemy.
[2025-06-17T01:26:33.990+0000] {logging_mixin.py:188} INFO - ✔ Đã lưu dữ liệu vào staging.stg_Customer (1590 dòng)
[2025-06-17T01:26:33.993+0000] {logging_mixin.py:188} INFO - ✔ Đã load Customer → staging.stg_Customer
[2025-06-17T01:26:33.994+0000] {logging_mixin.py:188} INFO - ⏳ Đang tải dữ liệu từ bảng Order_Details...
[2025-06-17T01:26:34.009+0000] {base.py:84} INFO - Using connection ID 'mysql' for task execution.
[2025-06-17T01:26:34.022+0000] {logging_mixin.py:188} WARNING - /home/***/.local/lib/python3.10/site-packages/***/providers/common/sql/hooks/sql.py:263 UserWarning: pandas only supports SQLAlchemy connectable (engine/connection) or database string URI or sqlite3 DBAPI2 connection. Other DBAPI2 objects are not tested. Please consider using SQLAlchemy.
[2025-06-17T01:26:36.121+0000] {retries.py:91} DEBUG - Running Job._fetch_from_db with retries. Try 1 of 3
[2025-06-17T01:26:36.169+0000] {retries.py:91} DEBUG - Running Job._update_heartbeat with retries. Try 1 of 3
[2025-06-17T01:26:36.219+0000] {job.py:214} DEBUG - [heartbeat]
[2025-06-17T01:26:41.224+0000] {retries.py:91} DEBUG - Running Job._fetch_from_db with retries. Try 1 of 3
[2025-06-17T01:26:41.241+0000] {retries.py:91} DEBUG - Running Job._update_heartbeat with retries. Try 1 of 3
[2025-06-17T01:26:41.273+0000] {job.py:214} DEBUG - [heartbeat]
[2025-06-17T01:26:46.346+0000] {retries.py:91} DEBUG - Running Job._fetch_from_db with retries. Try 1 of 3
[2025-06-17T01:26:46.473+0000] {retries.py:91} DEBUG - Running Job._update_heartbeat with retries. Try 1 of 3
[2025-06-17T01:26:51.138+0000] {job.py:214} DEBUG - [heartbeat]
[2025-06-17T01:26:56.147+0000] {retries.py:91} DEBUG - Running Job._fetch_from_db with retries. Try 1 of 3
[2025-06-17T01:26:56.169+0000] {retries.py:91} DEBUG - Running Job._update_heartbeat with retries. Try 1 of 3
[2025-06-17T01:26:56.197+0000] {job.py:214} DEBUG - [heartbeat]
[2025-06-17T01:26:56.655+0000] {logging_mixin.py:188} INFO - ✔ Đã lưu dữ liệu vào staging.stg_Order_Details (51252 dòng)
[2025-06-17T01:26:56.656+0000] {logging_mixin.py:188} INFO - ✔ Đã load Order_Details → staging.stg_Order_Details
[2025-06-17T01:26:56.657+0000] {logging_mixin.py:188} INFO - ⏳ Đang tải dữ liệu từ bảng Orders...
[2025-06-17T01:26:56.665+0000] {base.py:84} INFO - Using connection ID 'mysql' for task execution.
[2025-06-17T01:26:56.686+0000] {logging_mixin.py:188} WARNING - /home/***/.local/lib/python3.10/site-packages/***/providers/common/sql/hooks/sql.py:263 UserWarning: pandas only supports SQLAlchemy connectable (engine/connection) or database string URI or sqlite3 DBAPI2 connection. Other DBAPI2 objects are not tested. Please consider using SQLAlchemy.
[2025-06-17T01:27:01.112+0000] {logging_mixin.py:188} INFO - ✔ Đã lưu dữ liệu vào staging.stg_Orders (25035 dòng)
[2025-06-17T01:27:01.113+0000] {logging_mixin.py:188} INFO - ✔ Đã load Orders → staging.stg_Orders
[2025-06-17T01:27:01.113+0000] {logging_mixin.py:188} INFO - ⏳ Đang tải dữ liệu từ bảng Product...
[2025-06-17T01:27:01.120+0000] {base.py:84} INFO - Using connection ID 'mysql' for task execution.
[2025-06-17T01:27:01.126+0000] {logging_mixin.py:188} WARNING - /home/***/.local/lib/python3.10/site-packages/***/providers/common/sql/hooks/sql.py:263 UserWarning: pandas only supports SQLAlchemy connectable (engine/connection) or database string URI or sqlite3 DBAPI2 connection. Other DBAPI2 objects are not tested. Please consider using SQLAlchemy.
[2025-06-17T01:27:01.222+0000] {retries.py:91} DEBUG - Running Job._fetch_from_db with retries. Try 1 of 3
[2025-06-17T01:27:01.229+0000] {retries.py:91} DEBUG - Running Job._update_heartbeat with retries. Try 1 of 3
[2025-06-17T01:27:01.242+0000] {job.py:214} DEBUG - [heartbeat]
[2025-06-17T01:27:02.095+0000] {logging_mixin.py:188} INFO - ✔ Đã lưu dữ liệu vào staging.stg_Product (10292 dòng)
[2025-06-17T01:27:02.097+0000] {logging_mixin.py:188} INFO - ✔ Đã load Product → staging.stg_Product
[2025-06-17T01:27:02.099+0000] {logging_mixin.py:188} INFO - ⏳ Đang tải dữ liệu từ bảng Sub_Category...
[2025-06-17T01:27:02.110+0000] {base.py:84} INFO - Using connection ID 'mysql' for task execution.
[2025-06-17T01:27:02.117+0000] {logging_mixin.py:188} WARNING - /home/***/.local/lib/python3.10/site-packages/***/providers/common/sql/hooks/sql.py:263 UserWarning: pandas only supports SQLAlchemy connectable (engine/connection) or database string URI or sqlite3 DBAPI2 connection. Other DBAPI2 objects are not tested. Please consider using SQLAlchemy.
[2025-06-17T01:27:02.173+0000] {logging_mixin.py:188} INFO - ✔ Đã lưu dữ liệu vào staging.stg_Sub_Category (17 dòng)
[2025-06-17T01:27:02.174+0000] {logging_mixin.py:188} INFO - ✔ Đã load Sub_Category → staging.stg_Sub_Category
[2025-06-17T01:27:02.174+0000] {python.py:237} INFO - Done. Returned value was: None
[2025-06-17T01:27:02.175+0000] {taskinstance.py:441} INFO - ::group::Post task execution logs
[2025-06-17T01:27:02.175+0000] {__init__.py:77} DEBUG - Lineage called with inlets: [], outlets: []
[2025-06-17T01:27:02.184+0000] {taskinstance.py:584} DEBUG - Clearing next_method and next_kwargs.
[2025-06-17T01:27:02.185+0000] {taskinstance.py:1206} INFO - Marking task as SUCCESS. dag_id=globalsuperstore, task_id=extract.extract_and_load_to_staging, run_id=manual__2025-06-17T01:26:27.017500+00:00, execution_date=20250617T012627, start_date=20250617T012630, end_date=20250617T012702
[2025-06-17T01:27:02.185+0000] {taskinstance.py:562} DEBUG - Task Duration set to 31.202821
[2025-06-17T01:27:02.202+0000] {cli_action_loggers.py:88} DEBUG - Calling callbacks: []
[2025-06-17T01:27:02.259+0000] {local_task_job_runner.py:240} INFO - Task exited with return code 0
[2025-06-17T01:27:02.286+0000] {dagrun.py:931} DEBUG - number of tis tasks for <DagRun globalsuperstore @ 2025-06-17 01:26:27.017500+00:00: manual__2025-06-17T01:26:27.017500+00:00, state:running, queued_at: 2025-06-17 01:26:27.556871+00:00. externally triggered: True>: 7 task(s)
[2025-06-17T01:27:02.287+0000] {dagrun.py:952} DEBUG - number of scheduleable tasks for <DagRun globalsuperstore @ 2025-06-17 01:26:27.017500+00:00: manual__2025-06-17T01:26:27.017500+00:00, state:running, queued_at: 2025-06-17 01:26:27.556871+00:00. externally triggered: True>: 6 task(s)
[2025-06-17T01:27:02.289+0000] {taskinstance.py:2088} DEBUG - <TaskInstance: globalsuperstore.transform.transform_dim_customers manual__2025-06-17T01:26:27.017500+00:00 [None]> dependency 'Not In Retry Period' PASSED: True, The task instance was not marked for retrying.
[2025-06-17T01:27:02.290+0000] {taskinstance.py:2088} DEBUG - <TaskInstance: globalsuperstore.transform.transform_dim_customers manual__2025-06-17T01:26:27.017500+00:00 [None]> dependency 'Previous Dagrun State' PASSED: True, The task did not have depends_on_past set.
[2025-06-17T01:27:02.290+0000] {taskinstance.py:2076} DEBUG - Dependencies all met for dep_context=None ti=<TaskInstance: globalsuperstore.transform.transform_dim_customers manual__2025-06-17T01:26:27.017500+00:00 [None]>
[2025-06-17T01:27:02.291+0000] {taskinstance.py:2088} DEBUG - <TaskInstance: globalsuperstore.transform.transform_dim_products manual__2025-06-17T01:26:27.017500+00:00 [None]> dependency 'Not In Retry Period' PASSED: True, The task instance was not marked for retrying.
[2025-06-17T01:27:02.291+0000] {taskinstance.py:2088} DEBUG - <TaskInstance: globalsuperstore.transform.transform_dim_products manual__2025-06-17T01:26:27.017500+00:00 [None]> dependency 'Previous Dagrun State' PASSED: True, The task did not have depends_on_past set.
[2025-06-17T01:27:02.291+0000] {taskinstance.py:2076} DEBUG - Dependencies all met for dep_context=None ti=<TaskInstance: globalsuperstore.transform.transform_dim_products manual__2025-06-17T01:26:27.017500+00:00 [None]>
[2025-06-17T01:27:02.291+0000] {taskinstance.py:2088} DEBUG - <TaskInstance: globalsuperstore.transform.transform_dim_locations manual__2025-06-17T01:26:27.017500+00:00 [None]> dependency 'Not In Retry Period' PASSED: True, The task instance was not marked for retrying.
[2025-06-17T01:27:02.292+0000] {taskinstance.py:2088} DEBUG - <TaskInstance: globalsuperstore.transform.transform_dim_locations manual__2025-06-17T01:26:27.017500+00:00 [None]> dependency 'Previous Dagrun State' PASSED: True, The task did not have depends_on_past set.
[2025-06-17T01:27:02.292+0000] {taskinstance.py:2076} DEBUG - Dependencies all met for dep_context=None ti=<TaskInstance: globalsuperstore.transform.transform_dim_locations manual__2025-06-17T01:26:27.017500+00:00 [None]>
[2025-06-17T01:27:02.292+0000] {taskinstance.py:2088} DEBUG - <TaskInstance: globalsuperstore.transform.transform_dim_shipmode manual__2025-06-17T01:26:27.017500+00:00 [None]> dependency 'Not In Retry Period' PASSED: True, The task instance was not marked for retrying.
[2025-06-17T01:27:02.292+0000] {taskinstance.py:2088} DEBUG - <TaskInstance: globalsuperstore.transform.transform_dim_shipmode manual__2025-06-17T01:26:27.017500+00:00 [None]> dependency 'Previous Dagrun State' PASSED: True, The task did not have depends_on_past set.
[2025-06-17T01:27:02.293+0000] {taskinstance.py:2076} DEBUG - Dependencies all met for dep_context=None ti=<TaskInstance: globalsuperstore.transform.transform_dim_shipmode manual__2025-06-17T01:26:27.017500+00:00 [None]>
[2025-06-17T01:27:02.293+0000] {taskinstance.py:2088} DEBUG - <TaskInstance: globalsuperstore.transform.transform_dim_date manual__2025-06-17T01:26:27.017500+00:00 [None]> dependency 'Not In Retry Period' PASSED: True, The task instance was not marked for retrying.
[2025-06-17T01:27:02.293+0000] {taskinstance.py:2088} DEBUG - <TaskInstance: globalsuperstore.transform.transform_dim_date manual__2025-06-17T01:26:27.017500+00:00 [None]> dependency 'Previous Dagrun State' PASSED: True, The task did not have depends_on_past set.
[2025-06-17T01:27:02.294+0000] {taskinstance.py:2076} DEBUG - Dependencies all met for dep_context=None ti=<TaskInstance: globalsuperstore.transform.transform_dim_date manual__2025-06-17T01:26:27.017500+00:00 [None]>
[2025-06-17T01:27:02.294+0000] {taskinstance.py:2088} DEBUG - <TaskInstance: globalsuperstore.load.transform_fact_sales manual__2025-06-17T01:26:27.017500+00:00 [None]> dependency 'Trigger Rule' PASSED: False, Task's trigger rule 'all_success' requires all upstream tasks to have succeeded, but found 5 non-success(es). upstream_states=_UpstreamTIStates(success=0, skipped=0, failed=0, upstream_failed=0, removed=0, done=0, success_setup=0, skipped_setup=0), upstream_task_ids={'transform.transform_dim_locations', 'transform.transform_dim_shipmode', 'transform.transform_dim_products', 'transform.transform_dim_date', 'transform.transform_dim_customers'}
[2025-06-17T01:27:02.295+0000] {taskinstance.py:2066} DEBUG - Dependencies not met for <TaskInstance: globalsuperstore.load.transform_fact_sales manual__2025-06-17T01:26:27.017500+00:00 [None]>, dependency 'Trigger Rule' FAILED: Task's trigger rule 'all_success' requires all upstream tasks to have succeeded, but found 5 non-success(es). upstream_states=_UpstreamTIStates(success=0, skipped=0, failed=0, upstream_failed=0, removed=0, done=0, success_setup=0, skipped_setup=0), upstream_task_ids={'transform.transform_dim_locations', 'transform.transform_dim_shipmode', 'transform.transform_dim_products', 'transform.transform_dim_date', 'transform.transform_dim_customers'}
[2025-06-17T01:27:02.295+0000] {taskinstance.py:2088} DEBUG - <TaskInstance: globalsuperstore.load.transform_fact_sales manual__2025-06-17T01:26:27.017500+00:00 [None]> dependency 'Not In Retry Period' PASSED: True, The task instance was not marked for retrying.
[2025-06-17T01:27:02.295+0000] {taskinstance.py:2088} DEBUG - <TaskInstance: globalsuperstore.load.transform_fact_sales manual__2025-06-17T01:26:27.017500+00:00 [None]> dependency 'Previous Dagrun State' PASSED: True, The task did not have depends_on_past set.
[2025-06-17T01:27:02.304+0000] {taskinstance.py:3503} INFO - 5 downstream tasks scheduled from follow-on schedule check
[2025-06-17T01:27:02.307+0000] {local_task_job_runner.py:222} INFO - ::endgroup::
