[2025-06-15T08:46:14.756+0000] {local_task_job_runner.py:120} INFO - ::group::Pre task execution logs
[2025-06-15T08:46:15.017+0000] {taskinstance.py:2076} INFO - Dependencies all met for dep_context=non-requeueable deps ti=<TaskInstance: globalsuperstore.transform.transform_dim_locations scheduled__2024-12-11T00:00:00+00:00 [queued]>
[2025-06-15T08:46:15.067+0000] {taskinstance.py:2076} INFO - Dependencies all met for dep_context=requeueable deps ti=<TaskInstance: globalsuperstore.transform.transform_dim_locations scheduled__2024-12-11T00:00:00+00:00 [queued]>
[2025-06-15T08:46:15.070+0000] {taskinstance.py:2306} INFO - Starting attempt 1 of 1
[2025-06-15T08:46:15.113+0000] {taskinstance.py:2330} INFO - Executing <Task(PythonOperator): transform.transform_dim_locations> on 2024-12-11 00:00:00+00:00
[2025-06-15T08:46:15.168+0000] {standard_task_runner.py:63} INFO - Started process 1456 to run task
[2025-06-15T08:46:15.184+0000] {standard_task_runner.py:90} INFO - Running: ['***', 'tasks', 'run', 'globalsuperstore', 'transform.transform_dim_locations', 'scheduled__2024-12-11T00:00:00+00:00', '--job-id', '171', '--raw', '--subdir', 'DAGS_FOLDER/global_superstore_dw_etl.py', '--cfg-path', '/tmp/tmp6whhe8n0']
[2025-06-15T08:46:15.205+0000] {standard_task_runner.py:91} INFO - Job 171: Subtask transform.transform_dim_locations
[2025-06-15T08:46:15.468+0000] {task_command.py:426} INFO - Running <TaskInstance: globalsuperstore.transform.transform_dim_locations scheduled__2024-12-11T00:00:00+00:00 [running]> on host f3cca4675eb8
[2025-06-15T08:46:15.797+0000] {taskinstance.py:2648} INFO - Exporting env vars: AIRFLOW_CTX_DAG_OWNER='***' AIRFLOW_CTX_DAG_ID='globalsuperstore' AIRFLOW_CTX_TASK_ID='transform.transform_dim_locations' AIRFLOW_CTX_EXECUTION_DATE='2024-12-11T00:00:00+00:00' AIRFLOW_CTX_TRY_NUMBER='1' AIRFLOW_CTX_DAG_RUN_ID='scheduled__2024-12-11T00:00:00+00:00'
[2025-06-15T08:46:15.804+0000] {taskinstance.py:430} INFO - ::endgroup::
[2025-06-15T08:46:15.877+0000] {base.py:84} INFO - Using connection ID 'postgres' for task execution.
[2025-06-15T08:46:15.910+0000] {base.py:84} INFO - Using connection ID 'postgres' for task execution.
[2025-06-15T08:46:15.941+0000] {base.py:84} INFO - Using connection ID 'postgres' for task execution.
[2025-06-15T08:46:16.087+0000] {logging_mixin.py:188} WARNING - /home/***/.local/lib/python3.10/site-packages/***/providers/common/sql/hooks/sql.py:263 UserWarning: pandas only supports SQLAlchemy connectable (engine/connection) or database string URI or sqlite3 DBAPI2 connection. Other DBAPI2 objects are not tested. Please consider using SQLAlchemy.
[2025-06-15T08:46:23.271+0000] {logging_mixin.py:188} INFO - ✔ Đã transform và lưu dữ liệu vào warehouse.dim_location
[2025-06-15T08:46:23.300+0000] {python.py:237} INFO - Done. Returned value was: None
[2025-06-15T08:46:23.304+0000] {taskinstance.py:441} INFO - ::group::Post task execution logs
[2025-06-15T08:46:23.321+0000] {taskinstance.py:1206} INFO - Marking task as SUCCESS. dag_id=globalsuperstore, task_id=transform.transform_dim_locations, run_id=scheduled__2024-12-11T00:00:00+00:00, execution_date=20241211T000000, start_date=20250615T084615, end_date=20250615T084623
[2025-06-15T08:46:23.519+0000] {local_task_job_runner.py:240} INFO - Task exited with return code 0
[2025-06-15T08:46:23.577+0000] {taskinstance.py:3503} INFO - 0 downstream tasks scheduled from follow-on schedule check
[2025-06-15T08:46:23.582+0000] {local_task_job_runner.py:222} INFO - ::endgroup::
