[2025-06-14T15:29:05.039+0000] {local_task_job_runner.py:120} INFO - ::group::Pre task execution logs
[2025-06-14T15:29:05.066+0000] {taskinstance.py:2076} INFO - Dependencies all met for dep_context=non-requeueable deps ti=<TaskInstance: globalsuperstore.transform.transform_dim_locations manual__2025-06-14T15:28:50.701926+00:00 [queued]>
[2025-06-14T15:29:05.073+0000] {taskinstance.py:2076} INFO - Dependencies all met for dep_context=requeueable deps ti=<TaskInstance: globalsuperstore.transform.transform_dim_locations manual__2025-06-14T15:28:50.701926+00:00 [queued]>
[2025-06-14T15:29:05.073+0000] {taskinstance.py:2306} INFO - Starting attempt 1 of 1
[2025-06-14T15:29:05.085+0000] {taskinstance.py:2330} INFO - Executing <Task(PythonOperator): transform.transform_dim_locations> on 2025-06-14 15:28:50.701926+00:00
[2025-06-14T15:29:05.091+0000] {standard_task_runner.py:63} INFO - Started process 1976 to run task
[2025-06-14T15:29:05.095+0000] {standard_task_runner.py:90} INFO - Running: ['***', 'tasks', 'run', 'globalsuperstore', 'transform.transform_dim_locations', 'manual__2025-06-14T15:28:50.701926+00:00', '--job-id', '49', '--raw', '--subdir', 'DAGS_FOLDER/global_superstore_dw_etl.py', '--cfg-path', '/tmp/tmpgmnd0kxz']
[2025-06-14T15:29:05.098+0000] {standard_task_runner.py:91} INFO - Job 49: Subtask transform.transform_dim_locations
[2025-06-14T15:29:05.138+0000] {task_command.py:426} INFO - Running <TaskInstance: globalsuperstore.transform.transform_dim_locations manual__2025-06-14T15:28:50.701926+00:00 [running]> on host f3cca4675eb8
[2025-06-14T15:29:05.221+0000] {taskinstance.py:2648} INFO - Exporting env vars: AIRFLOW_CTX_DAG_OWNER='***' AIRFLOW_CTX_DAG_ID='globalsuperstore' AIRFLOW_CTX_TASK_ID='transform.transform_dim_locations' AIRFLOW_CTX_EXECUTION_DATE='2025-06-14T15:28:50.701926+00:00' AIRFLOW_CTX_TRY_NUMBER='1' AIRFLOW_CTX_DAG_RUN_ID='manual__2025-06-14T15:28:50.701926+00:00'
[2025-06-14T15:29:05.222+0000] {taskinstance.py:430} INFO - ::endgroup::
[2025-06-14T15:29:05.239+0000] {base.py:84} INFO - Using connection ID 'postgres' for task execution.
[2025-06-14T15:29:05.246+0000] {base.py:84} INFO - Using connection ID 'postgres' for task execution.
[2025-06-14T15:29:05.252+0000] {base.py:84} INFO - Using connection ID 'postgres' for task execution.
[2025-06-14T15:29:05.266+0000] {logging_mixin.py:188} WARNING - /home/***/.local/lib/python3.10/site-packages/***/providers/common/sql/hooks/sql.py:263 UserWarning: pandas only supports SQLAlchemy connectable (engine/connection) or database string URI or sqlite3 DBAPI2 connection. Other DBAPI2 objects are not tested. Please consider using SQLAlchemy.
[2025-06-14T15:29:05.349+0000] {taskinstance.py:441} INFO - ::group::Post task execution logs
[2025-06-14T15:29:05.350+0000] {taskinstance.py:2905} ERROR - Task failed with exception
Traceback (most recent call last):
  File "/home/airflow/.local/lib/python3.10/site-packages/airflow/models/taskinstance.py", line 465, in _execute_task
    result = _execute_callable(context=context, **execute_callable_kwargs)
  File "/home/airflow/.local/lib/python3.10/site-packages/airflow/models/taskinstance.py", line 432, in _execute_callable
    return execute_callable(context=context, **execute_callable_kwargs)
  File "/home/airflow/.local/lib/python3.10/site-packages/airflow/models/baseoperator.py", line 401, in wrapper
    return func(self, *args, **kwargs)
  File "/home/airflow/.local/lib/python3.10/site-packages/airflow/operators/python.py", line 235, in execute
    return_value = self.execute_callable()
  File "/home/airflow/.local/lib/python3.10/site-packages/airflow/operators/python.py", line 252, in execute_callable
    return self.python_callable(*self.op_args, **self.op_kwargs)
  File "/opt/airflow/dags/transform_dim_locations.py", line 13, in transform_dim_locations
    dim_df = df_order[['city', 'state', 'country', 'region']].copy()
  File "/home/airflow/.local/lib/python3.10/site-packages/pandas/core/frame.py", line 3813, in __getitem__
    indexer = self.columns._get_indexer_strict(key, "columns")[1]
  File "/home/airflow/.local/lib/python3.10/site-packages/pandas/core/indexes/base.py", line 6070, in _get_indexer_strict
    self._raise_if_missing(keyarr, indexer, axis_name)
  File "/home/airflow/.local/lib/python3.10/site-packages/pandas/core/indexes/base.py", line 6130, in _raise_if_missing
    raise KeyError(f"None of [{key}] are in the [{axis_name}]")
KeyError: "None of [Index(['city', 'state', 'country', 'region'], dtype='object')] are in the [columns]"
[2025-06-14T15:29:05.366+0000] {taskinstance.py:1206} INFO - Marking task as FAILED. dag_id=globalsuperstore, task_id=transform.transform_dim_locations, run_id=manual__2025-06-14T15:28:50.701926+00:00, execution_date=20250614T152850, start_date=20250614T152905, end_date=20250614T152905
[2025-06-14T15:29:05.379+0000] {standard_task_runner.py:110} ERROR - Failed to execute job 49 for task transform.transform_dim_locations ("None of [Index(['city', 'state', 'country', 'region'], dtype='object')] are in the [columns]"; 1976)
[2025-06-14T15:29:05.428+0000] {local_task_job_runner.py:240} INFO - Task exited with return code 1
[2025-06-14T15:29:05.446+0000] {taskinstance.py:3503} INFO - 0 downstream tasks scheduled from follow-on schedule check
[2025-06-14T15:29:05.449+0000] {local_task_job_runner.py:222} INFO - ::endgroup::
