[2025-06-15T15:29:49.848+0000] {local_task_job_runner.py:120} INFO - ::group::Pre task execution logs
[2025-06-15T15:29:49.884+0000] {taskinstance.py:2076} INFO - Dependencies all met for dep_context=non-requeueable deps ti=<TaskInstance: globalsuperstore.extract.extract_and_load_to_staging manual__2025-06-15T15:28:46.363907+00:00 [queued]>
[2025-06-15T15:29:49.894+0000] {taskinstance.py:2076} INFO - Dependencies all met for dep_context=requeueable deps ti=<TaskInstance: globalsuperstore.extract.extract_and_load_to_staging manual__2025-06-15T15:28:46.363907+00:00 [queued]>
[2025-06-15T15:29:49.895+0000] {taskinstance.py:2306} INFO - Starting attempt 1 of 1
[2025-06-15T15:29:49.910+0000] {taskinstance.py:2330} INFO - Executing <Task(PythonOperator): extract.extract_and_load_to_staging> on 2025-06-15 15:28:46.363907+00:00
[2025-06-15T15:29:49.930+0000] {standard_task_runner.py:63} INFO - Started process 205 to run task
[2025-06-15T15:29:49.933+0000] {standard_task_runner.py:90} INFO - Running: ['***', 'tasks', 'run', 'globalsuperstore', 'extract.extract_and_load_to_staging', 'manual__2025-06-15T15:28:46.363907+00:00', '--job-id', '62', '--raw', '--subdir', 'DAGS_FOLDER/global_superstore_dw_etl.py', '--cfg-path', '/tmp/tmp7kgxh72o']
[2025-06-15T15:29:49.937+0000] {standard_task_runner.py:91} INFO - Job 62: Subtask extract.extract_and_load_to_staging
[2025-06-15T15:29:50.009+0000] {task_command.py:426} INFO - Running <TaskInstance: globalsuperstore.extract.extract_and_load_to_staging manual__2025-06-15T15:28:46.363907+00:00 [running]> on host d026f70df2f6
[2025-06-15T15:29:50.148+0000] {taskinstance.py:2648} INFO - Exporting env vars: AIRFLOW_CTX_DAG_OWNER='***' AIRFLOW_CTX_DAG_ID='globalsuperstore' AIRFLOW_CTX_TASK_ID='extract.extract_and_load_to_staging' AIRFLOW_CTX_EXECUTION_DATE='2025-06-15T15:28:46.363907+00:00' AIRFLOW_CTX_TRY_NUMBER='1' AIRFLOW_CTX_DAG_RUN_ID='manual__2025-06-15T15:28:46.363907+00:00'
[2025-06-15T15:29:50.150+0000] {taskinstance.py:430} INFO - ::endgroup::
[2025-06-15T15:29:50.187+0000] {base.py:84} INFO - Using connection ID 'postgres' for task execution.
[2025-06-15T15:29:50.199+0000] {base.py:84} INFO - Using connection ID 'mysql' for task execution.
[2025-06-15T15:29:50.258+0000] {logging_mixin.py:188} WARNING - /home/***/.local/lib/python3.10/site-packages/***/providers/common/sql/hooks/sql.py:263 UserWarning: pandas only supports SQLAlchemy connectable (engine/connection) or database string URI or sqlite3 DBAPI2 connection. Other DBAPI2 objects are not tested. Please consider using SQLAlchemy.
[2025-06-15T15:29:50.524+0000] {logging_mixin.py:188} INFO - ✔ Đã load Category → staging.stg_Category
[2025-06-15T15:29:50.533+0000] {base.py:84} INFO - Using connection ID 'mysql' for task execution.
[2025-06-15T15:29:50.539+0000] {logging_mixin.py:188} WARNING - /home/***/.local/lib/python3.10/site-packages/***/providers/common/sql/hooks/sql.py:263 UserWarning: pandas only supports SQLAlchemy connectable (engine/connection) or database string URI or sqlite3 DBAPI2 connection. Other DBAPI2 objects are not tested. Please consider using SQLAlchemy.
[2025-06-15T15:29:51.731+0000] {logging_mixin.py:188} INFO - ✔ Đã load Customer → staging.stg_Customer
[2025-06-15T15:29:51.739+0000] {base.py:84} INFO - Using connection ID 'mysql' for task execution.
[2025-06-15T15:29:51.743+0000] {logging_mixin.py:188} WARNING - /home/***/.local/lib/python3.10/site-packages/***/providers/common/sql/hooks/sql.py:263 UserWarning: pandas only supports SQLAlchemy connectable (engine/connection) or database string URI or sqlite3 DBAPI2 connection. Other DBAPI2 objects are not tested. Please consider using SQLAlchemy.
[2025-06-15T15:30:02.838+0000] {logging_mixin.py:188} INFO - ✔ Đã load Order_Details → staging.stg_Order_Details
[2025-06-15T15:30:02.850+0000] {base.py:84} INFO - Using connection ID 'mysql' for task execution.
[2025-06-15T15:30:02.874+0000] {logging_mixin.py:188} WARNING - /home/***/.local/lib/python3.10/site-packages/***/providers/common/sql/hooks/sql.py:263 UserWarning: pandas only supports SQLAlchemy connectable (engine/connection) or database string URI or sqlite3 DBAPI2 connection. Other DBAPI2 objects are not tested. Please consider using SQLAlchemy.
[2025-06-15T15:30:09.489+0000] {logging_mixin.py:188} INFO - ✔ Đã load Orders → staging.stg_Orders
[2025-06-15T15:30:09.506+0000] {base.py:84} INFO - Using connection ID 'mysql' for task execution.
[2025-06-15T15:30:09.524+0000] {logging_mixin.py:188} WARNING - /home/***/.local/lib/python3.10/site-packages/***/providers/common/sql/hooks/sql.py:263 UserWarning: pandas only supports SQLAlchemy connectable (engine/connection) or database string URI or sqlite3 DBAPI2 connection. Other DBAPI2 objects are not tested. Please consider using SQLAlchemy.
[2025-06-15T15:30:10.432+0000] {logging_mixin.py:188} INFO - ✔ Đã load Product → staging.stg_Product
[2025-06-15T15:30:10.440+0000] {base.py:84} INFO - Using connection ID 'mysql' for task execution.
[2025-06-15T15:30:10.445+0000] {logging_mixin.py:188} WARNING - /home/***/.local/lib/python3.10/site-packages/***/providers/common/sql/hooks/sql.py:263 UserWarning: pandas only supports SQLAlchemy connectable (engine/connection) or database string URI or sqlite3 DBAPI2 connection. Other DBAPI2 objects are not tested. Please consider using SQLAlchemy.
[2025-06-15T15:30:10.466+0000] {logging_mixin.py:188} INFO - ✔ Đã load Sub_Category → staging.stg_Sub_Category
[2025-06-15T15:30:10.467+0000] {python.py:237} INFO - Done. Returned value was: None
[2025-06-15T15:30:10.467+0000] {taskinstance.py:441} INFO - ::group::Post task execution logs
[2025-06-15T15:30:10.477+0000] {taskinstance.py:1206} INFO - Marking task as SUCCESS. dag_id=globalsuperstore, task_id=extract.extract_and_load_to_staging, run_id=manual__2025-06-15T15:28:46.363907+00:00, execution_date=20250615T152846, start_date=20250615T152949, end_date=20250615T153010
[2025-06-15T15:30:10.516+0000] {local_task_job_runner.py:240} INFO - Task exited with return code 0
[2025-06-15T15:30:10.574+0000] {taskinstance.py:3503} INFO - 5 downstream tasks scheduled from follow-on schedule check
[2025-06-15T15:30:10.577+0000] {local_task_job_runner.py:222} INFO - ::endgroup::
