[2025-06-15T08:20:47.424+0000] {local_task_job_runner.py:120} INFO - ::group::Pre task execution logs
[2025-06-15T08:20:47.558+0000] {taskinstance.py:2076} INFO - Dependencies all met for dep_context=non-requeueable deps ti=<TaskInstance: globalsuperstore.extract.extract_and_load_to_staging manual__2025-06-15T08:20:20.407060+00:00 [queued]>
[2025-06-15T08:20:47.588+0000] {taskinstance.py:2076} INFO - Dependencies all met for dep_context=requeueable deps ti=<TaskInstance: globalsuperstore.extract.extract_and_load_to_staging manual__2025-06-15T08:20:20.407060+00:00 [queued]>
[2025-06-15T08:20:47.590+0000] {taskinstance.py:2306} INFO - Starting attempt 1 of 1
[2025-06-15T08:20:47.629+0000] {taskinstance.py:2330} INFO - Executing <Task(PythonOperator): extract.extract_and_load_to_staging> on 2025-06-15 08:20:20.407060+00:00
[2025-06-15T08:20:47.636+0000] {standard_task_runner.py:63} INFO - Started process 456 to run task
[2025-06-15T08:20:47.645+0000] {standard_task_runner.py:90} INFO - Running: ['***', 'tasks', 'run', 'globalsuperstore', 'extract.extract_and_load_to_staging', 'manual__2025-06-15T08:20:20.407060+00:00', '--job-id', '81', '--raw', '--subdir', 'DAGS_FOLDER/global_superstore_dw_etl.py', '--cfg-path', '/tmp/tmpalia81lo']
[2025-06-15T08:20:47.652+0000] {standard_task_runner.py:91} INFO - Job 81: Subtask extract.extract_and_load_to_staging
[2025-06-15T08:20:47.765+0000] {task_command.py:426} INFO - Running <TaskInstance: globalsuperstore.extract.extract_and_load_to_staging manual__2025-06-15T08:20:20.407060+00:00 [running]> on host f3cca4675eb8
[2025-06-15T08:20:47.966+0000] {taskinstance.py:2648} INFO - Exporting env vars: AIRFLOW_CTX_DAG_OWNER='***' AIRFLOW_CTX_DAG_ID='globalsuperstore' AIRFLOW_CTX_TASK_ID='extract.extract_and_load_to_staging' AIRFLOW_CTX_EXECUTION_DATE='2025-06-15T08:20:20.407060+00:00' AIRFLOW_CTX_TRY_NUMBER='1' AIRFLOW_CTX_DAG_RUN_ID='manual__2025-06-15T08:20:20.407060+00:00'
[2025-06-15T08:20:47.967+0000] {taskinstance.py:430} INFO - ::endgroup::
[2025-06-15T08:20:48.029+0000] {base.py:84} INFO - Using connection ID 'postgres' for task execution.
[2025-06-15T08:20:48.036+0000] {base.py:84} INFO - Using connection ID 'mysql' for task execution.
[2025-06-15T08:20:48.403+0000] {logging_mixin.py:188} WARNING - /home/***/.local/lib/python3.10/site-packages/***/providers/common/sql/hooks/sql.py:263 UserWarning: pandas only supports SQLAlchemy connectable (engine/connection) or database string URI or sqlite3 DBAPI2 connection. Other DBAPI2 objects are not tested. Please consider using SQLAlchemy.
[2025-06-15T08:20:48.993+0000] {logging_mixin.py:188} INFO - ✔ Đã load Category → staging.stg_Category
[2025-06-15T08:20:48.999+0000] {base.py:84} INFO - Using connection ID 'mysql' for task execution.
[2025-06-15T08:20:49.004+0000] {logging_mixin.py:188} WARNING - /home/***/.local/lib/python3.10/site-packages/***/providers/common/sql/hooks/sql.py:263 UserWarning: pandas only supports SQLAlchemy connectable (engine/connection) or database string URI or sqlite3 DBAPI2 connection. Other DBAPI2 objects are not tested. Please consider using SQLAlchemy.
[2025-06-15T08:20:51.499+0000] {logging_mixin.py:188} INFO - ✔ Đã load Customer → staging.stg_Customer
[2025-06-15T08:20:51.513+0000] {base.py:84} INFO - Using connection ID 'mysql' for task execution.
[2025-06-15T08:20:51.518+0000] {logging_mixin.py:188} WARNING - /home/***/.local/lib/python3.10/site-packages/***/providers/common/sql/hooks/sql.py:263 UserWarning: pandas only supports SQLAlchemy connectable (engine/connection) or database string URI or sqlite3 DBAPI2 connection. Other DBAPI2 objects are not tested. Please consider using SQLAlchemy.
[2025-06-15T08:21:03.588+0000] {logging_mixin.py:188} INFO - ✔ Đã load Order_Details → staging.stg_Order_Details
[2025-06-15T08:21:03.600+0000] {base.py:84} INFO - Using connection ID 'mysql' for task execution.
[2025-06-15T08:21:03.614+0000] {logging_mixin.py:188} WARNING - /home/***/.local/lib/python3.10/site-packages/***/providers/common/sql/hooks/sql.py:263 UserWarning: pandas only supports SQLAlchemy connectable (engine/connection) or database string URI or sqlite3 DBAPI2 connection. Other DBAPI2 objects are not tested. Please consider using SQLAlchemy.
[2025-06-15T08:21:09.344+0000] {logging_mixin.py:188} INFO - ✔ Đã load Orders → staging.stg_Orders
[2025-06-15T08:21:09.357+0000] {base.py:84} INFO - Using connection ID 'mysql' for task execution.
[2025-06-15T08:21:09.364+0000] {logging_mixin.py:188} WARNING - /home/***/.local/lib/python3.10/site-packages/***/providers/common/sql/hooks/sql.py:263 UserWarning: pandas only supports SQLAlchemy connectable (engine/connection) or database string URI or sqlite3 DBAPI2 connection. Other DBAPI2 objects are not tested. Please consider using SQLAlchemy.
[2025-06-15T08:21:10.204+0000] {logging_mixin.py:188} INFO - ✔ Đã load Product → staging.stg_Product
[2025-06-15T08:21:10.210+0000] {base.py:84} INFO - Using connection ID 'mysql' for task execution.
[2025-06-15T08:21:10.215+0000] {logging_mixin.py:188} WARNING - /home/***/.local/lib/python3.10/site-packages/***/providers/common/sql/hooks/sql.py:263 UserWarning: pandas only supports SQLAlchemy connectable (engine/connection) or database string URI or sqlite3 DBAPI2 connection. Other DBAPI2 objects are not tested. Please consider using SQLAlchemy.
[2025-06-15T08:21:10.247+0000] {logging_mixin.py:188} INFO - ✔ Đã load Sub_Category → staging.stg_Sub_Category
[2025-06-15T08:21:10.248+0000] {python.py:237} INFO - Done. Returned value was: None
[2025-06-15T08:21:10.249+0000] {taskinstance.py:441} INFO - ::group::Post task execution logs
[2025-06-15T08:21:10.258+0000] {taskinstance.py:1206} INFO - Marking task as SUCCESS. dag_id=globalsuperstore, task_id=extract.extract_and_load_to_staging, run_id=manual__2025-06-15T08:20:20.407060+00:00, execution_date=20250615T082020, start_date=20250615T082047, end_date=20250615T082110
[2025-06-15T08:21:10.311+0000] {local_task_job_runner.py:240} INFO - Task exited with return code 0
[2025-06-15T08:21:10.387+0000] {taskinstance.py:3503} INFO - 5 downstream tasks scheduled from follow-on schedule check
[2025-06-15T08:21:10.389+0000] {local_task_job_runner.py:222} INFO - ::endgroup::
