[2025-06-14T15:27:34.984+0000] {local_task_job_runner.py:120} INFO - ::group::Pre task execution logs
[2025-06-14T15:27:35.027+0000] {taskinstance.py:2076} INFO - Dependencies all met for dep_context=non-requeueable deps ti=<TaskInstance: globalsuperstore.transform.transform_dim_locations manual__2025-06-14T15:26:51.239011+00:00 [queued]>
[2025-06-14T15:27:35.037+0000] {taskinstance.py:2076} INFO - Dependencies all met for dep_context=requeueable deps ti=<TaskInstance: globalsuperstore.transform.transform_dim_locations manual__2025-06-14T15:26:51.239011+00:00 [queued]>
[2025-06-14T15:27:35.038+0000] {taskinstance.py:2306} INFO - Starting attempt 1 of 1
[2025-06-14T15:27:35.054+0000] {taskinstance.py:2330} INFO - Executing <Task(PythonOperator): transform.transform_dim_locations> on 2025-06-14 15:26:51.239011+00:00
[2025-06-14T15:27:35.064+0000] {standard_task_runner.py:63} INFO - Started process 1921 to run task
[2025-06-14T15:27:35.069+0000] {standard_task_runner.py:90} INFO - Running: ['***', 'tasks', 'run', 'globalsuperstore', 'transform.transform_dim_locations', 'manual__2025-06-14T15:26:51.239011+00:00', '--job-id', '46', '--raw', '--subdir', 'DAGS_FOLDER/global_superstore_dw_etl.py', '--cfg-path', '/tmp/tmpd16_4lfe']
[2025-06-14T15:27:35.072+0000] {standard_task_runner.py:91} INFO - Job 46: Subtask transform.transform_dim_locations
[2025-06-14T15:27:35.129+0000] {task_command.py:426} INFO - Running <TaskInstance: globalsuperstore.transform.transform_dim_locations manual__2025-06-14T15:26:51.239011+00:00 [running]> on host f3cca4675eb8
[2025-06-14T15:27:35.269+0000] {taskinstance.py:2648} INFO - Exporting env vars: AIRFLOW_CTX_DAG_OWNER='***' AIRFLOW_CTX_DAG_ID='globalsuperstore' AIRFLOW_CTX_TASK_ID='transform.transform_dim_locations' AIRFLOW_CTX_EXECUTION_DATE='2025-06-14T15:26:51.239011+00:00' AIRFLOW_CTX_TRY_NUMBER='1' AIRFLOW_CTX_DAG_RUN_ID='manual__2025-06-14T15:26:51.239011+00:00'
[2025-06-14T15:27:35.271+0000] {taskinstance.py:430} INFO - ::endgroup::
[2025-06-14T15:27:35.308+0000] {base.py:84} INFO - Using connection ID 'postgres' for task execution.
[2025-06-14T15:27:35.325+0000] {base.py:84} INFO - Using connection ID 'postgres' for task execution.
[2025-06-14T15:27:35.340+0000] {base.py:84} INFO - Using connection ID 'postgres' for task execution.
[2025-06-14T15:27:35.357+0000] {logging_mixin.py:188} WARNING - /home/***/.local/lib/python3.10/site-packages/***/providers/common/sql/hooks/sql.py:263 UserWarning: pandas only supports SQLAlchemy connectable (engine/connection) or database string URI or sqlite3 DBAPI2 connection. Other DBAPI2 objects are not tested. Please consider using SQLAlchemy.
[2025-06-14T15:27:35.362+0000] {taskinstance.py:441} INFO - ::group::Post task execution logs
[2025-06-14T15:27:35.363+0000] {taskinstance.py:2905} ERROR - Task failed with exception
Traceback (most recent call last):
  File "/home/airflow/.local/lib/python3.10/site-packages/pandas/io/sql.py", line 2018, in execute
    cur.execute(*args, **kwargs)
psycopg2.errors.UndefinedTable: relation "staging.stg_Order" does not exist
LINE 1: SELECT * FROM "staging"."stg_Order"
                      ^


The above exception was the direct cause of the following exception:

Traceback (most recent call last):
  File "/home/airflow/.local/lib/python3.10/site-packages/airflow/models/taskinstance.py", line 465, in _execute_task
    result = _execute_callable(context=context, **execute_callable_kwargs)
  File "/home/airflow/.local/lib/python3.10/site-packages/airflow/models/taskinstance.py", line 432, in _execute_callable
    return execute_callable(context=context, **execute_callable_kwargs)
  File "/home/airflow/.local/lib/python3.10/site-packages/airflow/models/baseoperator.py", line 401, in wrapper
    return func(self, *args, **kwargs)
  File "/home/airflow/.local/lib/python3.10/site-packages/airflow/operators/python.py", line 235, in execute
    return_value = self.execute_callable()
  File "/home/airflow/.local/lib/python3.10/site-packages/airflow/operators/python.py", line 252, in execute_callable
    return self.python_callable(*self.op_args, **self.op_kwargs)
  File "/opt/airflow/dags/transform_dim_locations.py", line 10, in transform_dim_locations
    df_order = staging_operator.get_data_to_pd('SELECT * FROM "staging"."stg_Order"')
  File "/opt/airflow/plugins/postgresql_operator.py", line 15, in get_data_to_pd
    return self.hook.get_pandas_df(sql)
  File "/home/airflow/.local/lib/python3.10/site-packages/airflow/providers/common/sql/hooks/sql.py", line 263, in get_pandas_df
    return psql.read_sql(sql, con=conn, params=parameters, **kwargs)
  File "/home/airflow/.local/lib/python3.10/site-packages/pandas/io/sql.py", line 564, in read_sql
    return pandas_sql.read_query(
  File "/home/airflow/.local/lib/python3.10/site-packages/pandas/io/sql.py", line 2078, in read_query
    cursor = self.execute(*args)
  File "/home/airflow/.local/lib/python3.10/site-packages/pandas/io/sql.py", line 2030, in execute
    raise ex from exc
pandas.errors.DatabaseError: Execution failed on sql 'SELECT * FROM "staging"."stg_Order"': relation "staging.stg_Order" does not exist
LINE 1: SELECT * FROM "staging"."stg_Order"
                      ^

[2025-06-14T15:27:35.457+0000] {taskinstance.py:1206} INFO - Marking task as FAILED. dag_id=globalsuperstore, task_id=transform.transform_dim_locations, run_id=manual__2025-06-14T15:26:51.239011+00:00, execution_date=20250614T152651, start_date=20250614T152735, end_date=20250614T152735
[2025-06-14T15:27:35.475+0000] {standard_task_runner.py:110} ERROR - Failed to execute job 46 for task transform.transform_dim_locations (Execution failed on sql 'SELECT * FROM "staging"."stg_Order"': relation "staging.stg_Order" does not exist
LINE 1: SELECT * FROM "staging"."stg_Order"
                      ^
; 1921)
[2025-06-14T15:27:35.526+0000] {local_task_job_runner.py:240} INFO - Task exited with return code 1
[2025-06-14T15:27:35.551+0000] {taskinstance.py:3503} INFO - 0 downstream tasks scheduled from follow-on schedule check
[2025-06-14T15:27:35.554+0000] {local_task_job_runner.py:222} INFO - ::endgroup::
