[2025-06-14T03:07:49.856+0000] {local_task_job_runner.py:120} INFO - ::group::Pre task execution logs
[2025-06-14T03:07:49.923+0000] {taskinstance.py:2076} INFO - Dependencies all met for dep_context=non-requeueable deps ti=<TaskInstance: GlobalSuperStore_dw_etl.extract.extract_and_load_to_staging manual__2025-06-14T03:07:48.195161+00:00 [queued]>
[2025-06-14T03:07:49.936+0000] {taskinstance.py:2076} INFO - Dependencies all met for dep_context=requeueable deps ti=<TaskInstance: GlobalSuperStore_dw_etl.extract.extract_and_load_to_staging manual__2025-06-14T03:07:48.195161+00:00 [queued]>
[2025-06-14T03:07:49.937+0000] {taskinstance.py:2306} INFO - Starting attempt 1 of 1
[2025-06-14T03:07:49.961+0000] {taskinstance.py:2330} INFO - Executing <Task(PythonOperator): extract.extract_and_load_to_staging> on 2025-06-14 03:07:48.195161+00:00
[2025-06-14T03:07:49.970+0000] {standard_task_runner.py:63} INFO - Started process 227 to run task
[2025-06-14T03:07:49.974+0000] {standard_task_runner.py:90} INFO - Running: ['***', 'tasks', 'run', 'GlobalSuperStore_dw_etl', 'extract.extract_and_load_to_staging', 'manual__2025-06-14T03:07:48.195161+00:00', '--job-id', '98', '--raw', '--subdir', 'DAGS_FOLDER/globalSuperstore.py', '--cfg-path', '/tmp/tmpyypwejj9']
[2025-06-14T03:07:49.978+0000] {standard_task_runner.py:91} INFO - Job 98: Subtask extract.extract_and_load_to_staging
[2025-06-14T03:07:50.058+0000] {task_command.py:426} INFO - Running <TaskInstance: GlobalSuperStore_dw_etl.extract.extract_and_load_to_staging manual__2025-06-14T03:07:48.195161+00:00 [running]> on host ce8c7e7a2a87
[2025-06-14T03:07:50.178+0000] {taskinstance.py:2648} INFO - Exporting env vars: AIRFLOW_CTX_DAG_OWNER='***' AIRFLOW_CTX_DAG_ID='GlobalSuperStore_dw_etl' AIRFLOW_CTX_TASK_ID='extract.extract_and_load_to_staging' AIRFLOW_CTX_EXECUTION_DATE='2025-06-14T03:07:48.195161+00:00' AIRFLOW_CTX_TRY_NUMBER='1' AIRFLOW_CTX_DAG_RUN_ID='manual__2025-06-14T03:07:48.195161+00:00'
[2025-06-14T03:07:50.179+0000] {taskinstance.py:430} INFO - ::endgroup::
[2025-06-14T03:07:50.211+0000] {base.py:84} INFO - Using connection ID 'postgres' for task execution.
[2025-06-14T03:07:50.218+0000] {base.py:84} INFO - Using connection ID 'mysql' for task execution.
[2025-06-14T03:07:50.536+0000] {logging_mixin.py:188} WARNING - /home/***/.local/lib/python3.10/site-packages/***/providers/common/sql/hooks/sql.py:263 UserWarning: pandas only supports SQLAlchemy connectable (engine/connection) or database string URI or sqlite3 DBAPI2 connection. Other DBAPI2 objects are not tested. Please consider using SQLAlchemy.
[2025-06-14T03:07:51.185+0000] {logging_mixin.py:188} INFO - ✔ Đã load Category → staging.stg_Category
[2025-06-14T03:07:51.190+0000] {base.py:84} INFO - Using connection ID 'mysql' for task execution.
[2025-06-14T03:07:51.195+0000] {logging_mixin.py:188} WARNING - /home/***/.local/lib/python3.10/site-packages/***/providers/common/sql/hooks/sql.py:263 UserWarning: pandas only supports SQLAlchemy connectable (engine/connection) or database string URI or sqlite3 DBAPI2 connection. Other DBAPI2 objects are not tested. Please consider using SQLAlchemy.
[2025-06-14T03:07:52.076+0000] {logging_mixin.py:188} INFO - ✔ Đã load Customer → staging.stg_Customer
[2025-06-14T03:07:52.083+0000] {base.py:84} INFO - Using connection ID 'mysql' for task execution.
[2025-06-14T03:07:52.088+0000] {logging_mixin.py:188} WARNING - /home/***/.local/lib/python3.10/site-packages/***/providers/common/sql/hooks/sql.py:263 UserWarning: pandas only supports SQLAlchemy connectable (engine/connection) or database string URI or sqlite3 DBAPI2 connection. Other DBAPI2 objects are not tested. Please consider using SQLAlchemy.
[2025-06-14T03:08:01.289+0000] {logging_mixin.py:188} INFO - ✔ Đã load Order_Details → staging.stg_Order_Details
[2025-06-14T03:08:01.299+0000] {base.py:84} INFO - Using connection ID 'mysql' for task execution.
[2025-06-14T03:08:01.304+0000] {logging_mixin.py:188} WARNING - /home/***/.local/lib/python3.10/site-packages/***/providers/common/sql/hooks/sql.py:263 UserWarning: pandas only supports SQLAlchemy connectable (engine/connection) or database string URI or sqlite3 DBAPI2 connection. Other DBAPI2 objects are not tested. Please consider using SQLAlchemy.
[2025-06-14T03:08:07.018+0000] {logging_mixin.py:188} INFO - ✔ Đã load Orders → staging.stg_Orders
[2025-06-14T03:08:07.031+0000] {base.py:84} INFO - Using connection ID 'mysql' for task execution.
[2025-06-14T03:08:07.043+0000] {logging_mixin.py:188} WARNING - /home/***/.local/lib/python3.10/site-packages/***/providers/common/sql/hooks/sql.py:263 UserWarning: pandas only supports SQLAlchemy connectable (engine/connection) or database string URI or sqlite3 DBAPI2 connection. Other DBAPI2 objects are not tested. Please consider using SQLAlchemy.
[2025-06-14T03:08:08.100+0000] {logging_mixin.py:188} INFO - ✔ Đã load Product → staging.stg_Product
[2025-06-14T03:08:08.108+0000] {base.py:84} INFO - Using connection ID 'mysql' for task execution.
[2025-06-14T03:08:08.114+0000] {logging_mixin.py:188} WARNING - /home/***/.local/lib/python3.10/site-packages/***/providers/common/sql/hooks/sql.py:263 UserWarning: pandas only supports SQLAlchemy connectable (engine/connection) or database string URI or sqlite3 DBAPI2 connection. Other DBAPI2 objects are not tested. Please consider using SQLAlchemy.
[2025-06-14T03:08:08.173+0000] {logging_mixin.py:188} INFO - ✔ Đã load Sub_Category → staging.stg_Sub_Category
[2025-06-14T03:08:08.175+0000] {python.py:237} INFO - Done. Returned value was: None
[2025-06-14T03:08:08.176+0000] {taskinstance.py:441} INFO - ::group::Post task execution logs
[2025-06-14T03:08:08.192+0000] {taskinstance.py:1206} INFO - Marking task as SUCCESS. dag_id=GlobalSuperStore_dw_etl, task_id=extract.extract_and_load_to_staging, run_id=manual__2025-06-14T03:07:48.195161+00:00, execution_date=20250614T030748, start_date=20250614T030749, end_date=20250614T030808
[2025-06-14T03:08:08.263+0000] {local_task_job_runner.py:240} INFO - Task exited with return code 0
[2025-06-14T03:08:08.300+0000] {taskinstance.py:3503} INFO - 1 downstream tasks scheduled from follow-on schedule check
[2025-06-14T03:08:08.303+0000] {local_task_job_runner.py:222} INFO - ::endgroup::
