[2025-06-16T16:04:36.023+0000] {taskinstance.py:1042} DEBUG - previous_execution_date was called
[2025-06-16T16:04:36.145+0000] {__init__.py:54} DEBUG - Loading core task runner: StandardTaskRunner
[2025-06-16T16:04:36.207+0000] {taskinstance.py:1042} DEBUG - previous_execution_date was called
[2025-06-16T16:04:36.243+0000] {base_task_runner.py:73} DEBUG - Planning to run as the  user
[2025-06-16T16:04:36.356+0000] {local_task_job_runner.py:120} INFO - ::group::Pre task execution logs
[2025-06-16T16:04:36.621+0000] {taskinstance.py:2088} DEBUG - <TaskInstance: globalsuperstore.transform.transform_dim_date manual__2025-06-16T16:04:05.497622+00:00 [queued]> dependency 'Task Instance State' PASSED: True, Task state queued was valid.
[2025-06-16T16:04:36.640+0000] {taskinstance.py:2088} DEBUG - <TaskInstance: globalsuperstore.transform.transform_dim_date manual__2025-06-16T16:04:05.497622+00:00 [queued]> dependency 'Task Instance Not Running' PASSED: True, Task is not in running state.
[2025-06-16T16:04:36.657+0000] {taskinstance.py:2088} DEBUG - <TaskInstance: globalsuperstore.transform.transform_dim_date manual__2025-06-16T16:04:05.497622+00:00 [queued]> dependency 'Not In Retry Period' PASSED: True, The task instance was not marked for retrying.
[2025-06-16T16:04:36.658+0000] {taskinstance.py:2088} DEBUG - <TaskInstance: globalsuperstore.transform.transform_dim_date manual__2025-06-16T16:04:05.497622+00:00 [queued]> dependency 'Previous Dagrun State' PASSED: True, The task did not have depends_on_past set.
[2025-06-16T16:04:36.701+0000] {taskinstance.py:2076} INFO - Dependencies all met for dep_context=non-requeueable deps ti=<TaskInstance: globalsuperstore.transform.transform_dim_date manual__2025-06-16T16:04:05.497622+00:00 [queued]>
[2025-06-16T16:04:36.751+0000] {taskinstance.py:2088} DEBUG - <TaskInstance: globalsuperstore.transform.transform_dim_date manual__2025-06-16T16:04:05.497622+00:00 [queued]> dependency 'Pool Slots Available' PASSED: True, There are enough open slots in default_pool to execute the task
[2025-06-16T16:04:36.756+0000] {taskinstance.py:2088} DEBUG - <TaskInstance: globalsuperstore.transform.transform_dim_date manual__2025-06-16T16:04:05.497622+00:00 [queued]> dependency 'Task Concurrency' PASSED: True, Task concurrency is not set.
[2025-06-16T16:04:36.760+0000] {taskinstance.py:2088} DEBUG - <TaskInstance: globalsuperstore.transform.transform_dim_date manual__2025-06-16T16:04:05.497622+00:00 [queued]> dependency 'Not In Retry Period' PASSED: True, The task instance was not marked for retrying.
[2025-06-16T16:04:36.764+0000] {taskinstance.py:2088} DEBUG - <TaskInstance: globalsuperstore.transform.transform_dim_date manual__2025-06-16T16:04:05.497622+00:00 [queued]> dependency 'Previous Dagrun State' PASSED: True, The task did not have depends_on_past set.
[2025-06-16T16:04:36.803+0000] {taskinstance.py:2076} INFO - Dependencies all met for dep_context=requeueable deps ti=<TaskInstance: globalsuperstore.transform.transform_dim_date manual__2025-06-16T16:04:05.497622+00:00 [queued]>
[2025-06-16T16:04:36.809+0000] {taskinstance.py:2306} INFO - Starting attempt 1 of 1
[2025-06-16T16:04:36.984+0000] {taskinstance.py:2330} INFO - Executing <Task(PythonOperator): transform.transform_dim_date> on 2025-06-16 16:04:05.497622+00:00
[2025-06-16T16:04:37.021+0000] {standard_task_runner.py:63} INFO - Started process 1047 to run task
[2025-06-16T16:04:37.035+0000] {standard_task_runner.py:90} INFO - Running: ['***', 'tasks', 'run', 'globalsuperstore', 'transform.transform_dim_date', 'manual__2025-06-16T16:04:05.497622+00:00', '--job-id', '168', '--raw', '--subdir', 'DAGS_FOLDER/global_superstore_dw_etl.py', '--cfg-path', '/tmp/tmp1lmzvio_']
[2025-06-16T16:04:37.062+0000] {standard_task_runner.py:91} INFO - Job 168: Subtask transform.transform_dim_date
[2025-06-16T16:04:37.064+0000] {cli_action_loggers.py:70} DEBUG - Calling callbacks: [<function default_action_log at 0x7fa267925750>]
[2025-06-16T16:04:37.257+0000] {taskinstance.py:1042} DEBUG - previous_execution_date was called
[2025-06-16T16:04:37.280+0000] {task_command.py:426} INFO - Running <TaskInstance: globalsuperstore.transform.transform_dim_date manual__2025-06-16T16:04:05.497622+00:00 [running]> on host 9b7c60adfed6
[2025-06-16T16:04:37.283+0000] {settings.py:363} DEBUG - Disposing DB connection pool (PID 1047)
[2025-06-16T16:04:37.286+0000] {settings.py:250} DEBUG - Setting up DB connection pool (PID 1047)
[2025-06-16T16:04:37.289+0000] {settings.py:298} DEBUG - settings.prepare_engine_args(): Using NullPool
[2025-06-16T16:04:37.435+0000] {taskinstance.py:1042} DEBUG - previous_execution_date was called
[2025-06-16T16:04:37.442+0000] {taskinstance.py:1845} DEBUG - Clearing XCom data
[2025-06-16T16:04:37.491+0000] {retries.py:91} DEBUG - Running RenderedTaskInstanceFields.write with retries. Try 1 of 3
[2025-06-16T16:04:37.593+0000] {retries.py:91} DEBUG - Running RenderedTaskInstanceFields._do_delete_old_records with retries. Try 1 of 3
[2025-06-16T16:04:37.676+0000] {taskinstance.py:2648} INFO - Exporting env vars: AIRFLOW_CTX_DAG_OWNER='***' AIRFLOW_CTX_DAG_ID='globalsuperstore' AIRFLOW_CTX_TASK_ID='transform.transform_dim_date' AIRFLOW_CTX_EXECUTION_DATE='2025-06-16T16:04:05.497622+00:00' AIRFLOW_CTX_TRY_NUMBER='1' AIRFLOW_CTX_DAG_RUN_ID='manual__2025-06-16T16:04:05.497622+00:00'
[2025-06-16T16:04:37.679+0000] {__init__.py:115} DEBUG - Preparing lineage inlets and outlets
[2025-06-16T16:04:37.690+0000] {__init__.py:154} DEBUG - inlets: [], outlets: []
[2025-06-16T16:04:37.693+0000] {taskinstance.py:430} INFO - ::endgroup::
[2025-06-16T16:04:38.776+0000] {base.py:84} INFO - Using connection ID 'postgres' for task execution.
[2025-06-16T16:04:38.806+0000] {base.py:84} INFO - Using connection ID 'postgres' for task execution.
[2025-06-16T16:04:38.844+0000] {base.py:84} INFO - Using connection ID 'postgres' for task execution.
[2025-06-16T16:04:38.866+0000] {logging_mixin.py:188} WARNING - /home/***/.local/lib/python3.10/site-packages/***/providers/common/sql/hooks/sql.py:263 UserWarning: pandas only supports SQLAlchemy connectable (engine/connection) or database string URI or sqlite3 DBAPI2 connection. Other DBAPI2 objects are not tested. Please consider using SQLAlchemy.
[2025-06-16T16:04:39.365+0000] {logging_mixin.py:188} INFO - ✔ Đã transform và lưu dữ liệu vào warehouse.dim_date
[2025-06-16T16:04:39.366+0000] {python.py:237} INFO - Done. Returned value was: None
[2025-06-16T16:04:39.368+0000] {taskinstance.py:441} INFO - ::group::Post task execution logs
[2025-06-16T16:04:39.369+0000] {__init__.py:77} DEBUG - Lineage called with inlets: [], outlets: []
[2025-06-16T16:04:39.382+0000] {taskinstance.py:584} DEBUG - Clearing next_method and next_kwargs.
[2025-06-16T16:04:39.383+0000] {taskinstance.py:1206} INFO - Marking task as SUCCESS. dag_id=globalsuperstore, task_id=transform.transform_dim_date, run_id=manual__2025-06-16T16:04:05.497622+00:00, execution_date=20250616T160405, start_date=20250616T160436, end_date=20250616T160439
[2025-06-16T16:04:39.384+0000] {taskinstance.py:562} DEBUG - Task Duration set to 2.652738
[2025-06-16T16:04:39.406+0000] {cli_action_loggers.py:88} DEBUG - Calling callbacks: []
[2025-06-16T16:04:39.465+0000] {local_task_job_runner.py:240} INFO - Task exited with return code 0
[2025-06-16T16:04:39.488+0000] {taskinstance.py:3461} DEBUG - Skip locked rows, rollback
[2025-06-16T16:04:39.497+0000] {local_task_job_runner.py:222} INFO - ::endgroup::
