[2025-06-16T17:01:43.637+0000] {taskinstance.py:1042} DEBUG - previous_execution_date was called
[2025-06-16T17:01:43.686+0000] {__init__.py:54} DEBUG - Loading core task runner: StandardTaskRunner
[2025-06-16T17:01:43.720+0000] {taskinstance.py:1042} DEBUG - previous_execution_date was called
[2025-06-16T17:01:43.727+0000] {base_task_runner.py:73} DEBUG - Planning to run as the  user
[2025-06-16T17:01:43.793+0000] {local_task_job_runner.py:120} INFO - ::group::Pre task execution logs
[2025-06-16T17:01:44.161+0000] {taskinstance.py:2088} DEBUG - <TaskInstance: globalsuperstore.extract.extract_and_load_to_staging manual__2025-06-16T17:01:40.847678+00:00 [queued]> dependency 'Trigger Rule' PASSED: True, The task instance did not have any upstream tasks.
[2025-06-16T17:01:44.165+0000] {taskinstance.py:2088} DEBUG - <TaskInstance: globalsuperstore.extract.extract_and_load_to_staging manual__2025-06-16T17:01:40.847678+00:00 [queued]> dependency 'Task Instance Not Running' PASSED: True, Task is not in running state.
[2025-06-16T17:01:44.167+0000] {taskinstance.py:2088} DEBUG - <TaskInstance: globalsuperstore.extract.extract_and_load_to_staging manual__2025-06-16T17:01:40.847678+00:00 [queued]> dependency 'Task Instance State' PASSED: True, Task state queued was valid.
[2025-06-16T17:01:44.192+0000] {taskinstance.py:2088} DEBUG - <TaskInstance: globalsuperstore.extract.extract_and_load_to_staging manual__2025-06-16T17:01:40.847678+00:00 [queued]> dependency 'Previous Dagrun State' PASSED: True, The task did not have depends_on_past set.
[2025-06-16T17:01:44.195+0000] {taskinstance.py:2088} DEBUG - <TaskInstance: globalsuperstore.extract.extract_and_load_to_staging manual__2025-06-16T17:01:40.847678+00:00 [queued]> dependency 'Not In Retry Period' PASSED: True, The task instance was not marked for retrying.
[2025-06-16T17:01:44.211+0000] {taskinstance.py:2076} INFO - Dependencies all met for dep_context=non-requeueable deps ti=<TaskInstance: globalsuperstore.extract.extract_and_load_to_staging manual__2025-06-16T17:01:40.847678+00:00 [queued]>
[2025-06-16T17:01:44.258+0000] {taskinstance.py:2088} DEBUG - <TaskInstance: globalsuperstore.extract.extract_and_load_to_staging manual__2025-06-16T17:01:40.847678+00:00 [queued]> dependency 'Pool Slots Available' PASSED: True, There are enough open slots in default_pool to execute the task
[2025-06-16T17:01:44.261+0000] {taskinstance.py:2088} DEBUG - <TaskInstance: globalsuperstore.extract.extract_and_load_to_staging manual__2025-06-16T17:01:40.847678+00:00 [queued]> dependency 'Task Concurrency' PASSED: True, Task concurrency is not set.
[2025-06-16T17:01:44.261+0000] {taskinstance.py:2088} DEBUG - <TaskInstance: globalsuperstore.extract.extract_and_load_to_staging manual__2025-06-16T17:01:40.847678+00:00 [queued]> dependency 'Trigger Rule' PASSED: True, The task instance did not have any upstream tasks.
[2025-06-16T17:01:44.266+0000] {taskinstance.py:2088} DEBUG - <TaskInstance: globalsuperstore.extract.extract_and_load_to_staging manual__2025-06-16T17:01:40.847678+00:00 [queued]> dependency 'Previous Dagrun State' PASSED: True, The task did not have depends_on_past set.
[2025-06-16T17:01:44.267+0000] {taskinstance.py:2088} DEBUG - <TaskInstance: globalsuperstore.extract.extract_and_load_to_staging manual__2025-06-16T17:01:40.847678+00:00 [queued]> dependency 'Not In Retry Period' PASSED: True, The task instance was not marked for retrying.
[2025-06-16T17:01:44.280+0000] {taskinstance.py:2076} INFO - Dependencies all met for dep_context=requeueable deps ti=<TaskInstance: globalsuperstore.extract.extract_and_load_to_staging manual__2025-06-16T17:01:40.847678+00:00 [queued]>
[2025-06-16T17:01:44.281+0000] {taskinstance.py:2306} INFO - Starting attempt 1 of 1
[2025-06-16T17:01:44.368+0000] {taskinstance.py:2330} INFO - Executing <Task(PythonOperator): extract.extract_and_load_to_staging> on 2025-06-16 17:01:40.847678+00:00
[2025-06-16T17:01:44.397+0000] {standard_task_runner.py:63} INFO - Started process 417 to run task
[2025-06-16T17:01:44.410+0000] {standard_task_runner.py:90} INFO - Running: ['***', 'tasks', 'run', 'globalsuperstore', 'extract.extract_and_load_to_staging', 'manual__2025-06-16T17:01:40.847678+00:00', '--job-id', '259', '--raw', '--subdir', 'DAGS_FOLDER/global_superstore_dw_etl.py', '--cfg-path', '/tmp/tmpxw615pbr']
[2025-06-16T17:01:44.413+0000] {standard_task_runner.py:91} INFO - Job 259: Subtask extract.extract_and_load_to_staging
[2025-06-16T17:01:44.417+0000] {cli_action_loggers.py:70} DEBUG - Calling callbacks: [<function default_action_log at 0x7fb4a9929750>]
[2025-06-16T17:01:44.544+0000] {taskinstance.py:1042} DEBUG - previous_execution_date was called
[2025-06-16T17:01:44.555+0000] {task_command.py:426} INFO - Running <TaskInstance: globalsuperstore.extract.extract_and_load_to_staging manual__2025-06-16T17:01:40.847678+00:00 [running]> on host 9b7c60adfed6
[2025-06-16T17:01:44.556+0000] {settings.py:363} DEBUG - Disposing DB connection pool (PID 417)
[2025-06-16T17:01:44.557+0000] {settings.py:250} DEBUG - Setting up DB connection pool (PID 417)
[2025-06-16T17:01:44.558+0000] {settings.py:298} DEBUG - settings.prepare_engine_args(): Using NullPool
[2025-06-16T17:01:44.649+0000] {taskinstance.py:1042} DEBUG - previous_execution_date was called
[2025-06-16T17:01:44.657+0000] {taskinstance.py:1845} DEBUG - Clearing XCom data
[2025-06-16T17:01:44.797+0000] {retries.py:91} DEBUG - Running RenderedTaskInstanceFields.write with retries. Try 1 of 3
[2025-06-16T17:01:44.901+0000] {retries.py:91} DEBUG - Running RenderedTaskInstanceFields._do_delete_old_records with retries. Try 1 of 3
[2025-06-16T17:01:44.947+0000] {taskinstance.py:2648} INFO - Exporting env vars: AIRFLOW_CTX_DAG_OWNER='***' AIRFLOW_CTX_DAG_ID='globalsuperstore' AIRFLOW_CTX_TASK_ID='extract.extract_and_load_to_staging' AIRFLOW_CTX_EXECUTION_DATE='2025-06-16T17:01:40.847678+00:00' AIRFLOW_CTX_TRY_NUMBER='1' AIRFLOW_CTX_DAG_RUN_ID='manual__2025-06-16T17:01:40.847678+00:00'
[2025-06-16T17:01:44.949+0000] {__init__.py:115} DEBUG - Preparing lineage inlets and outlets
[2025-06-16T17:01:44.952+0000] {__init__.py:154} DEBUG - inlets: [], outlets: []
[2025-06-16T17:01:44.955+0000] {taskinstance.py:430} INFO - ::endgroup::
[2025-06-16T17:01:45.225+0000] {base.py:84} INFO - Using connection ID 'postgres' for task execution.
[2025-06-16T17:01:45.229+0000] {logging_mixin.py:188} INFO - ⏳ Đang tải dữ liệu từ bảng Category...
[2025-06-16T17:01:45.265+0000] {base.py:84} INFO - Using connection ID 'mysql' for task execution.
[2025-06-16T17:01:45.866+0000] {logging_mixin.py:188} WARNING - /home/***/.local/lib/python3.10/site-packages/***/providers/common/sql/hooks/sql.py:263 UserWarning: pandas only supports SQLAlchemy connectable (engine/connection) or database string URI or sqlite3 DBAPI2 connection. Other DBAPI2 objects are not tested. Please consider using SQLAlchemy.
[2025-06-16T17:01:46.740+0000] {logging_mixin.py:188} INFO - ✔ Đã lưu dữ liệu vào staging.stg_Category (3 dòng)
[2025-06-16T17:01:46.742+0000] {logging_mixin.py:188} INFO - ✔ Đã load Category → staging.stg_Category
[2025-06-16T17:01:46.743+0000] {logging_mixin.py:188} INFO - ⏳ Đang tải dữ liệu từ bảng Customer...
[2025-06-16T17:01:46.768+0000] {base.py:84} INFO - Using connection ID 'mysql' for task execution.
[2025-06-16T17:01:46.788+0000] {logging_mixin.py:188} WARNING - /home/***/.local/lib/python3.10/site-packages/***/providers/common/sql/hooks/sql.py:263 UserWarning: pandas only supports SQLAlchemy connectable (engine/connection) or database string URI or sqlite3 DBAPI2 connection. Other DBAPI2 objects are not tested. Please consider using SQLAlchemy.
[2025-06-16T17:01:49.436+0000] {retries.py:91} DEBUG - Running Job._fetch_from_db with retries. Try 1 of 3
[2025-06-16T17:01:49.451+0000] {retries.py:91} DEBUG - Running Job._update_heartbeat with retries. Try 1 of 3
[2025-06-16T17:01:49.504+0000] {job.py:214} DEBUG - [heartbeat]
[2025-06-16T17:01:50.467+0000] {logging_mixin.py:188} INFO - ✔ Đã lưu dữ liệu vào staging.stg_Customer (1590 dòng)
[2025-06-16T17:01:50.467+0000] {logging_mixin.py:188} INFO - ✔ Đã load Customer → staging.stg_Customer
[2025-06-16T17:01:50.468+0000] {logging_mixin.py:188} INFO - ⏳ Đang tải dữ liệu từ bảng Order_Details...
[2025-06-16T17:01:50.475+0000] {base.py:84} INFO - Using connection ID 'mysql' for task execution.
[2025-06-16T17:01:50.484+0000] {logging_mixin.py:188} WARNING - /home/***/.local/lib/python3.10/site-packages/***/providers/common/sql/hooks/sql.py:263 UserWarning: pandas only supports SQLAlchemy connectable (engine/connection) or database string URI or sqlite3 DBAPI2 connection. Other DBAPI2 objects are not tested. Please consider using SQLAlchemy.
[2025-06-16T17:01:54.540+0000] {retries.py:91} DEBUG - Running Job._fetch_from_db with retries. Try 1 of 3
[2025-06-16T17:01:54.549+0000] {retries.py:91} DEBUG - Running Job._update_heartbeat with retries. Try 1 of 3
[2025-06-16T17:01:54.562+0000] {job.py:214} DEBUG - [heartbeat]
[2025-06-16T17:01:59.568+0000] {retries.py:91} DEBUG - Running Job._fetch_from_db with retries. Try 1 of 3
[2025-06-16T17:01:59.578+0000] {retries.py:91} DEBUG - Running Job._update_heartbeat with retries. Try 1 of 3
[2025-06-16T17:01:59.597+0000] {job.py:214} DEBUG - [heartbeat]
[2025-06-16T17:02:00.975+0000] {logging_mixin.py:188} INFO - ✔ Đã lưu dữ liệu vào staging.stg_Order_Details (51252 dòng)
[2025-06-16T17:02:00.976+0000] {logging_mixin.py:188} INFO - ✔ Đã load Order_Details → staging.stg_Order_Details
[2025-06-16T17:02:00.976+0000] {logging_mixin.py:188} INFO - ⏳ Đang tải dữ liệu từ bảng Orders...
[2025-06-16T17:02:00.985+0000] {base.py:84} INFO - Using connection ID 'mysql' for task execution.
[2025-06-16T17:02:01.010+0000] {logging_mixin.py:188} WARNING - /home/***/.local/lib/python3.10/site-packages/***/providers/common/sql/hooks/sql.py:263 UserWarning: pandas only supports SQLAlchemy connectable (engine/connection) or database string URI or sqlite3 DBAPI2 connection. Other DBAPI2 objects are not tested. Please consider using SQLAlchemy.
[2025-06-16T17:02:04.634+0000] {retries.py:91} DEBUG - Running Job._fetch_from_db with retries. Try 1 of 3
[2025-06-16T17:02:04.641+0000] {retries.py:91} DEBUG - Running Job._update_heartbeat with retries. Try 1 of 3
[2025-06-16T17:02:04.652+0000] {job.py:214} DEBUG - [heartbeat]
[2025-06-16T17:02:05.059+0000] {logging_mixin.py:188} INFO - ✔ Đã lưu dữ liệu vào staging.stg_Orders (25035 dòng)
[2025-06-16T17:02:05.060+0000] {logging_mixin.py:188} INFO - ✔ Đã load Orders → staging.stg_Orders
[2025-06-16T17:02:05.060+0000] {logging_mixin.py:188} INFO - ⏳ Đang tải dữ liệu từ bảng Product...
[2025-06-16T17:02:05.067+0000] {base.py:84} INFO - Using connection ID 'mysql' for task execution.
[2025-06-16T17:02:05.074+0000] {logging_mixin.py:188} WARNING - /home/***/.local/lib/python3.10/site-packages/***/providers/common/sql/hooks/sql.py:263 UserWarning: pandas only supports SQLAlchemy connectable (engine/connection) or database string URI or sqlite3 DBAPI2 connection. Other DBAPI2 objects are not tested. Please consider using SQLAlchemy.
[2025-06-16T17:02:05.883+0000] {logging_mixin.py:188} INFO - ✔ Đã lưu dữ liệu vào staging.stg_Product (10292 dòng)
[2025-06-16T17:02:05.884+0000] {logging_mixin.py:188} INFO - ✔ Đã load Product → staging.stg_Product
[2025-06-16T17:02:05.884+0000] {logging_mixin.py:188} INFO - ⏳ Đang tải dữ liệu từ bảng Sub_Category...
[2025-06-16T17:02:05.890+0000] {base.py:84} INFO - Using connection ID 'mysql' for task execution.
[2025-06-16T17:02:05.895+0000] {logging_mixin.py:188} WARNING - /home/***/.local/lib/python3.10/site-packages/***/providers/common/sql/hooks/sql.py:263 UserWarning: pandas only supports SQLAlchemy connectable (engine/connection) or database string URI or sqlite3 DBAPI2 connection. Other DBAPI2 objects are not tested. Please consider using SQLAlchemy.
[2025-06-16T17:02:05.931+0000] {logging_mixin.py:188} INFO - ✔ Đã lưu dữ liệu vào staging.stg_Sub_Category (17 dòng)
[2025-06-16T17:02:05.932+0000] {logging_mixin.py:188} INFO - ✔ Đã load Sub_Category → staging.stg_Sub_Category
[2025-06-16T17:02:05.933+0000] {python.py:237} INFO - Done. Returned value was: None
[2025-06-16T17:02:05.933+0000] {taskinstance.py:441} INFO - ::group::Post task execution logs
[2025-06-16T17:02:05.934+0000] {__init__.py:77} DEBUG - Lineage called with inlets: [], outlets: []
[2025-06-16T17:02:05.941+0000] {taskinstance.py:584} DEBUG - Clearing next_method and next_kwargs.
[2025-06-16T17:02:05.942+0000] {taskinstance.py:1206} INFO - Marking task as SUCCESS. dag_id=globalsuperstore, task_id=extract.extract_and_load_to_staging, run_id=manual__2025-06-16T17:01:40.847678+00:00, execution_date=20250616T170140, start_date=20250616T170144, end_date=20250616T170205
[2025-06-16T17:02:05.942+0000] {taskinstance.py:562} DEBUG - Task Duration set to 21.721206
[2025-06-16T17:02:05.954+0000] {cli_action_loggers.py:88} DEBUG - Calling callbacks: []
[2025-06-16T17:02:05.989+0000] {local_task_job_runner.py:240} INFO - Task exited with return code 0
[2025-06-16T17:02:05.999+0000] {taskinstance.py:3461} DEBUG - Skip locked rows, rollback
[2025-06-16T17:02:06.000+0000] {local_task_job_runner.py:222} INFO - ::endgroup::
