[2025-06-16T09:11:54.348+0000] {taskinstance.py:1042} DEBUG - previous_execution_date was called
[2025-06-16T09:11:54.388+0000] {__init__.py:54} DEBUG - Loading core task runner: StandardTaskRunner
[2025-06-16T09:11:54.410+0000] {taskinstance.py:1042} DEBUG - previous_execution_date was called
[2025-06-16T09:11:54.423+0000] {base_task_runner.py:73} DEBUG - Planning to run as the  user
[2025-06-16T09:11:54.434+0000] {local_task_job_runner.py:120} INFO - ::group::Pre task execution logs
[2025-06-16T09:11:54.469+0000] {taskinstance.py:2088} DEBUG - <TaskInstance: globalsuperstore.transform.transform_dim_shipmode manual__2025-06-16T09:11:19.722897+00:00 [queued]> dependency 'Task Instance State' PASSED: True, Task state queued was valid.
[2025-06-16T09:11:54.470+0000] {taskinstance.py:2088} DEBUG - <TaskInstance: globalsuperstore.transform.transform_dim_shipmode manual__2025-06-16T09:11:19.722897+00:00 [queued]> dependency 'Task Instance Not Running' PASSED: True, Task is not in running state.
[2025-06-16T09:11:54.479+0000] {taskinstance.py:2088} DEBUG - <TaskInstance: globalsuperstore.transform.transform_dim_shipmode manual__2025-06-16T09:11:19.722897+00:00 [queued]> dependency 'Previous Dagrun State' PASSED: True, The task did not have depends_on_past set.
[2025-06-16T09:11:54.479+0000] {taskinstance.py:2088} DEBUG - <TaskInstance: globalsuperstore.transform.transform_dim_shipmode manual__2025-06-16T09:11:19.722897+00:00 [queued]> dependency 'Not In Retry Period' PASSED: True, The task instance was not marked for retrying.
[2025-06-16T09:11:54.480+0000] {taskinstance.py:2076} INFO - Dependencies all met for dep_context=non-requeueable deps ti=<TaskInstance: globalsuperstore.transform.transform_dim_shipmode manual__2025-06-16T09:11:19.722897+00:00 [queued]>
[2025-06-16T09:11:54.485+0000] {taskinstance.py:2088} DEBUG - <TaskInstance: globalsuperstore.transform.transform_dim_shipmode manual__2025-06-16T09:11:19.722897+00:00 [queued]> dependency 'Pool Slots Available' PASSED: True, There are enough open slots in default_pool to execute the task
[2025-06-16T09:11:54.486+0000] {taskinstance.py:2088} DEBUG - <TaskInstance: globalsuperstore.transform.transform_dim_shipmode manual__2025-06-16T09:11:19.722897+00:00 [queued]> dependency 'Task Concurrency' PASSED: True, Task concurrency is not set.
[2025-06-16T09:11:54.493+0000] {taskinstance.py:2088} DEBUG - <TaskInstance: globalsuperstore.transform.transform_dim_shipmode manual__2025-06-16T09:11:19.722897+00:00 [queued]> dependency 'Previous Dagrun State' PASSED: True, The task did not have depends_on_past set.
[2025-06-16T09:11:54.494+0000] {taskinstance.py:2088} DEBUG - <TaskInstance: globalsuperstore.transform.transform_dim_shipmode manual__2025-06-16T09:11:19.722897+00:00 [queued]> dependency 'Not In Retry Period' PASSED: True, The task instance was not marked for retrying.
[2025-06-16T09:11:54.495+0000] {taskinstance.py:2076} INFO - Dependencies all met for dep_context=requeueable deps ti=<TaskInstance: globalsuperstore.transform.transform_dim_shipmode manual__2025-06-16T09:11:19.722897+00:00 [queued]>
[2025-06-16T09:11:54.495+0000] {taskinstance.py:2306} INFO - Starting attempt 1 of 1
[2025-06-16T09:11:54.516+0000] {taskinstance.py:2330} INFO - Executing <Task(PythonOperator): transform.transform_dim_shipmode> on 2025-06-16 09:11:19.722897+00:00
[2025-06-16T09:11:54.533+0000] {standard_task_runner.py:63} INFO - Started process 425 to run task
[2025-06-16T09:11:54.540+0000] {standard_task_runner.py:90} INFO - Running: ['***', 'tasks', 'run', 'globalsuperstore', 'transform.transform_dim_shipmode', 'manual__2025-06-16T09:11:19.722897+00:00', '--job-id', '184', '--raw', '--subdir', 'DAGS_FOLDER/global_superstore_dw_etl.py', '--cfg-path', '/tmp/tmpgnqe463e']
[2025-06-16T09:11:54.542+0000] {standard_task_runner.py:91} INFO - Job 184: Subtask transform.transform_dim_shipmode
[2025-06-16T09:11:54.543+0000] {cli_action_loggers.py:70} DEBUG - Calling callbacks: [<function default_action_log at 0x7f7d17e99750>]
[2025-06-16T09:11:54.614+0000] {taskinstance.py:1042} DEBUG - previous_execution_date was called
[2025-06-16T09:11:54.626+0000] {task_command.py:426} INFO - Running <TaskInstance: globalsuperstore.transform.transform_dim_shipmode manual__2025-06-16T09:11:19.722897+00:00 [running]> on host a40e01b9e58f
[2025-06-16T09:11:54.627+0000] {settings.py:363} DEBUG - Disposing DB connection pool (PID 425)
[2025-06-16T09:11:54.628+0000] {settings.py:250} DEBUG - Setting up DB connection pool (PID 425)
[2025-06-16T09:11:54.629+0000] {settings.py:298} DEBUG - settings.prepare_engine_args(): Using NullPool
[2025-06-16T09:11:54.678+0000] {taskinstance.py:1042} DEBUG - previous_execution_date was called
[2025-06-16T09:11:54.686+0000] {taskinstance.py:1845} DEBUG - Clearing XCom data
[2025-06-16T09:11:54.702+0000] {retries.py:91} DEBUG - Running RenderedTaskInstanceFields.write with retries. Try 1 of 3
[2025-06-16T09:11:54.730+0000] {retries.py:91} DEBUG - Running RenderedTaskInstanceFields._do_delete_old_records with retries. Try 1 of 3
[2025-06-16T09:11:54.742+0000] {taskinstance.py:2648} INFO - Exporting env vars: AIRFLOW_CTX_DAG_OWNER='***' AIRFLOW_CTX_DAG_ID='globalsuperstore' AIRFLOW_CTX_TASK_ID='transform.transform_dim_shipmode' AIRFLOW_CTX_EXECUTION_DATE='2025-06-16T09:11:19.722897+00:00' AIRFLOW_CTX_TRY_NUMBER='1' AIRFLOW_CTX_DAG_RUN_ID='manual__2025-06-16T09:11:19.722897+00:00'
[2025-06-16T09:11:54.743+0000] {__init__.py:115} DEBUG - Preparing lineage inlets and outlets
[2025-06-16T09:11:54.744+0000] {__init__.py:154} DEBUG - inlets: [], outlets: []
[2025-06-16T09:11:54.745+0000] {taskinstance.py:430} INFO - ::endgroup::
[2025-06-16T09:11:54.772+0000] {base.py:84} INFO - Using connection ID 'postgres' for task execution.
[2025-06-16T09:11:54.781+0000] {base.py:84} INFO - Using connection ID 'postgres' for task execution.
[2025-06-16T09:11:54.789+0000] {base.py:84} INFO - Using connection ID 'postgres' for task execution.
[2025-06-16T09:11:54.812+0000] {logging_mixin.py:188} WARNING - /home/***/.local/lib/python3.10/site-packages/***/providers/common/sql/hooks/sql.py:263 UserWarning: pandas only supports SQLAlchemy connectable (engine/connection) or database string URI or sqlite3 DBAPI2 connection. Other DBAPI2 objects are not tested. Please consider using SQLAlchemy.
[2025-06-16T09:11:55.069+0000] {taskinstance.py:441} INFO - ::group::Post task execution logs
[2025-06-16T09:11:55.071+0000] {taskinstance.py:2905} ERROR - Task failed with exception
Traceback (most recent call last):
  File "/home/airflow/.local/lib/python3.10/site-packages/sqlalchemy/engine/base.py", line 1910, in _execute_context
    self.dialect.do_execute(
  File "/home/airflow/.local/lib/python3.10/site-packages/sqlalchemy/engine/default.py", line 736, in do_execute
    cursor.execute(statement, parameters)
psycopg2.errors.DependentObjectsStillExist: cannot drop table warehouse.dim_shipmode because other objects depend on it
DETAIL:  constraint fact_sales_shipmode_id_fkey on table warehouse.fact_sales depends on table warehouse.dim_shipmode
HINT:  Use DROP ... CASCADE to drop the dependent objects too.


The above exception was the direct cause of the following exception:

Traceback (most recent call last):
  File "/home/airflow/.local/lib/python3.10/site-packages/airflow/models/taskinstance.py", line 465, in _execute_task
    result = _execute_callable(context=context, **execute_callable_kwargs)
  File "/home/airflow/.local/lib/python3.10/site-packages/airflow/models/taskinstance.py", line 432, in _execute_callable
    return execute_callable(context=context, **execute_callable_kwargs)
  File "/home/airflow/.local/lib/python3.10/site-packages/airflow/models/baseoperator.py", line 401, in wrapper
    return func(self, *args, **kwargs)
  File "/home/airflow/.local/lib/python3.10/site-packages/airflow/operators/python.py", line 235, in execute
    return_value = self.execute_callable()
  File "/home/airflow/.local/lib/python3.10/site-packages/airflow/operators/python.py", line 252, in execute_callable
    return self.python_callable(*self.op_args, **self.op_kwargs)
  File "/opt/airflow/dags/transform_dim_shipmode.py", line 28, in transform_dim_shipmode
    warehouse_operator.save_data_to_postgres(
  File "/opt/airflow/plugins/postgresql_operator.py", line 22, in save_data_to_postgres
    if if_exists == "replace":
  File "/home/airflow/.local/lib/python3.10/site-packages/pandas/core/generic.py", line 2987, in to_sql
    return sql.to_sql(
  File "/home/airflow/.local/lib/python3.10/site-packages/pandas/io/sql.py", line 695, in to_sql
    return pandas_sql.to_sql(
  File "/home/airflow/.local/lib/python3.10/site-packages/pandas/io/sql.py", line 1728, in to_sql
    table = self.prep_table(
  File "/home/airflow/.local/lib/python3.10/site-packages/pandas/io/sql.py", line 1631, in prep_table
    table.create()
  File "/home/airflow/.local/lib/python3.10/site-packages/pandas/io/sql.py", line 831, in create
    self.pd_sql.drop_table(self.name, self.schema)
  File "/home/airflow/.local/lib/python3.10/site-packages/pandas/io/sql.py", line 1782, in drop_table
    self.get_table(table_name, schema).drop(bind=self.connectable)
  File "/home/airflow/.local/lib/python3.10/site-packages/sqlalchemy/sql/schema.py", line 979, in drop
    bind._run_ddl_visitor(ddl.SchemaDropper, self, checkfirst=checkfirst)
  File "/home/airflow/.local/lib/python3.10/site-packages/sqlalchemy/engine/base.py", line 3238, in _run_ddl_visitor
    conn._run_ddl_visitor(visitorcallable, element, **kwargs)
  File "/home/airflow/.local/lib/python3.10/site-packages/sqlalchemy/engine/base.py", line 2221, in _run_ddl_visitor
    visitorcallable(self.dialect, self, **kwargs).traverse_single(element)
  File "/home/airflow/.local/lib/python3.10/site-packages/sqlalchemy/sql/visitors.py", line 524, in traverse_single
    return meth(obj, **kw)
  File "/home/airflow/.local/lib/python3.10/site-packages/sqlalchemy/sql/ddl.py", line 1106, in visit_table
    self.connection.execute(DropTable(table))
  File "/home/airflow/.local/lib/python3.10/site-packages/sqlalchemy/engine/base.py", line 1385, in execute
    return meth(self, multiparams, params, _EMPTY_EXECUTION_OPTS)
  File "/home/airflow/.local/lib/python3.10/site-packages/sqlalchemy/sql/ddl.py", line 80, in _execute_on_connection
    return connection._execute_ddl(
  File "/home/airflow/.local/lib/python3.10/site-packages/sqlalchemy/engine/base.py", line 1477, in _execute_ddl
    ret = self._execute_context(
  File "/home/airflow/.local/lib/python3.10/site-packages/sqlalchemy/engine/base.py", line 1953, in _execute_context
    self._handle_dbapi_exception(
  File "/home/airflow/.local/lib/python3.10/site-packages/sqlalchemy/engine/base.py", line 2134, in _handle_dbapi_exception
    util.raise_(
  File "/home/airflow/.local/lib/python3.10/site-packages/sqlalchemy/util/compat.py", line 211, in raise_
    raise exception
  File "/home/airflow/.local/lib/python3.10/site-packages/sqlalchemy/engine/base.py", line 1910, in _execute_context
    self.dialect.do_execute(
  File "/home/airflow/.local/lib/python3.10/site-packages/sqlalchemy/engine/default.py", line 736, in do_execute
    cursor.execute(statement, parameters)
sqlalchemy.exc.InternalError: (psycopg2.errors.DependentObjectsStillExist) cannot drop table warehouse.dim_shipmode because other objects depend on it
DETAIL:  constraint fact_sales_shipmode_id_fkey on table warehouse.fact_sales depends on table warehouse.dim_shipmode
HINT:  Use DROP ... CASCADE to drop the dependent objects too.

[SQL: 
DROP TABLE warehouse.dim_shipmode]
(Background on this error at: https://sqlalche.me/e/14/2j85)
[2025-06-16T09:11:55.107+0000] {taskinstance.py:562} DEBUG - Task Duration set to 0.626108
[2025-06-16T09:11:55.111+0000] {taskinstance.py:584} DEBUG - Clearing next_method and next_kwargs.
[2025-06-16T09:11:55.112+0000] {taskinstance.py:1206} INFO - Marking task as FAILED. dag_id=globalsuperstore, task_id=transform.transform_dim_shipmode, run_id=manual__2025-06-16T09:11:19.722897+00:00, execution_date=20250616T091119, start_date=20250616T091154, end_date=20250616T091155
[2025-06-16T09:11:55.140+0000] {cli_action_loggers.py:88} DEBUG - Calling callbacks: []
[2025-06-16T09:11:55.142+0000] {standard_task_runner.py:110} ERROR - Failed to execute job 184 for task transform.transform_dim_shipmode ((psycopg2.errors.DependentObjectsStillExist) cannot drop table warehouse.dim_shipmode because other objects depend on it
DETAIL:  constraint fact_sales_shipmode_id_fkey on table warehouse.fact_sales depends on table warehouse.dim_shipmode
HINT:  Use DROP ... CASCADE to drop the dependent objects too.

[SQL: 
DROP TABLE warehouse.dim_shipmode]
(Background on this error at: https://sqlalche.me/e/14/2j85); 425)
[2025-06-16T09:11:55.201+0000] {local_task_job_runner.py:240} INFO - Task exited with return code 1
[2025-06-16T09:11:55.236+0000] {dagrun.py:931} DEBUG - number of tis tasks for <DagRun globalsuperstore @ 2025-06-16 09:11:19.722897+00:00: manual__2025-06-16T09:11:19.722897+00:00, state:running, queued_at: 2025-06-16 09:11:19.802474+00:00. externally triggered: True>: 6 task(s)
[2025-06-16T09:11:55.238+0000] {dagrun.py:952} DEBUG - number of scheduleable tasks for <DagRun globalsuperstore @ 2025-06-16 09:11:19.722897+00:00: manual__2025-06-16T09:11:19.722897+00:00, state:running, queued_at: 2025-06-16 09:11:19.802474+00:00. externally triggered: True>: 0 task(s)
[2025-06-16T09:11:55.239+0000] {taskinstance.py:3503} INFO - 0 downstream tasks scheduled from follow-on schedule check
[2025-06-16T09:11:55.246+0000] {local_task_job_runner.py:222} INFO - ::endgroup::
