[2025-06-16T15:46:12.505+0000] {taskinstance.py:1042} DEBUG - previous_execution_date was called
[2025-06-16T15:46:12.561+0000] {__init__.py:54} DEBUG - Loading core task runner: StandardTaskRunner
[2025-06-16T15:46:12.587+0000] {taskinstance.py:1042} DEBUG - previous_execution_date was called
[2025-06-16T15:46:12.608+0000] {base_task_runner.py:73} DEBUG - Planning to run as the  user
[2025-06-16T15:46:12.632+0000] {local_task_job_runner.py:120} INFO - ::group::Pre task execution logs
[2025-06-16T15:46:12.772+0000] {taskinstance.py:2088} DEBUG - <TaskInstance: globalsuperstore.transform.transform_dim_products manual__2025-06-16T15:45:36.887008+00:00 [queued]> dependency 'Task Instance State' PASSED: True, Task state queued was valid.
[2025-06-16T15:46:12.775+0000] {taskinstance.py:2088} DEBUG - <TaskInstance: globalsuperstore.transform.transform_dim_products manual__2025-06-16T15:45:36.887008+00:00 [queued]> dependency 'Task Instance Not Running' PASSED: True, Task is not in running state.
[2025-06-16T15:46:12.776+0000] {taskinstance.py:2088} DEBUG - <TaskInstance: globalsuperstore.transform.transform_dim_products manual__2025-06-16T15:45:36.887008+00:00 [queued]> dependency 'Not In Retry Period' PASSED: True, The task instance was not marked for retrying.
[2025-06-16T15:46:12.777+0000] {taskinstance.py:2088} DEBUG - <TaskInstance: globalsuperstore.transform.transform_dim_products manual__2025-06-16T15:45:36.887008+00:00 [queued]> dependency 'Previous Dagrun State' PASSED: True, The task did not have depends_on_past set.
[2025-06-16T15:46:12.789+0000] {taskinstance.py:2076} INFO - Dependencies all met for dep_context=non-requeueable deps ti=<TaskInstance: globalsuperstore.transform.transform_dim_products manual__2025-06-16T15:45:36.887008+00:00 [queued]>
[2025-06-16T15:46:12.806+0000] {taskinstance.py:2088} DEBUG - <TaskInstance: globalsuperstore.transform.transform_dim_products manual__2025-06-16T15:45:36.887008+00:00 [queued]> dependency 'Pool Slots Available' PASSED: True, There are enough open slots in default_pool to execute the task
[2025-06-16T15:46:12.808+0000] {taskinstance.py:2088} DEBUG - <TaskInstance: globalsuperstore.transform.transform_dim_products manual__2025-06-16T15:45:36.887008+00:00 [queued]> dependency 'Task Concurrency' PASSED: True, Task concurrency is not set.
[2025-06-16T15:46:12.817+0000] {taskinstance.py:2088} DEBUG - <TaskInstance: globalsuperstore.transform.transform_dim_products manual__2025-06-16T15:45:36.887008+00:00 [queued]> dependency 'Not In Retry Period' PASSED: True, The task instance was not marked for retrying.
[2025-06-16T15:46:12.820+0000] {taskinstance.py:2088} DEBUG - <TaskInstance: globalsuperstore.transform.transform_dim_products manual__2025-06-16T15:45:36.887008+00:00 [queued]> dependency 'Previous Dagrun State' PASSED: True, The task did not have depends_on_past set.
[2025-06-16T15:46:12.848+0000] {taskinstance.py:2076} INFO - Dependencies all met for dep_context=requeueable deps ti=<TaskInstance: globalsuperstore.transform.transform_dim_products manual__2025-06-16T15:45:36.887008+00:00 [queued]>
[2025-06-16T15:46:12.854+0000] {taskinstance.py:2306} INFO - Starting attempt 1 of 1
[2025-06-16T15:46:12.949+0000] {taskinstance.py:2330} INFO - Executing <Task(PythonOperator): transform.transform_dim_products> on 2025-06-16 15:45:36.887008+00:00
[2025-06-16T15:46:12.994+0000] {standard_task_runner.py:63} INFO - Started process 349 to run task
[2025-06-16T15:46:13.004+0000] {standard_task_runner.py:90} INFO - Running: ['***', 'tasks', 'run', 'globalsuperstore', 'transform.transform_dim_products', 'manual__2025-06-16T15:45:36.887008+00:00', '--job-id', '100', '--raw', '--subdir', 'DAGS_FOLDER/global_superstore_dw_etl.py', '--cfg-path', '/tmp/tmp79w7m0a1']
[2025-06-16T15:46:12.966+0000] {standard_task_runner.py:91} INFO - Job 100: Subtask transform.transform_dim_products
[2025-06-16T15:46:12.976+0000] {cli_action_loggers.py:70} DEBUG - Calling callbacks: [<function default_action_log at 0x7fa267925750>]
[2025-06-16T15:46:13.118+0000] {taskinstance.py:1042} DEBUG - previous_execution_date was called
[2025-06-16T15:46:13.141+0000] {task_command.py:426} INFO - Running <TaskInstance: globalsuperstore.transform.transform_dim_products manual__2025-06-16T15:45:36.887008+00:00 [running]> on host 9b7c60adfed6
[2025-06-16T15:46:13.142+0000] {settings.py:363} DEBUG - Disposing DB connection pool (PID 349)
[2025-06-16T15:46:13.144+0000] {settings.py:250} DEBUG - Setting up DB connection pool (PID 349)
[2025-06-16T15:46:13.147+0000] {settings.py:298} DEBUG - settings.prepare_engine_args(): Using NullPool
[2025-06-16T15:46:13.237+0000] {taskinstance.py:1042} DEBUG - previous_execution_date was called
[2025-06-16T15:46:13.249+0000] {taskinstance.py:1845} DEBUG - Clearing XCom data
[2025-06-16T15:46:13.293+0000] {retries.py:91} DEBUG - Running RenderedTaskInstanceFields.write with retries. Try 1 of 3
[2025-06-16T15:46:13.381+0000] {retries.py:91} DEBUG - Running RenderedTaskInstanceFields._do_delete_old_records with retries. Try 1 of 3
[2025-06-16T15:46:13.429+0000] {taskinstance.py:2648} INFO - Exporting env vars: AIRFLOW_CTX_DAG_OWNER='***' AIRFLOW_CTX_DAG_ID='globalsuperstore' AIRFLOW_CTX_TASK_ID='transform.transform_dim_products' AIRFLOW_CTX_EXECUTION_DATE='2025-06-16T15:45:36.887008+00:00' AIRFLOW_CTX_TRY_NUMBER='1' AIRFLOW_CTX_DAG_RUN_ID='manual__2025-06-16T15:45:36.887008+00:00'
[2025-06-16T15:46:13.431+0000] {__init__.py:115} DEBUG - Preparing lineage inlets and outlets
[2025-06-16T15:46:13.432+0000] {__init__.py:154} DEBUG - inlets: [], outlets: []
[2025-06-16T15:46:13.433+0000] {taskinstance.py:430} INFO - ::endgroup::
[2025-06-16T15:46:16.055+0000] {base.py:84} INFO - Using connection ID 'postgres' for task execution.
[2025-06-16T15:46:16.084+0000] {base.py:84} INFO - Using connection ID 'postgres' for task execution.
[2025-06-16T15:46:16.135+0000] {base.py:84} INFO - Using connection ID 'postgres' for task execution.
[2025-06-16T15:46:16.219+0000] {logging_mixin.py:188} WARNING - /home/***/.local/lib/python3.10/site-packages/***/providers/common/sql/hooks/sql.py:263 UserWarning: pandas only supports SQLAlchemy connectable (engine/connection) or database string URI or sqlite3 DBAPI2 connection. Other DBAPI2 objects are not tested. Please consider using SQLAlchemy.
[2025-06-16T15:46:16.651+0000] {base.py:84} INFO - Using connection ID 'postgres' for task execution.
[2025-06-16T15:46:16.702+0000] {logging_mixin.py:188} WARNING - /home/***/.local/lib/python3.10/site-packages/***/providers/common/sql/hooks/sql.py:263 UserWarning: pandas only supports SQLAlchemy connectable (engine/connection) or database string URI or sqlite3 DBAPI2 connection. Other DBAPI2 objects are not tested. Please consider using SQLAlchemy.
[2025-06-16T15:46:16.771+0000] {base.py:84} INFO - Using connection ID 'postgres' for task execution.
[2025-06-16T15:46:16.785+0000] {logging_mixin.py:188} WARNING - /home/***/.local/lib/python3.10/site-packages/***/providers/common/sql/hooks/sql.py:263 UserWarning: pandas only supports SQLAlchemy connectable (engine/connection) or database string URI or sqlite3 DBAPI2 connection. Other DBAPI2 objects are not tested. Please consider using SQLAlchemy.
[2025-06-16T15:46:18.009+0000] {retries.py:91} DEBUG - Running Job._fetch_from_db with retries. Try 1 of 3
[2025-06-16T15:46:18.126+0000] {retries.py:91} DEBUG - Running Job._update_heartbeat with retries. Try 1 of 3
[2025-06-16T15:46:18.215+0000] {job.py:214} DEBUG - [heartbeat]
[2025-06-16T15:46:19.067+0000] {logging_mixin.py:188} INFO - ✔ Đã transform và lưu dữ liệu vào warehouse.dim_product
[2025-06-16T15:46:19.071+0000] {python.py:237} INFO - Done. Returned value was: None
[2025-06-16T15:46:19.073+0000] {taskinstance.py:441} INFO - ::group::Post task execution logs
[2025-06-16T15:46:19.074+0000] {__init__.py:77} DEBUG - Lineage called with inlets: [], outlets: []
[2025-06-16T15:46:19.094+0000] {taskinstance.py:584} DEBUG - Clearing next_method and next_kwargs.
[2025-06-16T15:46:19.095+0000] {taskinstance.py:1206} INFO - Marking task as SUCCESS. dag_id=globalsuperstore, task_id=transform.transform_dim_products, run_id=manual__2025-06-16T15:45:36.887008+00:00, execution_date=20250616T154536, start_date=20250616T154612, end_date=20250616T154619
[2025-06-16T15:46:19.095+0000] {taskinstance.py:562} DEBUG - Task Duration set to 6.304473
[2025-06-16T15:46:19.115+0000] {cli_action_loggers.py:88} DEBUG - Calling callbacks: []
[2025-06-16T15:46:19.179+0000] {local_task_job_runner.py:240} INFO - Task exited with return code 0
[2025-06-16T15:46:19.214+0000] {dagrun.py:931} DEBUG - number of tis tasks for <DagRun globalsuperstore @ 2025-06-16 15:45:36.887008+00:00: manual__2025-06-16T15:45:36.887008+00:00, state:running, queued_at: 2025-06-16 15:45:36.954246+00:00. externally triggered: True>: 6 task(s)
[2025-06-16T15:46:19.215+0000] {taskinstance.py:3503} INFO - 0 downstream tasks scheduled from follow-on schedule check
[2025-06-16T15:46:19.219+0000] {local_task_job_runner.py:222} INFO - ::endgroup::
