[2025-06-15T15:30:12.286+0000] {local_task_job_runner.py:120} INFO - ::group::Pre task execution logs
[2025-06-15T15:30:12.380+0000] {taskinstance.py:2076} INFO - Dependencies all met for dep_context=non-requeueable deps ti=<TaskInstance: globalsuperstore.transform.transform_dim_shipmode manual__2025-06-15T15:28:46.363907+00:00 [queued]>
[2025-06-15T15:30:12.399+0000] {taskinstance.py:2076} INFO - Dependencies all met for dep_context=requeueable deps ti=<TaskInstance: globalsuperstore.transform.transform_dim_shipmode manual__2025-06-15T15:28:46.363907+00:00 [queued]>
[2025-06-15T15:30:12.401+0000] {taskinstance.py:2306} INFO - Starting attempt 1 of 1
[2025-06-15T15:30:12.429+0000] {taskinstance.py:2330} INFO - Executing <Task(PythonOperator): transform.transform_dim_shipmode> on 2025-06-15 15:28:46.363907+00:00
[2025-06-15T15:30:12.448+0000] {standard_task_runner.py:63} INFO - Started process 213 to run task
[2025-06-15T15:30:12.456+0000] {standard_task_runner.py:90} INFO - Running: ['***', 'tasks', 'run', 'globalsuperstore', 'transform.transform_dim_shipmode', 'manual__2025-06-15T15:28:46.363907+00:00', '--job-id', '65', '--raw', '--subdir', 'DAGS_FOLDER/global_superstore_dw_etl.py', '--cfg-path', '/tmp/tmpnpbn6062']
[2025-06-15T15:30:12.459+0000] {standard_task_runner.py:91} INFO - Job 65: Subtask transform.transform_dim_shipmode
[2025-06-15T15:30:12.569+0000] {task_command.py:426} INFO - Running <TaskInstance: globalsuperstore.transform.transform_dim_shipmode manual__2025-06-15T15:28:46.363907+00:00 [running]> on host d026f70df2f6
[2025-06-15T15:30:12.732+0000] {taskinstance.py:2648} INFO - Exporting env vars: AIRFLOW_CTX_DAG_OWNER='***' AIRFLOW_CTX_DAG_ID='globalsuperstore' AIRFLOW_CTX_TASK_ID='transform.transform_dim_shipmode' AIRFLOW_CTX_EXECUTION_DATE='2025-06-15T15:28:46.363907+00:00' AIRFLOW_CTX_TRY_NUMBER='1' AIRFLOW_CTX_DAG_RUN_ID='manual__2025-06-15T15:28:46.363907+00:00'
[2025-06-15T15:30:12.733+0000] {taskinstance.py:430} INFO - ::endgroup::
[2025-06-15T15:30:12.768+0000] {base.py:84} INFO - Using connection ID 'postgres' for task execution.
[2025-06-15T15:30:12.780+0000] {base.py:84} INFO - Using connection ID 'postgres' for task execution.
[2025-06-15T15:30:12.795+0000] {base.py:84} INFO - Using connection ID 'postgres' for task execution.
[2025-06-15T15:30:12.813+0000] {logging_mixin.py:188} WARNING - /home/***/.local/lib/python3.10/site-packages/***/providers/common/sql/hooks/sql.py:263 UserWarning: pandas only supports SQLAlchemy connectable (engine/connection) or database string URI or sqlite3 DBAPI2 connection. Other DBAPI2 objects are not tested. Please consider using SQLAlchemy.
[2025-06-15T15:30:13.313+0000] {logging_mixin.py:188} INFO - Đã transform và lưu dữ liệu vào warehouse.dim_shipmode
[2025-06-15T15:30:13.340+0000] {python.py:237} INFO - Done. Returned value was: None
[2025-06-15T15:30:13.343+0000] {taskinstance.py:441} INFO - ::group::Post task execution logs
[2025-06-15T15:30:13.396+0000] {taskinstance.py:1206} INFO - Marking task as SUCCESS. dag_id=globalsuperstore, task_id=transform.transform_dim_shipmode, run_id=manual__2025-06-15T15:28:46.363907+00:00, execution_date=20250615T152846, start_date=20250615T153012, end_date=20250615T153013
[2025-06-15T15:30:13.472+0000] {local_task_job_runner.py:240} INFO - Task exited with return code 0
[2025-06-15T15:30:13.542+0000] {taskinstance.py:3503} INFO - 0 downstream tasks scheduled from follow-on schedule check
[2025-06-15T15:30:13.548+0000] {local_task_job_runner.py:222} INFO - ::endgroup::
