[2025-06-14T15:34:18.870+0000] {local_task_job_runner.py:120} INFO - ::group::Pre task execution logs
[2025-06-14T15:34:18.933+0000] {taskinstance.py:2076} INFO - Dependencies all met for dep_context=non-requeueable deps ti=<TaskInstance: globalsuperstore.extract.extract_and_load_to_staging manual__2025-06-14T15:33:51.573126+00:00 [queued]>
[2025-06-14T15:34:18.949+0000] {taskinstance.py:2076} INFO - Dependencies all met for dep_context=requeueable deps ti=<TaskInstance: globalsuperstore.extract.extract_and_load_to_staging manual__2025-06-14T15:33:51.573126+00:00 [queued]>
[2025-06-14T15:34:18.952+0000] {taskinstance.py:2306} INFO - Starting attempt 1 of 1
[2025-06-14T15:34:18.981+0000] {taskinstance.py:2330} INFO - Executing <Task(PythonOperator): extract.extract_and_load_to_staging> on 2025-06-14 15:33:51.573126+00:00
[2025-06-14T15:34:18.995+0000] {standard_task_runner.py:63} INFO - Started process 2150 to run task
[2025-06-14T15:34:19.001+0000] {standard_task_runner.py:90} INFO - Running: ['***', 'tasks', 'run', 'globalsuperstore', 'extract.extract_and_load_to_staging', 'manual__2025-06-14T15:33:51.573126+00:00', '--job-id', '52', '--raw', '--subdir', 'DAGS_FOLDER/global_superstore_dw_etl.py', '--cfg-path', '/tmp/tmp03qftb6b']
[2025-06-14T15:34:19.005+0000] {standard_task_runner.py:91} INFO - Job 52: Subtask extract.extract_and_load_to_staging
[2025-06-14T15:34:19.062+0000] {task_command.py:426} INFO - Running <TaskInstance: globalsuperstore.extract.extract_and_load_to_staging manual__2025-06-14T15:33:51.573126+00:00 [running]> on host f3cca4675eb8
[2025-06-14T15:34:19.165+0000] {taskinstance.py:2648} INFO - Exporting env vars: AIRFLOW_CTX_DAG_OWNER='***' AIRFLOW_CTX_DAG_ID='globalsuperstore' AIRFLOW_CTX_TASK_ID='extract.extract_and_load_to_staging' AIRFLOW_CTX_EXECUTION_DATE='2025-06-14T15:33:51.573126+00:00' AIRFLOW_CTX_TRY_NUMBER='1' AIRFLOW_CTX_DAG_RUN_ID='manual__2025-06-14T15:33:51.573126+00:00'
[2025-06-14T15:34:19.166+0000] {taskinstance.py:430} INFO - ::endgroup::
[2025-06-14T15:34:19.198+0000] {base.py:84} INFO - Using connection ID 'postgres' for task execution.
[2025-06-14T15:34:19.205+0000] {base.py:84} INFO - Using connection ID 'mysql' for task execution.
[2025-06-14T15:34:19.281+0000] {logging_mixin.py:188} WARNING - /home/***/.local/lib/python3.10/site-packages/***/providers/common/sql/hooks/sql.py:263 UserWarning: pandas only supports SQLAlchemy connectable (engine/connection) or database string URI or sqlite3 DBAPI2 connection. Other DBAPI2 objects are not tested. Please consider using SQLAlchemy.
[2025-06-14T15:34:19.475+0000] {logging_mixin.py:188} INFO - ✔ Đã load Category → staging.stg_Category
[2025-06-14T15:34:19.480+0000] {base.py:84} INFO - Using connection ID 'mysql' for task execution.
[2025-06-14T15:34:19.486+0000] {logging_mixin.py:188} WARNING - /home/***/.local/lib/python3.10/site-packages/***/providers/common/sql/hooks/sql.py:263 UserWarning: pandas only supports SQLAlchemy connectable (engine/connection) or database string URI or sqlite3 DBAPI2 connection. Other DBAPI2 objects are not tested. Please consider using SQLAlchemy.
[2025-06-14T15:34:20.730+0000] {logging_mixin.py:188} INFO - ✔ Đã load Customer → staging.stg_Customer
[2025-06-14T15:34:20.741+0000] {base.py:84} INFO - Using connection ID 'mysql' for task execution.
[2025-06-14T15:34:20.747+0000] {logging_mixin.py:188} WARNING - /home/***/.local/lib/python3.10/site-packages/***/providers/common/sql/hooks/sql.py:263 UserWarning: pandas only supports SQLAlchemy connectable (engine/connection) or database string URI or sqlite3 DBAPI2 connection. Other DBAPI2 objects are not tested. Please consider using SQLAlchemy.
[2025-06-14T15:34:28.679+0000] {logging_mixin.py:188} INFO - ✔ Đã load Order_Details → staging.stg_Order_Details
[2025-06-14T15:34:28.690+0000] {base.py:84} INFO - Using connection ID 'mysql' for task execution.
[2025-06-14T15:34:28.699+0000] {logging_mixin.py:188} WARNING - /home/***/.local/lib/python3.10/site-packages/***/providers/common/sql/hooks/sql.py:263 UserWarning: pandas only supports SQLAlchemy connectable (engine/connection) or database string URI or sqlite3 DBAPI2 connection. Other DBAPI2 objects are not tested. Please consider using SQLAlchemy.
[2025-06-14T15:34:32.826+0000] {logging_mixin.py:188} INFO - ✔ Đã load Orders → staging.stg_Orders
[2025-06-14T15:34:32.832+0000] {base.py:84} INFO - Using connection ID 'mysql' for task execution.
[2025-06-14T15:34:32.838+0000] {logging_mixin.py:188} WARNING - /home/***/.local/lib/python3.10/site-packages/***/providers/common/sql/hooks/sql.py:263 UserWarning: pandas only supports SQLAlchemy connectable (engine/connection) or database string URI or sqlite3 DBAPI2 connection. Other DBAPI2 objects are not tested. Please consider using SQLAlchemy.
[2025-06-14T15:34:33.485+0000] {logging_mixin.py:188} INFO - ✔ Đã load Product → staging.stg_Product
[2025-06-14T15:34:33.492+0000] {base.py:84} INFO - Using connection ID 'mysql' for task execution.
[2025-06-14T15:34:33.498+0000] {logging_mixin.py:188} WARNING - /home/***/.local/lib/python3.10/site-packages/***/providers/common/sql/hooks/sql.py:263 UserWarning: pandas only supports SQLAlchemy connectable (engine/connection) or database string URI or sqlite3 DBAPI2 connection. Other DBAPI2 objects are not tested. Please consider using SQLAlchemy.
[2025-06-14T15:34:33.530+0000] {logging_mixin.py:188} INFO - ✔ Đã load Sub_Category → staging.stg_Sub_Category
[2025-06-14T15:34:33.530+0000] {python.py:237} INFO - Done. Returned value was: None
[2025-06-14T15:34:33.531+0000] {taskinstance.py:441} INFO - ::group::Post task execution logs
[2025-06-14T15:34:33.539+0000] {taskinstance.py:1206} INFO - Marking task as SUCCESS. dag_id=globalsuperstore, task_id=extract.extract_and_load_to_staging, run_id=manual__2025-06-14T15:33:51.573126+00:00, execution_date=20250614T153351, start_date=20250614T153418, end_date=20250614T153433
[2025-06-14T15:34:33.594+0000] {local_task_job_runner.py:240} INFO - Task exited with return code 0
[2025-06-14T15:34:33.617+0000] {taskinstance.py:3503} INFO - 3 downstream tasks scheduled from follow-on schedule check
[2025-06-14T15:34:33.619+0000] {local_task_job_runner.py:222} INFO - ::endgroup::
