[2025-06-15T08:47:02.363+0000] {local_task_job_runner.py:120} INFO - ::group::Pre task execution logs
[2025-06-15T08:47:02.450+0000] {taskinstance.py:2076} INFO - Dependencies all met for dep_context=non-requeueable deps ti=<TaskInstance: globalsuperstore.extract.extract_and_load_to_staging scheduled__2024-12-27T00:00:00+00:00 [queued]>
[2025-06-15T08:47:02.465+0000] {taskinstance.py:2076} INFO - Dependencies all met for dep_context=requeueable deps ti=<TaskInstance: globalsuperstore.extract.extract_and_load_to_staging scheduled__2024-12-27T00:00:00+00:00 [queued]>
[2025-06-15T08:47:02.467+0000] {taskinstance.py:2306} INFO - Starting attempt 1 of 1
[2025-06-15T08:47:02.491+0000] {taskinstance.py:2330} INFO - Executing <Task(PythonOperator): extract.extract_and_load_to_staging> on 2024-12-27 00:00:00+00:00
[2025-06-15T08:47:02.499+0000] {standard_task_runner.py:63} INFO - Started process 1536 to run task
[2025-06-15T08:47:02.504+0000] {standard_task_runner.py:90} INFO - Running: ['***', 'tasks', 'run', 'globalsuperstore', 'extract.extract_and_load_to_staging', 'scheduled__2024-12-27T00:00:00+00:00', '--job-id', '189', '--raw', '--subdir', 'DAGS_FOLDER/global_superstore_dw_etl.py', '--cfg-path', '/tmp/tmpk1gp41r7']
[2025-06-15T08:47:02.507+0000] {standard_task_runner.py:91} INFO - Job 189: Subtask extract.extract_and_load_to_staging
[2025-06-15T08:47:02.590+0000] {task_command.py:426} INFO - Running <TaskInstance: globalsuperstore.extract.extract_and_load_to_staging scheduled__2024-12-27T00:00:00+00:00 [running]> on host f3cca4675eb8
[2025-06-15T08:47:02.777+0000] {taskinstance.py:2648} INFO - Exporting env vars: AIRFLOW_CTX_DAG_OWNER='***' AIRFLOW_CTX_DAG_ID='globalsuperstore' AIRFLOW_CTX_TASK_ID='extract.extract_and_load_to_staging' AIRFLOW_CTX_EXECUTION_DATE='2024-12-27T00:00:00+00:00' AIRFLOW_CTX_TRY_NUMBER='1' AIRFLOW_CTX_DAG_RUN_ID='scheduled__2024-12-27T00:00:00+00:00'
[2025-06-15T08:47:02.779+0000] {taskinstance.py:430} INFO - ::endgroup::
[2025-06-15T08:47:02.836+0000] {base.py:84} INFO - Using connection ID 'postgres' for task execution.
[2025-06-15T08:47:02.852+0000] {base.py:84} INFO - Using connection ID 'mysql' for task execution.
[2025-06-15T08:47:02.883+0000] {logging_mixin.py:188} WARNING - /home/***/.local/lib/python3.10/site-packages/***/providers/common/sql/hooks/sql.py:263 UserWarning: pandas only supports SQLAlchemy connectable (engine/connection) or database string URI or sqlite3 DBAPI2 connection. Other DBAPI2 objects are not tested. Please consider using SQLAlchemy.
[2025-06-15T08:47:03.005+0000] {logging_mixin.py:188} INFO - ✔ Đã load Category → staging.stg_Category
[2025-06-15T08:47:03.015+0000] {base.py:84} INFO - Using connection ID 'mysql' for task execution.
[2025-06-15T08:47:03.029+0000] {logging_mixin.py:188} WARNING - /home/***/.local/lib/python3.10/site-packages/***/providers/common/sql/hooks/sql.py:263 UserWarning: pandas only supports SQLAlchemy connectable (engine/connection) or database string URI or sqlite3 DBAPI2 connection. Other DBAPI2 objects are not tested. Please consider using SQLAlchemy.
[2025-06-15T08:47:03.853+0000] {logging_mixin.py:188} INFO - ✔ Đã load Customer → staging.stg_Customer
[2025-06-15T08:47:03.866+0000] {base.py:84} INFO - Using connection ID 'mysql' for task execution.
[2025-06-15T08:47:03.879+0000] {logging_mixin.py:188} WARNING - /home/***/.local/lib/python3.10/site-packages/***/providers/common/sql/hooks/sql.py:263 UserWarning: pandas only supports SQLAlchemy connectable (engine/connection) or database string URI or sqlite3 DBAPI2 connection. Other DBAPI2 objects are not tested. Please consider using SQLAlchemy.
[2025-06-15T08:47:23.233+0000] {logging_mixin.py:188} INFO - ✔ Đã load Order_Details → staging.stg_Order_Details
[2025-06-15T08:47:23.244+0000] {base.py:84} INFO - Using connection ID 'mysql' for task execution.
[2025-06-15T08:47:23.251+0000] {logging_mixin.py:188} WARNING - /home/***/.local/lib/python3.10/site-packages/***/providers/common/sql/hooks/sql.py:263 UserWarning: pandas only supports SQLAlchemy connectable (engine/connection) or database string URI or sqlite3 DBAPI2 connection. Other DBAPI2 objects are not tested. Please consider using SQLAlchemy.
[2025-06-15T08:47:31.092+0000] {logging_mixin.py:188} INFO - ✔ Đã load Orders → staging.stg_Orders
[2025-06-15T08:47:31.112+0000] {base.py:84} INFO - Using connection ID 'mysql' for task execution.
[2025-06-15T08:47:31.130+0000] {logging_mixin.py:188} WARNING - /home/***/.local/lib/python3.10/site-packages/***/providers/common/sql/hooks/sql.py:263 UserWarning: pandas only supports SQLAlchemy connectable (engine/connection) or database string URI or sqlite3 DBAPI2 connection. Other DBAPI2 objects are not tested. Please consider using SQLAlchemy.
[2025-06-15T08:47:32.874+0000] {logging_mixin.py:188} INFO - ✔ Đã load Product → staging.stg_Product
[2025-06-15T08:47:32.891+0000] {base.py:84} INFO - Using connection ID 'mysql' for task execution.
[2025-06-15T08:47:32.904+0000] {logging_mixin.py:188} WARNING - /home/***/.local/lib/python3.10/site-packages/***/providers/common/sql/hooks/sql.py:263 UserWarning: pandas only supports SQLAlchemy connectable (engine/connection) or database string URI or sqlite3 DBAPI2 connection. Other DBAPI2 objects are not tested. Please consider using SQLAlchemy.
[2025-06-15T08:47:32.994+0000] {logging_mixin.py:188} INFO - ✔ Đã load Sub_Category → staging.stg_Sub_Category
[2025-06-15T08:47:32.995+0000] {python.py:237} INFO - Done. Returned value was: None
[2025-06-15T08:47:32.997+0000] {taskinstance.py:441} INFO - ::group::Post task execution logs
[2025-06-15T08:47:33.035+0000] {taskinstance.py:1206} INFO - Marking task as SUCCESS. dag_id=globalsuperstore, task_id=extract.extract_and_load_to_staging, run_id=scheduled__2024-12-27T00:00:00+00:00, execution_date=20241227T000000, start_date=20250615T084702, end_date=20250615T084733
[2025-06-15T08:47:33.355+0000] {local_task_job_runner.py:240} INFO - Task exited with return code 0
[2025-06-15T08:47:33.591+0000] {taskinstance.py:3503} INFO - 0 downstream tasks scheduled from follow-on schedule check
[2025-06-15T08:47:33.604+0000] {local_task_job_runner.py:222} INFO - ::endgroup::
