[2025-06-15T16:04:21.946+0000] {taskinstance.py:1042} DEBUG - previous_execution_date was called
[2025-06-15T16:04:21.982+0000] {__init__.py:54} DEBUG - Loading core task runner: StandardTaskRunner
[2025-06-15T16:04:22.008+0000] {taskinstance.py:1042} DEBUG - previous_execution_date was called
[2025-06-15T16:04:22.013+0000] {base_task_runner.py:73} DEBUG - Planning to run as the  user
[2025-06-15T16:04:22.060+0000] {local_task_job_runner.py:120} INFO - ::group::Pre task execution logs
[2025-06-15T16:04:22.330+0000] {taskinstance.py:2088} DEBUG - <TaskInstance: globalsuperstore.extract.extract_and_load_to_staging manual__2025-06-15T16:04:18.302766+00:00 [queued]> dependency 'Trigger Rule' PASSED: True, The task instance did not have any upstream tasks.
[2025-06-15T16:04:22.331+0000] {taskinstance.py:2088} DEBUG - <TaskInstance: globalsuperstore.extract.extract_and_load_to_staging manual__2025-06-15T16:04:18.302766+00:00 [queued]> dependency 'Previous Dagrun State' PASSED: True, The task did not have depends_on_past set.
[2025-06-15T16:04:22.343+0000] {taskinstance.py:2088} DEBUG - <TaskInstance: globalsuperstore.extract.extract_and_load_to_staging manual__2025-06-15T16:04:18.302766+00:00 [queued]> dependency 'Task Instance Not Running' PASSED: True, Task is not in running state.
[2025-06-15T16:04:22.344+0000] {taskinstance.py:2088} DEBUG - <TaskInstance: globalsuperstore.extract.extract_and_load_to_staging manual__2025-06-15T16:04:18.302766+00:00 [queued]> dependency 'Not In Retry Period' PASSED: True, The task instance was not marked for retrying.
[2025-06-15T16:04:22.345+0000] {taskinstance.py:2088} DEBUG - <TaskInstance: globalsuperstore.extract.extract_and_load_to_staging manual__2025-06-15T16:04:18.302766+00:00 [queued]> dependency 'Task Instance State' PASSED: True, Task state queued was valid.
[2025-06-15T16:04:22.346+0000] {taskinstance.py:2076} INFO - Dependencies all met for dep_context=non-requeueable deps ti=<TaskInstance: globalsuperstore.extract.extract_and_load_to_staging manual__2025-06-15T16:04:18.302766+00:00 [queued]>
[2025-06-15T16:04:22.346+0000] {taskinstance.py:2088} DEBUG - <TaskInstance: globalsuperstore.extract.extract_and_load_to_staging manual__2025-06-15T16:04:18.302766+00:00 [queued]> dependency 'Trigger Rule' PASSED: True, The task instance did not have any upstream tasks.
[2025-06-15T16:04:22.347+0000] {taskinstance.py:2088} DEBUG - <TaskInstance: globalsuperstore.extract.extract_and_load_to_staging manual__2025-06-15T16:04:18.302766+00:00 [queued]> dependency 'Previous Dagrun State' PASSED: True, The task did not have depends_on_past set.
[2025-06-15T16:04:22.362+0000] {taskinstance.py:2088} DEBUG - <TaskInstance: globalsuperstore.extract.extract_and_load_to_staging manual__2025-06-15T16:04:18.302766+00:00 [queued]> dependency 'Pool Slots Available' PASSED: True, There are enough open slots in default_pool to execute the task
[2025-06-15T16:04:22.366+0000] {taskinstance.py:2088} DEBUG - <TaskInstance: globalsuperstore.extract.extract_and_load_to_staging manual__2025-06-15T16:04:18.302766+00:00 [queued]> dependency 'Task Concurrency' PASSED: True, Task concurrency is not set.
[2025-06-15T16:04:22.367+0000] {taskinstance.py:2088} DEBUG - <TaskInstance: globalsuperstore.extract.extract_and_load_to_staging manual__2025-06-15T16:04:18.302766+00:00 [queued]> dependency 'Not In Retry Period' PASSED: True, The task instance was not marked for retrying.
[2025-06-15T16:04:22.374+0000] {taskinstance.py:2076} INFO - Dependencies all met for dep_context=requeueable deps ti=<TaskInstance: globalsuperstore.extract.extract_and_load_to_staging manual__2025-06-15T16:04:18.302766+00:00 [queued]>
[2025-06-15T16:04:22.375+0000] {taskinstance.py:2306} INFO - Starting attempt 1 of 1
[2025-06-15T16:04:22.417+0000] {taskinstance.py:2330} INFO - Executing <Task(PythonOperator): extract.extract_and_load_to_staging> on 2025-06-15 16:04:18.302766+00:00
[2025-06-15T16:04:22.432+0000] {standard_task_runner.py:63} INFO - Started process 299 to run task
[2025-06-15T16:04:22.438+0000] {standard_task_runner.py:90} INFO - Running: ['***', 'tasks', 'run', 'globalsuperstore', 'extract.extract_and_load_to_staging', 'manual__2025-06-15T16:04:18.302766+00:00', '--job-id', '10', '--raw', '--subdir', 'DAGS_FOLDER/global_superstore_dw_etl.py', '--cfg-path', '/tmp/tmpuwq3glig']
[2025-06-15T16:04:22.440+0000] {standard_task_runner.py:91} INFO - Job 10: Subtask extract.extract_and_load_to_staging
[2025-06-15T16:04:22.444+0000] {cli_action_loggers.py:70} DEBUG - Calling callbacks: [<function default_action_log at 0x7f1277f2d750>]
[2025-06-15T16:04:22.511+0000] {taskinstance.py:1042} DEBUG - previous_execution_date was called
[2025-06-15T16:04:22.516+0000] {task_command.py:426} INFO - Running <TaskInstance: globalsuperstore.extract.extract_and_load_to_staging manual__2025-06-15T16:04:18.302766+00:00 [running]> on host a40e01b9e58f
[2025-06-15T16:04:22.516+0000] {settings.py:363} DEBUG - Disposing DB connection pool (PID 299)
[2025-06-15T16:04:22.517+0000] {settings.py:250} DEBUG - Setting up DB connection pool (PID 299)
[2025-06-15T16:04:22.517+0000] {settings.py:298} DEBUG - settings.prepare_engine_args(): Using NullPool
[2025-06-15T16:04:22.555+0000] {taskinstance.py:1042} DEBUG - previous_execution_date was called
[2025-06-15T16:04:22.558+0000] {taskinstance.py:1845} DEBUG - Clearing XCom data
[2025-06-15T16:04:22.740+0000] {retries.py:91} DEBUG - Running RenderedTaskInstanceFields.write with retries. Try 1 of 3
[2025-06-15T16:04:22.780+0000] {retries.py:91} DEBUG - Running RenderedTaskInstanceFields._do_delete_old_records with retries. Try 1 of 3
[2025-06-15T16:04:22.802+0000] {taskinstance.py:2648} INFO - Exporting env vars: AIRFLOW_CTX_DAG_OWNER='***' AIRFLOW_CTX_DAG_ID='globalsuperstore' AIRFLOW_CTX_TASK_ID='extract.extract_and_load_to_staging' AIRFLOW_CTX_EXECUTION_DATE='2025-06-15T16:04:18.302766+00:00' AIRFLOW_CTX_TRY_NUMBER='1' AIRFLOW_CTX_DAG_RUN_ID='manual__2025-06-15T16:04:18.302766+00:00'
[2025-06-15T16:04:22.804+0000] {__init__.py:115} DEBUG - Preparing lineage inlets and outlets
[2025-06-15T16:04:22.807+0000] {__init__.py:154} DEBUG - inlets: [], outlets: []
[2025-06-15T16:04:22.808+0000] {taskinstance.py:430} INFO - ::endgroup::
[2025-06-15T16:04:27.493+0000] {retries.py:91} DEBUG - Running Job._fetch_from_db with retries. Try 1 of 3
[2025-06-15T16:04:27.508+0000] {retries.py:91} DEBUG - Running Job._update_heartbeat with retries. Try 1 of 3
[2025-06-15T16:04:27.528+0000] {job.py:214} DEBUG - [heartbeat]
[2025-06-15T16:04:27.548+0000] {base.py:84} INFO - Using connection ID 'postgres' for task execution.
[2025-06-15T16:04:27.560+0000] {taskinstance.py:441} INFO - ::group::Post task execution logs
[2025-06-15T16:04:27.569+0000] {taskinstance.py:2905} ERROR - Task failed with exception
Traceback (most recent call last):
  File "/home/airflow/.local/lib/python3.10/site-packages/airflow/models/taskinstance.py", line 465, in _execute_task
    result = _execute_callable(context=context, **execute_callable_kwargs)
  File "/home/airflow/.local/lib/python3.10/site-packages/airflow/models/taskinstance.py", line 432, in _execute_callable
    return execute_callable(context=context, **execute_callable_kwargs)
  File "/home/airflow/.local/lib/python3.10/site-packages/airflow/models/baseoperator.py", line 401, in wrapper
    return func(self, *args, **kwargs)
  File "/home/airflow/.local/lib/python3.10/site-packages/airflow/operators/python.py", line 235, in execute
    return_value = self.execute_callable()
  File "/home/airflow/.local/lib/python3.10/site-packages/airflow/operators/python.py", line 252, in execute_callable
    return self.python_callable(*self.op_args, **self.op_kwargs)
  File "/opt/airflow/dags/extract_data.py", line 25, in extract_and_load_to_staging
    df = source_operator.get_data_to_pd(f"SELECT * FROM {table}")
  File "/opt/airflow/plugins/mysql_operator.py", line 15, in get_data_to_pd
    return self.mysqlhook.get_pandas_df(query)
  File "/home/airflow/.local/lib/python3.10/site-packages/airflow/providers/common/sql/hooks/sql.py", line 262, in get_pandas_df
    with closing(self.get_conn()) as conn:
  File "/home/airflow/.local/lib/python3.10/site-packages/airflow/providers/mysql/hooks/mysql.py", line 188, in get_conn
    conn = self.connection or self.get_connection(getattr(self, self.conn_name_attr))
  File "/home/airflow/.local/lib/python3.10/site-packages/airflow/hooks/base.py", line 83, in get_connection
    conn = Connection.get_connection_from_secrets(conn_id)
  File "/home/airflow/.local/lib/python3.10/site-packages/airflow/models/connection.py", line 519, in get_connection_from_secrets
    raise AirflowNotFoundException(f"The conn_id `{conn_id}` isn't defined")
airflow.exceptions.AirflowNotFoundException: The conn_id `mysql` isn't defined
[2025-06-15T16:04:27.597+0000] {taskinstance.py:562} DEBUG - Task Duration set to 5.250925
[2025-06-15T16:04:27.598+0000] {taskinstance.py:584} DEBUG - Clearing next_method and next_kwargs.
[2025-06-15T16:04:27.599+0000] {taskinstance.py:1206} INFO - Marking task as FAILED. dag_id=globalsuperstore, task_id=extract.extract_and_load_to_staging, run_id=manual__2025-06-15T16:04:18.302766+00:00, execution_date=20250615T160418, start_date=20250615T160422, end_date=20250615T160427
[2025-06-15T16:04:27.615+0000] {cli_action_loggers.py:88} DEBUG - Calling callbacks: []
[2025-06-15T16:04:27.616+0000] {standard_task_runner.py:110} ERROR - Failed to execute job 10 for task extract.extract_and_load_to_staging (The conn_id `mysql` isn't defined; 299)
[2025-06-15T16:04:27.661+0000] {local_task_job_runner.py:240} INFO - Task exited with return code 1
[2025-06-15T16:04:27.679+0000] {dagrun.py:931} DEBUG - number of tis tasks for <DagRun globalsuperstore @ 2025-06-15 16:04:18.302766+00:00: manual__2025-06-15T16:04:18.302766+00:00, state:running, queued_at: 2025-06-15 16:04:18.426706+00:00. externally triggered: True>: 7 task(s)
[2025-06-15T16:04:27.680+0000] {dagrun.py:952} DEBUG - number of scheduleable tasks for <DagRun globalsuperstore @ 2025-06-15 16:04:18.302766+00:00: manual__2025-06-15T16:04:18.302766+00:00, state:running, queued_at: 2025-06-15 16:04:18.426706+00:00. externally triggered: True>: 6 task(s)
[2025-06-15T16:04:27.681+0000] {taskinstance.py:1884} DEBUG - Setting task state for <TaskInstance: globalsuperstore.transform.transform_dim_customers manual__2025-06-15T16:04:18.302766+00:00 [None]> to upstream_failed
[2025-06-15T16:04:27.681+0000] {taskinstance.py:2088} DEBUG - <TaskInstance: globalsuperstore.transform.transform_dim_customers manual__2025-06-15T16:04:18.302766+00:00 [upstream_failed]> dependency 'Trigger Rule' PASSED: False, Task's trigger rule 'all_success' requires all upstream tasks to have succeeded, but found 1 non-success(es). upstream_states=_UpstreamTIStates(success=0, skipped=0, failed=1, upstream_failed=0, removed=0, done=1, success_setup=0, skipped_setup=0), upstream_task_ids={'extract.extract_and_load_to_staging'}
[2025-06-15T16:04:27.682+0000] {taskinstance.py:2066} DEBUG - Dependencies not met for <TaskInstance: globalsuperstore.transform.transform_dim_customers manual__2025-06-15T16:04:18.302766+00:00 [upstream_failed]>, dependency 'Trigger Rule' FAILED: Task's trigger rule 'all_success' requires all upstream tasks to have succeeded, but found 1 non-success(es). upstream_states=_UpstreamTIStates(success=0, skipped=0, failed=1, upstream_failed=0, removed=0, done=1, success_setup=0, skipped_setup=0), upstream_task_ids={'extract.extract_and_load_to_staging'}
[2025-06-15T16:04:27.682+0000] {taskinstance.py:2088} DEBUG - <TaskInstance: globalsuperstore.transform.transform_dim_customers manual__2025-06-15T16:04:18.302766+00:00 [upstream_failed]> dependency 'Previous Dagrun State' PASSED: True, The task did not have depends_on_past set.
[2025-06-15T16:04:27.683+0000] {taskinstance.py:2088} DEBUG - <TaskInstance: globalsuperstore.transform.transform_dim_customers manual__2025-06-15T16:04:18.302766+00:00 [upstream_failed]> dependency 'Not In Retry Period' PASSED: True, The task instance was not marked for retrying.
[2025-06-15T16:04:27.683+0000] {taskinstance.py:1884} DEBUG - Setting task state for <TaskInstance: globalsuperstore.transform.transform_dim_products manual__2025-06-15T16:04:18.302766+00:00 [None]> to upstream_failed
[2025-06-15T16:04:27.684+0000] {taskinstance.py:2088} DEBUG - <TaskInstance: globalsuperstore.transform.transform_dim_products manual__2025-06-15T16:04:18.302766+00:00 [upstream_failed]> dependency 'Trigger Rule' PASSED: False, Task's trigger rule 'all_success' requires all upstream tasks to have succeeded, but found 1 non-success(es). upstream_states=_UpstreamTIStates(success=0, skipped=0, failed=1, upstream_failed=0, removed=0, done=1, success_setup=0, skipped_setup=0), upstream_task_ids={'extract.extract_and_load_to_staging'}
[2025-06-15T16:04:27.684+0000] {taskinstance.py:2066} DEBUG - Dependencies not met for <TaskInstance: globalsuperstore.transform.transform_dim_products manual__2025-06-15T16:04:18.302766+00:00 [upstream_failed]>, dependency 'Trigger Rule' FAILED: Task's trigger rule 'all_success' requires all upstream tasks to have succeeded, but found 1 non-success(es). upstream_states=_UpstreamTIStates(success=0, skipped=0, failed=1, upstream_failed=0, removed=0, done=1, success_setup=0, skipped_setup=0), upstream_task_ids={'extract.extract_and_load_to_staging'}
[2025-06-15T16:04:27.685+0000] {taskinstance.py:2088} DEBUG - <TaskInstance: globalsuperstore.transform.transform_dim_products manual__2025-06-15T16:04:18.302766+00:00 [upstream_failed]> dependency 'Previous Dagrun State' PASSED: True, The task did not have depends_on_past set.
[2025-06-15T16:04:27.686+0000] {taskinstance.py:2088} DEBUG - <TaskInstance: globalsuperstore.transform.transform_dim_products manual__2025-06-15T16:04:18.302766+00:00 [upstream_failed]> dependency 'Not In Retry Period' PASSED: True, The task instance was not marked for retrying.
[2025-06-15T16:04:27.687+0000] {taskinstance.py:1884} DEBUG - Setting task state for <TaskInstance: globalsuperstore.transform.transform_dim_locations manual__2025-06-15T16:04:18.302766+00:00 [None]> to upstream_failed
[2025-06-15T16:04:27.688+0000] {taskinstance.py:2088} DEBUG - <TaskInstance: globalsuperstore.transform.transform_dim_locations manual__2025-06-15T16:04:18.302766+00:00 [upstream_failed]> dependency 'Trigger Rule' PASSED: False, Task's trigger rule 'all_success' requires all upstream tasks to have succeeded, but found 1 non-success(es). upstream_states=_UpstreamTIStates(success=0, skipped=0, failed=1, upstream_failed=0, removed=0, done=1, success_setup=0, skipped_setup=0), upstream_task_ids={'extract.extract_and_load_to_staging'}
[2025-06-15T16:04:27.688+0000] {taskinstance.py:2066} DEBUG - Dependencies not met for <TaskInstance: globalsuperstore.transform.transform_dim_locations manual__2025-06-15T16:04:18.302766+00:00 [upstream_failed]>, dependency 'Trigger Rule' FAILED: Task's trigger rule 'all_success' requires all upstream tasks to have succeeded, but found 1 non-success(es). upstream_states=_UpstreamTIStates(success=0, skipped=0, failed=1, upstream_failed=0, removed=0, done=1, success_setup=0, skipped_setup=0), upstream_task_ids={'extract.extract_and_load_to_staging'}
[2025-06-15T16:04:27.689+0000] {taskinstance.py:2088} DEBUG - <TaskInstance: globalsuperstore.transform.transform_dim_locations manual__2025-06-15T16:04:18.302766+00:00 [upstream_failed]> dependency 'Previous Dagrun State' PASSED: True, The task did not have depends_on_past set.
[2025-06-15T16:04:27.689+0000] {taskinstance.py:2088} DEBUG - <TaskInstance: globalsuperstore.transform.transform_dim_locations manual__2025-06-15T16:04:18.302766+00:00 [upstream_failed]> dependency 'Not In Retry Period' PASSED: True, The task instance was not marked for retrying.
[2025-06-15T16:04:27.690+0000] {taskinstance.py:1884} DEBUG - Setting task state for <TaskInstance: globalsuperstore.transform.transform_dim_shipmode manual__2025-06-15T16:04:18.302766+00:00 [None]> to upstream_failed
[2025-06-15T16:04:27.690+0000] {taskinstance.py:2088} DEBUG - <TaskInstance: globalsuperstore.transform.transform_dim_shipmode manual__2025-06-15T16:04:18.302766+00:00 [upstream_failed]> dependency 'Trigger Rule' PASSED: False, Task's trigger rule 'all_success' requires all upstream tasks to have succeeded, but found 1 non-success(es). upstream_states=_UpstreamTIStates(success=0, skipped=0, failed=1, upstream_failed=0, removed=0, done=1, success_setup=0, skipped_setup=0), upstream_task_ids={'extract.extract_and_load_to_staging'}
[2025-06-15T16:04:27.691+0000] {taskinstance.py:2066} DEBUG - Dependencies not met for <TaskInstance: globalsuperstore.transform.transform_dim_shipmode manual__2025-06-15T16:04:18.302766+00:00 [upstream_failed]>, dependency 'Trigger Rule' FAILED: Task's trigger rule 'all_success' requires all upstream tasks to have succeeded, but found 1 non-success(es). upstream_states=_UpstreamTIStates(success=0, skipped=0, failed=1, upstream_failed=0, removed=0, done=1, success_setup=0, skipped_setup=0), upstream_task_ids={'extract.extract_and_load_to_staging'}
[2025-06-15T16:04:27.691+0000] {taskinstance.py:2088} DEBUG - <TaskInstance: globalsuperstore.transform.transform_dim_shipmode manual__2025-06-15T16:04:18.302766+00:00 [upstream_failed]> dependency 'Previous Dagrun State' PASSED: True, The task did not have depends_on_past set.
[2025-06-15T16:04:27.691+0000] {taskinstance.py:2088} DEBUG - <TaskInstance: globalsuperstore.transform.transform_dim_shipmode manual__2025-06-15T16:04:18.302766+00:00 [upstream_failed]> dependency 'Not In Retry Period' PASSED: True, The task instance was not marked for retrying.
[2025-06-15T16:04:27.692+0000] {taskinstance.py:1884} DEBUG - Setting task state for <TaskInstance: globalsuperstore.transform.transform_dim_date manual__2025-06-15T16:04:18.302766+00:00 [None]> to upstream_failed
[2025-06-15T16:04:27.692+0000] {taskinstance.py:2088} DEBUG - <TaskInstance: globalsuperstore.transform.transform_dim_date manual__2025-06-15T16:04:18.302766+00:00 [upstream_failed]> dependency 'Trigger Rule' PASSED: False, Task's trigger rule 'all_success' requires all upstream tasks to have succeeded, but found 1 non-success(es). upstream_states=_UpstreamTIStates(success=0, skipped=0, failed=1, upstream_failed=0, removed=0, done=1, success_setup=0, skipped_setup=0), upstream_task_ids={'extract.extract_and_load_to_staging'}
[2025-06-15T16:04:27.693+0000] {taskinstance.py:2066} DEBUG - Dependencies not met for <TaskInstance: globalsuperstore.transform.transform_dim_date manual__2025-06-15T16:04:18.302766+00:00 [upstream_failed]>, dependency 'Trigger Rule' FAILED: Task's trigger rule 'all_success' requires all upstream tasks to have succeeded, but found 1 non-success(es). upstream_states=_UpstreamTIStates(success=0, skipped=0, failed=1, upstream_failed=0, removed=0, done=1, success_setup=0, skipped_setup=0), upstream_task_ids={'extract.extract_and_load_to_staging'}
[2025-06-15T16:04:27.693+0000] {taskinstance.py:2088} DEBUG - <TaskInstance: globalsuperstore.transform.transform_dim_date manual__2025-06-15T16:04:18.302766+00:00 [upstream_failed]> dependency 'Previous Dagrun State' PASSED: True, The task did not have depends_on_past set.
[2025-06-15T16:04:27.693+0000] {taskinstance.py:2088} DEBUG - <TaskInstance: globalsuperstore.transform.transform_dim_date manual__2025-06-15T16:04:18.302766+00:00 [upstream_failed]> dependency 'Not In Retry Period' PASSED: True, The task instance was not marked for retrying.
[2025-06-15T16:04:27.694+0000] {taskinstance.py:2088} DEBUG - <TaskInstance: globalsuperstore.load.transform_fact_sales manual__2025-06-15T16:04:18.302766+00:00 [None]> dependency 'Trigger Rule' PASSED: False, Task's trigger rule 'all_success' requires all upstream tasks to have succeeded, but found 5 non-success(es). upstream_states=_UpstreamTIStates(success=0, skipped=0, failed=0, upstream_failed=0, removed=0, done=0, success_setup=0, skipped_setup=0), upstream_task_ids={'transform.transform_dim_products', 'transform.transform_dim_locations', 'transform.transform_dim_date', 'transform.transform_dim_customers', 'transform.transform_dim_shipmode'}
[2025-06-15T16:04:27.694+0000] {taskinstance.py:2066} DEBUG - Dependencies not met for <TaskInstance: globalsuperstore.load.transform_fact_sales manual__2025-06-15T16:04:18.302766+00:00 [None]>, dependency 'Trigger Rule' FAILED: Task's trigger rule 'all_success' requires all upstream tasks to have succeeded, but found 5 non-success(es). upstream_states=_UpstreamTIStates(success=0, skipped=0, failed=0, upstream_failed=0, removed=0, done=0, success_setup=0, skipped_setup=0), upstream_task_ids={'transform.transform_dim_products', 'transform.transform_dim_locations', 'transform.transform_dim_date', 'transform.transform_dim_customers', 'transform.transform_dim_shipmode'}
[2025-06-15T16:04:27.694+0000] {taskinstance.py:2088} DEBUG - <TaskInstance: globalsuperstore.load.transform_fact_sales manual__2025-06-15T16:04:18.302766+00:00 [None]> dependency 'Previous Dagrun State' PASSED: True, The task did not have depends_on_past set.
[2025-06-15T16:04:27.695+0000] {taskinstance.py:2088} DEBUG - <TaskInstance: globalsuperstore.load.transform_fact_sales manual__2025-06-15T16:04:18.302766+00:00 [None]> dependency 'Not In Retry Period' PASSED: True, The task instance was not marked for retrying.
[2025-06-15T16:04:27.699+0000] {taskinstance.py:3503} INFO - 0 downstream tasks scheduled from follow-on schedule check
[2025-06-15T16:04:27.706+0000] {local_task_job_runner.py:222} INFO - ::endgroup::
