[2025-06-14T15:36:53.194+0000] {local_task_job_runner.py:120} INFO - ::group::Pre task execution logs
[2025-06-14T15:36:53.239+0000] {taskinstance.py:2076} INFO - Dependencies all met for dep_context=non-requeueable deps ti=<TaskInstance: globalsuperstore.extract.extract_and_load_to_staging manual__2025-06-14T15:36:52.460322+00:00 [queued]>
[2025-06-14T15:36:53.247+0000] {taskinstance.py:2076} INFO - Dependencies all met for dep_context=requeueable deps ti=<TaskInstance: globalsuperstore.extract.extract_and_load_to_staging manual__2025-06-14T15:36:52.460322+00:00 [queued]>
[2025-06-14T15:36:53.248+0000] {taskinstance.py:2306} INFO - Starting attempt 1 of 1
[2025-06-14T15:36:53.265+0000] {taskinstance.py:2330} INFO - Executing <Task(PythonOperator): extract.extract_and_load_to_staging> on 2025-06-14 15:36:52.460322+00:00
[2025-06-14T15:36:53.282+0000] {standard_task_runner.py:63} INFO - Started process 2245 to run task
[2025-06-14T15:36:53.286+0000] {standard_task_runner.py:90} INFO - Running: ['***', 'tasks', 'run', 'globalsuperstore', 'extract.extract_and_load_to_staging', 'manual__2025-06-14T15:36:52.460322+00:00', '--job-id', '56', '--raw', '--subdir', 'DAGS_FOLDER/global_superstore_dw_etl.py', '--cfg-path', '/tmp/tmpp2cvg3u0']
[2025-06-14T15:36:53.289+0000] {standard_task_runner.py:91} INFO - Job 56: Subtask extract.extract_and_load_to_staging
[2025-06-14T15:36:53.345+0000] {task_command.py:426} INFO - Running <TaskInstance: globalsuperstore.extract.extract_and_load_to_staging manual__2025-06-14T15:36:52.460322+00:00 [running]> on host f3cca4675eb8
[2025-06-14T15:36:53.447+0000] {taskinstance.py:2648} INFO - Exporting env vars: AIRFLOW_CTX_DAG_OWNER='***' AIRFLOW_CTX_DAG_ID='globalsuperstore' AIRFLOW_CTX_TASK_ID='extract.extract_and_load_to_staging' AIRFLOW_CTX_EXECUTION_DATE='2025-06-14T15:36:52.460322+00:00' AIRFLOW_CTX_TRY_NUMBER='1' AIRFLOW_CTX_DAG_RUN_ID='manual__2025-06-14T15:36:52.460322+00:00'
[2025-06-14T15:36:53.449+0000] {taskinstance.py:430} INFO - ::endgroup::
[2025-06-14T15:36:53.492+0000] {base.py:84} INFO - Using connection ID 'postgres' for task execution.
[2025-06-14T15:36:53.507+0000] {base.py:84} INFO - Using connection ID 'mysql' for task execution.
[2025-06-14T15:36:53.536+0000] {logging_mixin.py:188} WARNING - /home/***/.local/lib/python3.10/site-packages/***/providers/common/sql/hooks/sql.py:263 UserWarning: pandas only supports SQLAlchemy connectable (engine/connection) or database string URI or sqlite3 DBAPI2 connection. Other DBAPI2 objects are not tested. Please consider using SQLAlchemy.
[2025-06-14T15:36:53.608+0000] {logging_mixin.py:188} INFO - ✔ Đã load Category → staging.stg_Category
[2025-06-14T15:36:53.614+0000] {base.py:84} INFO - Using connection ID 'mysql' for task execution.
[2025-06-14T15:36:53.622+0000] {logging_mixin.py:188} WARNING - /home/***/.local/lib/python3.10/site-packages/***/providers/common/sql/hooks/sql.py:263 UserWarning: pandas only supports SQLAlchemy connectable (engine/connection) or database string URI or sqlite3 DBAPI2 connection. Other DBAPI2 objects are not tested. Please consider using SQLAlchemy.
[2025-06-14T15:36:54.116+0000] {logging_mixin.py:188} INFO - ✔ Đã load Customer → staging.stg_Customer
[2025-06-14T15:36:54.122+0000] {base.py:84} INFO - Using connection ID 'mysql' for task execution.
[2025-06-14T15:36:54.126+0000] {logging_mixin.py:188} WARNING - /home/***/.local/lib/python3.10/site-packages/***/providers/common/sql/hooks/sql.py:263 UserWarning: pandas only supports SQLAlchemy connectable (engine/connection) or database string URI or sqlite3 DBAPI2 connection. Other DBAPI2 objects are not tested. Please consider using SQLAlchemy.
[2025-06-14T15:37:01.906+0000] {logging_mixin.py:188} INFO - ✔ Đã load Order_Details → staging.stg_Order_Details
[2025-06-14T15:37:02.597+0000] {base.py:84} INFO - Using connection ID 'mysql' for task execution.
[2025-06-14T15:37:02.620+0000] {logging_mixin.py:188} WARNING - /home/***/.local/lib/python3.10/site-packages/***/providers/common/sql/hooks/sql.py:263 UserWarning: pandas only supports SQLAlchemy connectable (engine/connection) or database string URI or sqlite3 DBAPI2 connection. Other DBAPI2 objects are not tested. Please consider using SQLAlchemy.
[2025-06-14T15:37:07.069+0000] {logging_mixin.py:188} INFO - ✔ Đã load Orders → staging.stg_Orders
[2025-06-14T15:37:07.073+0000] {base.py:84} INFO - Using connection ID 'mysql' for task execution.
[2025-06-14T15:37:07.082+0000] {logging_mixin.py:188} WARNING - /home/***/.local/lib/python3.10/site-packages/***/providers/common/sql/hooks/sql.py:263 UserWarning: pandas only supports SQLAlchemy connectable (engine/connection) or database string URI or sqlite3 DBAPI2 connection. Other DBAPI2 objects are not tested. Please consider using SQLAlchemy.
[2025-06-14T15:37:07.748+0000] {logging_mixin.py:188} INFO - ✔ Đã load Product → staging.stg_Product
[2025-06-14T15:37:07.753+0000] {base.py:84} INFO - Using connection ID 'mysql' for task execution.
[2025-06-14T15:37:07.763+0000] {logging_mixin.py:188} WARNING - /home/***/.local/lib/python3.10/site-packages/***/providers/common/sql/hooks/sql.py:263 UserWarning: pandas only supports SQLAlchemy connectable (engine/connection) or database string URI or sqlite3 DBAPI2 connection. Other DBAPI2 objects are not tested. Please consider using SQLAlchemy.
[2025-06-14T15:37:07.802+0000] {logging_mixin.py:188} INFO - ✔ Đã load Sub_Category → staging.stg_Sub_Category
[2025-06-14T15:37:07.802+0000] {python.py:237} INFO - Done. Returned value was: None
[2025-06-14T15:37:07.803+0000] {taskinstance.py:441} INFO - ::group::Post task execution logs
[2025-06-14T15:37:07.810+0000] {taskinstance.py:1206} INFO - Marking task as SUCCESS. dag_id=globalsuperstore, task_id=extract.extract_and_load_to_staging, run_id=manual__2025-06-14T15:36:52.460322+00:00, execution_date=20250614T153652, start_date=20250614T153653, end_date=20250614T153707
[2025-06-14T15:37:07.853+0000] {local_task_job_runner.py:240} INFO - Task exited with return code 0
[2025-06-14T15:37:07.873+0000] {taskinstance.py:3503} INFO - 3 downstream tasks scheduled from follow-on schedule check
[2025-06-14T15:37:07.877+0000] {local_task_job_runner.py:222} INFO - ::endgroup::
