[2025-06-14T08:25:47.539+0000] {local_task_job_runner.py:120} INFO - ::group::Pre task execution logs
[2025-06-14T08:25:47.618+0000] {taskinstance.py:2076} INFO - Dependencies all met for dep_context=non-requeueable deps ti=<TaskInstance: GlobalSuperStore_dw_etl.extract.extract_and_load_to_staging manual__2025-06-14T08:25:46.086675+00:00 [queued]>
[2025-06-14T08:25:47.631+0000] {taskinstance.py:2076} INFO - Dependencies all met for dep_context=requeueable deps ti=<TaskInstance: GlobalSuperStore_dw_etl.extract.extract_and_load_to_staging manual__2025-06-14T08:25:46.086675+00:00 [queued]>
[2025-06-14T08:25:47.633+0000] {taskinstance.py:2306} INFO - Starting attempt 1 of 1
[2025-06-14T08:25:47.658+0000] {taskinstance.py:2330} INFO - Executing <Task(PythonOperator): extract.extract_and_load_to_staging> on 2025-06-14 08:25:46.086675+00:00
[2025-06-14T08:25:47.669+0000] {standard_task_runner.py:63} INFO - Started process 500 to run task
[2025-06-14T08:25:47.674+0000] {standard_task_runner.py:90} INFO - Running: ['***', 'tasks', 'run', 'GlobalSuperStore_dw_etl', 'extract.extract_and_load_to_staging', 'manual__2025-06-14T08:25:46.086675+00:00', '--job-id', '4', '--raw', '--subdir', 'DAGS_FOLDER/global_superstore_dw_etl.py', '--cfg-path', '/tmp/tmpja2xyr5j']
[2025-06-14T08:25:47.678+0000] {standard_task_runner.py:91} INFO - Job 4: Subtask extract.extract_and_load_to_staging
[2025-06-14T08:25:47.736+0000] {task_command.py:426} INFO - Running <TaskInstance: GlobalSuperStore_dw_etl.extract.extract_and_load_to_staging manual__2025-06-14T08:25:46.086675+00:00 [running]> on host 180404561e2e
[2025-06-14T08:25:47.839+0000] {taskinstance.py:2648} INFO - Exporting env vars: AIRFLOW_CTX_DAG_OWNER='***' AIRFLOW_CTX_DAG_ID='GlobalSuperStore_dw_etl' AIRFLOW_CTX_TASK_ID='extract.extract_and_load_to_staging' AIRFLOW_CTX_EXECUTION_DATE='2025-06-14T08:25:46.086675+00:00' AIRFLOW_CTX_TRY_NUMBER='1' AIRFLOW_CTX_DAG_RUN_ID='manual__2025-06-14T08:25:46.086675+00:00'
[2025-06-14T08:25:47.841+0000] {taskinstance.py:430} INFO - ::endgroup::
[2025-06-14T08:25:48.522+0000] {base.py:84} INFO - Using connection ID 'postgres' for task execution.
[2025-06-14T08:25:48.529+0000] {base.py:84} INFO - Using connection ID 'mysql' for task execution.
[2025-06-14T08:25:48.561+0000] {logging_mixin.py:188} WARNING - /home/***/.local/lib/python3.10/site-packages/***/providers/common/sql/hooks/sql.py:263 UserWarning: pandas only supports SQLAlchemy connectable (engine/connection) or database string URI or sqlite3 DBAPI2 connection. Other DBAPI2 objects are not tested. Please consider using SQLAlchemy.
[2025-06-14T08:25:48.696+0000] {logging_mixin.py:188} INFO - ✔ Đã load Category → staging.stg_Category
[2025-06-14T08:25:48.701+0000] {base.py:84} INFO - Using connection ID 'mysql' for task execution.
[2025-06-14T08:25:48.705+0000] {logging_mixin.py:188} WARNING - /home/***/.local/lib/python3.10/site-packages/***/providers/common/sql/hooks/sql.py:263 UserWarning: pandas only supports SQLAlchemy connectable (engine/connection) or database string URI or sqlite3 DBAPI2 connection. Other DBAPI2 objects are not tested. Please consider using SQLAlchemy.
[2025-06-14T08:25:48.994+0000] {logging_mixin.py:188} INFO - ✔ Đã load Customer → staging.stg_Customer
[2025-06-14T08:25:49.001+0000] {base.py:84} INFO - Using connection ID 'mysql' for task execution.
[2025-06-14T08:25:49.007+0000] {logging_mixin.py:188} WARNING - /home/***/.local/lib/python3.10/site-packages/***/providers/common/sql/hooks/sql.py:263 UserWarning: pandas only supports SQLAlchemy connectable (engine/connection) or database string URI or sqlite3 DBAPI2 connection. Other DBAPI2 objects are not tested. Please consider using SQLAlchemy.
[2025-06-14T08:26:02.488+0000] {logging_mixin.py:188} INFO - ✔ Đã load Order_Details → staging.stg_Order_Details
[2025-06-14T08:26:02.513+0000] {base.py:84} INFO - Using connection ID 'mysql' for task execution.
[2025-06-14T08:26:02.524+0000] {logging_mixin.py:188} WARNING - /home/***/.local/lib/python3.10/site-packages/***/providers/common/sql/hooks/sql.py:263 UserWarning: pandas only supports SQLAlchemy connectable (engine/connection) or database string URI or sqlite3 DBAPI2 connection. Other DBAPI2 objects are not tested. Please consider using SQLAlchemy.
[2025-06-14T08:26:08.012+0000] {logging_mixin.py:188} INFO - ✔ Đã load Orders → staging.stg_Orders
[2025-06-14T08:26:08.021+0000] {base.py:84} INFO - Using connection ID 'mysql' for task execution.
[2025-06-14T08:26:08.031+0000] {logging_mixin.py:188} WARNING - /home/***/.local/lib/python3.10/site-packages/***/providers/common/sql/hooks/sql.py:263 UserWarning: pandas only supports SQLAlchemy connectable (engine/connection) or database string URI or sqlite3 DBAPI2 connection. Other DBAPI2 objects are not tested. Please consider using SQLAlchemy.
[2025-06-14T08:26:08.879+0000] {logging_mixin.py:188} INFO - ✔ Đã load Product → staging.stg_Product
[2025-06-14T08:26:08.884+0000] {base.py:84} INFO - Using connection ID 'mysql' for task execution.
[2025-06-14T08:26:08.890+0000] {logging_mixin.py:188} WARNING - /home/***/.local/lib/python3.10/site-packages/***/providers/common/sql/hooks/sql.py:263 UserWarning: pandas only supports SQLAlchemy connectable (engine/connection) or database string URI or sqlite3 DBAPI2 connection. Other DBAPI2 objects are not tested. Please consider using SQLAlchemy.
[2025-06-14T08:26:08.918+0000] {logging_mixin.py:188} INFO - ✔ Đã load Sub_Category → staging.stg_Sub_Category
[2025-06-14T08:26:08.918+0000] {python.py:237} INFO - Done. Returned value was: None
[2025-06-14T08:26:08.919+0000] {taskinstance.py:441} INFO - ::group::Post task execution logs
[2025-06-14T08:26:08.928+0000] {taskinstance.py:1206} INFO - Marking task as SUCCESS. dag_id=GlobalSuperStore_dw_etl, task_id=extract.extract_and_load_to_staging, run_id=manual__2025-06-14T08:25:46.086675+00:00, execution_date=20250614T082546, start_date=20250614T082547, end_date=20250614T082608
[2025-06-14T08:26:09.013+0000] {local_task_job_runner.py:240} INFO - Task exited with return code 0
[2025-06-14T08:26:09.058+0000] {taskinstance.py:3503} INFO - 1 downstream tasks scheduled from follow-on schedule check
[2025-06-14T08:26:09.152+0000] {local_task_job_runner.py:222} INFO - ::endgroup::
