[2025-06-16T15:43:54.142+0000] {taskinstance.py:1042} DEBUG - previous_execution_date was called
[2025-06-16T15:43:54.172+0000] {__init__.py:54} DEBUG - Loading core task runner: StandardTaskRunner
[2025-06-16T15:43:54.198+0000] {taskinstance.py:1042} DEBUG - previous_execution_date was called
[2025-06-16T15:43:54.207+0000] {base_task_runner.py:73} DEBUG - Planning to run as the  user
[2025-06-16T15:43:54.217+0000] {local_task_job_runner.py:120} INFO - ::group::Pre task execution logs
[2025-06-16T15:43:54.265+0000] {taskinstance.py:2088} DEBUG - <TaskInstance: globalsuperstore.extract.extract_and_load_to_staging manual__2025-06-16T15:43:53.432657+00:00 [queued]> dependency 'Task Instance State' PASSED: True, Task state queued was valid.
[2025-06-16T15:43:54.267+0000] {taskinstance.py:2088} DEBUG - <TaskInstance: globalsuperstore.extract.extract_and_load_to_staging manual__2025-06-16T15:43:53.432657+00:00 [queued]> dependency 'Task Instance Not Running' PASSED: True, Task is not in running state.
[2025-06-16T15:43:54.267+0000] {taskinstance.py:2088} DEBUG - <TaskInstance: globalsuperstore.extract.extract_and_load_to_staging manual__2025-06-16T15:43:53.432657+00:00 [queued]> dependency 'Not In Retry Period' PASSED: True, The task instance was not marked for retrying.
[2025-06-16T15:43:54.268+0000] {taskinstance.py:2088} DEBUG - <TaskInstance: globalsuperstore.extract.extract_and_load_to_staging manual__2025-06-16T15:43:53.432657+00:00 [queued]> dependency 'Previous Dagrun State' PASSED: True, The task did not have depends_on_past set.
[2025-06-16T15:43:54.273+0000] {taskinstance.py:2088} DEBUG - <TaskInstance: globalsuperstore.extract.extract_and_load_to_staging manual__2025-06-16T15:43:53.432657+00:00 [queued]> dependency 'Trigger Rule' PASSED: True, The task instance did not have any upstream tasks.
[2025-06-16T15:43:54.274+0000] {taskinstance.py:2076} INFO - Dependencies all met for dep_context=non-requeueable deps ti=<TaskInstance: globalsuperstore.extract.extract_and_load_to_staging manual__2025-06-16T15:43:53.432657+00:00 [queued]>
[2025-06-16T15:43:54.279+0000] {taskinstance.py:2088} DEBUG - <TaskInstance: globalsuperstore.extract.extract_and_load_to_staging manual__2025-06-16T15:43:53.432657+00:00 [queued]> dependency 'Pool Slots Available' PASSED: True, There are enough open slots in default_pool to execute the task
[2025-06-16T15:43:54.279+0000] {taskinstance.py:2088} DEBUG - <TaskInstance: globalsuperstore.extract.extract_and_load_to_staging manual__2025-06-16T15:43:53.432657+00:00 [queued]> dependency 'Task Concurrency' PASSED: True, Task concurrency is not set.
[2025-06-16T15:43:54.280+0000] {taskinstance.py:2088} DEBUG - <TaskInstance: globalsuperstore.extract.extract_and_load_to_staging manual__2025-06-16T15:43:53.432657+00:00 [queued]> dependency 'Not In Retry Period' PASSED: True, The task instance was not marked for retrying.
[2025-06-16T15:43:54.280+0000] {taskinstance.py:2088} DEBUG - <TaskInstance: globalsuperstore.extract.extract_and_load_to_staging manual__2025-06-16T15:43:53.432657+00:00 [queued]> dependency 'Previous Dagrun State' PASSED: True, The task did not have depends_on_past set.
[2025-06-16T15:43:54.283+0000] {taskinstance.py:2088} DEBUG - <TaskInstance: globalsuperstore.extract.extract_and_load_to_staging manual__2025-06-16T15:43:53.432657+00:00 [queued]> dependency 'Trigger Rule' PASSED: True, The task instance did not have any upstream tasks.
[2025-06-16T15:43:54.283+0000] {taskinstance.py:2076} INFO - Dependencies all met for dep_context=requeueable deps ti=<TaskInstance: globalsuperstore.extract.extract_and_load_to_staging manual__2025-06-16T15:43:53.432657+00:00 [queued]>
[2025-06-16T15:43:54.284+0000] {taskinstance.py:2306} INFO - Starting attempt 1 of 1
[2025-06-16T15:43:54.298+0000] {taskinstance.py:2330} INFO - Executing <Task(PythonOperator): extract.extract_and_load_to_staging> on 2025-06-16 15:43:53.432657+00:00
[2025-06-16T15:43:54.304+0000] {standard_task_runner.py:63} INFO - Started process 234 to run task
[2025-06-16T15:43:54.308+0000] {standard_task_runner.py:90} INFO - Running: ['***', 'tasks', 'run', 'globalsuperstore', 'extract.extract_and_load_to_staging', 'manual__2025-06-16T15:43:53.432657+00:00', '--job-id', '84', '--raw', '--subdir', 'DAGS_FOLDER/global_superstore_dw_etl.py', '--cfg-path', '/tmp/tmpwsb3kzqt']
[2025-06-16T15:43:54.311+0000] {standard_task_runner.py:91} INFO - Job 84: Subtask extract.extract_and_load_to_staging
[2025-06-16T15:43:54.312+0000] {cli_action_loggers.py:70} DEBUG - Calling callbacks: [<function default_action_log at 0x7fa267925750>]
[2025-06-16T15:43:54.357+0000] {taskinstance.py:1042} DEBUG - previous_execution_date was called
[2025-06-16T15:43:54.363+0000] {task_command.py:426} INFO - Running <TaskInstance: globalsuperstore.extract.extract_and_load_to_staging manual__2025-06-16T15:43:53.432657+00:00 [running]> on host 9b7c60adfed6
[2025-06-16T15:43:54.364+0000] {settings.py:363} DEBUG - Disposing DB connection pool (PID 234)
[2025-06-16T15:43:54.364+0000] {settings.py:250} DEBUG - Setting up DB connection pool (PID 234)
[2025-06-16T15:43:54.365+0000] {settings.py:298} DEBUG - settings.prepare_engine_args(): Using NullPool
[2025-06-16T15:43:54.403+0000] {taskinstance.py:1042} DEBUG - previous_execution_date was called
[2025-06-16T15:43:54.406+0000] {taskinstance.py:1845} DEBUG - Clearing XCom data
[2025-06-16T15:43:54.433+0000] {retries.py:91} DEBUG - Running RenderedTaskInstanceFields.write with retries. Try 1 of 3
[2025-06-16T15:43:54.459+0000] {retries.py:91} DEBUG - Running RenderedTaskInstanceFields._do_delete_old_records with retries. Try 1 of 3
[2025-06-16T15:43:54.482+0000] {taskinstance.py:2648} INFO - Exporting env vars: AIRFLOW_CTX_DAG_OWNER='***' AIRFLOW_CTX_DAG_ID='globalsuperstore' AIRFLOW_CTX_TASK_ID='extract.extract_and_load_to_staging' AIRFLOW_CTX_EXECUTION_DATE='2025-06-16T15:43:53.432657+00:00' AIRFLOW_CTX_TRY_NUMBER='1' AIRFLOW_CTX_DAG_RUN_ID='manual__2025-06-16T15:43:53.432657+00:00'
[2025-06-16T15:43:54.483+0000] {__init__.py:115} DEBUG - Preparing lineage inlets and outlets
[2025-06-16T15:43:54.484+0000] {__init__.py:154} DEBUG - inlets: [], outlets: []
[2025-06-16T15:43:54.485+0000] {taskinstance.py:430} INFO - ::endgroup::
[2025-06-16T15:43:55.182+0000] {base.py:84} INFO - Using connection ID 'postgres' for task execution.
[2025-06-16T15:43:55.183+0000] {logging_mixin.py:188} INFO - ⏳ Đang tải dữ liệu từ bảng Category...
[2025-06-16T15:43:55.195+0000] {base.py:84} INFO - Using connection ID 'mysql' for task execution.
[2025-06-16T15:43:55.279+0000] {logging_mixin.py:188} WARNING - /home/***/.local/lib/python3.10/site-packages/***/providers/common/sql/hooks/sql.py:263 UserWarning: pandas only supports SQLAlchemy connectable (engine/connection) or database string URI or sqlite3 DBAPI2 connection. Other DBAPI2 objects are not tested. Please consider using SQLAlchemy.
[2025-06-16T15:43:55.868+0000] {logging_mixin.py:188} INFO - ✔ Đã load Category → staging.stg_Category
[2025-06-16T15:43:55.871+0000] {logging_mixin.py:188} INFO - ⏳ Đang tải dữ liệu từ bảng Customer...
[2025-06-16T15:43:55.890+0000] {base.py:84} INFO - Using connection ID 'mysql' for task execution.
[2025-06-16T15:43:55.900+0000] {logging_mixin.py:188} WARNING - /home/***/.local/lib/python3.10/site-packages/***/providers/common/sql/hooks/sql.py:263 UserWarning: pandas only supports SQLAlchemy connectable (engine/connection) or database string URI or sqlite3 DBAPI2 connection. Other DBAPI2 objects are not tested. Please consider using SQLAlchemy.
[2025-06-16T15:43:56.409+0000] {logging_mixin.py:188} INFO - ✔ Đã load Customer → staging.stg_Customer
[2025-06-16T15:43:56.409+0000] {logging_mixin.py:188} INFO - ⏳ Đang tải dữ liệu từ bảng Order_Details...
[2025-06-16T15:43:56.429+0000] {base.py:84} INFO - Using connection ID 'mysql' for task execution.
[2025-06-16T15:43:56.442+0000] {logging_mixin.py:188} WARNING - /home/***/.local/lib/python3.10/site-packages/***/providers/common/sql/hooks/sql.py:263 UserWarning: pandas only supports SQLAlchemy connectable (engine/connection) or database string URI or sqlite3 DBAPI2 connection. Other DBAPI2 objects are not tested. Please consider using SQLAlchemy.
[2025-06-16T15:43:59.348+0000] {retries.py:91} DEBUG - Running Job._fetch_from_db with retries. Try 1 of 3
[2025-06-16T15:43:59.370+0000] {retries.py:91} DEBUG - Running Job._update_heartbeat with retries. Try 1 of 3
[2025-06-16T15:43:59.395+0000] {job.py:214} DEBUG - [heartbeat]
[2025-06-16T15:44:04.398+0000] {retries.py:91} DEBUG - Running Job._fetch_from_db with retries. Try 1 of 3
[2025-06-16T15:44:04.462+0000] {retries.py:91} DEBUG - Running Job._update_heartbeat with retries. Try 1 of 3
[2025-06-16T15:44:04.543+0000] {job.py:214} DEBUG - [heartbeat]
[2025-06-16T15:44:09.580+0000] {retries.py:91} DEBUG - Running Job._fetch_from_db with retries. Try 1 of 3
[2025-06-16T15:44:09.609+0000] {retries.py:91} DEBUG - Running Job._update_heartbeat with retries. Try 1 of 3
[2025-06-16T15:44:09.629+0000] {job.py:214} DEBUG - [heartbeat]
[2025-06-16T15:44:13.683+0000] {logging_mixin.py:188} INFO - ✔ Đã load Order_Details → staging.stg_Order_Details
[2025-06-16T15:44:13.687+0000] {logging_mixin.py:188} INFO - ⏳ Đang tải dữ liệu từ bảng Orders...
[2025-06-16T15:44:13.703+0000] {base.py:84} INFO - Using connection ID 'mysql' for task execution.
[2025-06-16T15:44:13.766+0000] {logging_mixin.py:188} WARNING - /home/***/.local/lib/python3.10/site-packages/***/providers/common/sql/hooks/sql.py:263 UserWarning: pandas only supports SQLAlchemy connectable (engine/connection) or database string URI or sqlite3 DBAPI2 connection. Other DBAPI2 objects are not tested. Please consider using SQLAlchemy.
[2025-06-16T15:44:14.655+0000] {retries.py:91} DEBUG - Running Job._fetch_from_db with retries. Try 1 of 3
[2025-06-16T15:44:14.663+0000] {retries.py:91} DEBUG - Running Job._update_heartbeat with retries. Try 1 of 3
[2025-06-16T15:44:14.675+0000] {job.py:214} DEBUG - [heartbeat]
[2025-06-16T15:44:18.834+0000] {logging_mixin.py:188} INFO - ✔ Đã load Orders → staging.stg_Orders
[2025-06-16T15:44:18.835+0000] {logging_mixin.py:188} INFO - ⏳ Đang tải dữ liệu từ bảng Product...
[2025-06-16T15:44:18.840+0000] {base.py:84} INFO - Using connection ID 'mysql' for task execution.
[2025-06-16T15:44:18.844+0000] {logging_mixin.py:188} WARNING - /home/***/.local/lib/python3.10/site-packages/***/providers/common/sql/hooks/sql.py:263 UserWarning: pandas only supports SQLAlchemy connectable (engine/connection) or database string URI or sqlite3 DBAPI2 connection. Other DBAPI2 objects are not tested. Please consider using SQLAlchemy.
[2025-06-16T15:44:19.601+0000] {logging_mixin.py:188} INFO - ✔ Đã load Product → staging.stg_Product
[2025-06-16T15:44:19.601+0000] {logging_mixin.py:188} INFO - ⏳ Đang tải dữ liệu từ bảng Sub_Category...
[2025-06-16T15:44:19.606+0000] {base.py:84} INFO - Using connection ID 'mysql' for task execution.
[2025-06-16T15:44:19.611+0000] {logging_mixin.py:188} WARNING - /home/***/.local/lib/python3.10/site-packages/***/providers/common/sql/hooks/sql.py:263 UserWarning: pandas only supports SQLAlchemy connectable (engine/connection) or database string URI or sqlite3 DBAPI2 connection. Other DBAPI2 objects are not tested. Please consider using SQLAlchemy.
[2025-06-16T15:44:19.642+0000] {logging_mixin.py:188} INFO - ✔ Đã load Sub_Category → staging.stg_Sub_Category
[2025-06-16T15:44:19.643+0000] {python.py:237} INFO - Done. Returned value was: None
[2025-06-16T15:44:19.644+0000] {taskinstance.py:441} INFO - ::group::Post task execution logs
[2025-06-16T15:44:19.645+0000] {__init__.py:77} DEBUG - Lineage called with inlets: [], outlets: []
[2025-06-16T15:44:19.653+0000] {taskinstance.py:584} DEBUG - Clearing next_method and next_kwargs.
[2025-06-16T15:44:19.654+0000] {taskinstance.py:1206} INFO - Marking task as SUCCESS. dag_id=globalsuperstore, task_id=extract.extract_and_load_to_staging, run_id=manual__2025-06-16T15:43:53.432657+00:00, execution_date=20250616T154353, start_date=20250616T154354, end_date=20250616T154419
[2025-06-16T15:44:19.654+0000] {taskinstance.py:562} DEBUG - Task Duration set to 25.379358
[2025-06-16T15:44:19.668+0000] {cli_action_loggers.py:88} DEBUG - Calling callbacks: []
[2025-06-16T15:44:19.708+0000] {local_task_job_runner.py:240} INFO - Task exited with return code 0
[2025-06-16T15:44:19.745+0000] {dagrun.py:931} DEBUG - number of tis tasks for <DagRun globalsuperstore @ 2025-06-16 15:43:53.432657+00:00: manual__2025-06-16T15:43:53.432657+00:00, state:running, queued_at: 2025-06-16 15:43:53.454343+00:00. externally triggered: True>: 7 task(s)
[2025-06-16T15:44:19.746+0000] {dagrun.py:952} DEBUG - number of scheduleable tasks for <DagRun globalsuperstore @ 2025-06-16 15:43:53.432657+00:00: manual__2025-06-16T15:43:53.432657+00:00, state:running, queued_at: 2025-06-16 15:43:53.454343+00:00. externally triggered: True>: 6 task(s)
[2025-06-16T15:44:19.747+0000] {taskinstance.py:2088} DEBUG - <TaskInstance: globalsuperstore.transform.transform_dim_customers manual__2025-06-16T15:43:53.432657+00:00 [None]> dependency 'Previous Dagrun State' PASSED: True, The task did not have depends_on_past set.
[2025-06-16T15:44:19.751+0000] {taskinstance.py:2088} DEBUG - <TaskInstance: globalsuperstore.transform.transform_dim_customers manual__2025-06-16T15:43:53.432657+00:00 [None]> dependency 'Not In Retry Period' PASSED: True, The task instance was not marked for retrying.
[2025-06-16T15:44:19.751+0000] {taskinstance.py:2076} DEBUG - Dependencies all met for dep_context=None ti=<TaskInstance: globalsuperstore.transform.transform_dim_customers manual__2025-06-16T15:43:53.432657+00:00 [None]>
[2025-06-16T15:44:19.752+0000] {taskinstance.py:2088} DEBUG - <TaskInstance: globalsuperstore.transform.transform_dim_products manual__2025-06-16T15:43:53.432657+00:00 [None]> dependency 'Previous Dagrun State' PASSED: True, The task did not have depends_on_past set.
[2025-06-16T15:44:19.753+0000] {taskinstance.py:2088} DEBUG - <TaskInstance: globalsuperstore.transform.transform_dim_products manual__2025-06-16T15:43:53.432657+00:00 [None]> dependency 'Not In Retry Period' PASSED: True, The task instance was not marked for retrying.
[2025-06-16T15:44:19.753+0000] {taskinstance.py:2076} DEBUG - Dependencies all met for dep_context=None ti=<TaskInstance: globalsuperstore.transform.transform_dim_products manual__2025-06-16T15:43:53.432657+00:00 [None]>
[2025-06-16T15:44:19.753+0000] {taskinstance.py:2088} DEBUG - <TaskInstance: globalsuperstore.transform.transform_dim_locations manual__2025-06-16T15:43:53.432657+00:00 [None]> dependency 'Previous Dagrun State' PASSED: True, The task did not have depends_on_past set.
[2025-06-16T15:44:19.754+0000] {taskinstance.py:2088} DEBUG - <TaskInstance: globalsuperstore.transform.transform_dim_locations manual__2025-06-16T15:43:53.432657+00:00 [None]> dependency 'Not In Retry Period' PASSED: True, The task instance was not marked for retrying.
[2025-06-16T15:44:19.754+0000] {taskinstance.py:2076} DEBUG - Dependencies all met for dep_context=None ti=<TaskInstance: globalsuperstore.transform.transform_dim_locations manual__2025-06-16T15:43:53.432657+00:00 [None]>
[2025-06-16T15:44:19.754+0000] {taskinstance.py:2088} DEBUG - <TaskInstance: globalsuperstore.transform.transform_dim_shipmode manual__2025-06-16T15:43:53.432657+00:00 [None]> dependency 'Previous Dagrun State' PASSED: True, The task did not have depends_on_past set.
[2025-06-16T15:44:19.755+0000] {taskinstance.py:2088} DEBUG - <TaskInstance: globalsuperstore.transform.transform_dim_shipmode manual__2025-06-16T15:43:53.432657+00:00 [None]> dependency 'Not In Retry Period' PASSED: True, The task instance was not marked for retrying.
[2025-06-16T15:44:19.755+0000] {taskinstance.py:2076} DEBUG - Dependencies all met for dep_context=None ti=<TaskInstance: globalsuperstore.transform.transform_dim_shipmode manual__2025-06-16T15:43:53.432657+00:00 [None]>
[2025-06-16T15:44:19.756+0000] {taskinstance.py:2088} DEBUG - <TaskInstance: globalsuperstore.transform.transform_dim_date manual__2025-06-16T15:43:53.432657+00:00 [None]> dependency 'Previous Dagrun State' PASSED: True, The task did not have depends_on_past set.
[2025-06-16T15:44:19.756+0000] {taskinstance.py:2088} DEBUG - <TaskInstance: globalsuperstore.transform.transform_dim_date manual__2025-06-16T15:43:53.432657+00:00 [None]> dependency 'Not In Retry Period' PASSED: True, The task instance was not marked for retrying.
[2025-06-16T15:44:19.756+0000] {taskinstance.py:2076} DEBUG - Dependencies all met for dep_context=None ti=<TaskInstance: globalsuperstore.transform.transform_dim_date manual__2025-06-16T15:43:53.432657+00:00 [None]>
[2025-06-16T15:44:19.756+0000] {taskinstance.py:2088} DEBUG - <TaskInstance: globalsuperstore.load.transform_fact_sales manual__2025-06-16T15:43:53.432657+00:00 [None]> dependency 'Previous Dagrun State' PASSED: True, The task did not have depends_on_past set.
[2025-06-16T15:44:19.757+0000] {taskinstance.py:2088} DEBUG - <TaskInstance: globalsuperstore.load.transform_fact_sales manual__2025-06-16T15:43:53.432657+00:00 [None]> dependency 'Trigger Rule' PASSED: False, Task's trigger rule 'all_success' requires all upstream tasks to have succeeded, but found 5 non-success(es). upstream_states=_UpstreamTIStates(success=0, skipped=0, failed=0, upstream_failed=0, removed=0, done=0, success_setup=0, skipped_setup=0), upstream_task_ids={'transform.transform_dim_products', 'transform.transform_dim_locations', 'transform.transform_dim_customers', 'transform.transform_dim_date', 'transform.transform_dim_shipmode'}
[2025-06-16T15:44:19.757+0000] {taskinstance.py:2066} DEBUG - Dependencies not met for <TaskInstance: globalsuperstore.load.transform_fact_sales manual__2025-06-16T15:43:53.432657+00:00 [None]>, dependency 'Trigger Rule' FAILED: Task's trigger rule 'all_success' requires all upstream tasks to have succeeded, but found 5 non-success(es). upstream_states=_UpstreamTIStates(success=0, skipped=0, failed=0, upstream_failed=0, removed=0, done=0, success_setup=0, skipped_setup=0), upstream_task_ids={'transform.transform_dim_products', 'transform.transform_dim_locations', 'transform.transform_dim_customers', 'transform.transform_dim_date', 'transform.transform_dim_shipmode'}
[2025-06-16T15:44:19.758+0000] {taskinstance.py:2088} DEBUG - <TaskInstance: globalsuperstore.load.transform_fact_sales manual__2025-06-16T15:43:53.432657+00:00 [None]> dependency 'Not In Retry Period' PASSED: True, The task instance was not marked for retrying.
[2025-06-16T15:44:19.770+0000] {taskinstance.py:3503} INFO - 5 downstream tasks scheduled from follow-on schedule check
[2025-06-16T15:44:19.773+0000] {local_task_job_runner.py:222} INFO - ::endgroup::
