[2025-06-13T15:22:50.883+0000] {local_task_job_runner.py:120} INFO - ::group::Pre task execution logs
[2025-06-13T15:22:50.936+0000] {taskinstance.py:2076} INFO - Dependencies all met for dep_context=non-requeueable deps ti=<TaskInstance: GlobalSuperStore_dw_etl.extract.extract_and_load_to_staging scheduled__2025-06-12T00:00:00+00:00 [queued]>
[2025-06-13T15:22:50.950+0000] {taskinstance.py:2076} INFO - Dependencies all met for dep_context=requeueable deps ti=<TaskInstance: GlobalSuperStore_dw_etl.extract.extract_and_load_to_staging scheduled__2025-06-12T00:00:00+00:00 [queued]>
[2025-06-13T15:22:50.952+0000] {taskinstance.py:2306} INFO - Starting attempt 1 of 1
[2025-06-13T15:22:50.977+0000] {taskinstance.py:2330} INFO - Executing <Task(PythonOperator): extract.extract_and_load_to_staging> on 2025-06-12 00:00:00+00:00
[2025-06-13T15:22:50.988+0000] {standard_task_runner.py:63} INFO - Started process 1248 to run task
[2025-06-13T15:22:50.993+0000] {standard_task_runner.py:90} INFO - Running: ['***', 'tasks', 'run', 'GlobalSuperStore_dw_etl', 'extract.extract_and_load_to_staging', 'scheduled__2025-06-12T00:00:00+00:00', '--job-id', '234', '--raw', '--subdir', 'DAGS_FOLDER/globalSuperstore.py', '--cfg-path', '/tmp/tmpmt8nd15y']
[2025-06-13T15:22:50.996+0000] {standard_task_runner.py:91} INFO - Job 234: Subtask extract.extract_and_load_to_staging
[2025-06-13T15:22:51.058+0000] {task_command.py:426} INFO - Running <TaskInstance: GlobalSuperStore_dw_etl.extract.extract_and_load_to_staging scheduled__2025-06-12T00:00:00+00:00 [running]> on host e90be8120eaa
[2025-06-13T15:22:51.463+0000] {taskinstance.py:2648} INFO - Exporting env vars: AIRFLOW_CTX_DAG_OWNER='***' AIRFLOW_CTX_DAG_ID='GlobalSuperStore_dw_etl' AIRFLOW_CTX_TASK_ID='extract.extract_and_load_to_staging' AIRFLOW_CTX_EXECUTION_DATE='2025-06-12T00:00:00+00:00' AIRFLOW_CTX_TRY_NUMBER='1' AIRFLOW_CTX_DAG_RUN_ID='scheduled__2025-06-12T00:00:00+00:00'
[2025-06-13T15:22:51.464+0000] {taskinstance.py:430} INFO - ::endgroup::
[2025-06-13T15:22:51.486+0000] {base.py:84} INFO - Using connection ID 'mysql' for task execution.
[2025-06-13T15:22:51.496+0000] {taskinstance.py:441} INFO - ::group::Post task execution logs
[2025-06-13T15:22:51.497+0000] {taskinstance.py:2905} ERROR - Task failed with exception
Traceback (most recent call last):
  File "/home/airflow/.local/lib/python3.10/site-packages/airflow/models/taskinstance.py", line 465, in _execute_task
    result = _execute_callable(context=context, **execute_callable_kwargs)
  File "/home/airflow/.local/lib/python3.10/site-packages/airflow/models/taskinstance.py", line 432, in _execute_callable
    return execute_callable(context=context, **execute_callable_kwargs)
  File "/home/airflow/.local/lib/python3.10/site-packages/airflow/models/baseoperator.py", line 401, in wrapper
    return func(self, *args, **kwargs)
  File "/home/airflow/.local/lib/python3.10/site-packages/airflow/operators/python.py", line 235, in execute
    return_value = self.execute_callable()
  File "/home/airflow/.local/lib/python3.10/site-packages/airflow/operators/python.py", line 252, in execute_callable
    return self.python_callable(*self.op_args, **self.op_kwargs)
  File "/opt/airflow/dags/extract_data.py", line 26, in extract_and_load_to_staging
    df = source_operator.get_data_to_pd(f"SELECT * FROM {table}")
  File "/opt/airflow/plugins/mysql_operator.py", line 14, in get_data_to_pd
    return self.mysqlhook.get_pandas_df(query)
  File "/home/airflow/.local/lib/python3.10/site-packages/airflow/providers/common/sql/hooks/sql.py", line 262, in get_pandas_df
    with closing(self.get_conn()) as conn:
  File "/home/airflow/.local/lib/python3.10/site-packages/airflow/providers/mysql/hooks/mysql.py", line 196, in get_conn
    return MySQLdb.connect(**conn_config)
  File "/home/airflow/.local/lib/python3.10/site-packages/MySQLdb/__init__.py", line 121, in Connect
    return Connection(*args, **kwargs)
  File "/home/airflow/.local/lib/python3.10/site-packages/MySQLdb/connections.py", line 195, in __init__
    super().__init__(*args, **kwargs2)
MySQLdb.OperationalError: (1044, "Access denied for user '***'@'%' to database 'mysql'")
[2025-06-13T15:22:51.508+0000] {taskinstance.py:1206} INFO - Marking task as FAILED. dag_id=GlobalSuperStore_dw_etl, task_id=extract.extract_and_load_to_staging, run_id=scheduled__2025-06-12T00:00:00+00:00, execution_date=20250612T000000, start_date=20250613T152250, end_date=20250613T152251
[2025-06-13T15:22:51.527+0000] {standard_task_runner.py:110} ERROR - Failed to execute job 234 for task extract.extract_and_load_to_staging ((1044, "Access denied for user '***'@'%' to database 'mysql'"); 1248)
[2025-06-13T15:22:51.567+0000] {local_task_job_runner.py:240} INFO - Task exited with return code 1
[2025-06-13T15:22:51.583+0000] {taskinstance.py:3503} INFO - 0 downstream tasks scheduled from follow-on schedule check
[2025-06-13T15:22:51.586+0000] {local_task_job_runner.py:222} INFO - ::endgroup::
[2025-06-13T16:34:28.571+0000] {local_task_job_runner.py:120} INFO - ::group::Pre task execution logs
[2025-06-13T16:34:29.234+0000] {taskinstance.py:2076} INFO - Dependencies all met for dep_context=non-requeueable deps ti=<TaskInstance: GlobalSuperStore_dw_etl.extract.extract_and_load_to_staging scheduled__2025-06-12T00:00:00+00:00 [queued]>
[2025-06-13T16:34:29.294+0000] {taskinstance.py:2076} INFO - Dependencies all met for dep_context=requeueable deps ti=<TaskInstance: GlobalSuperStore_dw_etl.extract.extract_and_load_to_staging scheduled__2025-06-12T00:00:00+00:00 [queued]>
[2025-06-13T16:34:29.295+0000] {taskinstance.py:2306} INFO - Starting attempt 1 of 1
[2025-06-13T16:34:29.349+0000] {taskinstance.py:2330} INFO - Executing <Task(PythonOperator): extract.extract_and_load_to_staging> on 2025-06-12 00:00:00+00:00
[2025-06-13T16:34:29.393+0000] {standard_task_runner.py:63} INFO - Started process 358 to run task
[2025-06-13T16:34:29.480+0000] {standard_task_runner.py:90} INFO - Running: ['***', 'tasks', 'run', 'GlobalSuperStore_dw_etl', 'extract.extract_and_load_to_staging', 'scheduled__2025-06-12T00:00:00+00:00', '--job-id', '2', '--raw', '--subdir', 'DAGS_FOLDER/globalSuperstore.py', '--cfg-path', '/tmp/tmpeub0wg1x']
[2025-06-13T16:34:29.509+0000] {standard_task_runner.py:91} INFO - Job 2: Subtask extract.extract_and_load_to_staging
[2025-06-13T16:34:29.953+0000] {task_command.py:426} INFO - Running <TaskInstance: GlobalSuperStore_dw_etl.extract.extract_and_load_to_staging scheduled__2025-06-12T00:00:00+00:00 [running]> on host 974b1f16b471
[2025-06-13T16:34:30.534+0000] {taskinstance.py:2648} INFO - Exporting env vars: AIRFLOW_CTX_DAG_OWNER='***' AIRFLOW_CTX_DAG_ID='GlobalSuperStore_dw_etl' AIRFLOW_CTX_TASK_ID='extract.extract_and_load_to_staging' AIRFLOW_CTX_EXECUTION_DATE='2025-06-12T00:00:00+00:00' AIRFLOW_CTX_TRY_NUMBER='1' AIRFLOW_CTX_DAG_RUN_ID='scheduled__2025-06-12T00:00:00+00:00'
[2025-06-13T16:34:30.537+0000] {taskinstance.py:430} INFO - ::endgroup::
[2025-06-13T16:34:30.834+0000] {taskinstance.py:441} INFO - ::group::Post task execution logs
[2025-06-13T16:34:30.895+0000] {taskinstance.py:2905} ERROR - Task failed with exception
Traceback (most recent call last):
  File "/home/airflow/.local/lib/python3.10/site-packages/airflow/models/taskinstance.py", line 465, in _execute_task
    result = _execute_callable(context=context, **execute_callable_kwargs)
  File "/home/airflow/.local/lib/python3.10/site-packages/airflow/models/taskinstance.py", line 432, in _execute_callable
    return execute_callable(context=context, **execute_callable_kwargs)
  File "/home/airflow/.local/lib/python3.10/site-packages/airflow/models/baseoperator.py", line 401, in wrapper
    return func(self, *args, **kwargs)
  File "/home/airflow/.local/lib/python3.10/site-packages/airflow/operators/python.py", line 235, in execute
    return_value = self.execute_callable()
  File "/home/airflow/.local/lib/python3.10/site-packages/airflow/operators/python.py", line 252, in execute_callable
    return self.python_callable(*self.op_args, **self.op_kwargs)
  File "/opt/airflow/dags/extract_data.py", line 27, in extract_and_load_to_staging
    df = source_operator.get_data_to_pd(f"SELECT * FROM {table}")
  File "/opt/airflow/plugins/mysql_operator.py", line 14, in get_data_to_pd
    return self.mysqlhook.get_pandas_df(query)
  File "/home/airflow/.local/lib/python3.10/site-packages/airflow/providers/common/sql/hooks/sql.py", line 262, in get_pandas_df
    with closing(self.get_conn()) as conn:
  File "/home/airflow/.local/lib/python3.10/site-packages/airflow/providers/mysql/hooks/mysql.py", line 188, in get_conn
    conn = self.connection or self.get_connection(getattr(self, self.conn_name_attr))
  File "/home/airflow/.local/lib/python3.10/site-packages/airflow/hooks/base.py", line 83, in get_connection
    conn = Connection.get_connection_from_secrets(conn_id)
  File "/home/airflow/.local/lib/python3.10/site-packages/airflow/models/connection.py", line 519, in get_connection_from_secrets
    raise AirflowNotFoundException(f"The conn_id `{conn_id}` isn't defined")
airflow.exceptions.AirflowNotFoundException: The conn_id `mysql` isn't defined
[2025-06-13T16:34:30.962+0000] {taskinstance.py:1206} INFO - Marking task as FAILED. dag_id=GlobalSuperStore_dw_etl, task_id=extract.extract_and_load_to_staging, run_id=scheduled__2025-06-12T00:00:00+00:00, execution_date=20250612T000000, start_date=20250613T163429, end_date=20250613T163430
[2025-06-13T16:34:31.008+0000] {standard_task_runner.py:110} ERROR - Failed to execute job 2 for task extract.extract_and_load_to_staging (The conn_id `mysql` isn't defined; 358)
[2025-06-13T16:34:31.085+0000] {local_task_job_runner.py:240} INFO - Task exited with return code 1
[2025-06-13T16:34:31.118+0000] {taskinstance.py:3503} INFO - 0 downstream tasks scheduled from follow-on schedule check
[2025-06-13T16:34:31.122+0000] {local_task_job_runner.py:222} INFO - ::endgroup::
[2025-06-13T16:55:48.731+0000] {local_task_job_runner.py:120} INFO - ::group::Pre task execution logs
[2025-06-13T16:55:49.121+0000] {taskinstance.py:2076} INFO - Dependencies all met for dep_context=non-requeueable deps ti=<TaskInstance: GlobalSuperStore_dw_etl.extract.extract_and_load_to_staging scheduled__2025-06-12T00:00:00+00:00 [queued]>
[2025-06-13T16:55:49.139+0000] {taskinstance.py:2076} INFO - Dependencies all met for dep_context=requeueable deps ti=<TaskInstance: GlobalSuperStore_dw_etl.extract.extract_and_load_to_staging scheduled__2025-06-12T00:00:00+00:00 [queued]>
[2025-06-13T16:55:49.139+0000] {taskinstance.py:2306} INFO - Starting attempt 1 of 1
[2025-06-13T16:55:49.170+0000] {taskinstance.py:2330} INFO - Executing <Task(PythonOperator): extract.extract_and_load_to_staging> on 2025-06-12 00:00:00+00:00
[2025-06-13T16:55:49.188+0000] {standard_task_runner.py:63} INFO - Started process 256 to run task
[2025-06-13T16:55:49.199+0000] {standard_task_runner.py:90} INFO - Running: ['***', 'tasks', 'run', 'GlobalSuperStore_dw_etl', 'extract.extract_and_load_to_staging', 'scheduled__2025-06-12T00:00:00+00:00', '--job-id', '3', '--raw', '--subdir', 'DAGS_FOLDER/globalSuperstore.py', '--cfg-path', '/tmp/tmp5bggedpu']
[2025-06-13T16:55:49.201+0000] {standard_task_runner.py:91} INFO - Job 3: Subtask extract.extract_and_load_to_staging
[2025-06-13T16:55:49.308+0000] {task_command.py:426} INFO - Running <TaskInstance: GlobalSuperStore_dw_etl.extract.extract_and_load_to_staging scheduled__2025-06-12T00:00:00+00:00 [running]> on host ce8c7e7a2a87
[2025-06-13T16:55:49.669+0000] {taskinstance.py:2648} INFO - Exporting env vars: AIRFLOW_CTX_DAG_OWNER='***' AIRFLOW_CTX_DAG_ID='GlobalSuperStore_dw_etl' AIRFLOW_CTX_TASK_ID='extract.extract_and_load_to_staging' AIRFLOW_CTX_EXECUTION_DATE='2025-06-12T00:00:00+00:00' AIRFLOW_CTX_TRY_NUMBER='1' AIRFLOW_CTX_DAG_RUN_ID='scheduled__2025-06-12T00:00:00+00:00'
[2025-06-13T16:55:49.674+0000] {taskinstance.py:430} INFO - ::endgroup::
[2025-06-13T16:55:49.833+0000] {taskinstance.py:441} INFO - ::group::Post task execution logs
[2025-06-13T16:55:49.846+0000] {taskinstance.py:2905} ERROR - Task failed with exception
Traceback (most recent call last):
  File "/home/airflow/.local/lib/python3.10/site-packages/airflow/models/taskinstance.py", line 465, in _execute_task
    result = _execute_callable(context=context, **execute_callable_kwargs)
  File "/home/airflow/.local/lib/python3.10/site-packages/airflow/models/taskinstance.py", line 432, in _execute_callable
    return execute_callable(context=context, **execute_callable_kwargs)
  File "/home/airflow/.local/lib/python3.10/site-packages/airflow/models/baseoperator.py", line 401, in wrapper
    return func(self, *args, **kwargs)
  File "/home/airflow/.local/lib/python3.10/site-packages/airflow/operators/python.py", line 235, in execute
    return_value = self.execute_callable()
  File "/home/airflow/.local/lib/python3.10/site-packages/airflow/operators/python.py", line 252, in execute_callable
    return self.python_callable(*self.op_args, **self.op_kwargs)
  File "/opt/airflow/dags/extract_data.py", line 27, in extract_and_load_to_staging
    df = source_operator.get_data_to_pd(f"SELECT * FROM {table}")
  File "/opt/airflow/plugins/mysql_operator.py", line 14, in get_data_to_pd
    return self.mysqlhook.get_pandas_df(query)
  File "/home/airflow/.local/lib/python3.10/site-packages/airflow/providers/common/sql/hooks/sql.py", line 262, in get_pandas_df
    with closing(self.get_conn()) as conn:
  File "/home/airflow/.local/lib/python3.10/site-packages/airflow/providers/mysql/hooks/mysql.py", line 188, in get_conn
    conn = self.connection or self.get_connection(getattr(self, self.conn_name_attr))
  File "/home/airflow/.local/lib/python3.10/site-packages/airflow/hooks/base.py", line 83, in get_connection
    conn = Connection.get_connection_from_secrets(conn_id)
  File "/home/airflow/.local/lib/python3.10/site-packages/airflow/models/connection.py", line 519, in get_connection_from_secrets
    raise AirflowNotFoundException(f"The conn_id `{conn_id}` isn't defined")
airflow.exceptions.AirflowNotFoundException: The conn_id `mysql` isn't defined
[2025-06-13T16:55:49.875+0000] {taskinstance.py:1206} INFO - Marking task as FAILED. dag_id=GlobalSuperStore_dw_etl, task_id=extract.extract_and_load_to_staging, run_id=scheduled__2025-06-12T00:00:00+00:00, execution_date=20250612T000000, start_date=20250613T165549, end_date=20250613T165549
[2025-06-13T16:55:49.906+0000] {standard_task_runner.py:110} ERROR - Failed to execute job 3 for task extract.extract_and_load_to_staging (The conn_id `mysql` isn't defined; 256)
[2025-06-13T16:55:49.992+0000] {local_task_job_runner.py:240} INFO - Task exited with return code 1
[2025-06-13T16:55:50.035+0000] {taskinstance.py:3503} INFO - 0 downstream tasks scheduled from follow-on schedule check
[2025-06-13T16:55:50.041+0000] {local_task_job_runner.py:222} INFO - ::endgroup::
