[2025-06-17T02:31:23.792+0000] {taskinstance.py:1042} DEBUG - previous_execution_date was called
[2025-06-17T02:31:23.838+0000] {__init__.py:54} DEBUG - Loading core task runner: StandardTaskRunner
[2025-06-17T02:31:23.863+0000] {taskinstance.py:1042} DEBUG - previous_execution_date was called
[2025-06-17T02:31:23.873+0000] {base_task_runner.py:73} DEBUG - Planning to run as the  user
[2025-06-17T02:31:23.890+0000] {local_task_job_runner.py:120} INFO - ::group::Pre task execution logs
[2025-06-17T02:31:23.992+0000] {taskinstance.py:2088} DEBUG - <TaskInstance: globalsuperstore.transform.transform_dim_products manual__2025-06-17T02:30:53.171636+00:00 [queued]> dependency 'Task Instance Not Running' PASSED: True, Task is not in running state.
[2025-06-17T02:31:24.003+0000] {taskinstance.py:2088} DEBUG - <TaskInstance: globalsuperstore.transform.transform_dim_products manual__2025-06-17T02:30:53.171636+00:00 [queued]> dependency 'Task Instance State' PASSED: True, Task state queued was valid.
[2025-06-17T02:31:24.005+0000] {taskinstance.py:2088} DEBUG - <TaskInstance: globalsuperstore.transform.transform_dim_products manual__2025-06-17T02:30:53.171636+00:00 [queued]> dependency 'Not In Retry Period' PASSED: True, The task instance was not marked for retrying.
[2025-06-17T02:31:24.005+0000] {taskinstance.py:2088} DEBUG - <TaskInstance: globalsuperstore.transform.transform_dim_products manual__2025-06-17T02:30:53.171636+00:00 [queued]> dependency 'Previous Dagrun State' PASSED: True, The task did not have depends_on_past set.
[2025-06-17T02:31:24.006+0000] {taskinstance.py:2076} INFO - Dependencies all met for dep_context=non-requeueable deps ti=<TaskInstance: globalsuperstore.transform.transform_dim_products manual__2025-06-17T02:30:53.171636+00:00 [queued]>
[2025-06-17T02:31:24.015+0000] {taskinstance.py:2088} DEBUG - <TaskInstance: globalsuperstore.transform.transform_dim_products manual__2025-06-17T02:30:53.171636+00:00 [queued]> dependency 'Pool Slots Available' PASSED: True, There are enough open slots in default_pool to execute the task
[2025-06-17T02:31:24.016+0000] {taskinstance.py:2088} DEBUG - <TaskInstance: globalsuperstore.transform.transform_dim_products manual__2025-06-17T02:30:53.171636+00:00 [queued]> dependency 'Task Concurrency' PASSED: True, Task concurrency is not set.
[2025-06-17T02:31:24.020+0000] {taskinstance.py:2088} DEBUG - <TaskInstance: globalsuperstore.transform.transform_dim_products manual__2025-06-17T02:30:53.171636+00:00 [queued]> dependency 'Not In Retry Period' PASSED: True, The task instance was not marked for retrying.
[2025-06-17T02:31:24.021+0000] {taskinstance.py:2088} DEBUG - <TaskInstance: globalsuperstore.transform.transform_dim_products manual__2025-06-17T02:30:53.171636+00:00 [queued]> dependency 'Previous Dagrun State' PASSED: True, The task did not have depends_on_past set.
[2025-06-17T02:31:24.021+0000] {taskinstance.py:2076} INFO - Dependencies all met for dep_context=requeueable deps ti=<TaskInstance: globalsuperstore.transform.transform_dim_products manual__2025-06-17T02:30:53.171636+00:00 [queued]>
[2025-06-17T02:31:24.022+0000] {taskinstance.py:2306} INFO - Starting attempt 1 of 1
[2025-06-17T02:31:24.061+0000] {taskinstance.py:2330} INFO - Executing <Task(PythonOperator): transform.transform_dim_products> on 2025-06-17 02:30:53.171636+00:00
[2025-06-17T02:31:24.073+0000] {standard_task_runner.py:63} INFO - Started process 362 to run task
[2025-06-17T02:31:24.082+0000] {standard_task_runner.py:90} INFO - Running: ['***', 'tasks', 'run', 'globalsuperstore', 'transform.transform_dim_products', 'manual__2025-06-17T02:30:53.171636+00:00', '--job-id', '393', '--raw', '--subdir', 'DAGS_FOLDER/global_superstore_dw_etl.py', '--cfg-path', '/tmp/tmpekcc63kn']
[2025-06-17T02:31:24.085+0000] {standard_task_runner.py:91} INFO - Job 393: Subtask transform.transform_dim_products
[2025-06-17T02:31:24.086+0000] {cli_action_loggers.py:70} DEBUG - Calling callbacks: [<function default_action_log at 0x7f821ad2d750>]
[2025-06-17T02:31:24.160+0000] {taskinstance.py:1042} DEBUG - previous_execution_date was called
[2025-06-17T02:31:24.168+0000] {task_command.py:426} INFO - Running <TaskInstance: globalsuperstore.transform.transform_dim_products manual__2025-06-17T02:30:53.171636+00:00 [running]> on host 9b7c60adfed6
[2025-06-17T02:31:24.168+0000] {settings.py:363} DEBUG - Disposing DB connection pool (PID 362)
[2025-06-17T02:31:24.169+0000] {settings.py:250} DEBUG - Setting up DB connection pool (PID 362)
[2025-06-17T02:31:24.170+0000] {settings.py:298} DEBUG - settings.prepare_engine_args(): Using NullPool
[2025-06-17T02:31:24.239+0000] {taskinstance.py:1042} DEBUG - previous_execution_date was called
[2025-06-17T02:31:24.243+0000] {taskinstance.py:1845} DEBUG - Clearing XCom data
[2025-06-17T02:31:24.270+0000] {retries.py:91} DEBUG - Running RenderedTaskInstanceFields.write with retries. Try 1 of 3
[2025-06-17T02:31:24.315+0000] {retries.py:91} DEBUG - Running RenderedTaskInstanceFields._do_delete_old_records with retries. Try 1 of 3
[2025-06-17T02:31:24.344+0000] {taskinstance.py:2648} INFO - Exporting env vars: AIRFLOW_CTX_DAG_OWNER='***' AIRFLOW_CTX_DAG_ID='globalsuperstore' AIRFLOW_CTX_TASK_ID='transform.transform_dim_products' AIRFLOW_CTX_EXECUTION_DATE='2025-06-17T02:30:53.171636+00:00' AIRFLOW_CTX_TRY_NUMBER='1' AIRFLOW_CTX_DAG_RUN_ID='manual__2025-06-17T02:30:53.171636+00:00'
[2025-06-17T02:31:24.345+0000] {__init__.py:115} DEBUG - Preparing lineage inlets and outlets
[2025-06-17T02:31:24.348+0000] {__init__.py:154} DEBUG - inlets: [], outlets: []
[2025-06-17T02:31:24.350+0000] {taskinstance.py:430} INFO - ::endgroup::
[2025-06-17T02:31:24.406+0000] {base.py:84} INFO - Using connection ID 'postgres' for task execution.
[2025-06-17T02:31:24.424+0000] {base.py:84} INFO - Using connection ID 'postgres' for task execution.
[2025-06-17T02:31:24.438+0000] {base.py:84} INFO - Using connection ID 'postgres' for task execution.
[2025-06-17T02:31:24.485+0000] {logging_mixin.py:188} WARNING - /home/***/.local/lib/python3.10/site-packages/***/providers/common/sql/hooks/sql.py:263 UserWarning: pandas only supports SQLAlchemy connectable (engine/connection) or database string URI or sqlite3 DBAPI2 connection. Other DBAPI2 objects are not tested. Please consider using SQLAlchemy.
[2025-06-17T02:31:24.691+0000] {base.py:84} INFO - Using connection ID 'postgres' for task execution.
[2025-06-17T02:31:24.703+0000] {logging_mixin.py:188} WARNING - /home/***/.local/lib/python3.10/site-packages/***/providers/common/sql/hooks/sql.py:263 UserWarning: pandas only supports SQLAlchemy connectable (engine/connection) or database string URI or sqlite3 DBAPI2 connection. Other DBAPI2 objects are not tested. Please consider using SQLAlchemy.
[2025-06-17T02:31:24.739+0000] {base.py:84} INFO - Using connection ID 'postgres' for task execution.
[2025-06-17T02:31:24.752+0000] {logging_mixin.py:188} WARNING - /home/***/.local/lib/python3.10/site-packages/***/providers/common/sql/hooks/sql.py:263 UserWarning: pandas only supports SQLAlchemy connectable (engine/connection) or database string URI or sqlite3 DBAPI2 connection. Other DBAPI2 objects are not tested. Please consider using SQLAlchemy.
[2025-06-17T02:31:26.731+0000] {logging_mixin.py:188} INFO - ✔ Đã lưu dữ liệu vào warehouse.dim_product (10292 dòng)
[2025-06-17T02:31:26.732+0000] {logging_mixin.py:188} INFO - ✔ Đã transform và lưu dữ liệu vào warehouse.dim_product
[2025-06-17T02:31:26.733+0000] {python.py:237} INFO - Done. Returned value was: None
[2025-06-17T02:31:26.734+0000] {taskinstance.py:441} INFO - ::group::Post task execution logs
[2025-06-17T02:31:26.734+0000] {__init__.py:77} DEBUG - Lineage called with inlets: [], outlets: []
[2025-06-17T02:31:26.742+0000] {taskinstance.py:584} DEBUG - Clearing next_method and next_kwargs.
[2025-06-17T02:31:26.743+0000] {taskinstance.py:1206} INFO - Marking task as SUCCESS. dag_id=globalsuperstore, task_id=transform.transform_dim_products, run_id=manual__2025-06-17T02:30:53.171636+00:00, execution_date=20250617T023053, start_date=20250617T023124, end_date=20250617T023126
[2025-06-17T02:31:26.744+0000] {taskinstance.py:562} DEBUG - Task Duration set to 2.736712
[2025-06-17T02:31:26.754+0000] {cli_action_loggers.py:88} DEBUG - Calling callbacks: []
[2025-06-17T02:31:26.786+0000] {local_task_job_runner.py:240} INFO - Task exited with return code 0
[2025-06-17T02:31:26.805+0000] {dagrun.py:931} DEBUG - number of tis tasks for <DagRun globalsuperstore @ 2025-06-17 02:30:53.171636+00:00: manual__2025-06-17T02:30:53.171636+00:00, state:running, queued_at: 2025-06-17 02:30:53.199948+00:00. externally triggered: True>: 6 task(s)
[2025-06-17T02:31:26.806+0000] {dagrun.py:952} DEBUG - number of scheduleable tasks for <DagRun globalsuperstore @ 2025-06-17 02:30:53.171636+00:00: manual__2025-06-17T02:30:53.171636+00:00, state:running, queued_at: 2025-06-17 02:30:53.199948+00:00. externally triggered: True>: 1 task(s)
[2025-06-17T02:31:26.807+0000] {taskinstance.py:2088} DEBUG - <TaskInstance: globalsuperstore.load.transform_fact_sales manual__2025-06-17T02:30:53.171636+00:00 [None]> dependency 'Previous Dagrun State' PASSED: True, The task did not have depends_on_past set.
[2025-06-17T02:31:26.808+0000] {taskinstance.py:2088} DEBUG - <TaskInstance: globalsuperstore.load.transform_fact_sales manual__2025-06-17T02:30:53.171636+00:00 [None]> dependency 'Not In Retry Period' PASSED: True, The task instance was not marked for retrying.
[2025-06-17T02:31:26.808+0000] {taskinstance.py:2076} DEBUG - Dependencies all met for dep_context=None ti=<TaskInstance: globalsuperstore.load.transform_fact_sales manual__2025-06-17T02:30:53.171636+00:00 [None]>
[2025-06-17T02:31:26.812+0000] {taskinstance.py:3503} INFO - 1 downstream tasks scheduled from follow-on schedule check
[2025-06-17T02:31:26.815+0000] {local_task_job_runner.py:222} INFO - ::endgroup::
