[2025-06-16T09:18:06.195+0000] {taskinstance.py:1042} DEBUG - previous_execution_date was called
[2025-06-16T09:18:06.297+0000] {__init__.py:54} DEBUG - Loading core task runner: StandardTaskRunner
[2025-06-16T09:18:06.344+0000] {taskinstance.py:1042} DEBUG - previous_execution_date was called
[2025-06-16T09:18:06.361+0000] {base_task_runner.py:73} DEBUG - Planning to run as the  user
[2025-06-16T09:18:06.449+0000] {local_task_job_runner.py:120} INFO - ::group::Pre task execution logs
[2025-06-16T09:18:06.872+0000] {taskinstance.py:2088} DEBUG - <TaskInstance: globalsuperstore.extract.extract_and_load_to_staging manual__2025-06-16T09:18:01.798447+00:00 [queued]> dependency 'Task Instance State' PASSED: True, Task state queued was valid.
[2025-06-16T09:18:06.873+0000] {taskinstance.py:2088} DEBUG - <TaskInstance: globalsuperstore.extract.extract_and_load_to_staging manual__2025-06-16T09:18:01.798447+00:00 [queued]> dependency 'Not In Retry Period' PASSED: True, The task instance was not marked for retrying.
[2025-06-16T09:18:06.875+0000] {taskinstance.py:2088} DEBUG - <TaskInstance: globalsuperstore.extract.extract_and_load_to_staging manual__2025-06-16T09:18:01.798447+00:00 [queued]> dependency 'Trigger Rule' PASSED: True, The task instance did not have any upstream tasks.
[2025-06-16T09:18:06.877+0000] {taskinstance.py:2088} DEBUG - <TaskInstance: globalsuperstore.extract.extract_and_load_to_staging manual__2025-06-16T09:18:01.798447+00:00 [queued]> dependency 'Previous Dagrun State' PASSED: True, The task did not have depends_on_past set.
[2025-06-16T09:18:06.878+0000] {taskinstance.py:2088} DEBUG - <TaskInstance: globalsuperstore.extract.extract_and_load_to_staging manual__2025-06-16T09:18:01.798447+00:00 [queued]> dependency 'Task Instance Not Running' PASSED: True, Task is not in running state.
[2025-06-16T09:18:06.879+0000] {taskinstance.py:2076} INFO - Dependencies all met for dep_context=non-requeueable deps ti=<TaskInstance: globalsuperstore.extract.extract_and_load_to_staging manual__2025-06-16T09:18:01.798447+00:00 [queued]>
[2025-06-16T09:18:06.895+0000] {taskinstance.py:2088} DEBUG - <TaskInstance: globalsuperstore.extract.extract_and_load_to_staging manual__2025-06-16T09:18:01.798447+00:00 [queued]> dependency 'Not In Retry Period' PASSED: True, The task instance was not marked for retrying.
[2025-06-16T09:18:06.909+0000] {taskinstance.py:2088} DEBUG - <TaskInstance: globalsuperstore.extract.extract_and_load_to_staging manual__2025-06-16T09:18:01.798447+00:00 [queued]> dependency 'Pool Slots Available' PASSED: True, There are enough open slots in default_pool to execute the task
[2025-06-16T09:18:06.910+0000] {taskinstance.py:2088} DEBUG - <TaskInstance: globalsuperstore.extract.extract_and_load_to_staging manual__2025-06-16T09:18:01.798447+00:00 [queued]> dependency 'Trigger Rule' PASSED: True, The task instance did not have any upstream tasks.
[2025-06-16T09:18:06.911+0000] {taskinstance.py:2088} DEBUG - <TaskInstance: globalsuperstore.extract.extract_and_load_to_staging manual__2025-06-16T09:18:01.798447+00:00 [queued]> dependency 'Task Concurrency' PASSED: True, Task concurrency is not set.
[2025-06-16T09:18:06.911+0000] {taskinstance.py:2088} DEBUG - <TaskInstance: globalsuperstore.extract.extract_and_load_to_staging manual__2025-06-16T09:18:01.798447+00:00 [queued]> dependency 'Previous Dagrun State' PASSED: True, The task did not have depends_on_past set.
[2025-06-16T09:18:06.912+0000] {taskinstance.py:2076} INFO - Dependencies all met for dep_context=requeueable deps ti=<TaskInstance: globalsuperstore.extract.extract_and_load_to_staging manual__2025-06-16T09:18:01.798447+00:00 [queued]>
[2025-06-16T09:18:06.913+0000] {taskinstance.py:2306} INFO - Starting attempt 1 of 1
[2025-06-16T09:18:06.967+0000] {taskinstance.py:2330} INFO - Executing <Task(PythonOperator): extract.extract_and_load_to_staging> on 2025-06-16 09:18:01.798447+00:00
[2025-06-16T09:18:07.001+0000] {standard_task_runner.py:63} INFO - Started process 360 to run task
[2025-06-16T09:18:07.013+0000] {standard_task_runner.py:90} INFO - Running: ['***', 'tasks', 'run', 'globalsuperstore', 'extract.extract_and_load_to_staging', 'manual__2025-06-16T09:18:01.798447+00:00', '--job-id', '190', '--raw', '--subdir', 'DAGS_FOLDER/global_superstore_dw_etl.py', '--cfg-path', '/tmp/tmpe0_4lvuv']
[2025-06-16T09:18:07.015+0000] {standard_task_runner.py:91} INFO - Job 190: Subtask extract.extract_and_load_to_staging
[2025-06-16T09:18:07.019+0000] {cli_action_loggers.py:70} DEBUG - Calling callbacks: [<function default_action_log at 0x7faa3cb29750>]
[2025-06-16T09:18:07.144+0000] {taskinstance.py:1042} DEBUG - previous_execution_date was called
[2025-06-16T09:18:07.164+0000] {task_command.py:426} INFO - Running <TaskInstance: globalsuperstore.extract.extract_and_load_to_staging manual__2025-06-16T09:18:01.798447+00:00 [running]> on host a40e01b9e58f
[2025-06-16T09:18:07.167+0000] {settings.py:363} DEBUG - Disposing DB connection pool (PID 360)
[2025-06-16T09:18:07.168+0000] {settings.py:250} DEBUG - Setting up DB connection pool (PID 360)
[2025-06-16T09:18:07.169+0000] {settings.py:298} DEBUG - settings.prepare_engine_args(): Using NullPool
[2025-06-16T09:18:07.298+0000] {taskinstance.py:1042} DEBUG - previous_execution_date was called
[2025-06-16T09:18:07.318+0000] {taskinstance.py:1845} DEBUG - Clearing XCom data
[2025-06-16T09:18:07.416+0000] {retries.py:91} DEBUG - Running RenderedTaskInstanceFields.write with retries. Try 1 of 3
[2025-06-16T09:18:07.505+0000] {retries.py:91} DEBUG - Running RenderedTaskInstanceFields._do_delete_old_records with retries. Try 1 of 3
[2025-06-16T09:18:07.568+0000] {taskinstance.py:2648} INFO - Exporting env vars: AIRFLOW_CTX_DAG_OWNER='***' AIRFLOW_CTX_DAG_ID='globalsuperstore' AIRFLOW_CTX_TASK_ID='extract.extract_and_load_to_staging' AIRFLOW_CTX_EXECUTION_DATE='2025-06-16T09:18:01.798447+00:00' AIRFLOW_CTX_TRY_NUMBER='1' AIRFLOW_CTX_DAG_RUN_ID='manual__2025-06-16T09:18:01.798447+00:00'
[2025-06-16T09:18:07.571+0000] {__init__.py:115} DEBUG - Preparing lineage inlets and outlets
[2025-06-16T09:18:07.573+0000] {__init__.py:154} DEBUG - inlets: [], outlets: []
[2025-06-16T09:18:07.579+0000] {taskinstance.py:430} INFO - ::endgroup::
[2025-06-16T09:18:07.984+0000] {base.py:84} INFO - Using connection ID 'postgres' for task execution.
[2025-06-16T09:18:08.055+0000] {base.py:84} INFO - Using connection ID 'mysql' for task execution.
[2025-06-16T09:18:08.484+0000] {logging_mixin.py:188} WARNING - /home/***/.local/lib/python3.10/site-packages/***/providers/common/sql/hooks/sql.py:263 UserWarning: pandas only supports SQLAlchemy connectable (engine/connection) or database string URI or sqlite3 DBAPI2 connection. Other DBAPI2 objects are not tested. Please consider using SQLAlchemy.
[2025-06-16T09:18:08.814+0000] {taskinstance.py:441} INFO - ::group::Post task execution logs
[2025-06-16T09:18:08.818+0000] {taskinstance.py:2905} ERROR - Task failed with exception
Traceback (most recent call last):
  File "/home/airflow/.local/lib/python3.10/site-packages/airflow/models/taskinstance.py", line 465, in _execute_task
    result = _execute_callable(context=context, **execute_callable_kwargs)
  File "/home/airflow/.local/lib/python3.10/site-packages/airflow/models/taskinstance.py", line 432, in _execute_callable
    return execute_callable(context=context, **execute_callable_kwargs)
  File "/home/airflow/.local/lib/python3.10/site-packages/airflow/models/baseoperator.py", line 401, in wrapper
    return func(self, *args, **kwargs)
  File "/home/airflow/.local/lib/python3.10/site-packages/airflow/operators/python.py", line 235, in execute
    return_value = self.execute_callable()
  File "/home/airflow/.local/lib/python3.10/site-packages/airflow/operators/python.py", line 252, in execute_callable
    return self.python_callable(*self.op_args, **self.op_kwargs)
  File "/opt/airflow/dags/extract_data.py", line 27, in extract_and_load_to_staging
    staging_operator.save_data_to_postgres_1(
AttributeError: 'PostgresOperators' object has no attribute 'save_data_to_postgres_1'
[2025-06-16T09:18:08.922+0000] {taskinstance.py:562} DEBUG - Task Duration set to 2.042096
[2025-06-16T09:18:08.939+0000] {taskinstance.py:584} DEBUG - Clearing next_method and next_kwargs.
[2025-06-16T09:18:08.940+0000] {taskinstance.py:1206} INFO - Marking task as FAILED. dag_id=globalsuperstore, task_id=extract.extract_and_load_to_staging, run_id=manual__2025-06-16T09:18:01.798447+00:00, execution_date=20250616T091801, start_date=20250616T091806, end_date=20250616T091808
[2025-06-16T09:18:08.998+0000] {cli_action_loggers.py:88} DEBUG - Calling callbacks: []
[2025-06-16T09:18:08.999+0000] {standard_task_runner.py:110} ERROR - Failed to execute job 190 for task extract.extract_and_load_to_staging ('PostgresOperators' object has no attribute 'save_data_to_postgres_1'; 360)
[2025-06-16T09:18:09.067+0000] {local_task_job_runner.py:240} INFO - Task exited with return code 1
[2025-06-16T09:18:09.125+0000] {dagrun.py:931} DEBUG - number of tis tasks for <DagRun globalsuperstore @ 2025-06-16 09:18:01.798447+00:00: manual__2025-06-16T09:18:01.798447+00:00, state:running, queued_at: 2025-06-16 09:18:02.164256+00:00. externally triggered: True>: 7 task(s)
[2025-06-16T09:18:09.127+0000] {dagrun.py:952} DEBUG - number of scheduleable tasks for <DagRun globalsuperstore @ 2025-06-16 09:18:01.798447+00:00: manual__2025-06-16T09:18:01.798447+00:00, state:running, queued_at: 2025-06-16 09:18:02.164256+00:00. externally triggered: True>: 6 task(s)
[2025-06-16T09:18:09.128+0000] {taskinstance.py:2088} DEBUG - <TaskInstance: globalsuperstore.transform.transform_dim_customers manual__2025-06-16T09:18:01.798447+00:00 [None]> dependency 'Previous Dagrun State' PASSED: True, The task did not have depends_on_past set.
[2025-06-16T09:18:09.129+0000] {taskinstance.py:2088} DEBUG - <TaskInstance: globalsuperstore.transform.transform_dim_customers manual__2025-06-16T09:18:01.798447+00:00 [None]> dependency 'Not In Retry Period' PASSED: True, The task instance was not marked for retrying.
[2025-06-16T09:18:09.132+0000] {taskinstance.py:1884} DEBUG - Setting task state for <TaskInstance: globalsuperstore.transform.transform_dim_customers manual__2025-06-16T09:18:01.798447+00:00 [None]> to upstream_failed
[2025-06-16T09:18:09.134+0000] {taskinstance.py:2088} DEBUG - <TaskInstance: globalsuperstore.transform.transform_dim_customers manual__2025-06-16T09:18:01.798447+00:00 [upstream_failed]> dependency 'Trigger Rule' PASSED: False, Task's trigger rule 'all_success' requires all upstream tasks to have succeeded, but found 1 non-success(es). upstream_states=_UpstreamTIStates(success=0, skipped=0, failed=1, upstream_failed=0, removed=0, done=1, success_setup=0, skipped_setup=0), upstream_task_ids={'extract.extract_and_load_to_staging'}
[2025-06-16T09:18:09.135+0000] {taskinstance.py:2066} DEBUG - Dependencies not met for <TaskInstance: globalsuperstore.transform.transform_dim_customers manual__2025-06-16T09:18:01.798447+00:00 [upstream_failed]>, dependency 'Trigger Rule' FAILED: Task's trigger rule 'all_success' requires all upstream tasks to have succeeded, but found 1 non-success(es). upstream_states=_UpstreamTIStates(success=0, skipped=0, failed=1, upstream_failed=0, removed=0, done=1, success_setup=0, skipped_setup=0), upstream_task_ids={'extract.extract_and_load_to_staging'}
[2025-06-16T09:18:09.136+0000] {taskinstance.py:2088} DEBUG - <TaskInstance: globalsuperstore.transform.transform_dim_products manual__2025-06-16T09:18:01.798447+00:00 [None]> dependency 'Previous Dagrun State' PASSED: True, The task did not have depends_on_past set.
[2025-06-16T09:18:09.137+0000] {taskinstance.py:2088} DEBUG - <TaskInstance: globalsuperstore.transform.transform_dim_products manual__2025-06-16T09:18:01.798447+00:00 [None]> dependency 'Not In Retry Period' PASSED: True, The task instance was not marked for retrying.
[2025-06-16T09:18:09.137+0000] {taskinstance.py:1884} DEBUG - Setting task state for <TaskInstance: globalsuperstore.transform.transform_dim_products manual__2025-06-16T09:18:01.798447+00:00 [None]> to upstream_failed
[2025-06-16T09:18:09.138+0000] {taskinstance.py:2088} DEBUG - <TaskInstance: globalsuperstore.transform.transform_dim_products manual__2025-06-16T09:18:01.798447+00:00 [upstream_failed]> dependency 'Trigger Rule' PASSED: False, Task's trigger rule 'all_success' requires all upstream tasks to have succeeded, but found 1 non-success(es). upstream_states=_UpstreamTIStates(success=0, skipped=0, failed=1, upstream_failed=0, removed=0, done=1, success_setup=0, skipped_setup=0), upstream_task_ids={'extract.extract_and_load_to_staging'}
[2025-06-16T09:18:09.139+0000] {taskinstance.py:2066} DEBUG - Dependencies not met for <TaskInstance: globalsuperstore.transform.transform_dim_products manual__2025-06-16T09:18:01.798447+00:00 [upstream_failed]>, dependency 'Trigger Rule' FAILED: Task's trigger rule 'all_success' requires all upstream tasks to have succeeded, but found 1 non-success(es). upstream_states=_UpstreamTIStates(success=0, skipped=0, failed=1, upstream_failed=0, removed=0, done=1, success_setup=0, skipped_setup=0), upstream_task_ids={'extract.extract_and_load_to_staging'}
[2025-06-16T09:18:09.139+0000] {taskinstance.py:2088} DEBUG - <TaskInstance: globalsuperstore.transform.transform_dim_locations manual__2025-06-16T09:18:01.798447+00:00 [None]> dependency 'Previous Dagrun State' PASSED: True, The task did not have depends_on_past set.
[2025-06-16T09:18:09.140+0000] {taskinstance.py:2088} DEBUG - <TaskInstance: globalsuperstore.transform.transform_dim_locations manual__2025-06-16T09:18:01.798447+00:00 [None]> dependency 'Not In Retry Period' PASSED: True, The task instance was not marked for retrying.
[2025-06-16T09:18:09.140+0000] {taskinstance.py:1884} DEBUG - Setting task state for <TaskInstance: globalsuperstore.transform.transform_dim_locations manual__2025-06-16T09:18:01.798447+00:00 [None]> to upstream_failed
[2025-06-16T09:18:09.141+0000] {taskinstance.py:2088} DEBUG - <TaskInstance: globalsuperstore.transform.transform_dim_locations manual__2025-06-16T09:18:01.798447+00:00 [upstream_failed]> dependency 'Trigger Rule' PASSED: False, Task's trigger rule 'all_success' requires all upstream tasks to have succeeded, but found 1 non-success(es). upstream_states=_UpstreamTIStates(success=0, skipped=0, failed=1, upstream_failed=0, removed=0, done=1, success_setup=0, skipped_setup=0), upstream_task_ids={'extract.extract_and_load_to_staging'}
[2025-06-16T09:18:09.142+0000] {taskinstance.py:2066} DEBUG - Dependencies not met for <TaskInstance: globalsuperstore.transform.transform_dim_locations manual__2025-06-16T09:18:01.798447+00:00 [upstream_failed]>, dependency 'Trigger Rule' FAILED: Task's trigger rule 'all_success' requires all upstream tasks to have succeeded, but found 1 non-success(es). upstream_states=_UpstreamTIStates(success=0, skipped=0, failed=1, upstream_failed=0, removed=0, done=1, success_setup=0, skipped_setup=0), upstream_task_ids={'extract.extract_and_load_to_staging'}
[2025-06-16T09:18:09.142+0000] {taskinstance.py:2088} DEBUG - <TaskInstance: globalsuperstore.transform.transform_dim_shipmode manual__2025-06-16T09:18:01.798447+00:00 [None]> dependency 'Previous Dagrun State' PASSED: True, The task did not have depends_on_past set.
[2025-06-16T09:18:09.143+0000] {taskinstance.py:2088} DEBUG - <TaskInstance: globalsuperstore.transform.transform_dim_shipmode manual__2025-06-16T09:18:01.798447+00:00 [None]> dependency 'Not In Retry Period' PASSED: True, The task instance was not marked for retrying.
[2025-06-16T09:18:09.143+0000] {taskinstance.py:1884} DEBUG - Setting task state for <TaskInstance: globalsuperstore.transform.transform_dim_shipmode manual__2025-06-16T09:18:01.798447+00:00 [None]> to upstream_failed
[2025-06-16T09:18:09.144+0000] {taskinstance.py:2088} DEBUG - <TaskInstance: globalsuperstore.transform.transform_dim_shipmode manual__2025-06-16T09:18:01.798447+00:00 [upstream_failed]> dependency 'Trigger Rule' PASSED: False, Task's trigger rule 'all_success' requires all upstream tasks to have succeeded, but found 1 non-success(es). upstream_states=_UpstreamTIStates(success=0, skipped=0, failed=1, upstream_failed=0, removed=0, done=1, success_setup=0, skipped_setup=0), upstream_task_ids={'extract.extract_and_load_to_staging'}
[2025-06-16T09:18:09.144+0000] {taskinstance.py:2066} DEBUG - Dependencies not met for <TaskInstance: globalsuperstore.transform.transform_dim_shipmode manual__2025-06-16T09:18:01.798447+00:00 [upstream_failed]>, dependency 'Trigger Rule' FAILED: Task's trigger rule 'all_success' requires all upstream tasks to have succeeded, but found 1 non-success(es). upstream_states=_UpstreamTIStates(success=0, skipped=0, failed=1, upstream_failed=0, removed=0, done=1, success_setup=0, skipped_setup=0), upstream_task_ids={'extract.extract_and_load_to_staging'}
[2025-06-16T09:18:09.145+0000] {taskinstance.py:2088} DEBUG - <TaskInstance: globalsuperstore.transform.transform_dim_date manual__2025-06-16T09:18:01.798447+00:00 [None]> dependency 'Previous Dagrun State' PASSED: True, The task did not have depends_on_past set.
[2025-06-16T09:18:09.145+0000] {taskinstance.py:2088} DEBUG - <TaskInstance: globalsuperstore.transform.transform_dim_date manual__2025-06-16T09:18:01.798447+00:00 [None]> dependency 'Not In Retry Period' PASSED: True, The task instance was not marked for retrying.
[2025-06-16T09:18:09.146+0000] {taskinstance.py:1884} DEBUG - Setting task state for <TaskInstance: globalsuperstore.transform.transform_dim_date manual__2025-06-16T09:18:01.798447+00:00 [None]> to upstream_failed
[2025-06-16T09:18:09.146+0000] {taskinstance.py:2088} DEBUG - <TaskInstance: globalsuperstore.transform.transform_dim_date manual__2025-06-16T09:18:01.798447+00:00 [upstream_failed]> dependency 'Trigger Rule' PASSED: False, Task's trigger rule 'all_success' requires all upstream tasks to have succeeded, but found 1 non-success(es). upstream_states=_UpstreamTIStates(success=0, skipped=0, failed=1, upstream_failed=0, removed=0, done=1, success_setup=0, skipped_setup=0), upstream_task_ids={'extract.extract_and_load_to_staging'}
[2025-06-16T09:18:09.147+0000] {taskinstance.py:2066} DEBUG - Dependencies not met for <TaskInstance: globalsuperstore.transform.transform_dim_date manual__2025-06-16T09:18:01.798447+00:00 [upstream_failed]>, dependency 'Trigger Rule' FAILED: Task's trigger rule 'all_success' requires all upstream tasks to have succeeded, but found 1 non-success(es). upstream_states=_UpstreamTIStates(success=0, skipped=0, failed=1, upstream_failed=0, removed=0, done=1, success_setup=0, skipped_setup=0), upstream_task_ids={'extract.extract_and_load_to_staging'}
[2025-06-16T09:18:09.147+0000] {taskinstance.py:2088} DEBUG - <TaskInstance: globalsuperstore.load.transform_fact_sales manual__2025-06-16T09:18:01.798447+00:00 [None]> dependency 'Previous Dagrun State' PASSED: True, The task did not have depends_on_past set.
[2025-06-16T09:18:09.148+0000] {taskinstance.py:2088} DEBUG - <TaskInstance: globalsuperstore.load.transform_fact_sales manual__2025-06-16T09:18:01.798447+00:00 [None]> dependency 'Not In Retry Period' PASSED: True, The task instance was not marked for retrying.
[2025-06-16T09:18:09.148+0000] {taskinstance.py:2088} DEBUG - <TaskInstance: globalsuperstore.load.transform_fact_sales manual__2025-06-16T09:18:01.798447+00:00 [None]> dependency 'Trigger Rule' PASSED: False, Task's trigger rule 'all_success' requires all upstream tasks to have succeeded, but found 5 non-success(es). upstream_states=_UpstreamTIStates(success=0, skipped=0, failed=0, upstream_failed=0, removed=0, done=0, success_setup=0, skipped_setup=0), upstream_task_ids={'transform.transform_dim_customers', 'transform.transform_dim_date', 'transform.transform_dim_locations', 'transform.transform_dim_shipmode', 'transform.transform_dim_products'}
[2025-06-16T09:18:09.149+0000] {taskinstance.py:2066} DEBUG - Dependencies not met for <TaskInstance: globalsuperstore.load.transform_fact_sales manual__2025-06-16T09:18:01.798447+00:00 [None]>, dependency 'Trigger Rule' FAILED: Task's trigger rule 'all_success' requires all upstream tasks to have succeeded, but found 5 non-success(es). upstream_states=_UpstreamTIStates(success=0, skipped=0, failed=0, upstream_failed=0, removed=0, done=0, success_setup=0, skipped_setup=0), upstream_task_ids={'transform.transform_dim_customers', 'transform.transform_dim_date', 'transform.transform_dim_locations', 'transform.transform_dim_shipmode', 'transform.transform_dim_products'}
[2025-06-16T09:18:09.159+0000] {taskinstance.py:3503} INFO - 0 downstream tasks scheduled from follow-on schedule check
[2025-06-16T09:18:09.173+0000] {local_task_job_runner.py:222} INFO - ::endgroup::
