[2025-06-16T16:34:41.975+0000] {taskinstance.py:1042} DEBUG - previous_execution_date was called
[2025-06-16T16:34:42.011+0000] {__init__.py:54} DEBUG - Loading core task runner: StandardTaskRunner
[2025-06-16T16:34:42.048+0000] {taskinstance.py:1042} DEBUG - previous_execution_date was called
[2025-06-16T16:34:42.064+0000] {base_task_runner.py:73} DEBUG - Planning to run as the  user
[2025-06-16T16:34:42.078+0000] {local_task_job_runner.py:120} INFO - ::group::Pre task execution logs
[2025-06-16T16:34:42.143+0000] {taskinstance.py:2088} DEBUG - <TaskInstance: globalsuperstore.transform.transform_dim_date manual__2025-06-16T16:34:20.428821+00:00 [queued]> dependency 'Task Instance State' PASSED: True, Task state queued was valid.
[2025-06-16T16:34:42.145+0000] {taskinstance.py:2088} DEBUG - <TaskInstance: globalsuperstore.transform.transform_dim_date manual__2025-06-16T16:34:20.428821+00:00 [queued]> dependency 'Task Instance Not Running' PASSED: True, Task is not in running state.
[2025-06-16T16:34:42.146+0000] {taskinstance.py:2088} DEBUG - <TaskInstance: globalsuperstore.transform.transform_dim_date manual__2025-06-16T16:34:20.428821+00:00 [queued]> dependency 'Not In Retry Period' PASSED: True, The task instance was not marked for retrying.
[2025-06-16T16:34:42.147+0000] {taskinstance.py:2088} DEBUG - <TaskInstance: globalsuperstore.transform.transform_dim_date manual__2025-06-16T16:34:20.428821+00:00 [queued]> dependency 'Previous Dagrun State' PASSED: True, The task did not have depends_on_past set.
[2025-06-16T16:34:42.166+0000] {taskinstance.py:2076} INFO - Dependencies all met for dep_context=non-requeueable deps ti=<TaskInstance: globalsuperstore.transform.transform_dim_date manual__2025-06-16T16:34:20.428821+00:00 [queued]>
[2025-06-16T16:34:42.173+0000] {taskinstance.py:2088} DEBUG - <TaskInstance: globalsuperstore.transform.transform_dim_date manual__2025-06-16T16:34:20.428821+00:00 [queued]> dependency 'Pool Slots Available' PASSED: True, There are enough open slots in default_pool to execute the task
[2025-06-16T16:34:42.174+0000] {taskinstance.py:2088} DEBUG - <TaskInstance: globalsuperstore.transform.transform_dim_date manual__2025-06-16T16:34:20.428821+00:00 [queued]> dependency 'Task Concurrency' PASSED: True, Task concurrency is not set.
[2025-06-16T16:34:42.174+0000] {taskinstance.py:2088} DEBUG - <TaskInstance: globalsuperstore.transform.transform_dim_date manual__2025-06-16T16:34:20.428821+00:00 [queued]> dependency 'Not In Retry Period' PASSED: True, The task instance was not marked for retrying.
[2025-06-16T16:34:42.175+0000] {taskinstance.py:2088} DEBUG - <TaskInstance: globalsuperstore.transform.transform_dim_date manual__2025-06-16T16:34:20.428821+00:00 [queued]> dependency 'Previous Dagrun State' PASSED: True, The task did not have depends_on_past set.
[2025-06-16T16:34:42.183+0000] {taskinstance.py:2076} INFO - Dependencies all met for dep_context=requeueable deps ti=<TaskInstance: globalsuperstore.transform.transform_dim_date manual__2025-06-16T16:34:20.428821+00:00 [queued]>
[2025-06-16T16:34:42.184+0000] {taskinstance.py:2306} INFO - Starting attempt 1 of 1
[2025-06-16T16:34:42.223+0000] {taskinstance.py:2330} INFO - Executing <Task(PythonOperator): transform.transform_dim_date> on 2025-06-16 16:34:20.428821+00:00
[2025-06-16T16:34:42.238+0000] {standard_task_runner.py:63} INFO - Started process 2049 to run task
[2025-06-16T16:34:42.243+0000] {standard_task_runner.py:90} INFO - Running: ['***', 'tasks', 'run', 'globalsuperstore', 'transform.transform_dim_date', 'manual__2025-06-16T16:34:20.428821+00:00', '--job-id', '191', '--raw', '--subdir', 'DAGS_FOLDER/global_superstore_dw_etl.py', '--cfg-path', '/tmp/tmp7tiu_gtx']
[2025-06-16T16:34:42.245+0000] {standard_task_runner.py:91} INFO - Job 191: Subtask transform.transform_dim_date
[2025-06-16T16:34:42.246+0000] {cli_action_loggers.py:70} DEBUG - Calling callbacks: [<function default_action_log at 0x7fa267925750>]
[2025-06-16T16:34:42.337+0000] {taskinstance.py:1042} DEBUG - previous_execution_date was called
[2025-06-16T16:34:42.350+0000] {task_command.py:426} INFO - Running <TaskInstance: globalsuperstore.transform.transform_dim_date manual__2025-06-16T16:34:20.428821+00:00 [running]> on host 9b7c60adfed6
[2025-06-16T16:34:42.351+0000] {settings.py:363} DEBUG - Disposing DB connection pool (PID 2049)
[2025-06-16T16:34:42.352+0000] {settings.py:250} DEBUG - Setting up DB connection pool (PID 2049)
[2025-06-16T16:34:42.353+0000] {settings.py:298} DEBUG - settings.prepare_engine_args(): Using NullPool
[2025-06-16T16:34:42.440+0000] {taskinstance.py:1042} DEBUG - previous_execution_date was called
[2025-06-16T16:34:42.444+0000] {taskinstance.py:1845} DEBUG - Clearing XCom data
[2025-06-16T16:34:42.471+0000] {retries.py:91} DEBUG - Running RenderedTaskInstanceFields.write with retries. Try 1 of 3
[2025-06-16T16:34:42.518+0000] {retries.py:91} DEBUG - Running RenderedTaskInstanceFields._do_delete_old_records with retries. Try 1 of 3
[2025-06-16T16:34:42.541+0000] {taskinstance.py:2648} INFO - Exporting env vars: AIRFLOW_CTX_DAG_OWNER='***' AIRFLOW_CTX_DAG_ID='globalsuperstore' AIRFLOW_CTX_TASK_ID='transform.transform_dim_date' AIRFLOW_CTX_EXECUTION_DATE='2025-06-16T16:34:20.428821+00:00' AIRFLOW_CTX_TRY_NUMBER='1' AIRFLOW_CTX_DAG_RUN_ID='manual__2025-06-16T16:34:20.428821+00:00'
[2025-06-16T16:34:42.543+0000] {__init__.py:115} DEBUG - Preparing lineage inlets and outlets
[2025-06-16T16:34:42.544+0000] {__init__.py:154} DEBUG - inlets: [], outlets: []
[2025-06-16T16:34:42.545+0000] {taskinstance.py:430} INFO - ::endgroup::
[2025-06-16T16:34:42.936+0000] {base.py:84} INFO - Using connection ID 'postgres' for task execution.
[2025-06-16T16:34:42.952+0000] {base.py:84} INFO - Using connection ID 'postgres' for task execution.
[2025-06-16T16:34:42.962+0000] {base.py:84} INFO - Using connection ID 'postgres' for task execution.
[2025-06-16T16:34:42.977+0000] {logging_mixin.py:188} WARNING - /home/***/.local/lib/python3.10/site-packages/***/providers/common/sql/hooks/sql.py:263 UserWarning: pandas only supports SQLAlchemy connectable (engine/connection) or database string URI or sqlite3 DBAPI2 connection. Other DBAPI2 objects are not tested. Please consider using SQLAlchemy.
[2025-06-16T16:34:43.384+0000] {logging_mixin.py:188} INFO - ✔ Đã transform và lưu dữ liệu vào warehouse.dim_date
[2025-06-16T16:34:43.385+0000] {python.py:237} INFO - Done. Returned value was: None
[2025-06-16T16:34:43.386+0000] {taskinstance.py:441} INFO - ::group::Post task execution logs
[2025-06-16T16:34:43.387+0000] {__init__.py:77} DEBUG - Lineage called with inlets: [], outlets: []
[2025-06-16T16:34:43.401+0000] {taskinstance.py:584} DEBUG - Clearing next_method and next_kwargs.
[2025-06-16T16:34:43.402+0000] {taskinstance.py:1206} INFO - Marking task as SUCCESS. dag_id=globalsuperstore, task_id=transform.transform_dim_date, run_id=manual__2025-06-16T16:34:20.428821+00:00, execution_date=20250616T163420, start_date=20250616T163442, end_date=20250616T163443
[2025-06-16T16:34:43.403+0000] {taskinstance.py:562} DEBUG - Task Duration set to 1.234852
[2025-06-16T16:34:43.422+0000] {cli_action_loggers.py:88} DEBUG - Calling callbacks: []
[2025-06-16T16:34:43.465+0000] {local_task_job_runner.py:240} INFO - Task exited with return code 0
[2025-06-16T16:34:43.482+0000] {taskinstance.py:3461} DEBUG - Skip locked rows, rollback
[2025-06-16T16:34:43.486+0000] {local_task_job_runner.py:222} INFO - ::endgroup::
