[2025-06-15T16:21:26.420+0000] {taskinstance.py:1042} DEBUG - previous_execution_date was called
[2025-06-15T16:21:26.474+0000] {__init__.py:54} DEBUG - Loading core task runner: StandardTaskRunner
[2025-06-15T16:21:26.527+0000] {taskinstance.py:1042} DEBUG - previous_execution_date was called
[2025-06-15T16:21:26.537+0000] {base_task_runner.py:73} DEBUG - Planning to run as the  user
[2025-06-15T16:21:26.555+0000] {local_task_job_runner.py:120} INFO - ::group::Pre task execution logs
[2025-06-15T16:21:26.668+0000] {taskinstance.py:2088} DEBUG - <TaskInstance: globalsuperstore.transform.transform_dim_products manual__2025-06-15T16:20:54.651971+00:00 [queued]> dependency 'Task Instance Not Running' PASSED: True, Task is not in running state.
[2025-06-15T16:21:26.669+0000] {taskinstance.py:2088} DEBUG - <TaskInstance: globalsuperstore.transform.transform_dim_products manual__2025-06-15T16:20:54.651971+00:00 [queued]> dependency 'Task Instance State' PASSED: True, Task state queued was valid.
[2025-06-15T16:21:26.685+0000] {taskinstance.py:2088} DEBUG - <TaskInstance: globalsuperstore.transform.transform_dim_products manual__2025-06-15T16:20:54.651971+00:00 [queued]> dependency 'Previous Dagrun State' PASSED: True, The task did not have depends_on_past set.
[2025-06-15T16:21:26.686+0000] {taskinstance.py:2088} DEBUG - <TaskInstance: globalsuperstore.transform.transform_dim_products manual__2025-06-15T16:20:54.651971+00:00 [queued]> dependency 'Not In Retry Period' PASSED: True, The task instance was not marked for retrying.
[2025-06-15T16:21:26.688+0000] {taskinstance.py:2076} INFO - Dependencies all met for dep_context=non-requeueable deps ti=<TaskInstance: globalsuperstore.transform.transform_dim_products manual__2025-06-15T16:20:54.651971+00:00 [queued]>
[2025-06-15T16:21:26.699+0000] {taskinstance.py:2088} DEBUG - <TaskInstance: globalsuperstore.transform.transform_dim_products manual__2025-06-15T16:20:54.651971+00:00 [queued]> dependency 'Pool Slots Available' PASSED: True, There are enough open slots in default_pool to execute the task
[2025-06-15T16:21:26.701+0000] {taskinstance.py:2088} DEBUG - <TaskInstance: globalsuperstore.transform.transform_dim_products manual__2025-06-15T16:20:54.651971+00:00 [queued]> dependency 'Task Concurrency' PASSED: True, Task concurrency is not set.
[2025-06-15T16:21:26.708+0000] {taskinstance.py:2088} DEBUG - <TaskInstance: globalsuperstore.transform.transform_dim_products manual__2025-06-15T16:20:54.651971+00:00 [queued]> dependency 'Previous Dagrun State' PASSED: True, The task did not have depends_on_past set.
[2025-06-15T16:21:26.709+0000] {taskinstance.py:2088} DEBUG - <TaskInstance: globalsuperstore.transform.transform_dim_products manual__2025-06-15T16:20:54.651971+00:00 [queued]> dependency 'Not In Retry Period' PASSED: True, The task instance was not marked for retrying.
[2025-06-15T16:21:26.711+0000] {taskinstance.py:2076} INFO - Dependencies all met for dep_context=requeueable deps ti=<TaskInstance: globalsuperstore.transform.transform_dim_products manual__2025-06-15T16:20:54.651971+00:00 [queued]>
[2025-06-15T16:21:26.711+0000] {taskinstance.py:2306} INFO - Starting attempt 1 of 1
[2025-06-15T16:21:26.742+0000] {taskinstance.py:2330} INFO - Executing <Task(PythonOperator): transform.transform_dim_products> on 2025-06-15 16:20:54.651971+00:00
[2025-06-15T16:21:26.756+0000] {standard_task_runner.py:63} INFO - Started process 739 to run task
[2025-06-15T16:21:26.766+0000] {standard_task_runner.py:90} INFO - Running: ['***', 'tasks', 'run', 'globalsuperstore', 'transform.transform_dim_products', 'manual__2025-06-15T16:20:54.651971+00:00', '--job-id', '36', '--raw', '--subdir', 'DAGS_FOLDER/global_superstore_dw_etl.py', '--cfg-path', '/tmp/tmpxrl0o9k3']
[2025-06-15T16:21:26.769+0000] {standard_task_runner.py:91} INFO - Job 36: Subtask transform.transform_dim_products
[2025-06-15T16:21:26.770+0000] {cli_action_loggers.py:70} DEBUG - Calling callbacks: [<function default_action_log at 0x7f1a51c99750>]
[2025-06-15T16:21:26.855+0000] {taskinstance.py:1042} DEBUG - previous_execution_date was called
[2025-06-15T16:21:26.863+0000] {task_command.py:426} INFO - Running <TaskInstance: globalsuperstore.transform.transform_dim_products manual__2025-06-15T16:20:54.651971+00:00 [running]> on host a40e01b9e58f
[2025-06-15T16:21:26.865+0000] {settings.py:363} DEBUG - Disposing DB connection pool (PID 739)
[2025-06-15T16:21:26.866+0000] {settings.py:250} DEBUG - Setting up DB connection pool (PID 739)
[2025-06-15T16:21:26.867+0000] {settings.py:298} DEBUG - settings.prepare_engine_args(): Using NullPool
[2025-06-15T16:21:26.949+0000] {taskinstance.py:1042} DEBUG - previous_execution_date was called
[2025-06-15T16:21:26.955+0000] {taskinstance.py:1845} DEBUG - Clearing XCom data
[2025-06-15T16:21:26.981+0000] {retries.py:91} DEBUG - Running RenderedTaskInstanceFields.write with retries. Try 1 of 3
[2025-06-15T16:21:27.015+0000] {retries.py:91} DEBUG - Running RenderedTaskInstanceFields._do_delete_old_records with retries. Try 1 of 3
[2025-06-15T16:21:27.035+0000] {taskinstance.py:2648} INFO - Exporting env vars: AIRFLOW_CTX_DAG_OWNER='***' AIRFLOW_CTX_DAG_ID='globalsuperstore' AIRFLOW_CTX_TASK_ID='transform.transform_dim_products' AIRFLOW_CTX_EXECUTION_DATE='2025-06-15T16:20:54.651971+00:00' AIRFLOW_CTX_TRY_NUMBER='1' AIRFLOW_CTX_DAG_RUN_ID='manual__2025-06-15T16:20:54.651971+00:00'
[2025-06-15T16:21:27.036+0000] {__init__.py:115} DEBUG - Preparing lineage inlets and outlets
[2025-06-15T16:21:27.037+0000] {__init__.py:154} DEBUG - inlets: [], outlets: []
[2025-06-15T16:21:27.038+0000] {taskinstance.py:430} INFO - ::endgroup::
[2025-06-15T16:21:27.067+0000] {base.py:84} INFO - Using connection ID 'postgres' for task execution.
[2025-06-15T16:21:27.082+0000] {base.py:84} INFO - Using connection ID 'postgres' for task execution.
[2025-06-15T16:21:27.121+0000] {base.py:84} INFO - Using connection ID 'postgres' for task execution.
[2025-06-15T16:21:27.139+0000] {logging_mixin.py:188} WARNING - /home/***/.local/lib/python3.10/site-packages/***/providers/common/sql/hooks/sql.py:263 UserWarning: pandas only supports SQLAlchemy connectable (engine/connection) or database string URI or sqlite3 DBAPI2 connection. Other DBAPI2 objects are not tested. Please consider using SQLAlchemy.
[2025-06-15T16:21:27.215+0000] {base.py:84} INFO - Using connection ID 'postgres' for task execution.
[2025-06-15T16:21:27.228+0000] {logging_mixin.py:188} WARNING - /home/***/.local/lib/python3.10/site-packages/***/providers/common/sql/hooks/sql.py:263 UserWarning: pandas only supports SQLAlchemy connectable (engine/connection) or database string URI or sqlite3 DBAPI2 connection. Other DBAPI2 objects are not tested. Please consider using SQLAlchemy.
[2025-06-15T16:21:27.249+0000] {base.py:84} INFO - Using connection ID 'postgres' for task execution.
[2025-06-15T16:21:27.270+0000] {logging_mixin.py:188} WARNING - /home/***/.local/lib/python3.10/site-packages/***/providers/common/sql/hooks/sql.py:263 UserWarning: pandas only supports SQLAlchemy connectable (engine/connection) or database string URI or sqlite3 DBAPI2 connection. Other DBAPI2 objects are not tested. Please consider using SQLAlchemy.
[2025-06-15T16:21:29.327+0000] {logging_mixin.py:188} INFO - ✔ Đã transform và lưu dữ liệu vào warehouse.dim_product
[2025-06-15T16:21:29.330+0000] {python.py:237} INFO - Done. Returned value was: None
[2025-06-15T16:21:29.331+0000] {taskinstance.py:441} INFO - ::group::Post task execution logs
[2025-06-15T16:21:29.332+0000] {__init__.py:77} DEBUG - Lineage called with inlets: [], outlets: []
[2025-06-15T16:21:29.345+0000] {taskinstance.py:584} DEBUG - Clearing next_method and next_kwargs.
[2025-06-15T16:21:29.347+0000] {taskinstance.py:1206} INFO - Marking task as SUCCESS. dag_id=globalsuperstore, task_id=transform.transform_dim_products, run_id=manual__2025-06-15T16:20:54.651971+00:00, execution_date=20250615T162054, start_date=20250615T162126, end_date=20250615T162129
[2025-06-15T16:21:29.347+0000] {taskinstance.py:562} DEBUG - Task Duration set to 2.6578
[2025-06-15T16:21:29.362+0000] {cli_action_loggers.py:88} DEBUG - Calling callbacks: []
[2025-06-15T16:21:29.390+0000] {local_task_job_runner.py:240} INFO - Task exited with return code 0
[2025-06-15T16:21:29.411+0000] {dagrun.py:931} DEBUG - number of tis tasks for <DagRun globalsuperstore @ 2025-06-15 16:20:54.651971+00:00: manual__2025-06-15T16:20:54.651971+00:00, state:running, queued_at: 2025-06-15 16:20:54.986461+00:00. externally triggered: True>: 6 task(s)
[2025-06-15T16:21:29.412+0000] {dagrun.py:952} DEBUG - number of scheduleable tasks for <DagRun globalsuperstore @ 2025-06-15 16:20:54.651971+00:00: manual__2025-06-15T16:20:54.651971+00:00, state:running, queued_at: 2025-06-15 16:20:54.986461+00:00. externally triggered: True>: 1 task(s)
[2025-06-15T16:21:29.414+0000] {taskinstance.py:2088} DEBUG - <TaskInstance: globalsuperstore.load.transform_fact_sales manual__2025-06-15T16:20:54.651971+00:00 [None]> dependency 'Previous Dagrun State' PASSED: True, The task did not have depends_on_past set.
[2025-06-15T16:21:29.415+0000] {taskinstance.py:2088} DEBUG - <TaskInstance: globalsuperstore.load.transform_fact_sales manual__2025-06-15T16:20:54.651971+00:00 [None]> dependency 'Not In Retry Period' PASSED: True, The task instance was not marked for retrying.
[2025-06-15T16:21:29.416+0000] {taskinstance.py:2076} DEBUG - Dependencies all met for dep_context=None ti=<TaskInstance: globalsuperstore.load.transform_fact_sales manual__2025-06-15T16:20:54.651971+00:00 [None]>
[2025-06-15T16:21:29.420+0000] {taskinstance.py:3503} INFO - 1 downstream tasks scheduled from follow-on schedule check
[2025-06-15T16:21:29.422+0000] {local_task_job_runner.py:222} INFO - ::endgroup::
