[2025-06-16T14:40:37.180+0000] {taskinstance.py:1042} DEBUG - previous_execution_date was called
[2025-06-16T14:40:37.210+0000] {__init__.py:54} DEBUG - Loading core task runner: StandardTaskRunner
[2025-06-16T14:40:37.230+0000] {taskinstance.py:1042} DEBUG - previous_execution_date was called
[2025-06-16T14:40:37.239+0000] {base_task_runner.py:73} DEBUG - Planning to run as the  user
[2025-06-16T14:40:37.252+0000] {local_task_job_runner.py:120} INFO - ::group::Pre task execution logs
[2025-06-16T14:40:37.309+0000] {taskinstance.py:2088} DEBUG - <TaskInstance: globalsuperstore.transform.transform_dim_customers manual__2025-06-16T14:40:18.098536+00:00 [queued]> dependency 'Task Instance State' PASSED: True, Task state queued was valid.
[2025-06-16T14:40:37.318+0000] {taskinstance.py:2088} DEBUG - <TaskInstance: globalsuperstore.transform.transform_dim_customers manual__2025-06-16T14:40:18.098536+00:00 [queued]> dependency 'Previous Dagrun State' PASSED: True, The task did not have depends_on_past set.
[2025-06-16T14:40:37.319+0000] {taskinstance.py:2088} DEBUG - <TaskInstance: globalsuperstore.transform.transform_dim_customers manual__2025-06-16T14:40:18.098536+00:00 [queued]> dependency 'Not In Retry Period' PASSED: True, The task instance was not marked for retrying.
[2025-06-16T14:40:37.320+0000] {taskinstance.py:2088} DEBUG - <TaskInstance: globalsuperstore.transform.transform_dim_customers manual__2025-06-16T14:40:18.098536+00:00 [queued]> dependency 'Task Instance Not Running' PASSED: True, Task is not in running state.
[2025-06-16T14:40:37.320+0000] {taskinstance.py:2076} INFO - Dependencies all met for dep_context=non-requeueable deps ti=<TaskInstance: globalsuperstore.transform.transform_dim_customers manual__2025-06-16T14:40:18.098536+00:00 [queued]>
[2025-06-16T14:40:37.324+0000] {taskinstance.py:2088} DEBUG - <TaskInstance: globalsuperstore.transform.transform_dim_customers manual__2025-06-16T14:40:18.098536+00:00 [queued]> dependency 'Previous Dagrun State' PASSED: True, The task did not have depends_on_past set.
[2025-06-16T14:40:37.327+0000] {taskinstance.py:2088} DEBUG - <TaskInstance: globalsuperstore.transform.transform_dim_customers manual__2025-06-16T14:40:18.098536+00:00 [queued]> dependency 'Not In Retry Period' PASSED: True, The task instance was not marked for retrying.
[2025-06-16T14:40:37.331+0000] {taskinstance.py:2088} DEBUG - <TaskInstance: globalsuperstore.transform.transform_dim_customers manual__2025-06-16T14:40:18.098536+00:00 [queued]> dependency 'Pool Slots Available' PASSED: True, There are enough open slots in default_pool to execute the task
[2025-06-16T14:40:37.332+0000] {taskinstance.py:2088} DEBUG - <TaskInstance: globalsuperstore.transform.transform_dim_customers manual__2025-06-16T14:40:18.098536+00:00 [queued]> dependency 'Task Concurrency' PASSED: True, Task concurrency is not set.
[2025-06-16T14:40:37.333+0000] {taskinstance.py:2076} INFO - Dependencies all met for dep_context=requeueable deps ti=<TaskInstance: globalsuperstore.transform.transform_dim_customers manual__2025-06-16T14:40:18.098536+00:00 [queued]>
[2025-06-16T14:40:37.334+0000] {taskinstance.py:2306} INFO - Starting attempt 1 of 1
[2025-06-16T14:40:37.350+0000] {taskinstance.py:2330} INFO - Executing <Task(PythonOperator): transform.transform_dim_customers> on 2025-06-16 14:40:18.098536+00:00
[2025-06-16T14:40:37.361+0000] {standard_task_runner.py:63} INFO - Started process 1092 to run task
[2025-06-16T14:40:37.365+0000] {standard_task_runner.py:90} INFO - Running: ['***', 'tasks', 'run', 'globalsuperstore', 'transform.transform_dim_customers', 'manual__2025-06-16T14:40:18.098536+00:00', '--job-id', '28', '--raw', '--subdir', 'DAGS_FOLDER/global_superstore_dw_etl.py', '--cfg-path', '/tmp/tmp08bmbc3c']
[2025-06-16T14:40:37.366+0000] {standard_task_runner.py:91} INFO - Job 28: Subtask transform.transform_dim_customers
[2025-06-16T14:40:37.368+0000] {cli_action_loggers.py:70} DEBUG - Calling callbacks: [<function default_action_log at 0x7fee6db2d750>]
[2025-06-16T14:40:37.437+0000] {taskinstance.py:1042} DEBUG - previous_execution_date was called
[2025-06-16T14:40:37.447+0000] {task_command.py:426} INFO - Running <TaskInstance: globalsuperstore.transform.transform_dim_customers manual__2025-06-16T14:40:18.098536+00:00 [running]> on host cdd5f2df74dd
[2025-06-16T14:40:37.448+0000] {settings.py:363} DEBUG - Disposing DB connection pool (PID 1092)
[2025-06-16T14:40:37.448+0000] {settings.py:250} DEBUG - Setting up DB connection pool (PID 1092)
[2025-06-16T14:40:37.449+0000] {settings.py:298} DEBUG - settings.prepare_engine_args(): Using NullPool
[2025-06-16T14:40:37.493+0000] {taskinstance.py:1042} DEBUG - previous_execution_date was called
[2025-06-16T14:40:37.495+0000] {taskinstance.py:1845} DEBUG - Clearing XCom data
[2025-06-16T14:40:37.517+0000] {retries.py:91} DEBUG - Running RenderedTaskInstanceFields.write with retries. Try 1 of 3
[2025-06-16T14:40:37.545+0000] {retries.py:91} DEBUG - Running RenderedTaskInstanceFields._do_delete_old_records with retries. Try 1 of 3
[2025-06-16T14:40:37.560+0000] {taskinstance.py:2648} INFO - Exporting env vars: AIRFLOW_CTX_DAG_OWNER='***' AIRFLOW_CTX_DAG_ID='globalsuperstore' AIRFLOW_CTX_TASK_ID='transform.transform_dim_customers' AIRFLOW_CTX_EXECUTION_DATE='2025-06-16T14:40:18.098536+00:00' AIRFLOW_CTX_TRY_NUMBER='1' AIRFLOW_CTX_DAG_RUN_ID='manual__2025-06-16T14:40:18.098536+00:00'
[2025-06-16T14:40:37.561+0000] {__init__.py:115} DEBUG - Preparing lineage inlets and outlets
[2025-06-16T14:40:37.562+0000] {__init__.py:154} DEBUG - inlets: [], outlets: []
[2025-06-16T14:40:37.563+0000] {taskinstance.py:430} INFO - ::endgroup::
[2025-06-16T14:40:37.591+0000] {base.py:84} INFO - Using connection ID 'postgres' for task execution.
[2025-06-16T14:40:37.601+0000] {base.py:84} INFO - Using connection ID 'postgres' for task execution.
[2025-06-16T14:40:37.613+0000] {base.py:84} INFO - Using connection ID 'postgres' for task execution.
[2025-06-16T14:40:37.635+0000] {logging_mixin.py:188} WARNING - /home/***/.local/lib/python3.10/site-packages/***/providers/common/sql/hooks/sql.py:263 UserWarning: pandas only supports SQLAlchemy connectable (engine/connection) or database string URI or sqlite3 DBAPI2 connection. Other DBAPI2 objects are not tested. Please consider using SQLAlchemy.
[2025-06-16T14:40:38.417+0000] {logging_mixin.py:188} INFO - ✔ Đã transform và lưu dữ liệu vào warehouse.dim_customer
[2025-06-16T14:40:38.418+0000] {python.py:237} INFO - Done. Returned value was: None
[2025-06-16T14:40:38.419+0000] {taskinstance.py:441} INFO - ::group::Post task execution logs
[2025-06-16T14:40:38.420+0000] {__init__.py:77} DEBUG - Lineage called with inlets: [], outlets: []
[2025-06-16T14:40:38.431+0000] {taskinstance.py:584} DEBUG - Clearing next_method and next_kwargs.
[2025-06-16T14:40:38.432+0000] {taskinstance.py:1206} INFO - Marking task as SUCCESS. dag_id=globalsuperstore, task_id=transform.transform_dim_customers, run_id=manual__2025-06-16T14:40:18.098536+00:00, execution_date=20250616T144018, start_date=20250616T144037, end_date=20250616T144038
[2025-06-16T14:40:38.432+0000] {taskinstance.py:562} DEBUG - Task Duration set to 1.110982
[2025-06-16T14:40:38.449+0000] {cli_action_loggers.py:88} DEBUG - Calling callbacks: []
[2025-06-16T14:40:38.503+0000] {local_task_job_runner.py:240} INFO - Task exited with return code 0
[2025-06-16T14:40:38.530+0000] {dagrun.py:931} DEBUG - number of tis tasks for <DagRun globalsuperstore @ 2025-06-16 14:40:18.098536+00:00: manual__2025-06-16T14:40:18.098536+00:00, state:running, queued_at: 2025-06-16 14:40:18.437349+00:00. externally triggered: True>: 6 task(s)
[2025-06-16T14:40:38.531+0000] {dagrun.py:952} DEBUG - number of scheduleable tasks for <DagRun globalsuperstore @ 2025-06-16 14:40:18.098536+00:00: manual__2025-06-16T14:40:18.098536+00:00, state:running, queued_at: 2025-06-16 14:40:18.437349+00:00. externally triggered: True>: 0 task(s)
[2025-06-16T14:40:38.532+0000] {taskinstance.py:3503} INFO - 0 downstream tasks scheduled from follow-on schedule check
[2025-06-16T14:40:38.534+0000] {local_task_job_runner.py:222} INFO - ::endgroup::
