[2025-06-15T16:25:06.364+0000] {taskinstance.py:1042} DEBUG - previous_execution_date was called
[2025-06-15T16:25:06.377+0000] {__init__.py:54} DEBUG - Loading core task runner: StandardTaskRunner
[2025-06-15T16:25:06.389+0000] {taskinstance.py:1042} DEBUG - previous_execution_date was called
[2025-06-15T16:25:06.395+0000] {base_task_runner.py:73} DEBUG - Planning to run as the  user
[2025-06-15T16:25:06.403+0000] {local_task_job_runner.py:120} INFO - ::group::Pre task execution logs
[2025-06-15T16:25:06.430+0000] {taskinstance.py:2088} DEBUG - <TaskInstance: globalsuperstore.load.transform_fact_sales manual__2025-06-15T16:24:32.749940+00:00 [queued]> dependency 'Task Instance Not Running' PASSED: True, Task is not in running state.
[2025-06-15T16:25:06.431+0000] {taskinstance.py:2088} DEBUG - <TaskInstance: globalsuperstore.load.transform_fact_sales manual__2025-06-15T16:24:32.749940+00:00 [queued]> dependency 'Task Instance State' PASSED: True, Task state queued was valid.
[2025-06-15T16:25:06.438+0000] {taskinstance.py:2088} DEBUG - <TaskInstance: globalsuperstore.load.transform_fact_sales manual__2025-06-15T16:24:32.749940+00:00 [queued]> dependency 'Previous Dagrun State' PASSED: True, The task did not have depends_on_past set.
[2025-06-15T16:25:06.439+0000] {taskinstance.py:2088} DEBUG - <TaskInstance: globalsuperstore.load.transform_fact_sales manual__2025-06-15T16:24:32.749940+00:00 [queued]> dependency 'Not In Retry Period' PASSED: True, The task instance was not marked for retrying.
[2025-06-15T16:25:06.439+0000] {taskinstance.py:2076} INFO - Dependencies all met for dep_context=non-requeueable deps ti=<TaskInstance: globalsuperstore.load.transform_fact_sales manual__2025-06-15T16:24:32.749940+00:00 [queued]>
[2025-06-15T16:25:06.446+0000] {taskinstance.py:2088} DEBUG - <TaskInstance: globalsuperstore.load.transform_fact_sales manual__2025-06-15T16:24:32.749940+00:00 [queued]> dependency 'Pool Slots Available' PASSED: True, There are enough open slots in default_pool to execute the task
[2025-06-15T16:25:06.447+0000] {taskinstance.py:2088} DEBUG - <TaskInstance: globalsuperstore.load.transform_fact_sales manual__2025-06-15T16:24:32.749940+00:00 [queued]> dependency 'Task Concurrency' PASSED: True, Task concurrency is not set.
[2025-06-15T16:25:06.451+0000] {taskinstance.py:2088} DEBUG - <TaskInstance: globalsuperstore.load.transform_fact_sales manual__2025-06-15T16:24:32.749940+00:00 [queued]> dependency 'Previous Dagrun State' PASSED: True, The task did not have depends_on_past set.
[2025-06-15T16:25:06.451+0000] {taskinstance.py:2088} DEBUG - <TaskInstance: globalsuperstore.load.transform_fact_sales manual__2025-06-15T16:24:32.749940+00:00 [queued]> dependency 'Not In Retry Period' PASSED: True, The task instance was not marked for retrying.
[2025-06-15T16:25:06.452+0000] {taskinstance.py:2076} INFO - Dependencies all met for dep_context=requeueable deps ti=<TaskInstance: globalsuperstore.load.transform_fact_sales manual__2025-06-15T16:24:32.749940+00:00 [queued]>
[2025-06-15T16:25:06.452+0000] {taskinstance.py:2306} INFO - Starting attempt 1 of 1
[2025-06-15T16:25:06.465+0000] {taskinstance.py:2330} INFO - Executing <Task(PythonOperator): load.transform_fact_sales> on 2025-06-15 16:24:32.749940+00:00
[2025-06-15T16:25:06.471+0000] {standard_task_runner.py:63} INFO - Started process 869 to run task
[2025-06-15T16:25:06.475+0000] {standard_task_runner.py:90} INFO - Running: ['***', 'tasks', 'run', 'globalsuperstore', 'load.transform_fact_sales', 'manual__2025-06-15T16:24:32.749940+00:00', '--job-id', '47', '--raw', '--subdir', 'DAGS_FOLDER/global_superstore_dw_etl.py', '--cfg-path', '/tmp/tmp01ob66dq']
[2025-06-15T16:25:06.476+0000] {standard_task_runner.py:91} INFO - Job 47: Subtask load.transform_fact_sales
[2025-06-15T16:25:06.477+0000] {cli_action_loggers.py:70} DEBUG - Calling callbacks: [<function default_action_log at 0x7f1a51c99750>]
[2025-06-15T16:25:06.514+0000] {taskinstance.py:1042} DEBUG - previous_execution_date was called
[2025-06-15T16:25:06.519+0000] {task_command.py:426} INFO - Running <TaskInstance: globalsuperstore.load.transform_fact_sales manual__2025-06-15T16:24:32.749940+00:00 [running]> on host a40e01b9e58f
[2025-06-15T16:25:06.520+0000] {settings.py:363} DEBUG - Disposing DB connection pool (PID 869)
[2025-06-15T16:25:06.521+0000] {settings.py:250} DEBUG - Setting up DB connection pool (PID 869)
[2025-06-15T16:25:06.522+0000] {settings.py:298} DEBUG - settings.prepare_engine_args(): Using NullPool
[2025-06-15T16:25:06.555+0000] {taskinstance.py:1042} DEBUG - previous_execution_date was called
[2025-06-15T16:25:06.558+0000] {taskinstance.py:1845} DEBUG - Clearing XCom data
[2025-06-15T16:25:06.572+0000] {retries.py:91} DEBUG - Running RenderedTaskInstanceFields.write with retries. Try 1 of 3
[2025-06-15T16:25:06.597+0000] {retries.py:91} DEBUG - Running RenderedTaskInstanceFields._do_delete_old_records with retries. Try 1 of 3
[2025-06-15T16:25:06.607+0000] {taskinstance.py:2648} INFO - Exporting env vars: AIRFLOW_CTX_DAG_OWNER='***' AIRFLOW_CTX_DAG_ID='globalsuperstore' AIRFLOW_CTX_TASK_ID='load.transform_fact_sales' AIRFLOW_CTX_EXECUTION_DATE='2025-06-15T16:24:32.749940+00:00' AIRFLOW_CTX_TRY_NUMBER='1' AIRFLOW_CTX_DAG_RUN_ID='manual__2025-06-15T16:24:32.749940+00:00'
[2025-06-15T16:25:06.608+0000] {__init__.py:115} DEBUG - Preparing lineage inlets and outlets
[2025-06-15T16:25:06.609+0000] {__init__.py:154} DEBUG - inlets: [], outlets: []
[2025-06-15T16:25:06.610+0000] {taskinstance.py:430} INFO - ::endgroup::
[2025-06-15T16:25:06.630+0000] {base.py:84} INFO - Using connection ID 'postgres' for task execution.
[2025-06-15T16:25:06.636+0000] {base.py:84} INFO - Using connection ID 'postgres' for task execution.
[2025-06-15T16:25:06.643+0000] {base.py:84} INFO - Using connection ID 'postgres' for task execution.
[2025-06-15T16:25:06.654+0000] {logging_mixin.py:188} WARNING - /home/***/.local/lib/python3.10/site-packages/***/providers/common/sql/hooks/sql.py:263 UserWarning: pandas only supports SQLAlchemy connectable (engine/connection) or database string URI or sqlite3 DBAPI2 connection. Other DBAPI2 objects are not tested. Please consider using SQLAlchemy.
[2025-06-15T16:25:06.768+0000] {base.py:84} INFO - Using connection ID 'postgres' for task execution.
[2025-06-15T16:25:06.775+0000] {logging_mixin.py:188} WARNING - /home/***/.local/lib/python3.10/site-packages/***/providers/common/sql/hooks/sql.py:263 UserWarning: pandas only supports SQLAlchemy connectable (engine/connection) or database string URI or sqlite3 DBAPI2 connection. Other DBAPI2 objects are not tested. Please consider using SQLAlchemy.
[2025-06-15T16:25:07.023+0000] {base.py:84} INFO - Using connection ID 'postgres' for task execution.
[2025-06-15T16:25:07.033+0000] {logging_mixin.py:188} WARNING - /home/***/.local/lib/python3.10/site-packages/***/providers/common/sql/hooks/sql.py:263 UserWarning: pandas only supports SQLAlchemy connectable (engine/connection) or database string URI or sqlite3 DBAPI2 connection. Other DBAPI2 objects are not tested. Please consider using SQLAlchemy.
[2025-06-15T16:25:07.051+0000] {base.py:84} INFO - Using connection ID 'postgres' for task execution.
[2025-06-15T16:25:07.057+0000] {logging_mixin.py:188} WARNING - /home/***/.local/lib/python3.10/site-packages/***/providers/common/sql/hooks/sql.py:263 UserWarning: pandas only supports SQLAlchemy connectable (engine/connection) or database string URI or sqlite3 DBAPI2 connection. Other DBAPI2 objects are not tested. Please consider using SQLAlchemy.
[2025-06-15T16:25:07.066+0000] {base.py:84} INFO - Using connection ID 'postgres' for task execution.
[2025-06-15T16:25:07.070+0000] {logging_mixin.py:188} WARNING - /home/***/.local/lib/python3.10/site-packages/***/providers/common/sql/hooks/sql.py:263 UserWarning: pandas only supports SQLAlchemy connectable (engine/connection) or database string URI or sqlite3 DBAPI2 connection. Other DBAPI2 objects are not tested. Please consider using SQLAlchemy.
[2025-06-15T16:25:07.087+0000] {base.py:84} INFO - Using connection ID 'postgres' for task execution.
[2025-06-15T16:25:07.093+0000] {logging_mixin.py:188} WARNING - /home/***/.local/lib/python3.10/site-packages/***/providers/common/sql/hooks/sql.py:263 UserWarning: pandas only supports SQLAlchemy connectable (engine/connection) or database string URI or sqlite3 DBAPI2 connection. Other DBAPI2 objects are not tested. Please consider using SQLAlchemy.
[2025-06-15T16:25:11.508+0000] {retries.py:91} DEBUG - Running Job._fetch_from_db with retries. Try 1 of 3
[2025-06-15T16:25:11.523+0000] {retries.py:91} DEBUG - Running Job._update_heartbeat with retries. Try 1 of 3
[2025-06-15T16:25:11.548+0000] {job.py:214} DEBUG - [heartbeat]
[2025-06-15T16:25:16.585+0000] {retries.py:91} DEBUG - Running Job._fetch_from_db with retries. Try 1 of 3
[2025-06-15T16:25:16.591+0000] {retries.py:91} DEBUG - Running Job._update_heartbeat with retries. Try 1 of 3
[2025-06-15T16:25:16.602+0000] {job.py:214} DEBUG - [heartbeat]
[2025-06-15T16:25:21.636+0000] {retries.py:91} DEBUG - Running Job._fetch_from_db with retries. Try 1 of 3
[2025-06-15T16:25:21.649+0000] {retries.py:91} DEBUG - Running Job._update_heartbeat with retries. Try 1 of 3
[2025-06-15T16:25:21.667+0000] {job.py:214} DEBUG - [heartbeat]
[2025-06-15T16:25:26.708+0000] {retries.py:91} DEBUG - Running Job._fetch_from_db with retries. Try 1 of 3
[2025-06-15T16:25:26.959+0000] {retries.py:91} DEBUG - Running Job._update_heartbeat with retries. Try 1 of 3
[2025-06-15T16:25:26.982+0000] {job.py:214} DEBUG - [heartbeat]
[2025-06-15T16:25:28.908+0000] {logging_mixin.py:188} INFO - ✔ Đã transform và lưu dữ liệu vào warehouse.fact_sales
[2025-06-15T16:25:29.073+0000] {python.py:237} INFO - Done. Returned value was: None
[2025-06-15T16:25:29.079+0000] {taskinstance.py:441} INFO - ::group::Post task execution logs
[2025-06-15T16:25:29.085+0000] {__init__.py:77} DEBUG - Lineage called with inlets: [], outlets: []
[2025-06-15T16:25:29.115+0000] {taskinstance.py:584} DEBUG - Clearing next_method and next_kwargs.
[2025-06-15T16:25:29.116+0000] {taskinstance.py:1206} INFO - Marking task as SUCCESS. dag_id=globalsuperstore, task_id=load.transform_fact_sales, run_id=manual__2025-06-15T16:24:32.749940+00:00, execution_date=20250615T162432, start_date=20250615T162506, end_date=20250615T162529
[2025-06-15T16:25:29.117+0000] {taskinstance.py:562} DEBUG - Task Duration set to 22.676199
[2025-06-15T16:25:29.147+0000] {cli_action_loggers.py:88} DEBUG - Calling callbacks: []
[2025-06-15T16:25:29.205+0000] {local_task_job_runner.py:240} INFO - Task exited with return code 0
[2025-06-15T16:25:29.292+0000] {dagrun.py:931} DEBUG - number of tis tasks for <DagRun globalsuperstore @ 2025-06-15 16:24:32.749940+00:00: manual__2025-06-15T16:24:32.749940+00:00, state:running, queued_at: 2025-06-15 16:24:33.065315+00:00. externally triggered: True>: 0 task(s)
[2025-06-15T16:25:29.295+0000] {taskinstance.py:3503} INFO - 0 downstream tasks scheduled from follow-on schedule check
[2025-06-15T16:25:29.299+0000] {local_task_job_runner.py:222} INFO - ::endgroup::
