[2025-06-15T08:21:12.375+0000] {local_task_job_runner.py:120} INFO - ::group::Pre task execution logs
[2025-06-15T08:21:12.450+0000] {taskinstance.py:2076} INFO - Dependencies all met for dep_context=non-requeueable deps ti=<TaskInstance: globalsuperstore.transform.transform_dim_date manual__2025-06-15T08:20:20.407060+00:00 [queued]>
[2025-06-15T08:21:12.459+0000] {taskinstance.py:2076} INFO - Dependencies all met for dep_context=requeueable deps ti=<TaskInstance: globalsuperstore.transform.transform_dim_date manual__2025-06-15T08:20:20.407060+00:00 [queued]>
[2025-06-15T08:21:12.460+0000] {taskinstance.py:2306} INFO - Starting attempt 1 of 1
[2025-06-15T08:21:12.500+0000] {taskinstance.py:2330} INFO - Executing <Task(PythonOperator): transform.transform_dim_date> on 2025-06-15 08:20:20.407060+00:00
[2025-06-15T08:21:12.510+0000] {standard_task_runner.py:63} INFO - Started process 470 to run task
[2025-06-15T08:21:12.514+0000] {standard_task_runner.py:90} INFO - Running: ['***', 'tasks', 'run', 'globalsuperstore', 'transform.transform_dim_date', 'manual__2025-06-15T08:20:20.407060+00:00', '--job-id', '82', '--raw', '--subdir', 'DAGS_FOLDER/global_superstore_dw_etl.py', '--cfg-path', '/tmp/tmpww3eknd3']
[2025-06-15T08:21:12.519+0000] {standard_task_runner.py:91} INFO - Job 82: Subtask transform.transform_dim_date
[2025-06-15T08:21:12.600+0000] {task_command.py:426} INFO - Running <TaskInstance: globalsuperstore.transform.transform_dim_date manual__2025-06-15T08:20:20.407060+00:00 [running]> on host f3cca4675eb8
[2025-06-15T08:21:12.751+0000] {taskinstance.py:2648} INFO - Exporting env vars: AIRFLOW_CTX_DAG_OWNER='***' AIRFLOW_CTX_DAG_ID='globalsuperstore' AIRFLOW_CTX_TASK_ID='transform.transform_dim_date' AIRFLOW_CTX_EXECUTION_DATE='2025-06-15T08:20:20.407060+00:00' AIRFLOW_CTX_TRY_NUMBER='1' AIRFLOW_CTX_DAG_RUN_ID='manual__2025-06-15T08:20:20.407060+00:00'
[2025-06-15T08:21:12.753+0000] {taskinstance.py:430} INFO - ::endgroup::
[2025-06-15T08:21:12.799+0000] {base.py:84} INFO - Using connection ID 'postgres' for task execution.
[2025-06-15T08:21:12.807+0000] {base.py:84} INFO - Using connection ID 'postgres' for task execution.
[2025-06-15T08:21:12.827+0000] {base.py:84} INFO - Using connection ID 'postgres' for task execution.
[2025-06-15T08:21:12.871+0000] {logging_mixin.py:188} WARNING - /home/***/.local/lib/python3.10/site-packages/***/providers/common/sql/hooks/sql.py:263 UserWarning: pandas only supports SQLAlchemy connectable (engine/connection) or database string URI or sqlite3 DBAPI2 connection. Other DBAPI2 objects are not tested. Please consider using SQLAlchemy.
[2025-06-15T08:21:14.237+0000] {logging_mixin.py:188} INFO - ✔ Đã transform và lưu dữ liệu vào warehouse.dim_date
[2025-06-15T08:21:14.239+0000] {python.py:237} INFO - Done. Returned value was: None
[2025-06-15T08:21:14.241+0000] {taskinstance.py:441} INFO - ::group::Post task execution logs
[2025-06-15T08:21:14.254+0000] {taskinstance.py:1206} INFO - Marking task as SUCCESS. dag_id=globalsuperstore, task_id=transform.transform_dim_date, run_id=manual__2025-06-15T08:20:20.407060+00:00, execution_date=20250615T082020, start_date=20250615T082112, end_date=20250615T082114
[2025-06-15T08:21:14.321+0000] {local_task_job_runner.py:240} INFO - Task exited with return code 0
[2025-06-15T08:21:14.352+0000] {taskinstance.py:3503} INFO - 0 downstream tasks scheduled from follow-on schedule check
[2025-06-15T08:21:14.357+0000] {local_task_job_runner.py:222} INFO - ::endgroup::
