[2025-06-17T02:50:16.536+0000] {taskinstance.py:1042} DEBUG - previous_execution_date was called
[2025-06-17T02:50:16.597+0000] {__init__.py:54} DEBUG - Loading core task runner: StandardTaskRunner
[2025-06-17T02:50:16.615+0000] {taskinstance.py:1042} DEBUG - previous_execution_date was called
[2025-06-17T02:50:16.620+0000] {base_task_runner.py:73} DEBUG - Planning to run as the  user
[2025-06-17T02:50:16.651+0000] {local_task_job_runner.py:120} INFO - ::group::Pre task execution logs
[2025-06-17T02:50:16.800+0000] {taskinstance.py:2088} DEBUG - <TaskInstance: globalsuperstore.transform.transform_dim_date manual__2025-06-17T02:49:44.133467+00:00 [queued]> dependency 'Task Instance Not Running' PASSED: True, Task is not in running state.
[2025-06-17T02:50:16.800+0000] {taskinstance.py:2088} DEBUG - <TaskInstance: globalsuperstore.transform.transform_dim_date manual__2025-06-17T02:49:44.133467+00:00 [queued]> dependency 'Previous Dagrun State' PASSED: True, The task did not have depends_on_past set.
[2025-06-17T02:50:16.801+0000] {taskinstance.py:2088} DEBUG - <TaskInstance: globalsuperstore.transform.transform_dim_date manual__2025-06-17T02:49:44.133467+00:00 [queued]> dependency 'Task Instance State' PASSED: True, Task state queued was valid.
[2025-06-17T02:50:16.808+0000] {taskinstance.py:2088} DEBUG - <TaskInstance: globalsuperstore.transform.transform_dim_date manual__2025-06-17T02:49:44.133467+00:00 [queued]> dependency 'Not In Retry Period' PASSED: True, The task instance was not marked for retrying.
[2025-06-17T02:50:16.810+0000] {taskinstance.py:2076} INFO - Dependencies all met for dep_context=non-requeueable deps ti=<TaskInstance: globalsuperstore.transform.transform_dim_date manual__2025-06-17T02:49:44.133467+00:00 [queued]>
[2025-06-17T02:50:16.816+0000] {taskinstance.py:2088} DEBUG - <TaskInstance: globalsuperstore.transform.transform_dim_date manual__2025-06-17T02:49:44.133467+00:00 [queued]> dependency 'Pool Slots Available' PASSED: True, There are enough open slots in default_pool to execute the task
[2025-06-17T02:50:16.817+0000] {taskinstance.py:2088} DEBUG - <TaskInstance: globalsuperstore.transform.transform_dim_date manual__2025-06-17T02:49:44.133467+00:00 [queued]> dependency 'Task Concurrency' PASSED: True, Task concurrency is not set.
[2025-06-17T02:50:16.818+0000] {taskinstance.py:2088} DEBUG - <TaskInstance: globalsuperstore.transform.transform_dim_date manual__2025-06-17T02:49:44.133467+00:00 [queued]> dependency 'Previous Dagrun State' PASSED: True, The task did not have depends_on_past set.
[2025-06-17T02:50:16.822+0000] {taskinstance.py:2088} DEBUG - <TaskInstance: globalsuperstore.transform.transform_dim_date manual__2025-06-17T02:49:44.133467+00:00 [queued]> dependency 'Not In Retry Period' PASSED: True, The task instance was not marked for retrying.
[2025-06-17T02:50:16.822+0000] {taskinstance.py:2076} INFO - Dependencies all met for dep_context=requeueable deps ti=<TaskInstance: globalsuperstore.transform.transform_dim_date manual__2025-06-17T02:49:44.133467+00:00 [queued]>
[2025-06-17T02:50:16.823+0000] {taskinstance.py:2306} INFO - Starting attempt 1 of 1
[2025-06-17T02:50:16.851+0000] {taskinstance.py:2330} INFO - Executing <Task(PythonOperator): transform.transform_dim_date> on 2025-06-17 02:49:44.133467+00:00
[2025-06-17T02:50:16.880+0000] {standard_task_runner.py:63} INFO - Started process 227 to run task
[2025-06-17T02:50:16.886+0000] {standard_task_runner.py:90} INFO - Running: ['***', 'tasks', 'run', 'globalsuperstore', 'transform.transform_dim_date', 'manual__2025-06-17T02:49:44.133467+00:00', '--job-id', '443', '--raw', '--subdir', 'DAGS_FOLDER/global_superstore_dw_etl.py', '--cfg-path', '/tmp/tmpsys5kr7n']
[2025-06-17T02:50:16.887+0000] {standard_task_runner.py:91} INFO - Job 443: Subtask transform.transform_dim_date
[2025-06-17T02:50:16.888+0000] {cli_action_loggers.py:70} DEBUG - Calling callbacks: [<function default_action_log at 0x7f9296139750>]
[2025-06-17T02:50:16.957+0000] {taskinstance.py:1042} DEBUG - previous_execution_date was called
[2025-06-17T02:50:16.963+0000] {task_command.py:426} INFO - Running <TaskInstance: globalsuperstore.transform.transform_dim_date manual__2025-06-17T02:49:44.133467+00:00 [running]> on host 9b7c60adfed6
[2025-06-17T02:50:16.964+0000] {settings.py:363} DEBUG - Disposing DB connection pool (PID 227)
[2025-06-17T02:50:16.965+0000] {settings.py:250} DEBUG - Setting up DB connection pool (PID 227)
[2025-06-17T02:50:16.965+0000] {settings.py:298} DEBUG - settings.prepare_engine_args(): Using NullPool
[2025-06-17T02:50:17.018+0000] {taskinstance.py:1042} DEBUG - previous_execution_date was called
[2025-06-17T02:50:17.021+0000] {taskinstance.py:1845} DEBUG - Clearing XCom data
[2025-06-17T02:50:17.094+0000] {retries.py:91} DEBUG - Running RenderedTaskInstanceFields.write with retries. Try 1 of 3
[2025-06-17T02:50:17.154+0000] {retries.py:91} DEBUG - Running RenderedTaskInstanceFields._do_delete_old_records with retries. Try 1 of 3
[2025-06-17T02:50:17.197+0000] {taskinstance.py:2648} INFO - Exporting env vars: AIRFLOW_CTX_DAG_OWNER='***' AIRFLOW_CTX_DAG_ID='globalsuperstore' AIRFLOW_CTX_TASK_ID='transform.transform_dim_date' AIRFLOW_CTX_EXECUTION_DATE='2025-06-17T02:49:44.133467+00:00' AIRFLOW_CTX_TRY_NUMBER='1' AIRFLOW_CTX_DAG_RUN_ID='manual__2025-06-17T02:49:44.133467+00:00'
[2025-06-17T02:50:17.198+0000] {__init__.py:115} DEBUG - Preparing lineage inlets and outlets
[2025-06-17T02:50:17.199+0000] {__init__.py:154} DEBUG - inlets: [], outlets: []
[2025-06-17T02:50:17.200+0000] {taskinstance.py:430} INFO - ::endgroup::
[2025-06-17T02:50:17.299+0000] {base.py:84} INFO - Using connection ID 'postgres' for task execution.
[2025-06-17T02:50:17.315+0000] {base.py:84} INFO - Using connection ID 'postgres' for task execution.
[2025-06-17T02:50:17.317+0000] {taskinstance.py:441} INFO - ::group::Post task execution logs
[2025-06-17T02:50:17.318+0000] {taskinstance.py:2905} ERROR - Task failed with exception
Traceback (most recent call last):
  File "/home/airflow/.local/lib/python3.10/site-packages/airflow/models/taskinstance.py", line 465, in _execute_task
    result = _execute_callable(context=context, **execute_callable_kwargs)
  File "/home/airflow/.local/lib/python3.10/site-packages/airflow/models/taskinstance.py", line 432, in _execute_callable
    return execute_callable(context=context, **execute_callable_kwargs)
  File "/home/airflow/.local/lib/python3.10/site-packages/airflow/models/baseoperator.py", line 401, in wrapper
    return func(self, *args, **kwargs)
  File "/home/airflow/.local/lib/python3.10/site-packages/airflow/operators/python.py", line 235, in execute
    return_value = self.execute_callable()
  File "/home/airflow/.local/lib/python3.10/site-packages/airflow/operators/python.py", line 252, in execute_callable
    return self.python_callable(*self.op_args, **self.op_kwargs)
  File "/opt/airflow/dags/transform_dim_date.py", line 9, in transform_dim_date
    warehouse_operator.run_sql('TRUNCATE TABLE "warehouse"."fact_sales" RESTART IDENTITY CASCADE')
AttributeError: 'PostgresOperators' object has no attribute 'run_sql'
[2025-06-17T02:50:17.333+0000] {taskinstance.py:562} DEBUG - Task Duration set to 0.523063
[2025-06-17T02:50:17.336+0000] {taskinstance.py:584} DEBUG - Clearing next_method and next_kwargs.
[2025-06-17T02:50:17.337+0000] {taskinstance.py:1206} INFO - Marking task as FAILED. dag_id=globalsuperstore, task_id=transform.transform_dim_date, run_id=manual__2025-06-17T02:49:44.133467+00:00, execution_date=20250617T024944, start_date=20250617T025016, end_date=20250617T025017
[2025-06-17T02:50:17.421+0000] {cli_action_loggers.py:88} DEBUG - Calling callbacks: []
[2025-06-17T02:50:17.422+0000] {standard_task_runner.py:110} ERROR - Failed to execute job 443 for task transform.transform_dim_date ('PostgresOperators' object has no attribute 'run_sql'; 227)
[2025-06-17T02:50:17.460+0000] {local_task_job_runner.py:240} INFO - Task exited with return code 1
[2025-06-17T02:50:17.472+0000] {taskinstance.py:3461} DEBUG - Skip locked rows, rollback
[2025-06-17T02:50:17.473+0000] {local_task_job_runner.py:222} INFO - ::endgroup::
