[2025-06-17T02:25:26.500+0000] {taskinstance.py:1042} DEBUG - previous_execution_date was called
[2025-06-17T02:25:26.597+0000] {__init__.py:54} DEBUG - Loading core task runner: StandardTaskRunner
[2025-06-17T02:25:26.641+0000] {taskinstance.py:1042} DEBUG - previous_execution_date was called
[2025-06-17T02:25:26.663+0000] {base_task_runner.py:73} DEBUG - Planning to run as the  user
[2025-06-17T02:25:26.688+0000] {local_task_job_runner.py:120} INFO - ::group::Pre task execution logs
[2025-06-17T02:25:26.862+0000] {taskinstance.py:2088} DEBUG - <TaskInstance: globalsuperstore.transform.transform_dim_shipmode scheduled__2025-06-16T00:00:00+00:00 [queued]> dependency 'Task Instance State' PASSED: True, Task state queued was valid.
[2025-06-17T02:25:26.893+0000] {taskinstance.py:2088} DEBUG - <TaskInstance: globalsuperstore.transform.transform_dim_shipmode scheduled__2025-06-16T00:00:00+00:00 [queued]> dependency 'Previous Dagrun State' PASSED: True, The task did not have depends_on_past set.
[2025-06-17T02:25:26.911+0000] {taskinstance.py:2088} DEBUG - <TaskInstance: globalsuperstore.transform.transform_dim_shipmode scheduled__2025-06-16T00:00:00+00:00 [queued]> dependency 'Not In Retry Period' PASSED: True, The task instance was not marked for retrying.
[2025-06-17T02:25:26.912+0000] {taskinstance.py:2088} DEBUG - <TaskInstance: globalsuperstore.transform.transform_dim_shipmode scheduled__2025-06-16T00:00:00+00:00 [queued]> dependency 'Task Instance Not Running' PASSED: True, Task is not in running state.
[2025-06-17T02:25:26.913+0000] {taskinstance.py:2076} INFO - Dependencies all met for dep_context=non-requeueable deps ti=<TaskInstance: globalsuperstore.transform.transform_dim_shipmode scheduled__2025-06-16T00:00:00+00:00 [queued]>
[2025-06-17T02:25:26.927+0000] {taskinstance.py:2088} DEBUG - <TaskInstance: globalsuperstore.transform.transform_dim_shipmode scheduled__2025-06-16T00:00:00+00:00 [queued]> dependency 'Previous Dagrun State' PASSED: True, The task did not have depends_on_past set.
[2025-06-17T02:25:26.933+0000] {taskinstance.py:2088} DEBUG - <TaskInstance: globalsuperstore.transform.transform_dim_shipmode scheduled__2025-06-16T00:00:00+00:00 [queued]> dependency 'Not In Retry Period' PASSED: True, The task instance was not marked for retrying.
[2025-06-17T02:25:26.952+0000] {taskinstance.py:2088} DEBUG - <TaskInstance: globalsuperstore.transform.transform_dim_shipmode scheduled__2025-06-16T00:00:00+00:00 [queued]> dependency 'Pool Slots Available' PASSED: True, There are enough open slots in default_pool to execute the task
[2025-06-17T02:25:26.954+0000] {taskinstance.py:2088} DEBUG - <TaskInstance: globalsuperstore.transform.transform_dim_shipmode scheduled__2025-06-16T00:00:00+00:00 [queued]> dependency 'Task Concurrency' PASSED: True, Task concurrency is not set.
[2025-06-17T02:25:26.956+0000] {taskinstance.py:2076} INFO - Dependencies all met for dep_context=requeueable deps ti=<TaskInstance: globalsuperstore.transform.transform_dim_shipmode scheduled__2025-06-16T00:00:00+00:00 [queued]>
[2025-06-17T02:25:26.957+0000] {taskinstance.py:2306} INFO - Starting attempt 1 of 1
[2025-06-17T02:25:26.997+0000] {taskinstance.py:2330} INFO - Executing <Task(PythonOperator): transform.transform_dim_shipmode> on 2025-06-16 00:00:00+00:00
[2025-06-17T02:25:27.031+0000] {standard_task_runner.py:63} INFO - Started process 230 to run task
[2025-06-17T02:25:27.037+0000] {standard_task_runner.py:90} INFO - Running: ['***', 'tasks', 'run', 'globalsuperstore', 'transform.transform_dim_shipmode', 'scheduled__2025-06-16T00:00:00+00:00', '--job-id', '376', '--raw', '--subdir', 'DAGS_FOLDER/global_superstore_dw_etl.py', '--cfg-path', '/tmp/tmpx01t3kor']
[2025-06-17T02:25:27.051+0000] {standard_task_runner.py:91} INFO - Job 376: Subtask transform.transform_dim_shipmode
[2025-06-17T02:25:27.065+0000] {cli_action_loggers.py:70} DEBUG - Calling callbacks: [<function default_action_log at 0x7fdcec52d750>]
[2025-06-17T02:25:27.198+0000] {taskinstance.py:1042} DEBUG - previous_execution_date was called
[2025-06-17T02:25:27.213+0000] {task_command.py:426} INFO - Running <TaskInstance: globalsuperstore.transform.transform_dim_shipmode scheduled__2025-06-16T00:00:00+00:00 [running]> on host 9b7c60adfed6
[2025-06-17T02:25:27.213+0000] {settings.py:363} DEBUG - Disposing DB connection pool (PID 230)
[2025-06-17T02:25:27.215+0000] {settings.py:250} DEBUG - Setting up DB connection pool (PID 230)
[2025-06-17T02:25:27.218+0000] {settings.py:298} DEBUG - settings.prepare_engine_args(): Using NullPool
[2025-06-17T02:25:27.292+0000] {taskinstance.py:1042} DEBUG - previous_execution_date was called
[2025-06-17T02:25:27.304+0000] {taskinstance.py:1845} DEBUG - Clearing XCom data
[2025-06-17T02:25:27.348+0000] {retries.py:91} DEBUG - Running RenderedTaskInstanceFields.write with retries. Try 1 of 3
[2025-06-17T02:25:27.416+0000] {retries.py:91} DEBUG - Running RenderedTaskInstanceFields._do_delete_old_records with retries. Try 1 of 3
[2025-06-17T02:25:27.462+0000] {taskinstance.py:2648} INFO - Exporting env vars: AIRFLOW_CTX_DAG_OWNER='***' AIRFLOW_CTX_DAG_ID='globalsuperstore' AIRFLOW_CTX_TASK_ID='transform.transform_dim_shipmode' AIRFLOW_CTX_EXECUTION_DATE='2025-06-16T00:00:00+00:00' AIRFLOW_CTX_TRY_NUMBER='1' AIRFLOW_CTX_DAG_RUN_ID='scheduled__2025-06-16T00:00:00+00:00'
[2025-06-17T02:25:27.468+0000] {__init__.py:115} DEBUG - Preparing lineage inlets and outlets
[2025-06-17T02:25:27.472+0000] {__init__.py:154} DEBUG - inlets: [], outlets: []
[2025-06-17T02:25:27.474+0000] {taskinstance.py:430} INFO - ::endgroup::
[2025-06-17T02:25:27.541+0000] {base.py:84} INFO - Using connection ID 'postgres' for task execution.
[2025-06-17T02:25:27.566+0000] {base.py:84} INFO - Using connection ID 'postgres' for task execution.
[2025-06-17T02:25:27.595+0000] {base.py:84} INFO - Using connection ID 'postgres' for task execution.
[2025-06-17T02:25:27.629+0000] {logging_mixin.py:188} WARNING - /home/***/.local/lib/python3.10/site-packages/***/providers/common/sql/hooks/sql.py:263 UserWarning: pandas only supports SQLAlchemy connectable (engine/connection) or database string URI or sqlite3 DBAPI2 connection. Other DBAPI2 objects are not tested. Please consider using SQLAlchemy.
[2025-06-17T02:25:28.054+0000] {logging_mixin.py:188} INFO - [DEBUG] Số dòng stg_Orders: 50070
[2025-06-17T02:25:28.208+0000] {logging_mixin.py:188} INFO - [DEBUG] Số dòng sau khi xử lý: 4
[2025-06-17T02:25:28.213+0000] {logging_mixin.py:188} INFO - [DEBUG] Mẫu dữ liệu:
[2025-06-17T02:25:28.257+0000] {logging_mixin.py:188} INFO -         ship_mode
0  Standard Class
1        Same Day
2    Second Class
3     First Class
[2025-06-17T02:25:28.335+0000] {taskinstance.py:441} INFO - ::group::Post task execution logs
[2025-06-17T02:25:28.344+0000] {taskinstance.py:2905} ERROR - Task failed with exception
Traceback (most recent call last):
  File "/home/airflow/.local/lib/python3.10/site-packages/sqlalchemy/engine/base.py", line 1910, in _execute_context
    self.dialect.do_execute(
  File "/home/airflow/.local/lib/python3.10/site-packages/sqlalchemy/engine/default.py", line 736, in do_execute
    cursor.execute(statement, parameters)
psycopg2.errors.UniqueViolation: duplicate key value violates unique constraint "pg_type_typname_nsp_index"
DETAIL:  Key (typname, typnamespace)=(dim_shipmode, 27014) already exists.


The above exception was the direct cause of the following exception:

Traceback (most recent call last):
  File "/home/airflow/.local/lib/python3.10/site-packages/airflow/models/taskinstance.py", line 465, in _execute_task
    result = _execute_callable(context=context, **execute_callable_kwargs)
  File "/home/airflow/.local/lib/python3.10/site-packages/airflow/models/taskinstance.py", line 432, in _execute_callable
    return execute_callable(context=context, **execute_callable_kwargs)
  File "/home/airflow/.local/lib/python3.10/site-packages/airflow/models/baseoperator.py", line 401, in wrapper
    return func(self, *args, **kwargs)
  File "/home/airflow/.local/lib/python3.10/site-packages/airflow/operators/python.py", line 235, in execute
    return_value = self.execute_callable()
  File "/home/airflow/.local/lib/python3.10/site-packages/airflow/operators/python.py", line 252, in execute_callable
    return self.python_callable(*self.op_args, **self.op_kwargs)
  File "/opt/airflow/dags/transform_dim_shipmode.py", line 45, in transform_dim_shipmode
    warehouse_operator.save_data_to_postgres(
  File "/opt/airflow/plugins/postgresql_operator.py", line 79, in save_data_to_postgres
    df.to_sql(
  File "/home/airflow/.local/lib/python3.10/site-packages/pandas/core/generic.py", line 2987, in to_sql
    return sql.to_sql(
  File "/home/airflow/.local/lib/python3.10/site-packages/pandas/io/sql.py", line 695, in to_sql
    return pandas_sql.to_sql(
  File "/home/airflow/.local/lib/python3.10/site-packages/pandas/io/sql.py", line 1728, in to_sql
    table = self.prep_table(
  File "/home/airflow/.local/lib/python3.10/site-packages/pandas/io/sql.py", line 1631, in prep_table
    table.create()
  File "/home/airflow/.local/lib/python3.10/site-packages/pandas/io/sql.py", line 838, in create
    self._execute_create()
  File "/home/airflow/.local/lib/python3.10/site-packages/pandas/io/sql.py", line 824, in _execute_create
    self.table.create(bind=self.pd_sql.connectable)
  File "/home/airflow/.local/lib/python3.10/site-packages/sqlalchemy/sql/schema.py", line 962, in create
    bind._run_ddl_visitor(ddl.SchemaGenerator, self, checkfirst=checkfirst)
  File "/home/airflow/.local/lib/python3.10/site-packages/sqlalchemy/engine/base.py", line 3238, in _run_ddl_visitor
    conn._run_ddl_visitor(visitorcallable, element, **kwargs)
  File "/home/airflow/.local/lib/python3.10/site-packages/sqlalchemy/engine/base.py", line 2221, in _run_ddl_visitor
    visitorcallable(self.dialect, self, **kwargs).traverse_single(element)
  File "/home/airflow/.local/lib/python3.10/site-packages/sqlalchemy/sql/visitors.py", line 524, in traverse_single
    return meth(obj, **kw)
  File "/home/airflow/.local/lib/python3.10/site-packages/sqlalchemy/sql/ddl.py", line 899, in visit_table
    self.connection.execute(
  File "/home/airflow/.local/lib/python3.10/site-packages/sqlalchemy/engine/base.py", line 1385, in execute
    return meth(self, multiparams, params, _EMPTY_EXECUTION_OPTS)
  File "/home/airflow/.local/lib/python3.10/site-packages/sqlalchemy/sql/ddl.py", line 80, in _execute_on_connection
    return connection._execute_ddl(
  File "/home/airflow/.local/lib/python3.10/site-packages/sqlalchemy/engine/base.py", line 1477, in _execute_ddl
    ret = self._execute_context(
  File "/home/airflow/.local/lib/python3.10/site-packages/sqlalchemy/engine/base.py", line 1953, in _execute_context
    self._handle_dbapi_exception(
  File "/home/airflow/.local/lib/python3.10/site-packages/sqlalchemy/engine/base.py", line 2134, in _handle_dbapi_exception
    util.raise_(
  File "/home/airflow/.local/lib/python3.10/site-packages/sqlalchemy/util/compat.py", line 211, in raise_
    raise exception
  File "/home/airflow/.local/lib/python3.10/site-packages/sqlalchemy/engine/base.py", line 1910, in _execute_context
    self.dialect.do_execute(
  File "/home/airflow/.local/lib/python3.10/site-packages/sqlalchemy/engine/default.py", line 736, in do_execute
    cursor.execute(statement, parameters)
sqlalchemy.exc.IntegrityError: (psycopg2.errors.UniqueViolation) duplicate key value violates unique constraint "pg_type_typname_nsp_index"
DETAIL:  Key (typname, typnamespace)=(dim_shipmode, 27014) already exists.

[SQL: 
CREATE TABLE warehouse.dim_shipmode (
	shipmode_id BIGINT, 
	ship_mode TEXT
)

]
(Background on this error at: https://sqlalche.me/e/14/gkpj)
[2025-06-17T02:25:28.435+0000] {taskinstance.py:562} DEBUG - Task Duration set to 1.520905
[2025-06-17T02:25:28.451+0000] {taskinstance.py:584} DEBUG - Clearing next_method and next_kwargs.
[2025-06-17T02:25:28.464+0000] {taskinstance.py:1206} INFO - Marking task as FAILED. dag_id=globalsuperstore, task_id=transform.transform_dim_shipmode, run_id=scheduled__2025-06-16T00:00:00+00:00, execution_date=20250616T000000, start_date=20250617T022526, end_date=20250617T022528
[2025-06-17T02:25:28.516+0000] {cli_action_loggers.py:88} DEBUG - Calling callbacks: []
[2025-06-17T02:25:28.523+0000] {standard_task_runner.py:110} ERROR - Failed to execute job 376 for task transform.transform_dim_shipmode ((psycopg2.errors.UniqueViolation) duplicate key value violates unique constraint "pg_type_typname_nsp_index"
DETAIL:  Key (typname, typnamespace)=(dim_shipmode, 27014) already exists.

[SQL: 
CREATE TABLE warehouse.dim_shipmode (
	shipmode_id BIGINT, 
	ship_mode TEXT
)

]
(Background on this error at: https://sqlalche.me/e/14/gkpj); 230)
[2025-06-17T02:25:28.570+0000] {local_task_job_runner.py:240} INFO - Task exited with return code 1
[2025-06-17T02:25:28.612+0000] {dagrun.py:931} DEBUG - number of tis tasks for <DagRun globalsuperstore @ 2025-06-16 00:00:00+00:00: scheduled__2025-06-16T00:00:00+00:00, state:running, queued_at: 2025-06-17 02:25:04.605711+00:00. externally triggered: False>: 6 task(s)
[2025-06-17T02:25:28.614+0000] {dagrun.py:952} DEBUG - number of scheduleable tasks for <DagRun globalsuperstore @ 2025-06-16 00:00:00+00:00: scheduled__2025-06-16T00:00:00+00:00, state:running, queued_at: 2025-06-17 02:25:04.605711+00:00. externally triggered: False>: 0 task(s)
[2025-06-17T02:25:28.614+0000] {taskinstance.py:3503} INFO - 0 downstream tasks scheduled from follow-on schedule check
[2025-06-17T02:25:28.619+0000] {local_task_job_runner.py:222} INFO - ::endgroup::
[2025-06-17T02:27:50.420+0000] {taskinstance.py:1042} DEBUG - previous_execution_date was called
[2025-06-17T02:27:50.499+0000] {__init__.py:54} DEBUG - Loading core task runner: StandardTaskRunner
[2025-06-17T02:27:50.556+0000] {taskinstance.py:1042} DEBUG - previous_execution_date was called
[2025-06-17T02:27:50.631+0000] {base_task_runner.py:73} DEBUG - Planning to run as the  user
[2025-06-17T02:27:50.674+0000] {local_task_job_runner.py:120} INFO - ::group::Pre task execution logs
[2025-06-17T02:27:50.879+0000] {taskinstance.py:2088} DEBUG - <TaskInstance: globalsuperstore.transform.transform_dim_shipmode scheduled__2025-06-16T00:00:00+00:00 [queued]> dependency 'Task Instance Not Running' PASSED: True, Task is not in running state.
[2025-06-17T02:27:50.898+0000] {taskinstance.py:2088} DEBUG - <TaskInstance: globalsuperstore.transform.transform_dim_shipmode scheduled__2025-06-16T00:00:00+00:00 [queued]> dependency 'Task Instance State' PASSED: True, Task state queued was valid.
[2025-06-17T02:27:50.899+0000] {taskinstance.py:2088} DEBUG - <TaskInstance: globalsuperstore.transform.transform_dim_shipmode scheduled__2025-06-16T00:00:00+00:00 [queued]> dependency 'Not In Retry Period' PASSED: True, The task instance was not marked for retrying.
[2025-06-17T02:27:50.900+0000] {taskinstance.py:2088} DEBUG - <TaskInstance: globalsuperstore.transform.transform_dim_shipmode scheduled__2025-06-16T00:00:00+00:00 [queued]> dependency 'Previous Dagrun State' PASSED: True, The task did not have depends_on_past set.
[2025-06-17T02:27:50.900+0000] {taskinstance.py:2076} INFO - Dependencies all met for dep_context=non-requeueable deps ti=<TaskInstance: globalsuperstore.transform.transform_dim_shipmode scheduled__2025-06-16T00:00:00+00:00 [queued]>
[2025-06-17T02:27:50.931+0000] {taskinstance.py:2088} DEBUG - <TaskInstance: globalsuperstore.transform.transform_dim_shipmode scheduled__2025-06-16T00:00:00+00:00 [queued]> dependency 'Pool Slots Available' PASSED: True, There are enough open slots in default_pool to execute the task
[2025-06-17T02:27:50.932+0000] {taskinstance.py:2088} DEBUG - <TaskInstance: globalsuperstore.transform.transform_dim_shipmode scheduled__2025-06-16T00:00:00+00:00 [queued]> dependency 'Task Concurrency' PASSED: True, Task concurrency is not set.
[2025-06-17T02:27:50.952+0000] {taskinstance.py:2088} DEBUG - <TaskInstance: globalsuperstore.transform.transform_dim_shipmode scheduled__2025-06-16T00:00:00+00:00 [queued]> dependency 'Not In Retry Period' PASSED: True, The task instance was not marked for retrying.
[2025-06-17T02:27:50.953+0000] {taskinstance.py:2088} DEBUG - <TaskInstance: globalsuperstore.transform.transform_dim_shipmode scheduled__2025-06-16T00:00:00+00:00 [queued]> dependency 'Previous Dagrun State' PASSED: True, The task did not have depends_on_past set.
[2025-06-17T02:27:50.954+0000] {taskinstance.py:2076} INFO - Dependencies all met for dep_context=requeueable deps ti=<TaskInstance: globalsuperstore.transform.transform_dim_shipmode scheduled__2025-06-16T00:00:00+00:00 [queued]>
[2025-06-17T02:27:50.954+0000] {taskinstance.py:2306} INFO - Starting attempt 1 of 1
[2025-06-17T02:27:51.179+0000] {taskinstance.py:2330} INFO - Executing <Task(PythonOperator): transform.transform_dim_shipmode> on 2025-06-16 00:00:00+00:00
[2025-06-17T02:27:51.208+0000] {standard_task_runner.py:63} INFO - Started process 232 to run task
[2025-06-17T02:27:51.226+0000] {standard_task_runner.py:90} INFO - Running: ['***', 'tasks', 'run', 'globalsuperstore', 'transform.transform_dim_shipmode', 'scheduled__2025-06-16T00:00:00+00:00', '--job-id', '383', '--raw', '--subdir', 'DAGS_FOLDER/global_superstore_dw_etl.py', '--cfg-path', '/tmp/tmphuqwa4dv']
[2025-06-17T02:27:51.232+0000] {standard_task_runner.py:91} INFO - Job 383: Subtask transform.transform_dim_shipmode
[2025-06-17T02:27:51.239+0000] {cli_action_loggers.py:70} DEBUG - Calling callbacks: [<function default_action_log at 0x7f821ad2d750>]
[2025-06-17T02:27:51.367+0000] {taskinstance.py:1042} DEBUG - previous_execution_date was called
[2025-06-17T02:27:51.395+0000] {task_command.py:426} INFO - Running <TaskInstance: globalsuperstore.transform.transform_dim_shipmode scheduled__2025-06-16T00:00:00+00:00 [running]> on host 9b7c60adfed6
[2025-06-17T02:27:51.400+0000] {settings.py:363} DEBUG - Disposing DB connection pool (PID 232)
[2025-06-17T02:27:51.407+0000] {settings.py:250} DEBUG - Setting up DB connection pool (PID 232)
[2025-06-17T02:27:51.411+0000] {settings.py:298} DEBUG - settings.prepare_engine_args(): Using NullPool
[2025-06-17T02:27:51.530+0000] {taskinstance.py:1042} DEBUG - previous_execution_date was called
[2025-06-17T02:27:51.541+0000] {taskinstance.py:1845} DEBUG - Clearing XCom data
[2025-06-17T02:27:51.575+0000] {retries.py:91} DEBUG - Running RenderedTaskInstanceFields.write with retries. Try 1 of 3
[2025-06-17T02:27:51.653+0000] {retries.py:91} DEBUG - Running RenderedTaskInstanceFields._do_delete_old_records with retries. Try 1 of 3
[2025-06-17T02:27:51.714+0000] {taskinstance.py:2648} INFO - Exporting env vars: AIRFLOW_CTX_DAG_OWNER='***' AIRFLOW_CTX_DAG_ID='globalsuperstore' AIRFLOW_CTX_TASK_ID='transform.transform_dim_shipmode' AIRFLOW_CTX_EXECUTION_DATE='2025-06-16T00:00:00+00:00' AIRFLOW_CTX_TRY_NUMBER='1' AIRFLOW_CTX_DAG_RUN_ID='scheduled__2025-06-16T00:00:00+00:00'
[2025-06-17T02:27:51.719+0000] {__init__.py:115} DEBUG - Preparing lineage inlets and outlets
[2025-06-17T02:27:51.720+0000] {__init__.py:154} DEBUG - inlets: [], outlets: []
[2025-06-17T02:27:51.723+0000] {taskinstance.py:430} INFO - ::endgroup::
[2025-06-17T02:27:51.818+0000] {base.py:84} INFO - Using connection ID 'postgres' for task execution.
[2025-06-17T02:27:51.839+0000] {base.py:84} INFO - Using connection ID 'postgres' for task execution.
[2025-06-17T02:27:51.879+0000] {base.py:84} INFO - Using connection ID 'postgres' for task execution.
[2025-06-17T02:27:52.075+0000] {logging_mixin.py:188} WARNING - /home/***/.local/lib/python3.10/site-packages/***/providers/common/sql/hooks/sql.py:263 UserWarning: pandas only supports SQLAlchemy connectable (engine/connection) or database string URI or sqlite3 DBAPI2 connection. Other DBAPI2 objects are not tested. Please consider using SQLAlchemy.
[2025-06-17T02:27:52.775+0000] {logging_mixin.py:188} INFO - [DEBUG] Số dòng stg_Orders: 50070
[2025-06-17T02:27:52.920+0000] {logging_mixin.py:188} INFO - [DEBUG] Số dòng sau khi xử lý: 4
[2025-06-17T02:27:52.924+0000] {logging_mixin.py:188} INFO - [DEBUG] Mẫu dữ liệu:
[2025-06-17T02:27:52.960+0000] {logging_mixin.py:188} INFO -         ship_mode
0  Standard Class
1        Same Day
2    Second Class
3     First Class
[2025-06-17T02:27:53.029+0000] {logging_mixin.py:188} INFO - ✔ Đã lưu dữ liệu vào warehouse.dim_shipmode (4 dòng)
[2025-06-17T02:27:53.032+0000] {logging_mixin.py:188} INFO - ✔ Đã transform và lưu dữ liệu vào warehouse.dim_shipmode
[2025-06-17T02:27:53.087+0000] {python.py:237} INFO - Done. Returned value was: None
[2025-06-17T02:27:53.093+0000] {taskinstance.py:441} INFO - ::group::Post task execution logs
[2025-06-17T02:27:53.095+0000] {__init__.py:77} DEBUG - Lineage called with inlets: [], outlets: []
[2025-06-17T02:27:53.127+0000] {taskinstance.py:584} DEBUG - Clearing next_method and next_kwargs.
[2025-06-17T02:27:53.146+0000] {taskinstance.py:1206} INFO - Marking task as SUCCESS. dag_id=globalsuperstore, task_id=transform.transform_dim_shipmode, run_id=scheduled__2025-06-16T00:00:00+00:00, execution_date=20250616T000000, start_date=20250617T022750, end_date=20250617T022753
[2025-06-17T02:27:53.148+0000] {taskinstance.py:562} DEBUG - Task Duration set to 2.244771
[2025-06-17T02:27:53.208+0000] {cli_action_loggers.py:88} DEBUG - Calling callbacks: []
[2025-06-17T02:27:53.305+0000] {local_task_job_runner.py:240} INFO - Task exited with return code 0
[2025-06-17T02:27:53.361+0000] {dagrun.py:931} DEBUG - number of tis tasks for <DagRun globalsuperstore @ 2025-06-16 00:00:00+00:00: scheduled__2025-06-16T00:00:00+00:00, state:running, queued_at: 2025-06-17 02:27:23.275803+00:00. externally triggered: False>: 6 task(s)
[2025-06-17T02:27:53.363+0000] {dagrun.py:952} DEBUG - number of scheduleable tasks for <DagRun globalsuperstore @ 2025-06-16 00:00:00+00:00: scheduled__2025-06-16T00:00:00+00:00, state:running, queued_at: 2025-06-17 02:27:23.275803+00:00. externally triggered: False>: 1 task(s)
[2025-06-17T02:27:53.364+0000] {taskinstance.py:2088} DEBUG - <TaskInstance: globalsuperstore.load.transform_fact_sales scheduled__2025-06-16T00:00:00+00:00 [None]> dependency 'Trigger Rule' PASSED: False, Task's trigger rule 'all_success' requires all upstream tasks to have succeeded, but found 4 non-success(es). upstream_states=_UpstreamTIStates(success=1, skipped=0, failed=0, upstream_failed=0, removed=0, done=1, success_setup=0, skipped_setup=0), upstream_task_ids={'transform.transform_dim_locations', 'transform.transform_dim_date', 'transform.transform_dim_shipmode', 'transform.transform_dim_products', 'transform.transform_dim_customers'}
[2025-06-17T02:27:53.365+0000] {taskinstance.py:2066} DEBUG - Dependencies not met for <TaskInstance: globalsuperstore.load.transform_fact_sales scheduled__2025-06-16T00:00:00+00:00 [None]>, dependency 'Trigger Rule' FAILED: Task's trigger rule 'all_success' requires all upstream tasks to have succeeded, but found 4 non-success(es). upstream_states=_UpstreamTIStates(success=1, skipped=0, failed=0, upstream_failed=0, removed=0, done=1, success_setup=0, skipped_setup=0), upstream_task_ids={'transform.transform_dim_locations', 'transform.transform_dim_date', 'transform.transform_dim_shipmode', 'transform.transform_dim_products', 'transform.transform_dim_customers'}
[2025-06-17T02:27:53.365+0000] {taskinstance.py:2088} DEBUG - <TaskInstance: globalsuperstore.load.transform_fact_sales scheduled__2025-06-16T00:00:00+00:00 [None]> dependency 'Previous Dagrun State' PASSED: True, The task did not have depends_on_past set.
[2025-06-17T02:27:53.366+0000] {taskinstance.py:2088} DEBUG - <TaskInstance: globalsuperstore.load.transform_fact_sales scheduled__2025-06-16T00:00:00+00:00 [None]> dependency 'Not In Retry Period' PASSED: True, The task instance was not marked for retrying.
[2025-06-17T02:27:53.379+0000] {taskinstance.py:3503} INFO - 0 downstream tasks scheduled from follow-on schedule check
[2025-06-17T02:27:53.384+0000] {local_task_job_runner.py:222} INFO - ::endgroup::
[2025-06-17T02:33:10.917+0000] {taskinstance.py:1042} DEBUG - previous_execution_date was called
[2025-06-17T02:33:10.986+0000] {__init__.py:54} DEBUG - Loading core task runner: StandardTaskRunner
[2025-06-17T02:33:11.050+0000] {taskinstance.py:1042} DEBUG - previous_execution_date was called
[2025-06-17T02:33:11.089+0000] {base_task_runner.py:73} DEBUG - Planning to run as the  user
[2025-06-17T02:33:11.132+0000] {local_task_job_runner.py:120} INFO - ::group::Pre task execution logs
[2025-06-17T02:33:11.294+0000] {taskinstance.py:2088} DEBUG - <TaskInstance: globalsuperstore.transform.transform_dim_shipmode scheduled__2025-06-16T00:00:00+00:00 [queued]> dependency 'Task Instance Not Running' PASSED: True, Task is not in running state.
[2025-06-17T02:33:11.316+0000] {taskinstance.py:2088} DEBUG - <TaskInstance: globalsuperstore.transform.transform_dim_shipmode scheduled__2025-06-16T00:00:00+00:00 [queued]> dependency 'Task Instance State' PASSED: True, Task state queued was valid.
[2025-06-17T02:33:11.321+0000] {taskinstance.py:2088} DEBUG - <TaskInstance: globalsuperstore.transform.transform_dim_shipmode scheduled__2025-06-16T00:00:00+00:00 [queued]> dependency 'Not In Retry Period' PASSED: True, The task instance was not marked for retrying.
[2025-06-17T02:33:11.327+0000] {taskinstance.py:2088} DEBUG - <TaskInstance: globalsuperstore.transform.transform_dim_shipmode scheduled__2025-06-16T00:00:00+00:00 [queued]> dependency 'Previous Dagrun State' PASSED: True, The task did not have depends_on_past set.
[2025-06-17T02:33:11.330+0000] {taskinstance.py:2076} INFO - Dependencies all met for dep_context=non-requeueable deps ti=<TaskInstance: globalsuperstore.transform.transform_dim_shipmode scheduled__2025-06-16T00:00:00+00:00 [queued]>
[2025-06-17T02:33:11.374+0000] {taskinstance.py:2088} DEBUG - <TaskInstance: globalsuperstore.transform.transform_dim_shipmode scheduled__2025-06-16T00:00:00+00:00 [queued]> dependency 'Pool Slots Available' PASSED: True, There are enough open slots in default_pool to execute the task
[2025-06-17T02:33:11.375+0000] {taskinstance.py:2088} DEBUG - <TaskInstance: globalsuperstore.transform.transform_dim_shipmode scheduled__2025-06-16T00:00:00+00:00 [queued]> dependency 'Task Concurrency' PASSED: True, Task concurrency is not set.
[2025-06-17T02:33:11.385+0000] {taskinstance.py:2088} DEBUG - <TaskInstance: globalsuperstore.transform.transform_dim_shipmode scheduled__2025-06-16T00:00:00+00:00 [queued]> dependency 'Not In Retry Period' PASSED: True, The task instance was not marked for retrying.
[2025-06-17T02:33:11.387+0000] {taskinstance.py:2088} DEBUG - <TaskInstance: globalsuperstore.transform.transform_dim_shipmode scheduled__2025-06-16T00:00:00+00:00 [queued]> dependency 'Previous Dagrun State' PASSED: True, The task did not have depends_on_past set.
[2025-06-17T02:33:11.388+0000] {taskinstance.py:2076} INFO - Dependencies all met for dep_context=requeueable deps ti=<TaskInstance: globalsuperstore.transform.transform_dim_shipmode scheduled__2025-06-16T00:00:00+00:00 [queued]>
[2025-06-17T02:33:11.389+0000] {taskinstance.py:2306} INFO - Starting attempt 1 of 1
[2025-06-17T02:33:11.435+0000] {taskinstance.py:2330} INFO - Executing <Task(PythonOperator): transform.transform_dim_shipmode> on 2025-06-16 00:00:00+00:00
[2025-06-17T02:33:11.456+0000] {standard_task_runner.py:63} INFO - Started process 432 to run task
[2025-06-17T02:33:11.480+0000] {standard_task_runner.py:90} INFO - Running: ['***', 'tasks', 'run', 'globalsuperstore', 'transform.transform_dim_shipmode', 'scheduled__2025-06-16T00:00:00+00:00', '--job-id', '408', '--raw', '--subdir', 'DAGS_FOLDER/global_superstore_dw_etl.py', '--cfg-path', '/tmp/tmpiopeul80']
[2025-06-17T02:33:11.489+0000] {standard_task_runner.py:91} INFO - Job 408: Subtask transform.transform_dim_shipmode
[2025-06-17T02:33:11.493+0000] {cli_action_loggers.py:70} DEBUG - Calling callbacks: [<function default_action_log at 0x7f821ad2d750>]
[2025-06-17T02:33:11.716+0000] {taskinstance.py:1042} DEBUG - previous_execution_date was called
[2025-06-17T02:33:11.772+0000] {task_command.py:426} INFO - Running <TaskInstance: globalsuperstore.transform.transform_dim_shipmode scheduled__2025-06-16T00:00:00+00:00 [running]> on host 9b7c60adfed6
[2025-06-17T02:33:11.776+0000] {settings.py:363} DEBUG - Disposing DB connection pool (PID 432)
[2025-06-17T02:33:11.777+0000] {settings.py:250} DEBUG - Setting up DB connection pool (PID 432)
[2025-06-17T02:33:11.781+0000] {settings.py:298} DEBUG - settings.prepare_engine_args(): Using NullPool
[2025-06-17T02:33:11.984+0000] {taskinstance.py:1042} DEBUG - previous_execution_date was called
[2025-06-17T02:33:12.000+0000] {taskinstance.py:1845} DEBUG - Clearing XCom data
[2025-06-17T02:33:12.070+0000] {retries.py:91} DEBUG - Running RenderedTaskInstanceFields.write with retries. Try 1 of 3
[2025-06-17T02:33:12.174+0000] {retries.py:91} DEBUG - Running RenderedTaskInstanceFields._do_delete_old_records with retries. Try 1 of 3
[2025-06-17T02:33:12.218+0000] {taskinstance.py:2648} INFO - Exporting env vars: AIRFLOW_CTX_DAG_OWNER='***' AIRFLOW_CTX_DAG_ID='globalsuperstore' AIRFLOW_CTX_TASK_ID='transform.transform_dim_shipmode' AIRFLOW_CTX_EXECUTION_DATE='2025-06-16T00:00:00+00:00' AIRFLOW_CTX_TRY_NUMBER='1' AIRFLOW_CTX_DAG_RUN_ID='scheduled__2025-06-16T00:00:00+00:00'
[2025-06-17T02:33:12.225+0000] {__init__.py:115} DEBUG - Preparing lineage inlets and outlets
[2025-06-17T02:33:12.228+0000] {__init__.py:154} DEBUG - inlets: [], outlets: []
[2025-06-17T02:33:12.232+0000] {taskinstance.py:430} INFO - ::endgroup::
[2025-06-17T02:33:12.340+0000] {base.py:84} INFO - Using connection ID 'postgres' for task execution.
[2025-06-17T02:33:12.371+0000] {base.py:84} INFO - Using connection ID 'postgres' for task execution.
[2025-06-17T02:33:12.393+0000] {base.py:84} INFO - Using connection ID 'postgres' for task execution.
[2025-06-17T02:33:12.487+0000] {logging_mixin.py:188} WARNING - /home/***/.local/lib/python3.10/site-packages/***/providers/common/sql/hooks/sql.py:263 UserWarning: pandas only supports SQLAlchemy connectable (engine/connection) or database string URI or sqlite3 DBAPI2 connection. Other DBAPI2 objects are not tested. Please consider using SQLAlchemy.
[2025-06-17T02:33:13.046+0000] {logging_mixin.py:188} INFO - [DEBUG] Số dòng stg_Orders: 50070
[2025-06-17T02:33:13.156+0000] {logging_mixin.py:188} INFO - [DEBUG] Số dòng sau khi xử lý: 4
[2025-06-17T02:33:13.172+0000] {logging_mixin.py:188} INFO - [DEBUG] Mẫu dữ liệu:
[2025-06-17T02:33:13.207+0000] {logging_mixin.py:188} INFO -         ship_mode
0  Standard Class
1        Same Day
2    Second Class
3     First Class
[2025-06-17T02:33:13.276+0000] {taskinstance.py:441} INFO - ::group::Post task execution logs
[2025-06-17T02:33:13.294+0000] {taskinstance.py:2905} ERROR - Task failed with exception
Traceback (most recent call last):
  File "/home/airflow/.local/lib/python3.10/site-packages/sqlalchemy/engine/base.py", line 1910, in _execute_context
    self.dialect.do_execute(
  File "/home/airflow/.local/lib/python3.10/site-packages/sqlalchemy/engine/default.py", line 736, in do_execute
    cursor.execute(statement, parameters)
psycopg2.errors.UniqueViolation: duplicate key value violates unique constraint "dim_shipmode_pkey"
DETAIL:  Key (shipmode_id)=(1) already exists.


The above exception was the direct cause of the following exception:

Traceback (most recent call last):
  File "/home/airflow/.local/lib/python3.10/site-packages/airflow/models/taskinstance.py", line 465, in _execute_task
    result = _execute_callable(context=context, **execute_callable_kwargs)
  File "/home/airflow/.local/lib/python3.10/site-packages/airflow/models/taskinstance.py", line 432, in _execute_callable
    return execute_callable(context=context, **execute_callable_kwargs)
  File "/home/airflow/.local/lib/python3.10/site-packages/airflow/models/baseoperator.py", line 401, in wrapper
    return func(self, *args, **kwargs)
  File "/home/airflow/.local/lib/python3.10/site-packages/airflow/operators/python.py", line 235, in execute
    return_value = self.execute_callable()
  File "/home/airflow/.local/lib/python3.10/site-packages/airflow/operators/python.py", line 252, in execute_callable
    return self.python_callable(*self.op_args, **self.op_kwargs)
  File "/opt/airflow/dags/transform_dim_shipmode.py", line 47, in transform_dim_shipmode
    warehouse_operator.save_data_to_postgres(
  File "/opt/airflow/plugins/postgresql_operator.py", line 79, in save_data_to_postgres
    df.to_sql(
  File "/home/airflow/.local/lib/python3.10/site-packages/pandas/core/generic.py", line 2987, in to_sql
    return sql.to_sql(
  File "/home/airflow/.local/lib/python3.10/site-packages/pandas/io/sql.py", line 695, in to_sql
    return pandas_sql.to_sql(
  File "/home/airflow/.local/lib/python3.10/site-packages/pandas/io/sql.py", line 1738, in to_sql
    total_inserted = sql_engine.insert_records(
  File "/home/airflow/.local/lib/python3.10/site-packages/pandas/io/sql.py", line 1335, in insert_records
    raise err
  File "/home/airflow/.local/lib/python3.10/site-packages/pandas/io/sql.py", line 1325, in insert_records
    return table.insert(chunksize=chunksize, method=method)
  File "/home/airflow/.local/lib/python3.10/site-packages/pandas/io/sql.py", line 946, in insert
    num_inserted = exec_insert(conn, keys, chunk_iter)
  File "/home/airflow/.local/lib/python3.10/site-packages/pandas/io/sql.py", line 869, in _execute_insert_multi
    result = conn.execute(stmt)
  File "/home/airflow/.local/lib/python3.10/site-packages/sqlalchemy/engine/base.py", line 1385, in execute
    return meth(self, multiparams, params, _EMPTY_EXECUTION_OPTS)
  File "/home/airflow/.local/lib/python3.10/site-packages/sqlalchemy/sql/elements.py", line 334, in _execute_on_connection
    return connection._execute_clauseelement(
  File "/home/airflow/.local/lib/python3.10/site-packages/sqlalchemy/engine/base.py", line 1577, in _execute_clauseelement
    ret = self._execute_context(
  File "/home/airflow/.local/lib/python3.10/site-packages/sqlalchemy/engine/base.py", line 1953, in _execute_context
    self._handle_dbapi_exception(
  File "/home/airflow/.local/lib/python3.10/site-packages/sqlalchemy/engine/base.py", line 2134, in _handle_dbapi_exception
    util.raise_(
  File "/home/airflow/.local/lib/python3.10/site-packages/sqlalchemy/util/compat.py", line 211, in raise_
    raise exception
  File "/home/airflow/.local/lib/python3.10/site-packages/sqlalchemy/engine/base.py", line 1910, in _execute_context
    self.dialect.do_execute(
  File "/home/airflow/.local/lib/python3.10/site-packages/sqlalchemy/engine/default.py", line 736, in do_execute
    cursor.execute(statement, parameters)
sqlalchemy.exc.IntegrityError: (psycopg2.errors.UniqueViolation) duplicate key value violates unique constraint "dim_shipmode_pkey"
DETAIL:  Key (shipmode_id)=(1) already exists.

[SQL: INSERT INTO warehouse.dim_shipmode (shipmode_id, ship_mode) VALUES (%(shipmode_id_m0)s, %(ship_mode_m0)s), (%(shipmode_id_m1)s, %(ship_mode_m1)s), (%(shipmode_id_m2)s, %(ship_mode_m2)s), (%(shipmode_id_m3)s, %(ship_mode_m3)s)]
[parameters: {'shipmode_id_m0': 1, 'ship_mode_m0': 'Standard Class', 'shipmode_id_m1': 2, 'ship_mode_m1': 'Same Day', 'shipmode_id_m2': 3, 'ship_mode_m2': 'Second Class', 'shipmode_id_m3': 4, 'ship_mode_m3': 'First Class'}]
(Background on this error at: https://sqlalche.me/e/14/gkpj)
[2025-06-17T02:33:13.438+0000] {taskinstance.py:562} DEBUG - Task Duration set to 2.104351
[2025-06-17T02:33:13.446+0000] {taskinstance.py:584} DEBUG - Clearing next_method and next_kwargs.
[2025-06-17T02:33:13.451+0000] {taskinstance.py:1206} INFO - Marking task as FAILED. dag_id=globalsuperstore, task_id=transform.transform_dim_shipmode, run_id=scheduled__2025-06-16T00:00:00+00:00, execution_date=20250616T000000, start_date=20250617T023311, end_date=20250617T023313
[2025-06-17T02:33:13.507+0000] {cli_action_loggers.py:88} DEBUG - Calling callbacks: []
[2025-06-17T02:33:13.509+0000] {standard_task_runner.py:110} ERROR - Failed to execute job 408 for task transform.transform_dim_shipmode ((psycopg2.errors.UniqueViolation) duplicate key value violates unique constraint "dim_shipmode_pkey"
DETAIL:  Key (shipmode_id)=(1) already exists.

[SQL: INSERT INTO warehouse.dim_shipmode (shipmode_id, ship_mode) VALUES (%(shipmode_id_m0)s, %(ship_mode_m0)s), (%(shipmode_id_m1)s, %(ship_mode_m1)s), (%(shipmode_id_m2)s, %(ship_mode_m2)s), (%(shipmode_id_m3)s, %(ship_mode_m3)s)]
[parameters: {'shipmode_id_m0': 1, 'ship_mode_m0': 'Standard Class', 'shipmode_id_m1': 2, 'ship_mode_m1': 'Same Day', 'shipmode_id_m2': 3, 'ship_mode_m2': 'Second Class', 'shipmode_id_m3': 4, 'ship_mode_m3': 'First Class'}]
(Background on this error at: https://sqlalche.me/e/14/gkpj); 432)
[2025-06-17T02:33:13.568+0000] {local_task_job_runner.py:240} INFO - Task exited with return code 1
[2025-06-17T02:33:13.595+0000] {taskinstance.py:3461} DEBUG - Skip locked rows, rollback
[2025-06-17T02:33:13.602+0000] {local_task_job_runner.py:222} INFO - ::endgroup::
[2025-06-17T02:58:36.344+0000] {taskinstance.py:1042} DEBUG - previous_execution_date was called
[2025-06-17T02:58:36.430+0000] {__init__.py:54} DEBUG - Loading core task runner: StandardTaskRunner
[2025-06-17T02:58:36.471+0000] {taskinstance.py:1042} DEBUG - previous_execution_date was called
[2025-06-17T02:58:36.492+0000] {base_task_runner.py:73} DEBUG - Planning to run as the  user
[2025-06-17T02:58:36.542+0000] {local_task_job_runner.py:120} INFO - ::group::Pre task execution logs
[2025-06-17T02:58:36.658+0000] {taskinstance.py:2088} DEBUG - <TaskInstance: globalsuperstore.transform.transform_dim_shipmode scheduled__2025-06-16T00:00:00+00:00 [queued]> dependency 'Task Instance State' PASSED: True, Task state queued was valid.
[2025-06-17T02:58:36.659+0000] {taskinstance.py:2088} DEBUG - <TaskInstance: globalsuperstore.transform.transform_dim_shipmode scheduled__2025-06-16T00:00:00+00:00 [queued]> dependency 'Previous Dagrun State' PASSED: True, The task did not have depends_on_past set.
[2025-06-17T02:58:36.660+0000] {taskinstance.py:2088} DEBUG - <TaskInstance: globalsuperstore.transform.transform_dim_shipmode scheduled__2025-06-16T00:00:00+00:00 [queued]> dependency 'Not In Retry Period' PASSED: True, The task instance was not marked for retrying.
[2025-06-17T02:58:36.661+0000] {taskinstance.py:2088} DEBUG - <TaskInstance: globalsuperstore.transform.transform_dim_shipmode scheduled__2025-06-16T00:00:00+00:00 [queued]> dependency 'Task Instance Not Running' PASSED: True, Task is not in running state.
[2025-06-17T02:58:36.676+0000] {taskinstance.py:2076} INFO - Dependencies all met for dep_context=non-requeueable deps ti=<TaskInstance: globalsuperstore.transform.transform_dim_shipmode scheduled__2025-06-16T00:00:00+00:00 [queued]>
[2025-06-17T02:58:36.676+0000] {taskinstance.py:2088} DEBUG - <TaskInstance: globalsuperstore.transform.transform_dim_shipmode scheduled__2025-06-16T00:00:00+00:00 [queued]> dependency 'Not In Retry Period' PASSED: True, The task instance was not marked for retrying.
[2025-06-17T02:58:36.688+0000] {taskinstance.py:2088} DEBUG - <TaskInstance: globalsuperstore.transform.transform_dim_shipmode scheduled__2025-06-16T00:00:00+00:00 [queued]> dependency 'Pool Slots Available' PASSED: True, There are enough open slots in default_pool to execute the task
[2025-06-17T02:58:36.689+0000] {taskinstance.py:2088} DEBUG - <TaskInstance: globalsuperstore.transform.transform_dim_shipmode scheduled__2025-06-16T00:00:00+00:00 [queued]> dependency 'Task Concurrency' PASSED: True, Task concurrency is not set.
[2025-06-17T02:58:36.690+0000] {taskinstance.py:2088} DEBUG - <TaskInstance: globalsuperstore.transform.transform_dim_shipmode scheduled__2025-06-16T00:00:00+00:00 [queued]> dependency 'Previous Dagrun State' PASSED: True, The task did not have depends_on_past set.
[2025-06-17T02:58:36.696+0000] {taskinstance.py:2076} INFO - Dependencies all met for dep_context=requeueable deps ti=<TaskInstance: globalsuperstore.transform.transform_dim_shipmode scheduled__2025-06-16T00:00:00+00:00 [queued]>
[2025-06-17T02:58:36.697+0000] {taskinstance.py:2306} INFO - Starting attempt 1 of 1
[2025-06-17T02:58:36.732+0000] {taskinstance.py:2330} INFO - Executing <Task(PythonOperator): transform.transform_dim_shipmode> on 2025-06-16 00:00:00+00:00
[2025-06-17T02:58:36.753+0000] {standard_task_runner.py:63} INFO - Started process 333 to run task
[2025-06-17T02:58:36.756+0000] {standard_task_runner.py:90} INFO - Running: ['***', 'tasks', 'run', 'globalsuperstore', 'transform.transform_dim_shipmode', 'scheduled__2025-06-16T00:00:00+00:00', '--job-id', '471', '--raw', '--subdir', 'DAGS_FOLDER/global_superstore_dw_etl.py', '--cfg-path', '/tmp/tmpn4xldjxd']
[2025-06-17T02:58:36.765+0000] {standard_task_runner.py:91} INFO - Job 471: Subtask transform.transform_dim_shipmode
[2025-06-17T02:58:36.770+0000] {cli_action_loggers.py:70} DEBUG - Calling callbacks: [<function default_action_log at 0x7f4b9ba99750>]
[2025-06-17T02:58:36.871+0000] {taskinstance.py:1042} DEBUG - previous_execution_date was called
[2025-06-17T02:58:36.884+0000] {task_command.py:426} INFO - Running <TaskInstance: globalsuperstore.transform.transform_dim_shipmode scheduled__2025-06-16T00:00:00+00:00 [running]> on host 9b7c60adfed6
[2025-06-17T02:58:36.886+0000] {settings.py:363} DEBUG - Disposing DB connection pool (PID 333)
[2025-06-17T02:58:36.888+0000] {settings.py:250} DEBUG - Setting up DB connection pool (PID 333)
[2025-06-17T02:58:36.889+0000] {settings.py:298} DEBUG - settings.prepare_engine_args(): Using NullPool
[2025-06-17T02:58:36.943+0000] {taskinstance.py:1042} DEBUG - previous_execution_date was called
[2025-06-17T02:58:36.945+0000] {taskinstance.py:1845} DEBUG - Clearing XCom data
[2025-06-17T02:58:37.012+0000] {retries.py:91} DEBUG - Running RenderedTaskInstanceFields.write with retries. Try 1 of 3
[2025-06-17T02:58:37.093+0000] {retries.py:91} DEBUG - Running RenderedTaskInstanceFields._do_delete_old_records with retries. Try 1 of 3
[2025-06-17T02:58:37.141+0000] {taskinstance.py:2648} INFO - Exporting env vars: AIRFLOW_CTX_DAG_OWNER='***' AIRFLOW_CTX_DAG_ID='globalsuperstore' AIRFLOW_CTX_TASK_ID='transform.transform_dim_shipmode' AIRFLOW_CTX_EXECUTION_DATE='2025-06-16T00:00:00+00:00' AIRFLOW_CTX_TRY_NUMBER='1' AIRFLOW_CTX_DAG_RUN_ID='scheduled__2025-06-16T00:00:00+00:00'
[2025-06-17T02:58:37.144+0000] {__init__.py:115} DEBUG - Preparing lineage inlets and outlets
[2025-06-17T02:58:37.146+0000] {__init__.py:154} DEBUG - inlets: [], outlets: []
[2025-06-17T02:58:37.147+0000] {taskinstance.py:430} INFO - ::endgroup::
[2025-06-17T02:58:37.242+0000] {base.py:84} INFO - Using connection ID 'postgres' for task execution.
[2025-06-17T02:58:37.254+0000] {base.py:84} INFO - Using connection ID 'postgres' for task execution.
[2025-06-17T02:58:37.259+0000] {sql.py:427} DEBUG - Executing following statements against DB: ['TRUNCATE TABLE "warehouse"."dim_shipmode" RESTART IDENTITY CASCADE']
[2025-06-17T02:58:37.272+0000] {base.py:84} INFO - Using connection ID 'postgres' for task execution.
[2025-06-17T02:58:37.290+0000] {sql.py:487} INFO - Running statement: TRUNCATE TABLE "warehouse"."dim_shipmode" RESTART IDENTITY CASCADE, parameters: None
[2025-06-17T02:58:37.387+0000] {base.py:84} INFO - Using connection ID 'postgres' for task execution.
[2025-06-17T02:58:37.450+0000] {logging_mixin.py:188} WARNING - /home/***/.local/lib/python3.10/site-packages/***/providers/common/sql/hooks/sql.py:263 UserWarning: pandas only supports SQLAlchemy connectable (engine/connection) or database string URI or sqlite3 DBAPI2 connection. Other DBAPI2 objects are not tested. Please consider using SQLAlchemy.
[2025-06-17T02:58:37.599+0000] {logging_mixin.py:188} INFO - [DEBUG] Số dòng stg_Orders: 25035
[2025-06-17T02:58:37.710+0000] {logging_mixin.py:188} INFO - ✔ Đã lưu dữ liệu vào warehouse.dim_shipmode (4 dòng)
[2025-06-17T02:58:37.712+0000] {logging_mixin.py:188} INFO - ✔ Đã transform và lưu dữ liệu vào warehouse.dim_shipmode
[2025-06-17T02:58:37.737+0000] {python.py:237} INFO - Done. Returned value was: None
[2025-06-17T02:58:37.740+0000] {taskinstance.py:441} INFO - ::group::Post task execution logs
[2025-06-17T02:58:37.742+0000] {__init__.py:77} DEBUG - Lineage called with inlets: [], outlets: []
[2025-06-17T02:58:37.757+0000] {taskinstance.py:584} DEBUG - Clearing next_method and next_kwargs.
[2025-06-17T02:58:37.758+0000] {taskinstance.py:1206} INFO - Marking task as SUCCESS. dag_id=globalsuperstore, task_id=transform.transform_dim_shipmode, run_id=scheduled__2025-06-16T00:00:00+00:00, execution_date=20250616T000000, start_date=20250617T025836, end_date=20250617T025837
[2025-06-17T02:58:37.759+0000] {taskinstance.py:562} DEBUG - Task Duration set to 1.081543
[2025-06-17T02:58:37.778+0000] {cli_action_loggers.py:88} DEBUG - Calling callbacks: []
[2025-06-17T02:58:37.818+0000] {local_task_job_runner.py:240} INFO - Task exited with return code 0
[2025-06-17T02:58:37.840+0000] {dagrun.py:931} DEBUG - number of tis tasks for <DagRun globalsuperstore @ 2025-06-16 00:00:00+00:00: scheduled__2025-06-16T00:00:00+00:00, state:running, queued_at: 2025-06-17 02:58:05.858281+00:00. externally triggered: False>: 6 task(s)
[2025-06-17T02:58:37.840+0000] {dagrun.py:952} DEBUG - number of scheduleable tasks for <DagRun globalsuperstore @ 2025-06-16 00:00:00+00:00: scheduled__2025-06-16T00:00:00+00:00, state:running, queued_at: 2025-06-17 02:58:05.858281+00:00. externally triggered: False>: 1 task(s)
[2025-06-17T02:58:37.841+0000] {taskinstance.py:2088} DEBUG - <TaskInstance: globalsuperstore.load.transform_fact_sales scheduled__2025-06-16T00:00:00+00:00 [None]> dependency 'Trigger Rule' PASSED: False, Task's trigger rule 'all_success' requires all upstream tasks to have succeeded, but found 4 non-success(es). upstream_states=_UpstreamTIStates(success=1, skipped=0, failed=0, upstream_failed=0, removed=0, done=1, success_setup=0, skipped_setup=0), upstream_task_ids={'transform.transform_dim_locations', 'transform.transform_dim_shipmode', 'transform.transform_dim_customers', 'transform.transform_dim_date', 'transform.transform_dim_products'}
[2025-06-17T02:58:37.842+0000] {taskinstance.py:2066} DEBUG - Dependencies not met for <TaskInstance: globalsuperstore.load.transform_fact_sales scheduled__2025-06-16T00:00:00+00:00 [None]>, dependency 'Trigger Rule' FAILED: Task's trigger rule 'all_success' requires all upstream tasks to have succeeded, but found 4 non-success(es). upstream_states=_UpstreamTIStates(success=1, skipped=0, failed=0, upstream_failed=0, removed=0, done=1, success_setup=0, skipped_setup=0), upstream_task_ids={'transform.transform_dim_locations', 'transform.transform_dim_shipmode', 'transform.transform_dim_customers', 'transform.transform_dim_date', 'transform.transform_dim_products'}
[2025-06-17T02:58:37.842+0000] {taskinstance.py:2088} DEBUG - <TaskInstance: globalsuperstore.load.transform_fact_sales scheduled__2025-06-16T00:00:00+00:00 [None]> dependency 'Previous Dagrun State' PASSED: True, The task did not have depends_on_past set.
[2025-06-17T02:58:37.843+0000] {taskinstance.py:2088} DEBUG - <TaskInstance: globalsuperstore.load.transform_fact_sales scheduled__2025-06-16T00:00:00+00:00 [None]> dependency 'Not In Retry Period' PASSED: True, The task instance was not marked for retrying.
[2025-06-17T02:58:37.850+0000] {taskinstance.py:3503} INFO - 0 downstream tasks scheduled from follow-on schedule check
[2025-06-17T02:58:37.853+0000] {local_task_job_runner.py:222} INFO - ::endgroup::
