[2025-06-15T08:21:12.365+0000] {local_task_job_runner.py:120} INFO - ::group::Pre task execution logs
[2025-06-15T08:21:12.449+0000] {taskinstance.py:2076} INFO - Dependencies all met for dep_context=non-requeueable deps ti=<TaskInstance: globalsuperstore.transform.transform_dim_shipmode manual__2025-06-15T08:20:20.407060+00:00 [queued]>
[2025-06-15T08:21:12.459+0000] {taskinstance.py:2076} INFO - Dependencies all met for dep_context=requeueable deps ti=<TaskInstance: globalsuperstore.transform.transform_dim_shipmode manual__2025-06-15T08:20:20.407060+00:00 [queued]>
[2025-06-15T08:21:12.460+0000] {taskinstance.py:2306} INFO - Starting attempt 1 of 1
[2025-06-15T08:21:12.478+0000] {taskinstance.py:2330} INFO - Executing <Task(PythonOperator): transform.transform_dim_shipmode> on 2025-06-15 08:20:20.407060+00:00
[2025-06-15T08:21:12.491+0000] {standard_task_runner.py:63} INFO - Started process 467 to run task
[2025-06-15T08:21:12.496+0000] {standard_task_runner.py:90} INFO - Running: ['***', 'tasks', 'run', 'globalsuperstore', 'transform.transform_dim_shipmode', 'manual__2025-06-15T08:20:20.407060+00:00', '--job-id', '86', '--raw', '--subdir', 'DAGS_FOLDER/global_superstore_dw_etl.py', '--cfg-path', '/tmp/tmpwaljxskm']
[2025-06-15T08:21:12.499+0000] {standard_task_runner.py:91} INFO - Job 86: Subtask transform.transform_dim_shipmode
[2025-06-15T08:21:12.573+0000] {task_command.py:426} INFO - Running <TaskInstance: globalsuperstore.transform.transform_dim_shipmode manual__2025-06-15T08:20:20.407060+00:00 [running]> on host f3cca4675eb8
[2025-06-15T08:21:12.736+0000] {taskinstance.py:2648} INFO - Exporting env vars: AIRFLOW_CTX_DAG_OWNER='***' AIRFLOW_CTX_DAG_ID='globalsuperstore' AIRFLOW_CTX_TASK_ID='transform.transform_dim_shipmode' AIRFLOW_CTX_EXECUTION_DATE='2025-06-15T08:20:20.407060+00:00' AIRFLOW_CTX_TRY_NUMBER='1' AIRFLOW_CTX_DAG_RUN_ID='manual__2025-06-15T08:20:20.407060+00:00'
[2025-06-15T08:21:12.739+0000] {taskinstance.py:430} INFO - ::endgroup::
[2025-06-15T08:21:12.803+0000] {base.py:84} INFO - Using connection ID 'postgres' for task execution.
[2025-06-15T08:21:12.812+0000] {base.py:84} INFO - Using connection ID 'postgres' for task execution.
[2025-06-15T08:21:12.821+0000] {base.py:84} INFO - Using connection ID 'postgres' for task execution.
[2025-06-15T08:21:12.872+0000] {logging_mixin.py:188} WARNING - /home/***/.local/lib/python3.10/site-packages/***/providers/common/sql/hooks/sql.py:263 UserWarning: pandas only supports SQLAlchemy connectable (engine/connection) or database string URI or sqlite3 DBAPI2 connection. Other DBAPI2 objects are not tested. Please consider using SQLAlchemy.
[2025-06-15T08:21:13.132+0000] {logging_mixin.py:188} INFO - Đã transform và lưu dữ liệu vào warehouse.dim_shipmode
[2025-06-15T08:21:13.145+0000] {python.py:237} INFO - Done. Returned value was: None
[2025-06-15T08:21:13.147+0000] {taskinstance.py:441} INFO - ::group::Post task execution logs
[2025-06-15T08:21:13.157+0000] {taskinstance.py:1206} INFO - Marking task as SUCCESS. dag_id=globalsuperstore, task_id=transform.transform_dim_shipmode, run_id=manual__2025-06-15T08:20:20.407060+00:00, execution_date=20250615T082020, start_date=20250615T082112, end_date=20250615T082113
[2025-06-15T08:21:13.219+0000] {local_task_job_runner.py:240} INFO - Task exited with return code 0
[2025-06-15T08:21:13.245+0000] {taskinstance.py:3503} INFO - 0 downstream tasks scheduled from follow-on schedule check
[2025-06-15T08:21:13.248+0000] {local_task_job_runner.py:222} INFO - ::endgroup::
