[2025-06-17T02:59:55.451+0000] {taskinstance.py:1042} DEBUG - previous_execution_date was called
[2025-06-17T02:59:55.486+0000] {__init__.py:54} DEBUG - Loading core task runner: StandardTaskRunner
[2025-06-17T02:59:55.498+0000] {taskinstance.py:1042} DEBUG - previous_execution_date was called
[2025-06-17T02:59:55.506+0000] {base_task_runner.py:73} DEBUG - Planning to run as the  user
[2025-06-17T02:59:55.513+0000] {local_task_job_runner.py:120} INFO - ::group::Pre task execution logs
[2025-06-17T02:59:55.545+0000] {taskinstance.py:2088} DEBUG - <TaskInstance: globalsuperstore.transform.transform_dim_products manual__2025-06-17T02:59:39.782418+00:00 [queued]> dependency 'Task Instance State' PASSED: True, Task state queued was valid.
[2025-06-17T02:59:55.545+0000] {taskinstance.py:2088} DEBUG - <TaskInstance: globalsuperstore.transform.transform_dim_products manual__2025-06-17T02:59:39.782418+00:00 [queued]> dependency 'Previous Dagrun State' PASSED: True, The task did not have depends_on_past set.
[2025-06-17T02:59:55.546+0000] {taskinstance.py:2088} DEBUG - <TaskInstance: globalsuperstore.transform.transform_dim_products manual__2025-06-17T02:59:39.782418+00:00 [queued]> dependency 'Not In Retry Period' PASSED: True, The task instance was not marked for retrying.
[2025-06-17T02:59:55.546+0000] {taskinstance.py:2088} DEBUG - <TaskInstance: globalsuperstore.transform.transform_dim_products manual__2025-06-17T02:59:39.782418+00:00 [queued]> dependency 'Task Instance Not Running' PASSED: True, Task is not in running state.
[2025-06-17T02:59:55.555+0000] {taskinstance.py:2076} INFO - Dependencies all met for dep_context=non-requeueable deps ti=<TaskInstance: globalsuperstore.transform.transform_dim_products manual__2025-06-17T02:59:39.782418+00:00 [queued]>
[2025-06-17T02:59:55.556+0000] {taskinstance.py:2088} DEBUG - <TaskInstance: globalsuperstore.transform.transform_dim_products manual__2025-06-17T02:59:39.782418+00:00 [queued]> dependency 'Not In Retry Period' PASSED: True, The task instance was not marked for retrying.
[2025-06-17T02:59:55.562+0000] {taskinstance.py:2088} DEBUG - <TaskInstance: globalsuperstore.transform.transform_dim_products manual__2025-06-17T02:59:39.782418+00:00 [queued]> dependency 'Pool Slots Available' PASSED: True, There are enough open slots in default_pool to execute the task
[2025-06-17T02:59:55.563+0000] {taskinstance.py:2088} DEBUG - <TaskInstance: globalsuperstore.transform.transform_dim_products manual__2025-06-17T02:59:39.782418+00:00 [queued]> dependency 'Task Concurrency' PASSED: True, Task concurrency is not set.
[2025-06-17T02:59:55.564+0000] {taskinstance.py:2088} DEBUG - <TaskInstance: globalsuperstore.transform.transform_dim_products manual__2025-06-17T02:59:39.782418+00:00 [queued]> dependency 'Previous Dagrun State' PASSED: True, The task did not have depends_on_past set.
[2025-06-17T02:59:55.571+0000] {taskinstance.py:2076} INFO - Dependencies all met for dep_context=requeueable deps ti=<TaskInstance: globalsuperstore.transform.transform_dim_products manual__2025-06-17T02:59:39.782418+00:00 [queued]>
[2025-06-17T02:59:55.572+0000] {taskinstance.py:2306} INFO - Starting attempt 1 of 1
[2025-06-17T02:59:55.590+0000] {taskinstance.py:2330} INFO - Executing <Task(PythonOperator): transform.transform_dim_products> on 2025-06-17 02:59:39.782418+00:00
[2025-06-17T02:59:55.601+0000] {standard_task_runner.py:63} INFO - Started process 395 to run task
[2025-06-17T02:59:55.606+0000] {standard_task_runner.py:90} INFO - Running: ['***', 'tasks', 'run', 'globalsuperstore', 'transform.transform_dim_products', 'manual__2025-06-17T02:59:39.782418+00:00', '--job-id', '487', '--raw', '--subdir', 'DAGS_FOLDER/global_superstore_dw_etl.py', '--cfg-path', '/tmp/tmpwlghu31o']
[2025-06-17T02:59:55.607+0000] {standard_task_runner.py:91} INFO - Job 487: Subtask transform.transform_dim_products
[2025-06-17T02:59:55.609+0000] {cli_action_loggers.py:70} DEBUG - Calling callbacks: [<function default_action_log at 0x7f4b9ba99750>]
[2025-06-17T02:59:55.654+0000] {taskinstance.py:1042} DEBUG - previous_execution_date was called
[2025-06-17T02:59:55.662+0000] {task_command.py:426} INFO - Running <TaskInstance: globalsuperstore.transform.transform_dim_products manual__2025-06-17T02:59:39.782418+00:00 [running]> on host 9b7c60adfed6
[2025-06-17T02:59:55.663+0000] {settings.py:363} DEBUG - Disposing DB connection pool (PID 395)
[2025-06-17T02:59:55.664+0000] {settings.py:250} DEBUG - Setting up DB connection pool (PID 395)
[2025-06-17T02:59:55.664+0000] {settings.py:298} DEBUG - settings.prepare_engine_args(): Using NullPool
[2025-06-17T02:59:55.708+0000] {taskinstance.py:1042} DEBUG - previous_execution_date was called
[2025-06-17T02:59:55.716+0000] {taskinstance.py:1845} DEBUG - Clearing XCom data
[2025-06-17T02:59:55.733+0000] {retries.py:91} DEBUG - Running RenderedTaskInstanceFields.write with retries. Try 1 of 3
[2025-06-17T02:59:55.763+0000] {retries.py:91} DEBUG - Running RenderedTaskInstanceFields._do_delete_old_records with retries. Try 1 of 3
[2025-06-17T02:59:55.779+0000] {taskinstance.py:2648} INFO - Exporting env vars: AIRFLOW_CTX_DAG_OWNER='***' AIRFLOW_CTX_DAG_ID='globalsuperstore' AIRFLOW_CTX_TASK_ID='transform.transform_dim_products' AIRFLOW_CTX_EXECUTION_DATE='2025-06-17T02:59:39.782418+00:00' AIRFLOW_CTX_TRY_NUMBER='1' AIRFLOW_CTX_DAG_RUN_ID='manual__2025-06-17T02:59:39.782418+00:00'
[2025-06-17T02:59:55.781+0000] {__init__.py:115} DEBUG - Preparing lineage inlets and outlets
[2025-06-17T02:59:55.782+0000] {__init__.py:154} DEBUG - inlets: [], outlets: []
[2025-06-17T02:59:55.783+0000] {taskinstance.py:430} INFO - ::endgroup::
[2025-06-17T02:59:55.805+0000] {base.py:84} INFO - Using connection ID 'postgres' for task execution.
[2025-06-17T02:59:55.812+0000] {base.py:84} INFO - Using connection ID 'postgres' for task execution.
[2025-06-17T02:59:55.813+0000] {sql.py:427} DEBUG - Executing following statements against DB: ['TRUNCATE TABLE "warehouse"."fact_sales" RESTART IDENTITY CASCADE']
[2025-06-17T02:59:55.821+0000] {base.py:84} INFO - Using connection ID 'postgres' for task execution.
[2025-06-17T02:59:55.825+0000] {sql.py:487} INFO - Running statement: TRUNCATE TABLE "warehouse"."fact_sales" RESTART IDENTITY CASCADE, parameters: None
[2025-06-17T02:59:55.837+0000] {sql.py:427} DEBUG - Executing following statements against DB: ['TRUNCATE TABLE "warehouse"."dim_product" RESTART IDENTITY CASCADE']
[2025-06-17T02:59:55.843+0000] {base.py:84} INFO - Using connection ID 'postgres' for task execution.
[2025-06-17T02:59:55.847+0000] {sql.py:487} INFO - Running statement: TRUNCATE TABLE "warehouse"."dim_product" RESTART IDENTITY CASCADE, parameters: None
[2025-06-17T02:59:55.916+0000] {base.py:84} INFO - Using connection ID 'postgres' for task execution.
[2025-06-17T02:59:55.930+0000] {logging_mixin.py:188} WARNING - /home/***/.local/lib/python3.10/site-packages/***/providers/common/sql/hooks/sql.py:263 UserWarning: pandas only supports SQLAlchemy connectable (engine/connection) or database string URI or sqlite3 DBAPI2 connection. Other DBAPI2 objects are not tested. Please consider using SQLAlchemy.
[2025-06-17T02:59:55.980+0000] {base.py:84} INFO - Using connection ID 'postgres' for task execution.
[2025-06-17T02:59:55.990+0000] {logging_mixin.py:188} WARNING - /home/***/.local/lib/python3.10/site-packages/***/providers/common/sql/hooks/sql.py:263 UserWarning: pandas only supports SQLAlchemy connectable (engine/connection) or database string URI or sqlite3 DBAPI2 connection. Other DBAPI2 objects are not tested. Please consider using SQLAlchemy.
[2025-06-17T02:59:56.001+0000] {base.py:84} INFO - Using connection ID 'postgres' for task execution.
[2025-06-17T02:59:56.009+0000] {logging_mixin.py:188} WARNING - /home/***/.local/lib/python3.10/site-packages/***/providers/common/sql/hooks/sql.py:263 UserWarning: pandas only supports SQLAlchemy connectable (engine/connection) or database string URI or sqlite3 DBAPI2 connection. Other DBAPI2 objects are not tested. Please consider using SQLAlchemy.
[2025-06-17T02:59:57.363+0000] {logging_mixin.py:188} INFO - ✔ Đã lưu dữ liệu vào warehouse.dim_product (10292 dòng)
[2025-06-17T02:59:57.364+0000] {logging_mixin.py:188} INFO - ✔ Đã transform và lưu dữ liệu vào warehouse.dim_product
[2025-06-17T02:59:57.368+0000] {python.py:237} INFO - Done. Returned value was: None
[2025-06-17T02:59:57.370+0000] {taskinstance.py:441} INFO - ::group::Post task execution logs
[2025-06-17T02:59:57.371+0000] {__init__.py:77} DEBUG - Lineage called with inlets: [], outlets: []
[2025-06-17T02:59:57.384+0000] {taskinstance.py:584} DEBUG - Clearing next_method and next_kwargs.
[2025-06-17T02:59:57.385+0000] {taskinstance.py:1206} INFO - Marking task as SUCCESS. dag_id=globalsuperstore, task_id=transform.transform_dim_products, run_id=manual__2025-06-17T02:59:39.782418+00:00, execution_date=20250617T025939, start_date=20250617T025955, end_date=20250617T025957
[2025-06-17T02:59:57.386+0000] {taskinstance.py:562} DEBUG - Task Duration set to 1.828949
[2025-06-17T02:59:57.403+0000] {cli_action_loggers.py:88} DEBUG - Calling callbacks: []
[2025-06-17T02:59:57.467+0000] {local_task_job_runner.py:240} INFO - Task exited with return code 0
[2025-06-17T02:59:57.485+0000] {dagrun.py:931} DEBUG - number of tis tasks for <DagRun globalsuperstore @ 2025-06-17 02:59:39.782418+00:00: manual__2025-06-17T02:59:39.782418+00:00, state:running, queued_at: 2025-06-17 02:59:39.935948+00:00. externally triggered: True>: 6 task(s)
[2025-06-17T02:59:57.485+0000] {dagrun.py:952} DEBUG - number of scheduleable tasks for <DagRun globalsuperstore @ 2025-06-17 02:59:39.782418+00:00: manual__2025-06-17T02:59:39.782418+00:00, state:running, queued_at: 2025-06-17 02:59:39.935948+00:00. externally triggered: True>: 1 task(s)
[2025-06-17T02:59:57.486+0000] {taskinstance.py:2088} DEBUG - <TaskInstance: globalsuperstore.load.transform_fact_sales manual__2025-06-17T02:59:39.782418+00:00 [None]> dependency 'Previous Dagrun State' PASSED: True, The task did not have depends_on_past set.
[2025-06-17T02:59:57.487+0000] {taskinstance.py:2088} DEBUG - <TaskInstance: globalsuperstore.load.transform_fact_sales manual__2025-06-17T02:59:39.782418+00:00 [None]> dependency 'Not In Retry Period' PASSED: True, The task instance was not marked for retrying.
[2025-06-17T02:59:57.487+0000] {taskinstance.py:2076} DEBUG - Dependencies all met for dep_context=None ti=<TaskInstance: globalsuperstore.load.transform_fact_sales manual__2025-06-17T02:59:39.782418+00:00 [None]>
[2025-06-17T02:59:57.489+0000] {taskinstance.py:3503} INFO - 1 downstream tasks scheduled from follow-on schedule check
[2025-06-17T02:59:57.492+0000] {local_task_job_runner.py:222} INFO - ::endgroup::
