[2025-06-17T02:50:55.563+0000] {taskinstance.py:1042} DEBUG - previous_execution_date was called
[2025-06-17T02:50:55.590+0000] {__init__.py:54} DEBUG - Loading core task runner: StandardTaskRunner
[2025-06-17T02:50:55.607+0000] {taskinstance.py:1042} DEBUG - previous_execution_date was called
[2025-06-17T02:50:55.613+0000] {base_task_runner.py:73} DEBUG - Planning to run as the  user
[2025-06-17T02:50:55.626+0000] {local_task_job_runner.py:120} INFO - ::group::Pre task execution logs
[2025-06-17T02:50:55.668+0000] {taskinstance.py:2088} DEBUG - <TaskInstance: globalsuperstore.transform.transform_dim_products manual__2025-06-17T02:50:34.785731+00:00 [queued]> dependency 'Task Instance Not Running' PASSED: True, Task is not in running state.
[2025-06-17T02:50:55.669+0000] {taskinstance.py:2088} DEBUG - <TaskInstance: globalsuperstore.transform.transform_dim_products manual__2025-06-17T02:50:34.785731+00:00 [queued]> dependency 'Previous Dagrun State' PASSED: True, The task did not have depends_on_past set.
[2025-06-17T02:50:55.670+0000] {taskinstance.py:2088} DEBUG - <TaskInstance: globalsuperstore.transform.transform_dim_products manual__2025-06-17T02:50:34.785731+00:00 [queued]> dependency 'Task Instance State' PASSED: True, Task state queued was valid.
[2025-06-17T02:50:55.678+0000] {taskinstance.py:2088} DEBUG - <TaskInstance: globalsuperstore.transform.transform_dim_products manual__2025-06-17T02:50:34.785731+00:00 [queued]> dependency 'Not In Retry Period' PASSED: True, The task instance was not marked for retrying.
[2025-06-17T02:50:55.680+0000] {taskinstance.py:2076} INFO - Dependencies all met for dep_context=non-requeueable deps ti=<TaskInstance: globalsuperstore.transform.transform_dim_products manual__2025-06-17T02:50:34.785731+00:00 [queued]>
[2025-06-17T02:50:55.687+0000] {taskinstance.py:2088} DEBUG - <TaskInstance: globalsuperstore.transform.transform_dim_products manual__2025-06-17T02:50:34.785731+00:00 [queued]> dependency 'Pool Slots Available' PASSED: True, There are enough open slots in default_pool to execute the task
[2025-06-17T02:50:55.688+0000] {taskinstance.py:2088} DEBUG - <TaskInstance: globalsuperstore.transform.transform_dim_products manual__2025-06-17T02:50:34.785731+00:00 [queued]> dependency 'Task Concurrency' PASSED: True, Task concurrency is not set.
[2025-06-17T02:50:55.688+0000] {taskinstance.py:2088} DEBUG - <TaskInstance: globalsuperstore.transform.transform_dim_products manual__2025-06-17T02:50:34.785731+00:00 [queued]> dependency 'Previous Dagrun State' PASSED: True, The task did not have depends_on_past set.
[2025-06-17T02:50:55.693+0000] {taskinstance.py:2088} DEBUG - <TaskInstance: globalsuperstore.transform.transform_dim_products manual__2025-06-17T02:50:34.785731+00:00 [queued]> dependency 'Not In Retry Period' PASSED: True, The task instance was not marked for retrying.
[2025-06-17T02:50:55.694+0000] {taskinstance.py:2076} INFO - Dependencies all met for dep_context=requeueable deps ti=<TaskInstance: globalsuperstore.transform.transform_dim_products manual__2025-06-17T02:50:34.785731+00:00 [queued]>
[2025-06-17T02:50:55.695+0000] {taskinstance.py:2306} INFO - Starting attempt 1 of 1
[2025-06-17T02:50:55.713+0000] {taskinstance.py:2330} INFO - Executing <Task(PythonOperator): transform.transform_dim_products> on 2025-06-17 02:50:34.785731+00:00
[2025-06-17T02:50:55.729+0000] {standard_task_runner.py:63} INFO - Started process 254 to run task
[2025-06-17T02:50:55.736+0000] {standard_task_runner.py:90} INFO - Running: ['***', 'tasks', 'run', 'globalsuperstore', 'transform.transform_dim_products', 'manual__2025-06-17T02:50:34.785731+00:00', '--job-id', '453', '--raw', '--subdir', 'DAGS_FOLDER/global_superstore_dw_etl.py', '--cfg-path', '/tmp/tmpmflyjm1f']
[2025-06-17T02:50:55.738+0000] {standard_task_runner.py:91} INFO - Job 453: Subtask transform.transform_dim_products
[2025-06-17T02:50:55.739+0000] {cli_action_loggers.py:70} DEBUG - Calling callbacks: [<function default_action_log at 0x7f9296139750>]
[2025-06-17T02:50:55.785+0000] {taskinstance.py:1042} DEBUG - previous_execution_date was called
[2025-06-17T02:50:55.791+0000] {task_command.py:426} INFO - Running <TaskInstance: globalsuperstore.transform.transform_dim_products manual__2025-06-17T02:50:34.785731+00:00 [running]> on host 9b7c60adfed6
[2025-06-17T02:50:55.792+0000] {settings.py:363} DEBUG - Disposing DB connection pool (PID 254)
[2025-06-17T02:50:55.793+0000] {settings.py:250} DEBUG - Setting up DB connection pool (PID 254)
[2025-06-17T02:50:55.793+0000] {settings.py:298} DEBUG - settings.prepare_engine_args(): Using NullPool
[2025-06-17T02:50:55.833+0000] {taskinstance.py:1042} DEBUG - previous_execution_date was called
[2025-06-17T02:50:55.835+0000] {taskinstance.py:1845} DEBUG - Clearing XCom data
[2025-06-17T02:50:55.852+0000] {retries.py:91} DEBUG - Running RenderedTaskInstanceFields.write with retries. Try 1 of 3
[2025-06-17T02:50:55.879+0000] {retries.py:91} DEBUG - Running RenderedTaskInstanceFields._do_delete_old_records with retries. Try 1 of 3
[2025-06-17T02:50:55.896+0000] {taskinstance.py:2648} INFO - Exporting env vars: AIRFLOW_CTX_DAG_OWNER='***' AIRFLOW_CTX_DAG_ID='globalsuperstore' AIRFLOW_CTX_TASK_ID='transform.transform_dim_products' AIRFLOW_CTX_EXECUTION_DATE='2025-06-17T02:50:34.785731+00:00' AIRFLOW_CTX_TRY_NUMBER='1' AIRFLOW_CTX_DAG_RUN_ID='manual__2025-06-17T02:50:34.785731+00:00'
[2025-06-17T02:50:55.897+0000] {__init__.py:115} DEBUG - Preparing lineage inlets and outlets
[2025-06-17T02:50:55.897+0000] {__init__.py:154} DEBUG - inlets: [], outlets: []
[2025-06-17T02:50:55.898+0000] {taskinstance.py:430} INFO - ::endgroup::
[2025-06-17T02:50:55.926+0000] {base.py:84} INFO - Using connection ID 'postgres' for task execution.
[2025-06-17T02:50:55.936+0000] {base.py:84} INFO - Using connection ID 'postgres' for task execution.
[2025-06-17T02:50:55.938+0000] {taskinstance.py:441} INFO - ::group::Post task execution logs
[2025-06-17T02:50:55.939+0000] {taskinstance.py:2905} ERROR - Task failed with exception
Traceback (most recent call last):
  File "/home/airflow/.local/lib/python3.10/site-packages/airflow/models/taskinstance.py", line 465, in _execute_task
    result = _execute_callable(context=context, **execute_callable_kwargs)
  File "/home/airflow/.local/lib/python3.10/site-packages/airflow/models/taskinstance.py", line 432, in _execute_callable
    return execute_callable(context=context, **execute_callable_kwargs)
  File "/home/airflow/.local/lib/python3.10/site-packages/airflow/models/baseoperator.py", line 401, in wrapper
    return func(self, *args, **kwargs)
  File "/home/airflow/.local/lib/python3.10/site-packages/airflow/operators/python.py", line 235, in execute
    return_value = self.execute_callable()
  File "/home/airflow/.local/lib/python3.10/site-packages/airflow/operators/python.py", line 252, in execute_callable
    return self.python_callable(*self.op_args, **self.op_kwargs)
  File "/opt/airflow/dags/transform_dim_products.py", line 9, in transform_dim_products
    warehouse_operator.run_sql('TRUNCATE TABLE "warehouse"."fact_sales" RESTART IDENTITY CASCADE')
AttributeError: 'PostgresOperators' object has no attribute 'run_sql'
[2025-06-17T02:50:55.953+0000] {taskinstance.py:562} DEBUG - Task Duration set to 0.273058
[2025-06-17T02:50:55.955+0000] {taskinstance.py:584} DEBUG - Clearing next_method and next_kwargs.
[2025-06-17T02:50:55.956+0000] {taskinstance.py:1206} INFO - Marking task as FAILED. dag_id=globalsuperstore, task_id=transform.transform_dim_products, run_id=manual__2025-06-17T02:50:34.785731+00:00, execution_date=20250617T025034, start_date=20250617T025055, end_date=20250617T025055
[2025-06-17T02:50:55.972+0000] {cli_action_loggers.py:88} DEBUG - Calling callbacks: []
[2025-06-17T02:50:55.973+0000] {standard_task_runner.py:110} ERROR - Failed to execute job 453 for task transform.transform_dim_products ('PostgresOperators' object has no attribute 'run_sql'; 254)
[2025-06-17T02:50:56.029+0000] {local_task_job_runner.py:240} INFO - Task exited with return code 1
[2025-06-17T02:50:56.042+0000] {taskinstance.py:3461} DEBUG - Skip locked rows, rollback
[2025-06-17T02:50:56.044+0000] {local_task_job_runner.py:222} INFO - ::endgroup::
